#
# A fatal error has been detected by the Java Runtime Environment:
#
#  EXCEPTION_ACCESS_VIOLATION (0xc0000005) at pc=0x00007ffd1e833bcc, pid=2308, tid=9584
#
# JRE version: OpenJDK Runtime Environment (11.0.6+10) (build 11.0.6+10)
# Java VM: OpenJDK 64-Bit Server VM (11.0.6+10, mixed mode, tiered, compressed oops, g1 gc, windows-amd64)
# Problematic frame:
# C  [igxelpicd64.dll+0x2c3bcc]
#
# No core dump will be written. Minidumps are not enabled by default on client versions of Windows
#
# If you would like to submit a bug report, please visit:
#   https://github.com/AdoptOpenJDK/openjdk-support/issues
#

---------------  S U M M A R Y ------------

Command Line: -Dfile.encoding=UTF-8 mygame.Main

Host: 11th Gen Intel(R) Core(TM) i5-1135G7 @ 2.40GHz, 8 cores, 7G,  Windows 10 , 64 bit Build 19041 (10.0.19041.1566)
Time: Thu Apr 21 20:58:36 2022 SE Asia Standard Time elapsed time: 17 seconds (0d 0h 0m 17s)

---------------  T H R E A D  ---------------

Current thread (0x0000018aef649000):  VMThread "VM Thread" [stack: 0x0000002263900000,0x0000002263a00000] [id=9584]

Stack: [0x0000002263900000,0x0000002263a00000],  sp=0x00000022639fe5f0,  free space=1017k
Native frames: (J=compiled Java code, j=interpreted, Vv=VM code, C=native code)
C  [igxelpicd64.dll+0x2c3bcc]


siginfo: EXCEPTION_ACCESS_VIOLATION (0xc0000005), reading address 0x0000000000035718


Register to memory mapping:

RIP=0x00007ffd1e833bcc igxelpicd64.dll
RAX=0x0000018af1d94778 points into unknown readable memory: 1b 0d 53 00 00 00 00 00
RBX=0x0000018af1d94670 points into unknown readable memory: 90 5f 06 f0 8a 01 00 00
RCX=0x0 is NULL
RDX=0x0 is NULL
RSP=0x00000022639fe5f0 points into unknown readable memory: 60 5c 85 f0 8a 01 00 00
RBP=0x0 is NULL
RSI=0x0000018af1d94c40 points into unknown readable memory: 10 88 d9 f1 8a 01 00 00
RDI=0x0000018af1b81410 points into unknown readable memory: 00 29 82 f1 8a 01 00 00
R8 =0x0000000000000014 is an unknown value
R9 =0x0 is NULL
R10=0x0 is NULL
R11=0x0 is NULL
R12=0x0 is NULL
R13=0x0000018af1d98810 points into unknown readable memory: 90 5f 06 f0 8a 01 00 00
R14=0x0000000000531d00 is an unknown value
R15=0x0000000000000016 is an unknown value


Registers:
RAX=0x0000018af1d94778, RBX=0x0000018af1d94670, RCX=0x0000000000000000, RDX=0x0000000000000000
RSP=0x00000022639fe5f0, RBP=0x0000000000000000, RSI=0x0000018af1d94c40, RDI=0x0000018af1b81410
R8 =0x0000000000000014, R9 =0x0000000000000000, R10=0x0000000000000000, R11=0x0000000000000000
R12=0x0000000000000000, R13=0x0000018af1d98810, R14=0x0000000000531d00, R15=0x0000000000000016
RIP=0x00007ffd1e833bcc, EFLAGS=0x0000000000010206

Top of Stack: (sp=0x00000022639fe5f0)
0x00000022639fe5f0:   0000018af0855c60 00007ffd6c9a1070
0x00000022639fe600:   0000018af1774840 00007ffd6d5f0ba4
0x00000022639fe610:   0000018af155f9e0 0000018af151f580
0x00000022639fe620:   0000018af155f9e0 00007ffd1e5c3f57
0x00000022639fe630:   0000018af1554420 0000000000531d0a
0x00000022639fe640:   0000000000000000 0000000000000010
0x00000022639fe650:   0000000000000000 0000000000000000
0x00000022639fe660:   00000022639fe770 00007ffd1e80e02c
0x00000022639fe670:   0000018af0855c60 0000018af1b81410
0x00000022639fe680:   0000018af151f500 00007ffd1e5c6400
0x00000022639fe690:   0000002200001534 0000b80227de0000
0x00000022639fe6a0:   0000000000000000 0000000000000064
0x00000022639fe6b0:   0000000000000000 0000018ace5c0000
0x00000022639fe6c0:   00007ffd00000028 0000800400001000
0x00000022639fe6d0:   00000000000004b4 00007ffd1e88fdff
0x00000022639fe6e0:   0000002200000000 0000000000000003 

Instructions: (pc=0x00007ffd1e833bcc)
0x00007ffd1e833acc:   ec 40 45 8a e1 48 8b fa 48 8b e9 48 8b 1d b2 a2
0x00007ffd1e833adc:   c8 00 48 89 58 08 48 8b cb ff 15 25 16 82 00 90
0x00007ffd1e833aec:   4c 8b af 78 02 00 00 48 8b 05 f6 83 b8 00 44 8b
0x00007ffd1e833afc:   b8 58 0b 00 00 45 33 db 45 8a f3 4c 89 9f 78 02
0x00007ffd1e833b0c:   00 00 44 89 9f 80 02 00 00 4c 89 9f 98 02 00 00
0x00007ffd1e833b1c:   4c 89 9f 88 02 00 00 48 85 ed 75 38 8b 35 9a 7c
0x00007ffd1e833b2c:   c8 00 65 48 8b 04 25 58 00 00 00 b9 14 00 00 00
0x00007ffd1e833b3c:   48 8b 04 f0 44 38 1c 01 0f 84 ab 1f 70 00 65 48
0x00007ffd1e833b4c:   8b 04 25 58 00 00 00 bd 20 00 00 00 48 8b 04 f0
0x00007ffd1e833b5c:   48 8b 2c 28 48 3b 2d a9 a1 c8 00 45 0f 44 fb 4d
0x00007ffd1e833b6c:   85 ed 0f 84 21 01 00 00 44 8a a4 24 90 00 00 00
0x00007ffd1e833b7c:   49 8b dd 49 8d b5 d0 05 00 00 4c 8b 2e 45 84 e4
0x00007ffd1e833b8c:   0f 85 2a 03 00 00 8b 97 c8 01 00 00 48 8b 05 51
0x00007ffd1e833b9c:   83 b8 00 83 b8 78 03 00 00 02 75 31 83 fa 10 0f
0x00007ffd1e833bac:   83 17 01 00 00 48 8d 04 d5 21 00 00 00 48 03 c2
0x00007ffd1e833bbc:   48 8d 04 c3 48 85 c0 0f 85 2e 01 00 00 49 8b cb
0x00007ffd1e833bcc:   48 3b 8d 18 57 03 00 0f 87 f3 02 00 00 4c 39 9b
0x00007ffd1e833bdc:   48 06 00 00 0f 85 4f 1f 70 00 44 8b 97 c8 01 00
0x00007ffd1e833bec:   00 48 8b 87 e0 01 00 00 4c 8b 08 8b 97 c8 01 00
0x00007ffd1e833bfc:   00 83 fa 10 0f 83 03 01 00 00 48 8d 04 d5 21 00
0x00007ffd1e833c0c:   00 00 48 03 c2 48 8d 04 c3 48 85 c0 0f 85 e2 00
0x00007ffd1e833c1c:   00 00 49 8b cb 49 3b c9 0f 86 0e 01 00 00 48 8b
0x00007ffd1e833c2c:   87 78 02 00 00 48 89 06 48 89 9f 78 02 00 00 ff
0x00007ffd1e833c3c:   87 80 02 00 00 48 8b 43 08 48 8b 88 18 01 00 00
0x00007ffd1e833c4c:   48 81 e1 00 00 ff ff 48 81 c1 00 00 01 00 48 01
0x00007ffd1e833c5c:   8f 88 02 00 00 48 8b 43 08 48 8b 88 18 01 00 00
0x00007ffd1e833c6c:   48 01 8f 98 02 00 00 4d 85 ed 0f 85 00 ff ff ff
0x00007ffd1e833c7c:   45 84 f6 44 8a a4 24 98 00 00 00 0f 85 82 03 00
0x00007ffd1e833c8c:   00 48 8b 9c 24 80 00 00 00 48 8b cf 45 84 e4 0f
0x00007ffd1e833c9c:   85 8a 03 00 00 e8 8a fa ff ff 90 48 8b cb 48 8b
0x00007ffd1e833cac:   9c 24 88 00 00 00 48 83 c4 40 41 5f 41 5e 41 5d
0x00007ffd1e833cbc:   41 5c 5f 5e 5d 48 ff 25 50 14 82 00 8d 4a f0 8b 


Stack slot to memory mapping:
stack at sp + 0 slots: 0x0000018af0855c60 points into unknown readable memory: ff ff ff ff ff ff ff ff
stack at sp + 1 slots: 0x00007ffd6c9a1070 USER32.dll
stack at sp + 2 slots: 0x0000018af1774840 points into unknown readable memory: 90 5f 06 f0 8a 01 00 00
stack at sp + 3 slots: 0x00007ffd6d5f0ba4 ntdll.dll
stack at sp + 4 slots: 0x0000018af155f9e0 points into unknown readable memory: 01 00 00 00 00 00 00 00
stack at sp + 5 slots: 0x0000018af151f580 points into unknown readable memory: 40 09 4a f1 8a 01 00 00
stack at sp + 6 slots: 0x0000018af155f9e0 points into unknown readable memory: 01 00 00 00 00 00 00 00
stack at sp + 7 slots: 0x00007ffd1e5c3f57 igxelpicd64.dll

VM_Operation (0x00000022649fb690): Exit, mode: safepoint, requested by thread 0x0000018af0a35000


---------------  P R O C E S S  ---------------

Threads class SMR info:
_java_thread_list=0x0000018af099daa0, length=16, elements={
0x0000018aef64b000, 0x0000018aef64c000, 0x0000018aeffb6800, 0x0000018aeffb8000,
0x0000018aeffba000, 0x0000018aeffbd000, 0x0000018aeffbf000, 0x0000018af0140800,
0x0000018af0149800, 0x0000018af06a3000, 0x0000018af0639800, 0x0000018af06ca800,
0x0000018af0a35000, 0x0000018ad08e7000, 0x0000018af19ec000, 0x0000018af012c000
}

Java Threads: ( => current thread )
  0x0000018aef64b000 JavaThread "Reference Handler" daemon [_thread_blocked, id=17748, stack(0x0000002263a00000,0x0000002263b00000)]
  0x0000018aef64c000 JavaThread "Finalizer" daemon [_thread_blocked, id=280, stack(0x0000002263b00000,0x0000002263c00000)]
  0x0000018aeffb6800 JavaThread "Signal Dispatcher" daemon [_thread_blocked, id=10452, stack(0x0000002263c00000,0x0000002263d00000)]
  0x0000018aeffb8000 JavaThread "Attach Listener" daemon [_thread_blocked, id=3716, stack(0x0000002263d00000,0x0000002263e00000)]
  0x0000018aeffba000 JavaThread "C2 CompilerThread0" daemon [_thread_blocked, id=10144, stack(0x0000002263e00000,0x0000002263f00000)]
  0x0000018aeffbd000 JavaThread "C1 CompilerThread0" daemon [_thread_blocked, id=9860, stack(0x0000002263f00000,0x0000002264000000)]
  0x0000018aeffbf000 JavaThread "Sweeper thread" daemon [_thread_blocked, id=6980, stack(0x0000002264000000,0x0000002264100000)]
  0x0000018af0140800 JavaThread "Service Thread" daemon [_thread_blocked, id=8040, stack(0x0000002264100000,0x0000002264200000)]
  0x0000018af0149800 JavaThread "Common-Cleaner" daemon [_thread_blocked, id=19808, stack(0x0000002264300000,0x0000002264400000)]
  0x0000018af06a3000 JavaThread "Java2D Disposer" daemon [_thread_blocked, id=13192, stack(0x0000002264500000,0x0000002264600000)]
  0x0000018af0639800 JavaThread "AWT-Shutdown" [_thread_blocked, id=16704, stack(0x0000002264600000,0x0000002264700000)]
  0x0000018af06ca800 JavaThread "jME3 Main" [_thread_blocked, id=13088, stack(0x0000002264800000,0x0000002264900000)]
  0x0000018af0a35000 JavaThread "AWT-EventQueue-0" [_thread_blocked, id=20204, stack(0x0000002264900000,0x0000002264a00000)]
  0x0000018ad08e7000 JavaThread "DestroyJavaVM" [_thread_blocked, id=4980, stack(0x0000002263300000,0x0000002263400000)]
  0x0000018af19ec000 JavaThread "jME3 Audio Decoder" daemon [_thread_blocked, id=19948, stack(0x0000002264f00000,0x0000002265000000)]
  0x0000018af012c000 JavaThread "LWJGL Timer" daemon [_thread_blocked, id=18132, stack(0x0000002264b00000,0x0000002264c00000)]

Other Threads:
=>0x0000018aef649000 VMThread "VM Thread" [stack: 0x0000002263900000,0x0000002263a00000] [id=9584]
  0x0000018ad08fe800 GCTaskThread "GC Thread#0" [stack: 0x0000002263400000,0x0000002263500000] [id=3028]
  0x0000018af1a2c800 GCTaskThread "GC Thread#1" [stack: 0x0000002265000000,0x0000002265100000] [id=11708]
  0x0000018af1a20800 GCTaskThread "GC Thread#2" [stack: 0x0000002265100000,0x0000002265200000] [id=14804]
  0x0000018af1a21000 GCTaskThread "GC Thread#3" [stack: 0x0000002265200000,0x0000002265300000] [id=19596]
  0x0000018af1a00800 GCTaskThread "GC Thread#4" [stack: 0x0000002265300000,0x0000002265400000] [id=16756]
  0x0000018af1a01800 GCTaskThread "GC Thread#5" [stack: 0x0000002265400000,0x0000002265500000] [id=13456]
  0x0000018af1a02000 GCTaskThread "GC Thread#6" [stack: 0x0000002265500000,0x0000002265600000] [id=7012]
  0x0000018af1a02800 GCTaskThread "GC Thread#7" [stack: 0x0000002265600000,0x0000002265700000] [id=14764]
  0x0000018ad0941800 ConcurrentGCThread "G1 Main Marker" [stack: 0x0000002263500000,0x0000002263600000] [id=20116]
  0x0000018ad0944000 ConcurrentGCThread "G1 Conc#0" [stack: 0x0000002263600000,0x0000002263700000] [id=17296]
  0x0000018af08cc000 ConcurrentGCThread "G1 Conc#1" [stack: 0x0000002265800000,0x0000002265900000] [id=7948]
  0x0000018aef480800 ConcurrentGCThread "G1 Refine#0" [stack: 0x0000002263700000,0x0000002263800000] [id=10268]
  0x0000018af02c7800 ConcurrentGCThread "G1 Refine#1" [stack: 0x0000002265700000,0x0000002265800000] [id=13760]
  0x0000018aef481800 ConcurrentGCThread "G1 Young RemSet Sampling" [stack: 0x0000002263800000,0x0000002263900000] [id=16652]

Threads with active compile tasks:

VM state:at safepoint (shutting down)

VM Mutex/Monitor currently owned by a thread:  ([mutex/lock_event])
[0x0000018ad08e61f0] Threads_lock - owner thread: 0x0000018aef649000

Heap address: 0x0000000084c00000, size: 1972 MB, Compressed Oops mode: 32-bit
Narrow klass base: 0x0000000000000000, Narrow klass shift: 3
Compressed class space size: 1073741824 Address: 0x0000000100000000

Heap:
 garbage-first heap   total 126976K, used 115507K [0x0000000084c00000, 0x0000000100000000)
  region size 1024K, 21 young (21504K), 1 survivors (1024K)
 Metaspace       used 22682K, capacity 23235K, committed 23424K, reserved 1071104K
  class space    used 2131K, capacity 2343K, committed 2432K, reserved 1048576K
Heap Regions: E=young(eden), S=young(survivor), O=old, HS=humongous(starts), HC=humongous(continues), CS=collection set, F=free, A=archive, TAMS=top-at-mark-start (previous, next)
|   0|0x0000000084c00000, 0x0000000084d00000, 0x0000000084d00000|100%|HS|  |TAMS 0x0000000084d00000, 0x0000000084c00000| Complete 
|   1|0x0000000084d00000, 0x0000000084e00000, 0x0000000084e00000|100%|HC|  |TAMS 0x0000000084e00000, 0x0000000084d00000| Complete 
|   2|0x0000000084e00000, 0x0000000084f00000, 0x0000000084f00000|100%|HC|  |TAMS 0x0000000084f00000, 0x0000000084e00000| Complete 
|   3|0x0000000084f00000, 0x0000000085000000, 0x0000000085000000|100%|HC|  |TAMS 0x0000000085000000, 0x0000000084f00000| Complete 
|   4|0x0000000085000000, 0x0000000085100000, 0x0000000085100000|100%|HC|  |TAMS 0x0000000085100000, 0x0000000085000000| Complete 
|   5|0x0000000085100000, 0x0000000085200000, 0x0000000085200000|100%|HC|  |TAMS 0x0000000085200000, 0x0000000085100000| Complete 
|   6|0x0000000085200000, 0x0000000085300000, 0x0000000085300000|100%|HC|  |TAMS 0x0000000085300000, 0x0000000085200000| Complete 
|   7|0x0000000085300000, 0x0000000085400000, 0x0000000085400000|100%|HC|  |TAMS 0x0000000085400000, 0x0000000085300000| Complete 
|   8|0x0000000085400000, 0x0000000085500000, 0x0000000085500000|100%| O|  |TAMS 0x0000000085500000, 0x0000000085400000| Untracked 
|   9|0x0000000085500000, 0x0000000085600000, 0x0000000085600000|100%| O|  |TAMS 0x0000000085600000, 0x0000000085500000| Untracked 
|  10|0x0000000085600000, 0x0000000085700000, 0x0000000085700000|100%| O|  |TAMS 0x0000000085700000, 0x0000000085600000| Untracked 
|  11|0x0000000085700000, 0x0000000085800000, 0x0000000085800000|100%| O|  |TAMS 0x0000000085800000, 0x0000000085700000| Untracked 
|  12|0x0000000085800000, 0x0000000085876e00, 0x0000000085900000| 46%| O|  |TAMS 0x0000000085876e00, 0x0000000085800000| Untracked 
|  13|0x0000000085900000, 0x0000000085a00000, 0x0000000085a00000|100%|HS|  |TAMS 0x0000000085900000, 0x0000000085900000| Complete 
|  14|0x0000000085a00000, 0x0000000085b00000, 0x0000000085b00000|100%|HC|  |TAMS 0x0000000085a00000, 0x0000000085a00000| Complete 
|  15|0x0000000085b00000, 0x0000000085c00000, 0x0000000085c00000|100%|HC|  |TAMS 0x0000000085b00000, 0x0000000085b00000| Complete 
|  16|0x0000000085c00000, 0x0000000085d00000, 0x0000000085d00000|100%|HC|  |TAMS 0x0000000085c00000, 0x0000000085c00000| Complete 
|  17|0x0000000085d00000, 0x0000000085e00000, 0x0000000085e00000|100%|HC|  |TAMS 0x0000000085d00000, 0x0000000085d00000| Complete 
|  18|0x0000000085e00000, 0x0000000085f00000, 0x0000000085f00000|100%|HC|  |TAMS 0x0000000085e00000, 0x0000000085e00000| Complete 
|  19|0x0000000085f00000, 0x0000000086000000, 0x0000000086000000|100%|HC|  |TAMS 0x0000000085f00000, 0x0000000085f00000| Complete 
|  20|0x0000000086000000, 0x0000000086100000, 0x0000000086100000|100%|HC|  |TAMS 0x0000000086000000, 0x0000000086000000| Complete 
|  21|0x0000000086100000, 0x0000000086200000, 0x0000000086200000|100%|HC|  |TAMS 0x0000000086100000, 0x0000000086100000| Complete 
|  22|0x0000000086200000, 0x0000000086300000, 0x0000000086300000|100%|HC|  |TAMS 0x0000000086200000, 0x0000000086200000| Complete 
|  23|0x0000000086300000, 0x0000000086400000, 0x0000000086400000|100%|HC|  |TAMS 0x0000000086300000, 0x0000000086300000| Complete 
|  24|0x0000000086400000, 0x0000000086500000, 0x0000000086500000|100%|HC|  |TAMS 0x0000000086400000, 0x0000000086400000| Complete 
|  25|0x0000000086500000, 0x0000000086600000, 0x0000000086600000|100%|HC|  |TAMS 0x0000000086500000, 0x0000000086500000| Complete 
|  26|0x0000000086600000, 0x0000000086700000, 0x0000000086700000|100%|HC|  |TAMS 0x0000000086600000, 0x0000000086600000| Complete 
|  27|0x0000000086700000, 0x0000000086800000, 0x0000000086800000|100%|HC|  |TAMS 0x0000000086700000, 0x0000000086700000| Complete 
|  28|0x0000000086800000, 0x0000000086900000, 0x0000000086900000|100%|HC|  |TAMS 0x0000000086800000, 0x0000000086800000| Complete 
|  29|0x0000000086900000, 0x0000000086a00000, 0x0000000086a00000|100%|HC|  |TAMS 0x0000000086900000, 0x0000000086900000| Complete 
|  30|0x0000000086a00000, 0x0000000086b00000, 0x0000000086b00000|100%|HC|  |TAMS 0x0000000086a00000, 0x0000000086a00000| Complete 
|  31|0x0000000086b00000, 0x0000000086c00000, 0x0000000086c00000|100%|HC|  |TAMS 0x0000000086b00000, 0x0000000086b00000| Complete 
|  32|0x0000000086c00000, 0x0000000086d00000, 0x0000000086d00000|100%|HC|  |TAMS 0x0000000086c00000, 0x0000000086c00000| Complete 
|  33|0x0000000086d00000, 0x0000000086e00000, 0x0000000086e00000|100%|HC|  |TAMS 0x0000000086d00000, 0x0000000086d00000| Complete 
|  34|0x0000000086e00000, 0x0000000086f00000, 0x0000000086f00000|100%|HC|  |TAMS 0x0000000086e00000, 0x0000000086e00000| Complete 
|  35|0x0000000086f00000, 0x0000000087000000, 0x0000000087000000|100%|HC|  |TAMS 0x0000000086f00000, 0x0000000086f00000| Complete 
|  36|0x0000000087000000, 0x0000000087100000, 0x0000000087100000|100%|HC|  |TAMS 0x0000000087000000, 0x0000000087000000| Complete 
|  37|0x0000000087100000, 0x0000000087200000, 0x0000000087200000|100%|HC|  |TAMS 0x0000000087100000, 0x0000000087100000| Complete 
|  38|0x0000000087200000, 0x0000000087300000, 0x0000000087300000|100%|HC|  |TAMS 0x0000000087200000, 0x0000000087200000| Complete 
|  39|0x0000000087300000, 0x0000000087400000, 0x0000000087400000|100%|HC|  |TAMS 0x0000000087300000, 0x0000000087300000| Complete 
|  40|0x0000000087400000, 0x0000000087500000, 0x0000000087500000|100%|HC|  |TAMS 0x0000000087400000, 0x0000000087400000| Complete 
|  41|0x0000000087500000, 0x0000000087600000, 0x0000000087600000|100%|HC|  |TAMS 0x0000000087500000, 0x0000000087500000| Complete 
|  42|0x0000000087600000, 0x0000000087700000, 0x0000000087700000|100%|HC|  |TAMS 0x0000000087600000, 0x0000000087600000| Complete 
|  43|0x0000000087700000, 0x0000000087800000, 0x0000000087800000|100%|HC|  |TAMS 0x0000000087700000, 0x0000000087700000| Complete 
|  44|0x0000000087800000, 0x0000000087900000, 0x0000000087900000|100%|HC|  |TAMS 0x0000000087800000, 0x0000000087800000| Complete 
|  45|0x0000000087900000, 0x0000000087a00000, 0x0000000087a00000|100%|HC|  |TAMS 0x0000000087900000, 0x0000000087900000| Complete 
|  46|0x0000000087a00000, 0x0000000087b00000, 0x0000000087b00000|100%|HC|  |TAMS 0x0000000087a00000, 0x0000000087a00000| Complete 
|  47|0x0000000087b00000, 0x0000000087b00000, 0x0000000087c00000|  0%| F|  |TAMS 0x0000000087b00000, 0x0000000087b00000| Untracked 
|  48|0x0000000087c00000, 0x0000000087c00000, 0x0000000087d00000|  0%| F|  |TAMS 0x0000000087c00000, 0x0000000087c00000| Untracked 
|  49|0x0000000087d00000, 0x0000000087d00000, 0x0000000087e00000|  0%| F|  |TAMS 0x0000000087d00000, 0x0000000087d00000| Untracked 
|  50|0x0000000087e00000, 0x0000000087e00000, 0x0000000087f00000|  0%| F|  |TAMS 0x0000000087e00000, 0x0000000087e00000| Untracked 
|  51|0x0000000087f00000, 0x0000000087f00000, 0x0000000088000000|  0%| F|  |TAMS 0x0000000087f00000, 0x0000000087f00000| Untracked 
|  52|0x0000000088000000, 0x0000000088000000, 0x0000000088100000|  0%| F|  |TAMS 0x0000000088000000, 0x0000000088000000| Untracked 
|  53|0x0000000088100000, 0x0000000088100000, 0x0000000088200000|  0%| F|  |TAMS 0x0000000088100000, 0x0000000088100000| Untracked 
|  54|0x0000000088200000, 0x0000000088200000, 0x0000000088300000|  0%| F|  |TAMS 0x0000000088200000, 0x0000000088200000| Untracked 
|  55|0x0000000088300000, 0x0000000088400000, 0x0000000088400000|100%| E|  |TAMS 0x0000000088300000, 0x0000000088300000| Complete 
|  56|0x0000000088400000, 0x0000000088500000, 0x0000000088500000|100%| E|CS|TAMS 0x0000000088400000, 0x0000000088400000| Complete 
|  57|0x0000000088500000, 0x0000000088600000, 0x0000000088600000|100%| E|CS|TAMS 0x0000000088500000, 0x0000000088500000| Complete 
|  58|0x0000000088600000, 0x0000000088700000, 0x0000000088700000|100%|HS|  |TAMS 0x0000000088700000, 0x0000000088600000| Complete 
|  59|0x0000000088700000, 0x0000000088800000, 0x0000000088800000|100%|HC|  |TAMS 0x0000000088800000, 0x0000000088700000| Complete 
|  60|0x0000000088800000, 0x0000000088900000, 0x0000000088900000|100%|HC|  |TAMS 0x0000000088900000, 0x0000000088800000| Complete 
|  61|0x0000000088900000, 0x0000000088a00000, 0x0000000088a00000|100%|HC|  |TAMS 0x0000000088a00000, 0x0000000088900000| Complete 
|  62|0x0000000088a00000, 0x0000000088b00000, 0x0000000088b00000|100%|HC|  |TAMS 0x0000000088b00000, 0x0000000088a00000| Complete 
|  63|0x0000000088b00000, 0x0000000088c00000, 0x0000000088c00000|100%|HC|  |TAMS 0x0000000088c00000, 0x0000000088b00000| Complete 
|  64|0x0000000088c00000, 0x0000000088d00000, 0x0000000088d00000|100%|HC|  |TAMS 0x0000000088d00000, 0x0000000088c00000| Complete 
|  65|0x0000000088d00000, 0x0000000088e00000, 0x0000000088e00000|100%|HC|  |TAMS 0x0000000088e00000, 0x0000000088d00000| Complete 
|  66|0x0000000088e00000, 0x0000000088f00000, 0x0000000088f00000|100%|HC|  |TAMS 0x0000000088f00000, 0x0000000088e00000| Complete 
|  67|0x0000000088f00000, 0x0000000089000000, 0x0000000089000000|100%|HC|  |TAMS 0x0000000089000000, 0x0000000088f00000| Complete 
|  68|0x0000000089000000, 0x0000000089100000, 0x0000000089100000|100%|HC|  |TAMS 0x0000000089100000, 0x0000000089000000| Complete 
|  69|0x0000000089100000, 0x0000000089200000, 0x0000000089200000|100%|HC|  |TAMS 0x0000000089200000, 0x0000000089100000| Complete 
|  70|0x0000000089200000, 0x0000000089300000, 0x0000000089300000|100%|HC|  |TAMS 0x0000000089300000, 0x0000000089200000| Complete 
|  71|0x0000000089300000, 0x0000000089400000, 0x0000000089400000|100%|HC|  |TAMS 0x0000000089400000, 0x0000000089300000| Complete 
|  72|0x0000000089400000, 0x0000000089500000, 0x0000000089500000|100%|HC|  |TAMS 0x0000000089500000, 0x0000000089400000| Complete 
|  73|0x0000000089500000, 0x0000000089600000, 0x0000000089600000|100%|HC|  |TAMS 0x0000000089600000, 0x0000000089500000| Complete 
|  74|0x0000000089600000, 0x0000000089700000, 0x0000000089700000|100%|HC|  |TAMS 0x0000000089700000, 0x0000000089600000| Complete 
|  75|0x0000000089700000, 0x0000000089800000, 0x0000000089800000|100%|HC|  |TAMS 0x0000000089800000, 0x0000000089700000| Complete 
|  76|0x0000000089800000, 0x0000000089900000, 0x0000000089900000|100%|HC|  |TAMS 0x0000000089900000, 0x0000000089800000| Complete 
|  77|0x0000000089900000, 0x0000000089a00000, 0x0000000089a00000|100%|HC|  |TAMS 0x0000000089a00000, 0x0000000089900000| Complete 
|  78|0x0000000089a00000, 0x0000000089b00000, 0x0000000089b00000|100%|HC|  |TAMS 0x0000000089b00000, 0x0000000089a00000| Complete 
|  79|0x0000000089b00000, 0x0000000089c00000, 0x0000000089c00000|100%|HC|  |TAMS 0x0000000089c00000, 0x0000000089b00000| Complete 
|  80|0x0000000089c00000, 0x0000000089d00000, 0x0000000089d00000|100%|HC|  |TAMS 0x0000000089d00000, 0x0000000089c00000| Complete 
|  81|0x0000000089d00000, 0x0000000089e00000, 0x0000000089e00000|100%|HC|  |TAMS 0x0000000089e00000, 0x0000000089d00000| Complete 
|  82|0x0000000089e00000, 0x0000000089f00000, 0x0000000089f00000|100%|HC|  |TAMS 0x0000000089f00000, 0x0000000089e00000| Complete 
|  83|0x0000000089f00000, 0x000000008a000000, 0x000000008a000000|100%|HC|  |TAMS 0x000000008a000000, 0x0000000089f00000| Complete 
|  84|0x000000008a000000, 0x000000008a100000, 0x000000008a100000|100%|HC|  |TAMS 0x000000008a100000, 0x000000008a000000| Complete 
|  85|0x000000008a100000, 0x000000008a200000, 0x000000008a200000|100%|HC|  |TAMS 0x000000008a200000, 0x000000008a100000| Complete 
|  86|0x000000008a200000, 0x000000008a300000, 0x000000008a300000|100%|HC|  |TAMS 0x000000008a300000, 0x000000008a200000| Complete 
|  87|0x000000008a300000, 0x000000008a400000, 0x000000008a400000|100%|HC|  |TAMS 0x000000008a400000, 0x000000008a300000| Complete 
|  88|0x000000008a400000, 0x000000008a500000, 0x000000008a500000|100%|HC|  |TAMS 0x000000008a500000, 0x000000008a400000| Complete 
|  89|0x000000008a500000, 0x000000008a600000, 0x000000008a600000|100%|HC|  |TAMS 0x000000008a600000, 0x000000008a500000| Complete 
|  90|0x000000008a600000, 0x000000008a700000, 0x000000008a700000|100%|HC|  |TAMS 0x000000008a700000, 0x000000008a600000| Complete 
|  91|0x000000008a700000, 0x000000008a800000, 0x000000008a800000|100%|HC|  |TAMS 0x000000008a800000, 0x000000008a700000| Complete 
|  92|0x000000008a800000, 0x000000008a900000, 0x000000008a900000|100%|HC|  |TAMS 0x000000008a900000, 0x000000008a800000| Complete 
|  93|0x000000008a900000, 0x000000008aa00000, 0x000000008aa00000|100%|HC|  |TAMS 0x000000008aa00000, 0x000000008a900000| Complete 
|  94|0x000000008aa00000, 0x000000008ab00000, 0x000000008ab00000|100%|HC|  |TAMS 0x000000008ab00000, 0x000000008aa00000| Complete 
|  95|0x000000008ab00000, 0x000000008ac00000, 0x000000008ac00000|100%|HC|  |TAMS 0x000000008ac00000, 0x000000008ab00000| Complete 
|  96|0x000000008ac00000, 0x000000008ad00000, 0x000000008ad00000|100%|HC|  |TAMS 0x000000008ad00000, 0x000000008ac00000| Complete 
|  97|0x000000008ad00000, 0x000000008ae00000, 0x000000008ae00000|100%|HC|  |TAMS 0x000000008ae00000, 0x000000008ad00000| Complete 
|  98|0x000000008ae00000, 0x000000008af00000, 0x000000008af00000|100%|HC|  |TAMS 0x000000008af00000, 0x000000008ae00000| Complete 
|  99|0x000000008af00000, 0x000000008b000000, 0x000000008b000000|100%|HC|  |TAMS 0x000000008b000000, 0x000000008af00000| Complete 
| 100|0x000000008b000000, 0x000000008b100000, 0x000000008b100000|100%|HC|  |TAMS 0x000000008b100000, 0x000000008b000000| Complete 
| 101|0x000000008b100000, 0x000000008b200000, 0x000000008b200000|100%|HC|  |TAMS 0x000000008b200000, 0x000000008b100000| Complete 
| 102|0x000000008b200000, 0x000000008b300000, 0x000000008b300000|100%|HC|  |TAMS 0x000000008b300000, 0x000000008b200000| Complete 
| 103|0x000000008b300000, 0x000000008b400000, 0x000000008b400000|100%|HC|  |TAMS 0x000000008b400000, 0x000000008b300000| Complete 
| 104|0x000000008b400000, 0x000000008b500000, 0x000000008b500000|100%|HC|  |TAMS 0x000000008b500000, 0x000000008b400000| Complete 
| 105|0x000000008b500000, 0x000000008b600000, 0x000000008b600000|100%|HC|  |TAMS 0x000000008b600000, 0x000000008b500000| Complete 
| 106|0x000000008b600000, 0x000000008b700000, 0x000000008b700000|100%| E|CS|TAMS 0x000000008b600000, 0x000000008b600000| Complete 
| 107|0x000000008b700000, 0x000000008b800000, 0x000000008b800000|100%| E|CS|TAMS 0x000000008b700000, 0x000000008b700000| Complete 
| 108|0x000000008b800000, 0x000000008b900000, 0x000000008b900000|100%| E|CS|TAMS 0x000000008b800000, 0x000000008b800000| Complete 
| 109|0x000000008b900000, 0x000000008ba00000, 0x000000008ba00000|100%| E|CS|TAMS 0x000000008b900000, 0x000000008b900000| Complete 
| 110|0x000000008ba00000, 0x000000008bb00000, 0x000000008bb00000|100%| E|CS|TAMS 0x000000008ba00000, 0x000000008ba00000| Complete 
| 111|0x000000008bb00000, 0x000000008bc00000, 0x000000008bc00000|100%| E|CS|TAMS 0x000000008bb00000, 0x000000008bb00000| Complete 
| 112|0x000000008bc00000, 0x000000008bd00000, 0x000000008bd00000|100%| E|CS|TAMS 0x000000008bc00000, 0x000000008bc00000| Complete 
| 113|0x000000008bd00000, 0x000000008be00000, 0x000000008be00000|100%| E|  |TAMS 0x000000008bd00000, 0x000000008bd00000| Complete 
| 114|0x000000008be00000, 0x000000008bf00000, 0x000000008bf00000|100%| E|CS|TAMS 0x000000008be00000, 0x000000008be00000| Complete 
| 115|0x000000008bf00000, 0x000000008c000000, 0x000000008c000000|100%| E|CS|TAMS 0x000000008bf00000, 0x000000008bf00000| Complete 
| 116|0x000000008c000000, 0x000000008c100000, 0x000000008c100000|100%| E|CS|TAMS 0x000000008c000000, 0x000000008c000000| Complete 
| 117|0x000000008c100000, 0x000000008c200000, 0x000000008c200000|100%| E|CS|TAMS 0x000000008c100000, 0x000000008c100000| Complete 
| 118|0x000000008c200000, 0x000000008c300000, 0x000000008c300000|100%| E|CS|TAMS 0x000000008c200000, 0x000000008c200000| Complete 
| 119|0x000000008c300000, 0x000000008c400000, 0x000000008c400000|100%| E|CS|TAMS 0x000000008c300000, 0x000000008c300000| Complete 
| 120|0x000000008c400000, 0x000000008c500000, 0x000000008c500000|100%| E|CS|TAMS 0x000000008c400000, 0x000000008c400000| Complete 
| 121|0x000000008c500000, 0x000000008c600000, 0x000000008c600000|100%| E|CS|TAMS 0x000000008c500000, 0x000000008c500000| Complete 
| 122|0x000000008c600000, 0x000000008c700000, 0x000000008c700000|100%| E|CS|TAMS 0x000000008c600000, 0x000000008c600000| Complete 
| 123|0x000000008c700000, 0x000000008c756100, 0x000000008c800000| 33%| S|CS|TAMS 0x000000008c700000, 0x000000008c700000| Complete 

Card table byte_map: [0x0000018ae8670000,0x0000018ae8a50000] _byte_map_base: 0x0000018ae824a000

Marking Bits (Prev, Next): (CMBitMap*) 0x0000018ad0940dd8, (CMBitMap*) 0x0000018ad0940e10
 Prev Bits: [0x0000018ae8e30000, 0x0000018aead00000)
 Next Bits: [0x0000018aead00000, 0x0000018aecbd0000)

Polling page: 0x0000018ace890000

Metaspace:

Usage:
  Non-class:     20.40 MB capacity,    20.07 MB ( 98%) used,   286.26 KB (  1%) free+waste,    55.00 KB ( <1%) overhead. 
      Class:      2.29 MB capacity,     2.08 MB ( 91%) used,   184.73 KB (  8%) free+waste,    27.00 KB (  1%) overhead. 
       Both:     22.69 MB capacity,    22.15 MB ( 98%) used,   470.99 KB (  2%) free+waste,    82.00 KB ( <1%) overhead. 

Virtual space:
  Non-class space:       22.00 MB reserved,      20.50 MB ( 93%) committed 
      Class space:        1.00 GB reserved,       2.38 MB ( <1%) committed 
             Both:        1.02 GB reserved,      22.88 MB (  2%) committed 

Chunk freelists:
   Non-Class:  36.00 KB
       Class:  25.00 KB
        Both:  61.00 KB

MaxMetaspaceSize: 17179869184.00 GB
CompressedClassSpaceSize: 1.00 GB

CodeHeap 'non-profiled nmethods': size=120000Kb used=1771Kb max_used=1771Kb free=118228Kb
 bounds [0x0000018ae0a20000, 0x0000018ae0c90000, 0x0000018ae7f50000]
CodeHeap 'profiled nmethods': size=120000Kb used=5407Kb max_used=5407Kb free=114592Kb
 bounds [0x0000018ad94f0000, 0x0000018ad9a40000, 0x0000018ae0a20000]
CodeHeap 'non-nmethods': size=5760Kb used=1319Kb max_used=1362Kb free=4440Kb
 bounds [0x0000018ad8f50000, 0x0000018ad91c0000, 0x0000018ad94f0000]
 total_blobs=4819 nmethods=2848 adapters=645
 compilation: enabled
              stopped_count=0, restarted_count=0
 full_count=0

Compilation events (20 events):
Event: 16.589 Thread 0x0000018aeffbd000 2836       3       jdk.internal.reflect.DelegatingMethodAccessorImpl::invoke (10 bytes)
Event: 16.589 Thread 0x0000018aeffbd000 nmethod 2836 0x0000018ad9a35810 code [0x0000018ad9a359e0, 0x0000018ad9a35c10]
Event: 16.789 Thread 0x0000018aeffba000 2839       4       com.jme3.scene.Node::updateGeometricState (141 bytes)
Event: 16.799 Thread 0x0000018aeffba000 nmethod 2839 0x0000018ae0bd9590 code [0x0000018ae0bd97c0, 0x0000018ae0bda000]
Event: 17.291 Thread 0x0000018aeffbd000 2840       3       java.nio.MappedByteBuffer::clear (7 bytes)
Event: 17.292 Thread 0x0000018aeffbd000 nmethod 2840 0x0000018ad9a35d10 code [0x0000018ad9a35ec0, 0x0000018ad9a360f8]
Event: 17.760 Thread 0x0000018aeffbd000 2841  s    3       java.awt.KeyboardFocusManager::getCurrentKeyboardFocusManager (32 bytes)
Event: 17.761 Thread 0x0000018aeffbd000 nmethod 2841 0x0000018ad9a36210 code [0x0000018ad9a36400, 0x0000018ad9a36910]
Event: 17.832 Thread 0x0000018aeffba000 2842       4       org.lwjgl.Sys::getTime (13 bytes)
Event: 17.832 Thread 0x0000018aeffbd000 2845       3       org.lwjgl.opengl.Sync$RunningAvg::avg (37 bytes)
Event: 17.832 Thread 0x0000018aeffbd000 nmethod 2845 0x0000018ad9a36a90 code [0x0000018ad9a36c60, 0x0000018ad9a36eb8]
Event: 17.832 Thread 0x0000018aeffbd000 2846       3       org.lwjgl.opengl.Sync::getTime (12 bytes)
Event: 17.832 Thread 0x0000018aeffba000 nmethod 2842 0x0000018ae0bda590 code [0x0000018ae0bda720, 0x0000018ae0bda788]
Event: 17.832 Thread 0x0000018aeffbd000 nmethod 2846 0x0000018ad9a37010 code [0x0000018ad9a37200, 0x0000018ad9a37550]
Event: 17.832 Thread 0x0000018aeffbd000 2844       3       org.lwjgl.Sys::getTimerResolution (9 bytes)
Event: 17.832 Thread 0x0000018aeffbd000 nmethod 2844 0x0000018ad9a37690 code [0x0000018ad9a37840, 0x0000018ad9a379f8]
Event: 17.832 Thread 0x0000018aeffbd000 2843       1       org.lwjgl.WindowsSysImplementation::getTimerResolution (4 bytes)
Event: 17.832 Thread 0x0000018aeffbd000 nmethod 2843 0x0000018ae0bda810 code [0x0000018ae0bda9c0, 0x0000018ae0bdaad8]
Event: 17.832 Thread 0x0000018aeffbd000 2847       3       org.lwjgl.opengl.Sync$RunningAvg::add (38 bytes)
Event: 17.833 Thread 0x0000018aeffbd000 nmethod 2847 0x0000018ad9a37a90 code [0x0000018ad9a37c40, 0x0000018ad9a37e18]

GC Heap History (8 events):
Event: 0.714 GC heap before
{Heap before GC invocations=0 (full 0):
 garbage-first heap   total 126976K, used 30720K [0x0000000084c00000, 0x0000000100000000)
  region size 1024K, 24 young (24576K), 0 survivors (0K)
 Metaspace       used 20521K, capacity 21084K, committed 21504K, reserved 1069056K
  class space    used 1987K, capacity 2196K, committed 2304K, reserved 1048576K
}
Event: 0.723 GC heap after
{Heap after GC invocations=1 (full 0):
 garbage-first heap   total 126976K, used 12897K [0x0000000084c00000, 0x0000000100000000)
  region size 1024K, 3 young (3072K), 3 survivors (3072K)
 Metaspace       used 20521K, capacity 21084K, committed 21504K, reserved 1069056K
  class space    used 1987K, capacity 2196K, committed 2304K, reserved 1048576K
}
Event: 0.757 GC heap before
{Heap before GC invocations=2 (full 0):
 garbage-first heap   total 126976K, used 38497K [0x0000000084c00000, 0x0000000100000000)
  region size 1024K, 6 young (6144K), 3 survivors (3072K)
 Metaspace       used 20707K, capacity 21245K, committed 21504K, reserved 1069056K
  class space    used 2008K, capacity 2228K, committed 2304K, reserved 1048576K
}
Event: 0.760 GC heap after
{Heap after GC invocations=3 (full 0):
 garbage-first heap   total 126976K, used 25522K [0x0000000084c00000, 0x0000000100000000)
  region size 1024K, 4 young (4096K), 4 survivors (4096K)
 Metaspace       used 20707K, capacity 21245K, committed 21504K, reserved 1069056K
  class space    used 2008K, capacity 2228K, committed 2304K, reserved 1048576K
}
Event: 0.780 GC heap before
{Heap before GC invocations=4 (full 0):
 garbage-first heap   total 126976K, used 50098K [0x0000000084c00000, 0x0000000100000000)
  region size 1024K, 5 young (5120K), 4 survivors (4096K)
 Metaspace       used 20707K, capacity 21245K, committed 21504K, reserved 1069056K
  class space    used 2008K, capacity 2228K, committed 2304K, reserved 1048576K
}
Event: 0.783 GC heap after
{Heap after GC invocations=5 (full 0):
 garbage-first heap   total 126976K, used 37995K [0x0000000084c00000, 0x0000000100000000)
  region size 1024K, 1 young (1024K), 1 survivors (1024K)
 Metaspace       used 20707K, capacity 21245K, committed 21504K, reserved 1069056K
  class space    used 2008K, capacity 2228K, committed 2304K, reserved 1048576K
}
Event: 0.807 GC heap before
{Heap before GC invocations=6 (full 0):
 garbage-first heap   total 126976K, used 87147K [0x0000000084c00000, 0x0000000100000000)
  region size 1024K, 1 young (1024K), 1 survivors (1024K)
 Metaspace       used 20707K, capacity 21245K, committed 21504K, reserved 1069056K
  class space    used 2008K, capacity 2228K, committed 2304K, reserved 1048576K
}
Event: 0.808 GC heap after
{Heap after GC invocations=7 (full 0):
 garbage-first heap   total 126976K, used 62259K [0x0000000084c00000, 0x0000000100000000)
  region size 1024K, 1 young (1024K), 1 survivors (1024K)
 Metaspace       used 20707K, capacity 21245K, committed 21504K, reserved 1069056K
  class space    used 2008K, capacity 2228K, committed 2304K, reserved 1048576K
}

Deoptimization events (20 events):
Event: 12.475 Thread 0x0000018af06ca800 Uncommon trap: trap_request=0xffffffbe fr.pc=0x0000018ae0b66a8c relative=0x0000000000000eec
Event: 12.475 Thread 0x0000018af06ca800 Uncommon trap: reason=profile_predicate action=maybe_recompile pc=0x0000018ae0b66a8c method=com.jme3.util.ListSort.binaryInsertionSort([Ljava/lang/Object;IIILjava/util/Comparator;)V @ 32 c2
Event: 12.475 Thread 0x0000018af06ca800 DEOPT PACKING pc=0x0000018ae0b66a8c sp=0x00000022648feb70
Event: 12.475 Thread 0x0000018af06ca800 DEOPT UNPACKING pc=0x0000018ad8f5822f sp=0x00000022648feb58 mode 2
Event: 12.475 Thread 0x0000018af06ca800 Uncommon trap: trap_request=0xffffff4d fr.pc=0x0000018ae0b61a18 relative=0x0000000000000558
Event: 12.475 Thread 0x0000018af06ca800 Uncommon trap: reason=unstable_if action=reinterpret pc=0x0000018ae0b61a18 method=com.jme3.material.Material.getSortId()I @ 5 c2
Event: 12.475 Thread 0x0000018af06ca800 DEOPT PACKING pc=0x0000018ae0b61a18 sp=0x00000022648feb00
Event: 12.475 Thread 0x0000018af06ca800 DEOPT UNPACKING pc=0x0000018ad8f5822f sp=0x00000022648fe9b0 mode 2
Event: 12.475 Thread 0x0000018af06ca800 Uncommon trap: trap_request=0xffffff4d fr.pc=0x0000018ae0b6510c relative=0x000000000000054c
Event: 12.475 Thread 0x0000018af06ca800 Uncommon trap: reason=unstable_if action=reinterpret pc=0x0000018ae0b6510c method=com.jme3.material.Material.getSortId()I @ 5 c2
Event: 12.475 Thread 0x0000018af06ca800 DEOPT PACKING pc=0x0000018ae0b6510c sp=0x00000022648fea90
Event: 12.475 Thread 0x0000018af06ca800 DEOPT UNPACKING pc=0x0000018ad8f5822f sp=0x00000022648fe9b0 mode 2
Event: 12.475 Thread 0x0000018af06ca800 Uncommon trap: trap_request=0xffffff4d fr.pc=0x0000018ae0afb674 relative=0x0000000000000054
Event: 12.475 Thread 0x0000018af06ca800 Uncommon trap: reason=unstable_if action=reinterpret pc=0x0000018ae0afb674 method=com.jme3.material.Material.getSortId()I @ 5 c2
Event: 12.475 Thread 0x0000018af06ca800 DEOPT PACKING pc=0x0000018ae0afb674 sp=0x00000022648fea50
Event: 12.475 Thread 0x0000018af06ca800 DEOPT UNPACKING pc=0x0000018ad8f5822f sp=0x00000022648fe9b8 mode 2
Event: 12.486 Thread 0x0000018af06ca800 Uncommon trap: trap_request=0xffffffbe fr.pc=0x0000018ae0b66a8c relative=0x0000000000000eec
Event: 12.486 Thread 0x0000018af06ca800 Uncommon trap: reason=profile_predicate action=maybe_recompile pc=0x0000018ae0b66a8c method=com.jme3.util.ListSort.binaryInsertionSort([Ljava/lang/Object;IIILjava/util/Comparator;)V @ 32 c2
Event: 12.486 Thread 0x0000018af06ca800 DEOPT PACKING pc=0x0000018ae0b66a8c sp=0x00000022648feb70
Event: 12.486 Thread 0x0000018af06ca800 DEOPT UNPACKING pc=0x0000018ad8f5822f sp=0x00000022648feb58 mode 2

Classes redefined (0 events):
No events

Internal exceptions (20 events):
Event: 0.294 Thread 0x0000018ad08e7000 Exception <a 'java/lang/NoSuchMethodError'{0x000000008bd013e8}: 'java.lang.Object java.lang.invoke.DirectMethodHandle$Holder.invokeStatic(java.lang.Object, int, java.lang.Object, java.lang.Object, java.lang.Object)'> (0x000000008bd013e8) thrown at [c:/cyg
Event: 0.294 Thread 0x0000018ad08e7000 Exception <a 'java/lang/NoSuchMethodError'{0x000000008bd04f30}: 'java.lang.Object java.lang.invoke.DirectMethodHandle$Holder.invokeSpecial(java.lang.Object, java.lang.Object, int, java.lang.Object, java.lang.Object, java.lang.Object)'> (0x000000008bd04f30
Event: 0.305 Thread 0x0000018ad08e7000 Exception <a 'java/lang/ClassNotFoundException'{0x000000008bdc7260}: com/sun/swing/internal/plaf/metal/resources/spi/metalProvider> (0x000000008bdc7260) thrown at [c:/cygwin64/tmp/openjdk-jdk11u-windows-x64-hotspot/workspace/build/src/src/hotspot/share/cl
Event: 0.306 Thread 0x0000018ad08e7000 Exception <a 'java/lang/ClassNotFoundException'{0x000000008bdcb578}: com/sun/swing/internal/plaf/basic/resources/spi/basicProvider> (0x000000008bdcb578) thrown at [c:/cygwin64/tmp/openjdk-jdk11u-windows-x64-hotspot/workspace/build/src/src/hotspot/share/cl
Event: 0.327 Thread 0x0000018ad08e7000 Exception <a 'java/lang/NoSuchMethodError'{0x000000008bc3b780}: 'void java.lang.invoke.DirectMethodHandle$Holder.invokeStaticInit(java.lang.Object)'> (0x000000008bc3b780) thrown at [c:/cygwin64/tmp/openjdk-jdk11u-windows-x64-hotspot/workspace/build/src/sr
Event: 0.343 Thread 0x0000018ad08e7000 Exception <a 'java/lang/NoSuchMethodError'{0x000000008bbbb7e0}: 'java.lang.Object java.lang.invoke.DirectMethodHandle$Holder.invokeStatic(java.lang.Object, java.lang.Object, java.lang.Object, java.lang.Object, java.lang.Object, java.lang.Object, java.lang
Event: 0.344 Thread 0x0000018ad08e7000 Exception <a 'java/lang/NoSuchMethodError'{0x000000008bbd99e8}: 'java.lang.Object java.lang.invoke.DirectMethodHandle$Holder.invokeStatic(java.lang.Object, java.lang.Object, java.lang.Object, java.lang.Object, java.lang.Object, java.lang.Object, java.lang
Event: 0.345 Thread 0x0000018ad08e7000 Exception <a 'java/lang/NoSuchMethodError'{0x000000008ba029b0}: 'java.lang.Object java.lang.invoke.DirectMethodHandle$Holder.invokeStatic(java.lang.Object, java.lang.Object, java.lang.Object, java.lang.Object, java.lang.Object, java.lang.Object, java.lang
Event: 0.345 Thread 0x0000018ad08e7000 Exception <a 'java/lang/NoSuchMethodError'{0x000000008ba0e960}: 'java.lang.Object java.lang.invoke.Invokers$Holder.linkToTargetMethod(java.lang.Object, int, java.lang.Object)'> (0x000000008ba0e960) thrown at [c:/cygwin64/tmp/openjdk-jdk11u-windows-x64-hot
Event: 0.355 Thread 0x0000018ad08e7000 Exception <a 'java/lang/NoSuchMethodError'{0x000000008ba5c240}: 'java.lang.Object java.lang.invoke.DirectMethodHandle$Holder.invokeStatic(java.lang.Object, java.lang.Object, java.lang.Object, java.lang.Object, java.lang.Object, java.lang.Object, java.lang
Event: 0.533 Thread 0x0000018af06ca800 Exception <a 'org/lwjgl/LWJGLException'{0x000000008b6d6db8}: Failed query key value> (0x000000008b6d6db8) thrown at [c:/cygwin64/tmp/openjdk-jdk11u-windows-x64-hotspot/workspace/build/src/src/hotspot/share/prims/jni.cpp, line 636]
Event: 0.533 Thread 0x0000018af06ca800 Exception <a 'org/lwjgl/LWJGLException'{0x000000008b6d74f8}: Failed query key value> (0x000000008b6d74f8) thrown at [c:/cygwin64/tmp/openjdk-jdk11u-windows-x64-hotspot/workspace/build/src/src/hotspot/share/prims/jni.cpp, line 636]
Event: 0.544 Thread 0x0000018af06ca800 Exception <a 'java/lang/NoSuchMethodError'{0x000000008b53f718}: 'int java.lang.invoke.DirectMethodHandle$Holder.invokeSpecialIFC(java.lang.Object, java.lang.Object, int)'> (0x000000008b53f718) thrown at [c:/cygwin64/tmp/openjdk-jdk11u-windows-x64-hotspot/
Event: 0.596 Thread 0x0000018af06ca800 Exception <a 'java/security/PrivilegedActionException'{0x000000008b3d6870}> (0x000000008b3d6870) thrown at [c:/cygwin64/tmp/openjdk-jdk11u-windows-x64-hotspot/workspace/build/src/src/hotspot/share/prims/jvm.cpp, line 1297]
Event: 0.596 Thread 0x0000018af06ca800 Exception <a 'java/security/PrivilegedActionException'{0x000000008b3d9020}> (0x000000008b3d9020) thrown at [c:/cygwin64/tmp/openjdk-jdk11u-windows-x64-hotspot/workspace/build/src/src/hotspot/share/prims/jvm.cpp, line 1297]
Event: 0.596 Thread 0x0000018af06ca800 Exception <a 'java/security/PrivilegedActionException'{0x000000008b3d9fd8}> (0x000000008b3d9fd8) thrown at [c:/cygwin64/tmp/openjdk-jdk11u-windows-x64-hotspot/workspace/build/src/src/hotspot/share/prims/jvm.cpp, line 1297]
Event: 0.596 Thread 0x0000018af06ca800 Exception <a 'java/security/PrivilegedActionException'{0x000000008b3df648}> (0x000000008b3df648) thrown at [c:/cygwin64/tmp/openjdk-jdk11u-windows-x64-hotspot/workspace/build/src/src/hotspot/share/prims/jvm.cpp, line 1297]
Event: 0.596 Thread 0x0000018af06ca800 Exception <a 'java/security/PrivilegedActionException'{0x000000008b3e0208}> (0x000000008b3e0208) thrown at [c:/cygwin64/tmp/openjdk-jdk11u-windows-x64-hotspot/workspace/build/src/src/hotspot/share/prims/jvm.cpp, line 1297]
Event: 0.596 Thread 0x0000018af06ca800 Exception <a 'java/security/PrivilegedActionException'{0x000000008b3e0d88}> (0x000000008b3e0d88) thrown at [c:/cygwin64/tmp/openjdk-jdk11u-windows-x64-hotspot/workspace/build/src/src/hotspot/share/prims/jvm.cpp, line 1297]
Event: 4.308 Thread 0x0000018af06ca800 Implicit null exception at 0x0000018ae0aeb70d to 0x0000018ae0aeba7a

Events (20 events):
Event: 17.762 Thread 0x0000018a8aae4000 Thread exited: 0x0000018a8aae4000
Event: 17.763 Executing VM operation: RevokeBias done
Event: 17.763 Thread 0x0000018a8af13000 Thread exited: 0x0000018a8af13000
Event: 17.782 loading class org/lwjgl/opengl/Sync
Event: 17.782 loading class org/lwjgl/opengl/Sync done
Event: 17.782 Thread 0x0000018a8a6fa800 Thread exited: 0x0000018a8a6fa800
Event: 17.783 loading class org/lwjgl/opengl/Sync$RunningAvg
Event: 17.783 loading class org/lwjgl/opengl/Sync$RunningAvg done
Event: 17.783 loading class org/lwjgl/opengl/Sync$1
Event: 17.783 loading class org/lwjgl/opengl/Sync$1 done
Event: 17.783 Thread 0x0000018af012c000 Thread added: 0x0000018af012c000
Event: 17.795 Executing VM operation: RevokeBias
Event: 17.795 Executing VM operation: RevokeBias done
Event: 17.795 Thread 0x0000018af07cd000 Thread exited: 0x0000018af07cd000
Event: 17.832 Loaded shared library D:\ProgramFile\jmonkeyplatform\jdk\bin\java.dll
Event: 17.833 Loaded shared library D:\ProgramFile\jmonkeyplatform\jdk\bin\java.dll
Event: 17.833 Loaded shared library D:\ProgramFile\jmonkeyplatform\jdk\bin\java.dll
Event: 17.833 Loaded shared library D:\ProgramFile\jmonkeyplatform\jdk\bin\java.dll
Event: 17.864 Thread 0x0000018a8b480000 Thread exited: 0x0000018a8b480000
Event: 17.864 Executing VM operation: Exit


Dynamic libraries:
0x00007ff612410000 - 0x00007ff61241d000 	D:\ProgramFile\jmonkeyplatform\jdk\bin\java.exe
0x00007ffd6d550000 - 0x00007ffd6d745000 	C:\Windows\SYSTEM32\ntdll.dll
0x00007ffd6c1a0000 - 0x00007ffd6c25e000 	C:\Windows\System32\KERNEL32.DLL
0x00007ffd6afe0000 - 0x00007ffd6b2a8000 	C:\Windows\System32\KERNELBASE.dll
0x00007ffd6ac70000 - 0x00007ffd6ad70000 	C:\Windows\System32\ucrtbase.dll
0x00007ffd5fda0000 - 0x00007ffd5fdb6000 	D:\ProgramFile\jmonkeyplatform\jdk\bin\VCRUNTIME140.dll
0x00007ffd5e0b0000 - 0x00007ffd5e0c7000 	D:\ProgramFile\jmonkeyplatform\jdk\bin\jli.dll
0x00007ffd6c910000 - 0x00007ffd6cab0000 	C:\Windows\System32\USER32.dll
0x00007ffd6b580000 - 0x00007ffd6b5a2000 	C:\Windows\System32\win32u.dll
0x00007ffd6ccd0000 - 0x00007ffd6ccfb000 	C:\Windows\System32\GDI32.dll
0x00007ffd4ebe0000 - 0x00007ffd4ee7a000 	C:\Windows\WinSxS\amd64_microsoft.windows.common-controls_6595b64144ccf1df_6.0.19041.1110_none_60b5254171f9507e\COMCTL32.dll
0x00007ffd6c870000 - 0x00007ffd6c90e000 	C:\Windows\System32\msvcrt.dll
0x00007ffd6ad70000 - 0x00007ffd6ae7b000 	C:\Windows\System32\gdi32full.dll
0x00007ffd6b2b0000 - 0x00007ffd6b34d000 	C:\Windows\System32\msvcp_win.dll
0x00007ffd6bb10000 - 0x00007ffd6bb40000 	C:\Windows\System32\IMM32.DLL
0x00007ffd45000000 - 0x00007ffd4509b000 	D:\ProgramFile\jmonkeyplatform\jdk\bin\msvcp140.dll
0x00007ffd22e80000 - 0x00007ffd2393c000 	D:\ProgramFile\jmonkeyplatform\jdk\bin\server\jvm.dll
0x00007ffd6b6e0000 - 0x00007ffd6b78e000 	C:\Windows\System32\ADVAPI32.dll
0x00007ffd6bf90000 - 0x00007ffd6c02c000 	C:\Windows\System32\sechost.dll
0x00007ffd6c740000 - 0x00007ffd6c865000 	C:\Windows\System32\RPCRT4.dll
0x00007ffd6d500000 - 0x00007ffd6d508000 	C:\Windows\System32\PSAPI.DLL
0x00007ffd485e0000 - 0x00007ffd48607000 	C:\Windows\SYSTEM32\WINMM.dll
0x00007ffd5e800000 - 0x00007ffd5e80a000 	C:\Windows\SYSTEM32\VERSION.dll
0x00007ffd5f820000 - 0x00007ffd5f829000 	C:\Windows\SYSTEM32\WSOCK32.dll
0x00007ffd6cab0000 - 0x00007ffd6cb1b000 	C:\Windows\System32\WS2_32.dll
0x00007ffd69510000 - 0x00007ffd69522000 	C:\Windows\SYSTEM32\kernel.appcore.dll
0x00007ffd5f810000 - 0x00007ffd5f820000 	D:\ProgramFile\jmonkeyplatform\jdk\bin\verify.dll
0x00007ffd68710000 - 0x00007ffd688f4000 	C:\Windows\SYSTEM32\DBGHELP.DLL
0x00007ffd4d510000 - 0x00007ffd4d53c000 	C:\Windows\SYSTEM32\dbgcore.DLL
0x00007ffd6b350000 - 0x00007ffd6b3d2000 	C:\Windows\System32\bcryptPrimitives.dll
0x00007ffd5c490000 - 0x00007ffd5c4b8000 	D:\ProgramFile\jmonkeyplatform\jdk\bin\java.dll
0x00007ffd5e170000 - 0x00007ffd5e187000 	D:\ProgramFile\jmonkeyplatform\jdk\bin\zip.dll
0x00007ffd5e830000 - 0x00007ffd5e83a000 	D:\ProgramFile\jmonkeyplatform\jdk\bin\jimage.dll
0x00007ffd6cdb0000 - 0x00007ffd6d4f4000 	C:\Windows\System32\SHELL32.dll
0x00007ffd68d60000 - 0x00007ffd694f4000 	C:\Windows\SYSTEM32\windows.storage.dll
0x00007ffd6b7b0000 - 0x00007ffd6bb04000 	C:\Windows\System32\combase.dll
0x00007ffd6a660000 - 0x00007ffd6a68c000 	C:\Windows\SYSTEM32\Wldp.dll
0x00007ffd6c090000 - 0x00007ffd6c13d000 	C:\Windows\System32\SHCORE.dll
0x00007ffd6cc70000 - 0x00007ffd6ccc5000 	C:\Windows\System32\shlwapi.dll
0x00007ffd6abb0000 - 0x00007ffd6abcf000 	C:\Windows\SYSTEM32\profapi.dll
0x00007ffd5b310000 - 0x00007ffd5b329000 	D:\ProgramFile\jmonkeyplatform\jdk\bin\net.dll
0x00007ffd61b30000 - 0x00007ffd61c39000 	C:\Windows\SYSTEM32\WINHTTP.dll
0x00007ffd6a3c0000 - 0x00007ffd6a42a000 	C:\Windows\system32\mswsock.dll
0x00007ffd5b2f0000 - 0x00007ffd5b302000 	D:\ProgramFile\jmonkeyplatform\jdk\bin\nio.dll
0x00007ffd19ed0000 - 0x00007ffd1a12d000 	D:\gameJava\BasicGame\bulletjme.dll
0x00007ffd388b0000 - 0x00007ffd38a49000 	D:\ProgramFile\jmonkeyplatform\jdk\bin\awt.dll
0x00007ffd6cba0000 - 0x00007ffd6cc6d000 	C:\Windows\System32\OLEAUT32.dll
0x00007ffd67f90000 - 0x00007ffd68020000 	C:\Windows\SYSTEM32\apphelp.dll
0x00007ffd68230000 - 0x00007ffd6825f000 	C:\Windows\system32\DWMAPI.DLL
0x00007ffd68040000 - 0x00007ffd680de000 	C:\Windows\system32\uxtheme.dll
0x00007ffd59960000 - 0x00007ffd59a86000 	C:\Windows\system32\opengl32.dll
0x00007ffd5b010000 - 0x00007ffd5b03c000 	C:\Windows\SYSTEM32\GLU32.dll
0x00007ffd6bc30000 - 0x00007ffd6bd46000 	C:\Windows\System32\MSCTF.dll
0x00007ffd6b5b0000 - 0x00007ffd6b6da000 	C:\Windows\System32\ole32.dll
0x00007ffd3dea0000 - 0x00007ffd3df22000 	D:\ProgramFile\jmonkeyplatform\jdk\bin\freetype.dll
0x00007ffd3d2d0000 - 0x00007ffd3d376000 	D:\ProgramFile\jmonkeyplatform\jdk\bin\fontmanager.dll
0x0000000180000000 - 0x0000000180064000 	D:\gameJava\BasicGame\OpenAL64.dll
0x0000018af2e20000 - 0x0000018af2e73000 	D:\gameJava\BasicGame\lwjgl64.dll
0x00007ffd61520000 - 0x00007ffd615ce000 	C:\Windows\SYSTEM32\mscms.dll
0x00007ffd6ab70000 - 0x00007ffd6ab9e000 	C:\Windows\SYSTEM32\USERENV.dll
0x00007ffd61500000 - 0x00007ffd61511000 	C:\Windows\SYSTEM32\ColorAdapterClient.dll
0x00007ffd5c930000 - 0x00007ffd5ca29000 	C:\Windows\SYSTEM32\textinputframework.dll
0x00007ffd67d50000 - 0x00007ffd67e42000 	C:\Windows\System32\CoreMessaging.dll
0x00007ffd67670000 - 0x00007ffd679ce000 	C:\Windows\System32\CoreUIComponents.dll
0x00007ffd69970000 - 0x00007ffd699a3000 	C:\Windows\SYSTEM32\ntmarta.dll
0x00007ffd665b0000 - 0x00007ffd66704000 	C:\Windows\SYSTEM32\wintypes.dll
0x00007ffd6cd00000 - 0x00007ffd6cda9000 	C:\Windows\System32\clbcatq.dll
0x00007ffd5eeb0000 - 0x00007ffd5eef3000 	C:\Windows\System32\Windows.Internal.Graphics.Display.DisplayColorManagement.dll
0x00007ffd6b3e0000 - 0x00007ffd6b42e000 	C:\Windows\System32\cfgmgr32.dll
0x00007ffd5edb0000 - 0x00007ffd5eea9000 	C:\Windows\System32\AppXDeploymentClient.dll
0x00007ffd1e570000 - 0x00007ffd1f57b000 	C:\Windows\System32\DriverStore\FileRepository\iigd_dch.inf_amd64_89b1ad385fab2e0b\igxelpicd64.dll
0x00007ffd69580000 - 0x00007ffd69673000 	C:\Windows\system32\dxgi.dll
0x00007ffd4ca00000 - 0x00007ffd4ccee000 	C:\Windows\System32\DriverStore\FileRepository\iigd_dch.inf_amd64_89b1ad385fab2e0b\igdml64.dll
0x00007ffd14e60000 - 0x00007ffd15228000 	C:\Windows\System32\DriverStore\FileRepository\iigd_dch.inf_amd64_89b1ad385fab2e0b\igdgmm64.dll
0x00007ffcebaf0000 - 0x00007ffcef0d6000 	C:\Windows\System32\DriverStore\FileRepository\iigd_dch.inf_amd64_89b1ad385fab2e0b\igc64.dll
0x00007ffd6a9c0000 - 0x00007ffd6aa0b000 	C:\Windows\SYSTEM32\powrprof.dll
0x00007ffd6a9a0000 - 0x00007ffd6a9b2000 	C:\Windows\SYSTEM32\UMPDC.dll
0x00007ffd5b6b0000 - 0x00007ffd5b735000 	C:\Windows\System32\MMDevApi.dll
0x00007ffd6aa10000 - 0x00007ffd6aa43000 	C:\Windows\System32\DEVOBJ.dll
0x00007ffd55170000 - 0x00007ffd5520c000 	C:\Windows\SYSTEM32\dsound.dll
0x00007ffd53e20000 - 0x00007ffd53e46000 	C:\Windows\SYSTEM32\winmmbase.dll
0x00007ffd48e60000 - 0x00007ffd48fe2000 	C:\Windows\SYSTEM32\AUDIOSES.DLL
0x00007ffd68110000 - 0x00007ffd68124000 	C:\Windows\SYSTEM32\resourcepolicyclient.dll
0x00007ffd5fa10000 - 0x00007ffd5fa17000 	D:\ProgramFile\jmonkeyplatform\jdk\bin\jawt.dll

dbghelp: loaded successfully - version: 4.0.5 - missing functions: none
symbol engine: initialized successfully - sym options: 0x614 - pdb path: .;D:\ProgramFile\jmonkeyplatform\jdk\bin;C:\Windows\SYSTEM32;C:\Windows\WinSxS\amd64_microsoft.windows.common-controls_6595b64144ccf1df_6.0.19041.1110_none_60b5254171f9507e;D:\ProgramFile\jmonkeyplatform\jdk\bin\server;D:\gameJava\BasicGame;C:\Windows\System32\DriverStore\FileRepository\iigd_dch.inf_amd64_89b1ad385fab2e0b

VM Arguments:
jvm_args: -Dfile.encoding=UTF-8 
java_command: mygame.Main
java_class_path (initial): D:\ProgramFile\jmonkeyplatform\jmonkeyplatform\libs\jme3-jogg-3.3.0-stable.jar;D:\ProgramFile\jmonkeyplatform\jmonkeyplatform\libs\j-ogg-all-1.0.0.jar;D:\ProgramFile\jmonkeyplatform\jmonkeyplatform\libs\jme3-networking-3.3.0-stable.jar;D:\ProgramFile\jmonkeyplatform\jmonkeyplatform\libs\jme3-plugins-3.3.0-stable.jar;D:\ProgramFile\jmonkeyplatform\jmonkeyplatform\libs\gson-2.8.1.jar;D:\ProgramFile\jmonkeyplatform\jmonkeyplatform\libs\jme3-core-3.3.0-stable.jar;D:\ProgramFile\jmonkeyplatform\jmonkeyplatform\libs\jme3-desktop-3.3.0-stable.jar;D:\ProgramFile\jmonkeyplatform\jmonkeyplatform\libs\jme3-lwjgl-3.3.0-stable.jar;D:\ProgramFile\jmonkeyplatform\jmonkeyplatform\libs\lwjgl-2.9.3.jar;D:\ProgramFile\jmonkeyplatform\jmonkeyplatform\libs\jinput-2.0.5.jar;D:\ProgramFile\jmonkeyplatform\jmonkeyplatform\libs\jinput-platform-2.0.5-natives-linux.jar;D:\ProgramFile\jmonkeyplatform\jmonkeyplatform\libs\jinput-platform-2.0.5-natives-windows.jar;D:\ProgramFile\jmonkeyplatform\jmonkeyplatform\libs\jinput-platform-2.0.5-natives-osx.jar;D:\ProgramFile\jmonkeyplatform\jmonkeyplatform\libs\jutils-1.0.0.jar;D:\ProgramFile\jmonkeyplatform\jmonkeyplatform\libs\lwjgl-platform-2.9.3-natives-windows.jar;D:\ProgramFile\jmonkeyplatform\jmonkeyplatform\libs\lwjgl-platform-2.9.3-natives-linux.jar;D:\ProgramFile\jmonkeyplatform\jmonkeyplatform\libs\lwjgl-platform-2.9.3-natives-osx.jar;D:\ProgramFile\jmonkeyplatform\jmonkeyplatform\libs\jme3-effects-3.3.0-stable.jar;D:\ProgramFile\jmonkeyplatform\jmonkeyplatform\libs\jme3-terrain-3.3.0-stable.jar;D:\ProgramFile\jmonkeyplatform\jmonkeyplatform\libs\jme3-bullet-3.3.0-stable.jar;D:\ProgramFile\jmonkeyplatform\jmonkeyplatform\libs\jme3-bullet-native-3.3.0-stable.jar;D:\ProgramFile\jmonkeyplatform\jmonkeyplatform\libs\jme3-niftygui-3.3.0-stable.jar;D:\ProgramFile\jmonkeyplatform\jmonkeyplatform\libs\nifty-style-black-1.4.3.jar;D:\ProgramFile\jmonkeyplatform\jmonkeyplatform\libs\nifty-1.4.3.jar;D:\ProgramFile\jmonkeyplat
Launcher Type: SUN_STANDARD

[Global flags]
     intx CICompilerCount                          = 4                                         {product} {ergonomic}
     uint ConcGCThreads                            = 2                                         {product} {ergonomic}
     uint G1ConcRefinementThreads                  = 8                                         {product} {ergonomic}
   size_t G1HeapRegionSize                         = 1048576                                   {product} {ergonomic}
    uintx GCDrainStackTargetSize                   = 64                                        {product} {ergonomic}
   size_t InitialHeapSize                          = 130023424                                 {product} {ergonomic}
   size_t MarkStackSize                            = 4194304                                   {product} {ergonomic}
   size_t MaxHeapSize                              = 2067791872                                {product} {ergonomic}
   size_t MaxNewSize                               = 1240465408                                {product} {ergonomic}
   size_t MinHeapDeltaBytes                        = 1048576                                   {product} {ergonomic}
    uintx NonNMethodCodeHeapSize                   = 5836300                                {pd product} {ergonomic}
    uintx NonProfiledCodeHeapSize                  = 122910970                              {pd product} {ergonomic}
    uintx ProfiledCodeHeapSize                     = 122910970                              {pd product} {ergonomic}
    uintx ReservedCodeCacheSize                    = 251658240                              {pd product} {ergonomic}
     bool SegmentedCodeCache                       = true                                      {product} {ergonomic}
     bool UseCompressedClassPointers               = true                                 {lp64_product} {ergonomic}
     bool UseCompressedOops                        = true                                 {lp64_product} {ergonomic}
     bool UseG1GC                                  = true                                      {product} {ergonomic}
     bool UseLargePagesIndividualAllocation        = false                                  {pd product} {ergonomic}

Logging:
Log output configuration:
 #0: stdout all=warning uptime,level,tags
 #1: stderr all=off uptime,level,tags

Environment Variables:
PATH=C:\Program Files\Common Files\Oracle\Java\javapath;C:\Windows\system32;C:\Windows;C:\Windows\System32\Wbem;C:\Windows\System32\WindowsPowerShell\v1.0\;C:\Windows\System32\OpenSSH\;D:\jME3.5.1-stable;D:\jME3.5.1-stable\lib;C:\Users\beamhun\AppData\Local\Microsoft\WindowsApps;D:\jME3.5.1-stable;D:\jME3.5.1-stable\lib;
USERNAME=beamhun
OS=Windows_NT
PROCESSOR_IDENTIFIER=Intel64 Family 6 Model 140 Stepping 1, GenuineIntel



---------------  S Y S T E M  ---------------

OS: Windows 10 , 64 bit Build 19041 (10.0.19041.1566)

CPU:total 8 (initial active 8) (4 cores per cpu, 2 threads per core) family 6 model 140 stepping 1, cmov, cx8, fxsr, mmx, sse, sse2, sse3, ssse3, sse4.1, sse4.2, popcnt, avx, avx2, aes, clmul, erms, 3dnowpref, lzcnt, ht, tsc, tscinvbit, bmi1, bmi2, adx, evex, sha, fma

Memory: 4k page, system-wide physical 7885M (2147M free)
TotalPageFile size 12334M (AvailPageFile size 2702M)
current process WorkingSet (physical memory assigned to process): 480M, peak: 567M
current process commit charge ("private bytes"): 449M, peak: 538M

vm_info: OpenJDK 64-Bit Server VM (11.0.6+10) for windows-amd64 JRE (11.0.6+10), built on Jan 15 2020 06:14:58 by "" with MS VC++ 15.8 (VS2017)

END.
