#
# A fatal error has been detected by the Java Runtime Environment:
#
#  EXCEPTION_ACCESS_VIOLATION (0xc0000005) at pc=0x00007ffd1e833bcc, pid=19820, tid=15496
#
# JRE version: OpenJDK Runtime Environment (11.0.6+10) (build 11.0.6+10)
# Java VM: OpenJDK 64-Bit Server VM (11.0.6+10, mixed mode, tiered, compressed oops, g1 gc, windows-amd64)
# Problematic frame:
# C  [igxelpicd64.dll+0x2c3bcc]
#
# No core dump will be written. Minidumps are not enabled by default on client versions of Windows
#
# If you would like to submit a bug report, please visit:
#   https://github.com/AdoptOpenJDK/openjdk-support/issues
#

---------------  S U M M A R Y ------------

Command Line: -Dfile.encoding=UTF-8 mygame.Main

Host: 11th Gen Intel(R) Core(TM) i5-1135G7 @ 2.40GHz, 8 cores, 7G,  Windows 10 , 64 bit Build 19041 (10.0.19041.1566)
Time: Thu Apr 21 20:47:03 2022 SE Asia Standard Time elapsed time: 1330 seconds (0d 0h 22m 10s)

---------------  T H R E A D  ---------------

Current thread (0x000001569fd8b800):  VMThread "VM Thread" [stack: 0x0000002a9de00000,0x0000002a9df00000] [id=15496]

Stack: [0x0000002a9de00000,0x0000002a9df00000],  sp=0x0000002a9defe1f0,  free space=1016k
Native frames: (J=compiled Java code, j=interpreted, Vv=VM code, C=native code)
C  [igxelpicd64.dll+0x2c3bcc]


siginfo: EXCEPTION_ACCESS_VIOLATION (0xc0000005), reading address 0x0000000000035718


Register to memory mapping:

RIP=0x00007ffd1e833bcc igxelpicd64.dll
RAX=0x00000156bd8bf2b8 points into unknown readable memory: 18 28 3c 00 00 00 00 00
RBX=0x00000156bd8bf1b0 points into unknown readable memory: 70 1b 7a a0 56 01 00 00
RCX=0x0 is NULL
RDX=0x0 is NULL
RSP=0x0000002a9defe1f0 points into unknown readable memory: 20 af df a1 56 01 00 00
RBP=0x0 is NULL
RSI=0x00000156bd8bf780 points into unknown readable memory: c0 2c 8c bd 56 01 00 00
RDI=0x00000156a22437f0 points into unknown readable memory: 01 38 0a a2 56 01 00 00
R8 =0x0000000000000014 is an unknown value
R9 =0x0 is NULL
R10=0x0 is NULL
R11=0x0 is NULL
R12=0x0 is NULL
R13=0x00000156bd8c2cc0 points into unknown readable memory: 70 1b 7a a0 56 01 00 00
R14=0x00000000003c2800 is an unknown value
R15=0x0000000000000016 is an unknown value


Registers:
RAX=0x00000156bd8bf2b8, RBX=0x00000156bd8bf1b0, RCX=0x0000000000000000, RDX=0x0000000000000000
RSP=0x0000002a9defe1f0, RBP=0x0000000000000000, RSI=0x00000156bd8bf780, RDI=0x00000156a22437f0
R8 =0x0000000000000014, R9 =0x0000000000000000, R10=0x0000000000000000, R11=0x0000000000000000
R12=0x0000000000000000, R13=0x00000156bd8c2cc0, R14=0x00000000003c2800, R15=0x0000000000000016
RIP=0x00007ffd1e833bcc, EFLAGS=0x0000000000010206

Top of Stack: (sp=0x0000002a9defe1f0)
0x0000002a9defe1f0:   00000156a1dfaf20 00007ffd6c9a1070
0x0000002a9defe200:   00000156fedb0b58 00007ffd6d5f0ba4
0x0000002a9defe210:   0000000000000001 00007ffd6d56cb51
0x0000002a9defe220:   0000002a9defe390 0000000000000000
0x0000002a9defe230:   00000156a1e8dea0 00000000003c2818
0x0000002a9defe240:   0000000000000000 0000000000000010
0x0000002a9defe250:   0000000000000000 0000000000000000
0x0000002a9defe260:   0000002a9defe370 00007ffd1e80e02c
0x0000002a9defe270:   00000156a1dfaf20 00000156a22437f0
0x0000002a9defe280:   0000002a9defe300 0000000000000000
0x0000002a9defe290:   0000002a000212cc 0000b80221640000
0x0000002a9defe2a0:   0000000000000000 0000002a9defe450
0x0000002a9defe2b0:   0000000000000002 00000156feda0000
0x0000002a9defe2c0:   00007ffd6d5b78c0 00000004f46857d4
0x0000002a9defe2d0:   00000000000004b4 00007ffd1e88fdff
0x0000002a9defe2e0:   0000002a00000002 0000000000000003 

Instructions: (pc=0x00007ffd1e833bcc)
0x00007ffd1e833acc:   ec 40 45 8a e1 48 8b fa 48 8b e9 48 8b 1d b2 a2
0x00007ffd1e833adc:   c8 00 48 89 58 08 48 8b cb ff 15 25 16 82 00 90
0x00007ffd1e833aec:   4c 8b af 78 02 00 00 48 8b 05 f6 83 b8 00 44 8b
0x00007ffd1e833afc:   b8 58 0b 00 00 45 33 db 45 8a f3 4c 89 9f 78 02
0x00007ffd1e833b0c:   00 00 44 89 9f 80 02 00 00 4c 89 9f 98 02 00 00
0x00007ffd1e833b1c:   4c 89 9f 88 02 00 00 48 85 ed 75 38 8b 35 9a 7c
0x00007ffd1e833b2c:   c8 00 65 48 8b 04 25 58 00 00 00 b9 14 00 00 00
0x00007ffd1e833b3c:   48 8b 04 f0 44 38 1c 01 0f 84 ab 1f 70 00 65 48
0x00007ffd1e833b4c:   8b 04 25 58 00 00 00 bd 20 00 00 00 48 8b 04 f0
0x00007ffd1e833b5c:   48 8b 2c 28 48 3b 2d a9 a1 c8 00 45 0f 44 fb 4d
0x00007ffd1e833b6c:   85 ed 0f 84 21 01 00 00 44 8a a4 24 90 00 00 00
0x00007ffd1e833b7c:   49 8b dd 49 8d b5 d0 05 00 00 4c 8b 2e 45 84 e4
0x00007ffd1e833b8c:   0f 85 2a 03 00 00 8b 97 c8 01 00 00 48 8b 05 51
0x00007ffd1e833b9c:   83 b8 00 83 b8 78 03 00 00 02 75 31 83 fa 10 0f
0x00007ffd1e833bac:   83 17 01 00 00 48 8d 04 d5 21 00 00 00 48 03 c2
0x00007ffd1e833bbc:   48 8d 04 c3 48 85 c0 0f 85 2e 01 00 00 49 8b cb
0x00007ffd1e833bcc:   48 3b 8d 18 57 03 00 0f 87 f3 02 00 00 4c 39 9b
0x00007ffd1e833bdc:   48 06 00 00 0f 85 4f 1f 70 00 44 8b 97 c8 01 00
0x00007ffd1e833bec:   00 48 8b 87 e0 01 00 00 4c 8b 08 8b 97 c8 01 00
0x00007ffd1e833bfc:   00 83 fa 10 0f 83 03 01 00 00 48 8d 04 d5 21 00
0x00007ffd1e833c0c:   00 00 48 03 c2 48 8d 04 c3 48 85 c0 0f 85 e2 00
0x00007ffd1e833c1c:   00 00 49 8b cb 49 3b c9 0f 86 0e 01 00 00 48 8b
0x00007ffd1e833c2c:   87 78 02 00 00 48 89 06 48 89 9f 78 02 00 00 ff
0x00007ffd1e833c3c:   87 80 02 00 00 48 8b 43 08 48 8b 88 18 01 00 00
0x00007ffd1e833c4c:   48 81 e1 00 00 ff ff 48 81 c1 00 00 01 00 48 01
0x00007ffd1e833c5c:   8f 88 02 00 00 48 8b 43 08 48 8b 88 18 01 00 00
0x00007ffd1e833c6c:   48 01 8f 98 02 00 00 4d 85 ed 0f 85 00 ff ff ff
0x00007ffd1e833c7c:   45 84 f6 44 8a a4 24 98 00 00 00 0f 85 82 03 00
0x00007ffd1e833c8c:   00 48 8b 9c 24 80 00 00 00 48 8b cf 45 84 e4 0f
0x00007ffd1e833c9c:   85 8a 03 00 00 e8 8a fa ff ff 90 48 8b cb 48 8b
0x00007ffd1e833cac:   9c 24 88 00 00 00 48 83 c4 40 41 5f 41 5e 41 5d
0x00007ffd1e833cbc:   41 5c 5f 5e 5d 48 ff 25 50 14 82 00 8d 4a f0 8b 


Stack slot to memory mapping:
stack at sp + 0 slots: 0x00000156a1dfaf20 points into unknown readable memory: ff ff ff ff ff ff ff ff
stack at sp + 1 slots: 0x00007ffd6c9a1070 USER32.dll
stack at sp + 2 slots: 0x00000156fedb0b58 points into unknown readable memory: 4f bc c4 f1 5c 00 00 00
stack at sp + 3 slots: 0x00007ffd6d5f0ba4 ntdll.dll
stack at sp + 4 slots: 0x0000000000000001 is an unknown value
stack at sp + 5 slots: 0x00007ffd6d56cb51 ntdll.dll
stack at sp + 6 slots: 0x0000002a9defe390 points into unknown readable memory: 00 00 00 00 00 00 00 00
stack at sp + 7 slots: 0x0 is NULL

VM_Operation (0x0000002a9eefb380): Exit, mode: safepoint, requested by thread 0x00000156a0e66800


---------------  P R O C E S S  ---------------

Threads class SMR info:
_java_thread_list=0x00000156a11d84f0, length=16, elements={
0x000001569fd8e000, 0x000001569fd8f000, 0x000001569fdaa000, 0x000001569fdab000,
0x000001569fdac000, 0x000001569fdaf000, 0x000001569fdb1800, 0x00000156a0877000,
0x00000156a087f000, 0x00000156a0dba000, 0x00000156a0d76800, 0x00000156a120d800,
0x00000156a0e66800, 0x00000156ff4be000, 0x00000156a208a800, 0x00000156a0b32800
}

Java Threads: ( => current thread )
  0x000001569fd8e000 JavaThread "Reference Handler" daemon [_thread_blocked, id=1308, stack(0x0000002a9df00000,0x0000002a9e000000)]
  0x000001569fd8f000 JavaThread "Finalizer" daemon [_thread_blocked, id=3180, stack(0x0000002a9e000000,0x0000002a9e100000)]
  0x000001569fdaa000 JavaThread "Signal Dispatcher" daemon [_thread_blocked, id=2152, stack(0x0000002a9e100000,0x0000002a9e200000)]
  0x000001569fdab000 JavaThread "Attach Listener" daemon [_thread_blocked, id=6364, stack(0x0000002a9e200000,0x0000002a9e300000)]
  0x000001569fdac000 JavaThread "C2 CompilerThread0" daemon [_thread_blocked, id=9600, stack(0x0000002a9e300000,0x0000002a9e400000)]
  0x000001569fdaf000 JavaThread "C1 CompilerThread0" daemon [_thread_blocked, id=13368, stack(0x0000002a9e400000,0x0000002a9e500000)]
  0x000001569fdb1800 JavaThread "Sweeper thread" daemon [_thread_blocked, id=16352, stack(0x0000002a9e500000,0x0000002a9e600000)]
  0x00000156a0877000 JavaThread "Service Thread" daemon [_thread_blocked, id=5884, stack(0x0000002a9e600000,0x0000002a9e700000)]
  0x00000156a087f000 JavaThread "Common-Cleaner" daemon [_thread_blocked, id=5540, stack(0x0000002a9e800000,0x0000002a9e900000)]
  0x00000156a0dba000 JavaThread "Java2D Disposer" daemon [_thread_blocked, id=8200, stack(0x0000002a9ea00000,0x0000002a9eb00000)]
  0x00000156a0d76800 JavaThread "AWT-Shutdown" [_thread_blocked, id=14132, stack(0x0000002a9eb00000,0x0000002a9ec00000)]
  0x00000156a120d800 JavaThread "jME3 Main" [_thread_blocked, id=4100, stack(0x0000002a9ed00000,0x0000002a9ee00000)]
  0x00000156a0e66800 JavaThread "AWT-EventQueue-0" [_thread_blocked, id=11412, stack(0x0000002a9ee00000,0x0000002a9ef00000)]
  0x00000156ff4be000 JavaThread "DestroyJavaVM" [_thread_blocked, id=18948, stack(0x0000002a9d800000,0x0000002a9d900000)]
  0x00000156a208a800 JavaThread "jME3 Audio Decoder" daemon [_thread_blocked, id=10328, stack(0x0000002a9f400000,0x0000002a9f500000)]
  0x00000156a0b32800 JavaThread "LWJGL Timer" daemon [_thread_blocked, id=14744, stack(0x0000002a9d600000,0x0000002a9d700000)]

Other Threads:
=>0x000001569fd8b800 VMThread "VM Thread" [stack: 0x0000002a9de00000,0x0000002a9df00000] [id=15496]
  0x00000156ff4d7000 GCTaskThread "GC Thread#0" [stack: 0x0000002a9d900000,0x0000002a9da00000] [id=20388]
  0x00000156a20ad800 GCTaskThread "GC Thread#1" [stack: 0x0000002a9e900000,0x0000002a9ea00000] [id=19512]
  0x00000156a20ae000 GCTaskThread "GC Thread#2" [stack: 0x0000002a9f500000,0x0000002a9f600000] [id=14656]
  0x00000156a20af000 GCTaskThread "GC Thread#3" [stack: 0x0000002a9f600000,0x0000002a9f700000] [id=12364]
  0x00000156a20b3800 GCTaskThread "GC Thread#4" [stack: 0x0000002a9f700000,0x0000002a9f800000] [id=19844]
  0x00000156a20b4800 GCTaskThread "GC Thread#5" [stack: 0x0000002a9f800000,0x0000002a9f900000] [id=11180]
  0x00000156a2184800 GCTaskThread "GC Thread#6" [stack: 0x0000002a9f900000,0x0000002a9fa00000] [id=19836]
  0x00000156a2187800 GCTaskThread "GC Thread#7" [stack: 0x0000002a9fa00000,0x0000002a9fb00000] [id=2288]
  0x00000156ff507800 ConcurrentGCThread "G1 Main Marker" [stack: 0x0000002a9da00000,0x0000002a9db00000] [id=15292]
  0x00000156ff509800 ConcurrentGCThread "G1 Conc#0" [stack: 0x0000002a9db00000,0x0000002a9dc00000] [id=14064]
  0x00000156a09f6000 ConcurrentGCThread "G1 Conc#1" [stack: 0x0000002a9fb00000,0x0000002a9fc00000] [id=12140]
  0x00000156ff59b800 ConcurrentGCThread "G1 Refine#0" [stack: 0x0000002a9dc00000,0x0000002a9dd00000] [id=18148]
  0x00000156a0f68800 ConcurrentGCThread "G1 Refine#1" [stack: 0x0000002a9fc00000,0x0000002a9fd00000] [id=10700]
  0x00000156ff59d800 ConcurrentGCThread "G1 Young RemSet Sampling" [stack: 0x0000002a9dd00000,0x0000002a9de00000] [id=18728]

Threads with active compile tasks:

VM state:at safepoint (shutting down)

VM Mutex/Monitor currently owned by a thread:  ([mutex/lock_event])
[0x00000156ff4bae50] Threads_lock - owner thread: 0x000001569fd8b800

Heap address: 0x0000000084c00000, size: 1972 MB, Compressed Oops mode: 32-bit
Narrow klass base: 0x0000000000000000, Narrow klass shift: 3
Compressed class space size: 1073741824 Address: 0x0000000100000000

Heap:
 garbage-first heap   total 126976K, used 27138K [0x0000000084c00000, 0x0000000100000000)
  region size 1024K, 23 young (23552K), 2 survivors (2048K)
 Metaspace       used 23125K, capacity 23698K, committed 23936K, reserved 1071104K
  class space    used 2139K, capacity 2346K, committed 2432K, reserved 1048576K
Heap Regions: E=young(eden), S=young(survivor), O=old, HS=humongous(starts), HC=humongous(continues), CS=collection set, F=free, A=archive, TAMS=top-at-mark-start (previous, next)
|   0|0x0000000084c00000, 0x0000000084d00000, 0x0000000084d00000|100%| O|  |TAMS 0x0000000084d00000, 0x0000000084c00000| Untracked 
|   1|0x0000000084d00000, 0x0000000084e00000, 0x0000000084e00000|100%| O|  |TAMS 0x0000000084e00000, 0x0000000084d00000| Untracked 
|   2|0x0000000084e00000, 0x0000000084f00000, 0x0000000084f00000|100%| O|  |TAMS 0x0000000084f00000, 0x0000000084e00000| Untracked 
|   3|0x0000000084f00000, 0x0000000085000000, 0x0000000085000000|100%| O|  |TAMS 0x0000000085000000, 0x0000000084f00000| Untracked 
|   4|0x0000000085000000, 0x0000000085089600, 0x0000000085100000| 53%| O|  |TAMS 0x0000000085089600, 0x0000000085000000| Untracked 
|   5|0x0000000085100000, 0x0000000085100000, 0x0000000085200000|  0%| F|  |TAMS 0x0000000085100000, 0x0000000085100000| Untracked 
|   6|0x0000000085200000, 0x0000000085200000, 0x0000000085300000|  0%| F|  |TAMS 0x0000000085200000, 0x0000000085200000| Untracked 
|   7|0x0000000085300000, 0x0000000085300000, 0x0000000085400000|  0%| F|  |TAMS 0x0000000085300000, 0x0000000085300000| Untracked 
|   8|0x0000000085400000, 0x0000000085400000, 0x0000000085500000|  0%| F|  |TAMS 0x0000000085400000, 0x0000000085400000| Untracked 
|   9|0x0000000085500000, 0x0000000085500000, 0x0000000085600000|  0%| F|  |TAMS 0x0000000085500000, 0x0000000085500000| Untracked 
|  10|0x0000000085600000, 0x0000000085600000, 0x0000000085700000|  0%| F|  |TAMS 0x0000000085600000, 0x0000000085600000| Untracked 
|  11|0x0000000085700000, 0x0000000085700000, 0x0000000085800000|  0%| F|  |TAMS 0x0000000085700000, 0x0000000085700000| Untracked 
|  12|0x0000000085800000, 0x0000000085800000, 0x0000000085900000|  0%| F|  |TAMS 0x0000000085800000, 0x0000000085800000| Untracked 
|  13|0x0000000085900000, 0x0000000085900000, 0x0000000085a00000|  0%| F|  |TAMS 0x0000000085900000, 0x0000000085900000| Untracked 
|  14|0x0000000085a00000, 0x0000000085a00000, 0x0000000085b00000|  0%| F|  |TAMS 0x0000000085a00000, 0x0000000085a00000| Untracked 
|  15|0x0000000085b00000, 0x0000000085b00000, 0x0000000085c00000|  0%| F|  |TAMS 0x0000000085b00000, 0x0000000085b00000| Untracked 
|  16|0x0000000085c00000, 0x0000000085c00000, 0x0000000085d00000|  0%| F|  |TAMS 0x0000000085c00000, 0x0000000085c00000| Untracked 
|  17|0x0000000085d00000, 0x0000000085d00000, 0x0000000085e00000|  0%| F|  |TAMS 0x0000000085d00000, 0x0000000085d00000| Untracked 
|  18|0x0000000085e00000, 0x0000000085e00000, 0x0000000085f00000|  0%| F|  |TAMS 0x0000000085e00000, 0x0000000085e00000| Untracked 
|  19|0x0000000085f00000, 0x0000000085f00000, 0x0000000086000000|  0%| F|  |TAMS 0x0000000085f00000, 0x0000000085f00000| Untracked 
|  20|0x0000000086000000, 0x0000000086000000, 0x0000000086100000|  0%| F|  |TAMS 0x0000000086000000, 0x0000000086000000| Untracked 
|  21|0x0000000086100000, 0x0000000086100000, 0x0000000086200000|  0%| F|  |TAMS 0x0000000086100000, 0x0000000086100000| Untracked 
|  22|0x0000000086200000, 0x0000000086200000, 0x0000000086300000|  0%| F|  |TAMS 0x0000000086200000, 0x0000000086200000| Untracked 
|  23|0x0000000086300000, 0x0000000086300000, 0x0000000086400000|  0%| F|  |TAMS 0x0000000086300000, 0x0000000086300000| Untracked 
|  24|0x0000000086400000, 0x0000000086400000, 0x0000000086500000|  0%| F|  |TAMS 0x0000000086400000, 0x0000000086400000| Untracked 
|  25|0x0000000086500000, 0x0000000086500000, 0x0000000086600000|  0%| F|  |TAMS 0x0000000086500000, 0x0000000086500000| Untracked 
|  26|0x0000000086600000, 0x0000000086600000, 0x0000000086700000|  0%| F|  |TAMS 0x0000000086600000, 0x0000000086600000| Untracked 
|  27|0x0000000086700000, 0x0000000086700000, 0x0000000086800000|  0%| F|  |TAMS 0x0000000086700000, 0x0000000086700000| Untracked 
|  28|0x0000000086800000, 0x0000000086800000, 0x0000000086900000|  0%| F|  |TAMS 0x0000000086800000, 0x0000000086800000| Untracked 
|  29|0x0000000086900000, 0x0000000086900000, 0x0000000086a00000|  0%| F|  |TAMS 0x0000000086900000, 0x0000000086900000| Untracked 
|  30|0x0000000086a00000, 0x0000000086a00000, 0x0000000086b00000|  0%| F|  |TAMS 0x0000000086a00000, 0x0000000086a00000| Untracked 
|  31|0x0000000086b00000, 0x0000000086b00000, 0x0000000086c00000|  0%| F|  |TAMS 0x0000000086b00000, 0x0000000086b00000| Untracked 
|  32|0x0000000086c00000, 0x0000000086c00000, 0x0000000086d00000|  0%| F|  |TAMS 0x0000000086c00000, 0x0000000086c00000| Untracked 
|  33|0x0000000086d00000, 0x0000000086d00000, 0x0000000086e00000|  0%| F|  |TAMS 0x0000000086d00000, 0x0000000086d00000| Untracked 
|  34|0x0000000086e00000, 0x0000000086e00000, 0x0000000086f00000|  0%| F|  |TAMS 0x0000000086e00000, 0x0000000086e00000| Untracked 
|  35|0x0000000086f00000, 0x0000000086f00000, 0x0000000087000000|  0%| F|  |TAMS 0x0000000086f00000, 0x0000000086f00000| Untracked 
|  36|0x0000000087000000, 0x0000000087000000, 0x0000000087100000|  0%| F|  |TAMS 0x0000000087000000, 0x0000000087000000| Untracked 
|  37|0x0000000087100000, 0x0000000087100000, 0x0000000087200000|  0%| F|  |TAMS 0x0000000087100000, 0x0000000087100000| Untracked 
|  38|0x0000000087200000, 0x0000000087200000, 0x0000000087300000|  0%| F|  |TAMS 0x0000000087200000, 0x0000000087200000| Untracked 
|  39|0x0000000087300000, 0x0000000087300000, 0x0000000087400000|  0%| F|  |TAMS 0x0000000087300000, 0x0000000087300000| Untracked 
|  40|0x0000000087400000, 0x0000000087400000, 0x0000000087500000|  0%| F|  |TAMS 0x0000000087400000, 0x0000000087400000| Untracked 
|  41|0x0000000087500000, 0x0000000087500000, 0x0000000087600000|  0%| F|  |TAMS 0x0000000087500000, 0x0000000087500000| Untracked 
|  42|0x0000000087600000, 0x0000000087600000, 0x0000000087700000|  0%| F|  |TAMS 0x0000000087600000, 0x0000000087600000| Untracked 
|  43|0x0000000087700000, 0x0000000087700000, 0x0000000087800000|  0%| F|  |TAMS 0x0000000087700000, 0x0000000087700000| Untracked 
|  44|0x0000000087800000, 0x0000000087800000, 0x0000000087900000|  0%| F|  |TAMS 0x0000000087800000, 0x0000000087800000| Untracked 
|  45|0x0000000087900000, 0x0000000087900000, 0x0000000087a00000|  0%| F|  |TAMS 0x0000000087900000, 0x0000000087900000| Untracked 
|  46|0x0000000087a00000, 0x0000000087a00000, 0x0000000087b00000|  0%| F|  |TAMS 0x0000000087a00000, 0x0000000087a00000| Untracked 
|  47|0x0000000087b00000, 0x0000000087b00000, 0x0000000087c00000|  0%| F|  |TAMS 0x0000000087b00000, 0x0000000087b00000| Untracked 
|  48|0x0000000087c00000, 0x0000000087c00000, 0x0000000087d00000|  0%| F|  |TAMS 0x0000000087c00000, 0x0000000087c00000| Untracked 
|  49|0x0000000087d00000, 0x0000000087d00000, 0x0000000087e00000|  0%| F|  |TAMS 0x0000000087d00000, 0x0000000087d00000| Untracked 
|  50|0x0000000087e00000, 0x0000000087e00000, 0x0000000087f00000|  0%| F|  |TAMS 0x0000000087e00000, 0x0000000087e00000| Untracked 
|  51|0x0000000087f00000, 0x0000000087f00000, 0x0000000088000000|  0%| F|  |TAMS 0x0000000087f00000, 0x0000000087f00000| Untracked 
|  52|0x0000000088000000, 0x0000000088000000, 0x0000000088100000|  0%| F|  |TAMS 0x0000000088000000, 0x0000000088000000| Untracked 
|  53|0x0000000088100000, 0x0000000088100000, 0x0000000088200000|  0%| F|  |TAMS 0x0000000088100000, 0x0000000088100000| Untracked 
|  54|0x0000000088200000, 0x0000000088200000, 0x0000000088300000|  0%| F|  |TAMS 0x0000000088200000, 0x0000000088200000| Untracked 
|  55|0x0000000088300000, 0x0000000088300000, 0x0000000088400000|  0%| F|  |TAMS 0x0000000088300000, 0x0000000088300000| Untracked 
|  56|0x0000000088400000, 0x0000000088400000, 0x0000000088500000|  0%| F|  |TAMS 0x0000000088400000, 0x0000000088400000| Untracked 
|  57|0x0000000088500000, 0x0000000088500000, 0x0000000088600000|  0%| F|  |TAMS 0x0000000088500000, 0x0000000088500000| Untracked 
|  58|0x0000000088600000, 0x0000000088600000, 0x0000000088700000|  0%| F|  |TAMS 0x0000000088600000, 0x0000000088600000| Untracked 
|  59|0x0000000088700000, 0x0000000088700000, 0x0000000088800000|  0%| F|  |TAMS 0x0000000088700000, 0x0000000088700000| Untracked 
|  60|0x0000000088800000, 0x0000000088800000, 0x0000000088900000|  0%| F|  |TAMS 0x0000000088800000, 0x0000000088800000| Untracked 
|  61|0x0000000088900000, 0x0000000088900000, 0x0000000088a00000|  0%| F|  |TAMS 0x0000000088900000, 0x0000000088900000| Untracked 
|  62|0x0000000088a00000, 0x0000000088a00000, 0x0000000088b00000|  0%| F|  |TAMS 0x0000000088a00000, 0x0000000088a00000| Untracked 
|  63|0x0000000088b00000, 0x0000000088b00000, 0x0000000088c00000|  0%| F|  |TAMS 0x0000000088b00000, 0x0000000088b00000| Untracked 
|  64|0x0000000088c00000, 0x0000000088c00000, 0x0000000088d00000|  0%| F|  |TAMS 0x0000000088c00000, 0x0000000088c00000| Untracked 
|  65|0x0000000088d00000, 0x0000000088d00000, 0x0000000088e00000|  0%| F|  |TAMS 0x0000000088d00000, 0x0000000088d00000| Untracked 
|  66|0x0000000088e00000, 0x0000000088e00000, 0x0000000088f00000|  0%| F|  |TAMS 0x0000000088e00000, 0x0000000088e00000| Untracked 
|  67|0x0000000088f00000, 0x0000000088f00000, 0x0000000089000000|  0%| F|  |TAMS 0x0000000088f00000, 0x0000000088f00000| Untracked 
|  68|0x0000000089000000, 0x0000000089000000, 0x0000000089100000|  0%| F|  |TAMS 0x0000000089000000, 0x0000000089000000| Untracked 
|  69|0x0000000089100000, 0x0000000089100000, 0x0000000089200000|  0%| F|  |TAMS 0x0000000089100000, 0x0000000089100000| Untracked 
|  70|0x0000000089200000, 0x0000000089200000, 0x0000000089300000|  0%| F|  |TAMS 0x0000000089200000, 0x0000000089200000| Untracked 
|  71|0x0000000089300000, 0x0000000089300000, 0x0000000089400000|  0%| F|  |TAMS 0x0000000089300000, 0x0000000089300000| Untracked 
|  72|0x0000000089400000, 0x0000000089400000, 0x0000000089500000|  0%| F|  |TAMS 0x0000000089400000, 0x0000000089400000| Untracked 
|  73|0x0000000089500000, 0x0000000089500000, 0x0000000089600000|  0%| F|  |TAMS 0x0000000089500000, 0x0000000089500000| Untracked 
|  74|0x0000000089600000, 0x0000000089600000, 0x0000000089700000|  0%| F|  |TAMS 0x0000000089600000, 0x0000000089600000| Untracked 
|  75|0x0000000089700000, 0x0000000089700000, 0x0000000089800000|  0%| F|  |TAMS 0x0000000089700000, 0x0000000089700000| Untracked 
|  76|0x0000000089800000, 0x0000000089800000, 0x0000000089900000|  0%| F|  |TAMS 0x0000000089800000, 0x0000000089800000| Untracked 
|  77|0x0000000089900000, 0x0000000089900000, 0x0000000089a00000|  0%| F|  |TAMS 0x0000000089900000, 0x0000000089900000| Untracked 
|  78|0x0000000089a00000, 0x0000000089a00000, 0x0000000089b00000|  0%| F|  |TAMS 0x0000000089a00000, 0x0000000089a00000| Untracked 
|  79|0x0000000089b00000, 0x0000000089b00000, 0x0000000089c00000|  0%| F|  |TAMS 0x0000000089b00000, 0x0000000089b00000| Untracked 
|  80|0x0000000089c00000, 0x0000000089c00000, 0x0000000089d00000|  0%| F|  |TAMS 0x0000000089c00000, 0x0000000089c00000| Untracked 
|  81|0x0000000089d00000, 0x0000000089d00000, 0x0000000089e00000|  0%| F|  |TAMS 0x0000000089d00000, 0x0000000089d00000| Untracked 
|  82|0x0000000089e00000, 0x0000000089e00000, 0x0000000089f00000|  0%| F|  |TAMS 0x0000000089e00000, 0x0000000089e00000| Untracked 
|  83|0x0000000089f00000, 0x0000000089f00000, 0x000000008a000000|  0%| F|  |TAMS 0x0000000089f00000, 0x0000000089f00000| Untracked 
|  84|0x000000008a000000, 0x000000008a000000, 0x000000008a100000|  0%| F|  |TAMS 0x000000008a000000, 0x000000008a000000| Untracked 
|  85|0x000000008a100000, 0x000000008a100000, 0x000000008a200000|  0%| F|  |TAMS 0x000000008a100000, 0x000000008a100000| Untracked 
|  86|0x000000008a200000, 0x000000008a200000, 0x000000008a300000|  0%| F|  |TAMS 0x000000008a200000, 0x000000008a200000| Untracked 
|  87|0x000000008a300000, 0x000000008a300000, 0x000000008a400000|  0%| F|  |TAMS 0x000000008a300000, 0x000000008a300000| Untracked 
|  88|0x000000008a400000, 0x000000008a400000, 0x000000008a500000|  0%| F|  |TAMS 0x000000008a400000, 0x000000008a400000| Untracked 
|  89|0x000000008a500000, 0x000000008a500000, 0x000000008a600000|  0%| F|  |TAMS 0x000000008a500000, 0x000000008a500000| Untracked 
|  90|0x000000008a600000, 0x000000008a600000, 0x000000008a700000|  0%| F|  |TAMS 0x000000008a600000, 0x000000008a600000| Untracked 
|  91|0x000000008a700000, 0x000000008a700000, 0x000000008a800000|  0%| F|  |TAMS 0x000000008a700000, 0x000000008a700000| Untracked 
|  92|0x000000008a800000, 0x000000008a800000, 0x000000008a900000|  0%| F|  |TAMS 0x000000008a800000, 0x000000008a800000| Untracked 
|  93|0x000000008a900000, 0x000000008a900000, 0x000000008aa00000|  0%| F|  |TAMS 0x000000008a900000, 0x000000008a900000| Untracked 
|  94|0x000000008aa00000, 0x000000008aa00000, 0x000000008ab00000|  0%| F|  |TAMS 0x000000008aa00000, 0x000000008aa00000| Untracked 
|  95|0x000000008ab00000, 0x000000008ab00000, 0x000000008ac00000|  0%| F|  |TAMS 0x000000008ab00000, 0x000000008ab00000| Untracked 
|  96|0x000000008ac00000, 0x000000008ac00000, 0x000000008ad00000|  0%| F|  |TAMS 0x000000008ac00000, 0x000000008ac00000| Untracked 
|  97|0x000000008ad00000, 0x000000008ad00000, 0x000000008ae00000|  0%| F|  |TAMS 0x000000008ad00000, 0x000000008ad00000| Untracked 
|  98|0x000000008ae00000, 0x000000008ae00000, 0x000000008af00000|  0%| F|  |TAMS 0x000000008ae00000, 0x000000008ae00000| Untracked 
|  99|0x000000008af00000, 0x000000008aff72e8, 0x000000008b000000| 96%| S|CS|TAMS 0x000000008af00000, 0x000000008af00000| Complete 
| 100|0x000000008b000000, 0x000000008b100000, 0x000000008b100000|100%| S|CS|TAMS 0x000000008b000000, 0x000000008b000000| Complete 
| 101|0x000000008b100000, 0x000000008b100000, 0x000000008b200000|  0%| F|  |TAMS 0x000000008b100000, 0x000000008b100000| Untracked 
| 102|0x000000008b200000, 0x000000008b200000, 0x000000008b300000|  0%| F|  |TAMS 0x000000008b200000, 0x000000008b200000| Untracked 
| 103|0x000000008b300000, 0x000000008b400000, 0x000000008b400000|100%| E|  |TAMS 0x000000008b300000, 0x000000008b300000| Complete 
| 104|0x000000008b400000, 0x000000008b500000, 0x000000008b500000|100%| E|CS|TAMS 0x000000008b400000, 0x000000008b400000| Complete 
| 105|0x000000008b500000, 0x000000008b600000, 0x000000008b600000|100%| E|CS|TAMS 0x000000008b500000, 0x000000008b500000| Complete 
| 106|0x000000008b600000, 0x000000008b700000, 0x000000008b700000|100%| E|CS|TAMS 0x000000008b600000, 0x000000008b600000| Complete 
| 107|0x000000008b700000, 0x000000008b800000, 0x000000008b800000|100%| E|CS|TAMS 0x000000008b700000, 0x000000008b700000| Complete 
| 108|0x000000008b800000, 0x000000008b900000, 0x000000008b900000|100%| E|CS|TAMS 0x000000008b800000, 0x000000008b800000| Complete 
| 109|0x000000008b900000, 0x000000008ba00000, 0x000000008ba00000|100%| E|CS|TAMS 0x000000008b900000, 0x000000008b900000| Complete 
| 110|0x000000008ba00000, 0x000000008bb00000, 0x000000008bb00000|100%| E|CS|TAMS 0x000000008ba00000, 0x000000008ba00000| Complete 
| 111|0x000000008bb00000, 0x000000008bc00000, 0x000000008bc00000|100%| E|CS|TAMS 0x000000008bb00000, 0x000000008bb00000| Complete 
| 112|0x000000008bc00000, 0x000000008bd00000, 0x000000008bd00000|100%| E|CS|TAMS 0x000000008bc00000, 0x000000008bc00000| Complete 
| 113|0x000000008bd00000, 0x000000008be00000, 0x000000008be00000|100%| E|CS|TAMS 0x000000008bd00000, 0x000000008bd00000| Complete 
| 114|0x000000008be00000, 0x000000008bf00000, 0x000000008bf00000|100%| E|CS|TAMS 0x000000008be00000, 0x000000008be00000| Complete 
| 115|0x000000008bf00000, 0x000000008c000000, 0x000000008c000000|100%| E|CS|TAMS 0x000000008bf00000, 0x000000008bf00000| Complete 
| 116|0x000000008c000000, 0x000000008c100000, 0x000000008c100000|100%| E|CS|TAMS 0x000000008c000000, 0x000000008c000000| Complete 
| 117|0x000000008c100000, 0x000000008c200000, 0x000000008c200000|100%| E|CS|TAMS 0x000000008c100000, 0x000000008c100000| Complete 
| 118|0x000000008c200000, 0x000000008c300000, 0x000000008c300000|100%| E|CS|TAMS 0x000000008c200000, 0x000000008c200000| Complete 
| 119|0x000000008c300000, 0x000000008c400000, 0x000000008c400000|100%| E|CS|TAMS 0x000000008c300000, 0x000000008c300000| Complete 
| 120|0x000000008c400000, 0x000000008c500000, 0x000000008c500000|100%| E|CS|TAMS 0x000000008c400000, 0x000000008c400000| Complete 
| 121|0x000000008c500000, 0x000000008c600000, 0x000000008c600000|100%| E|CS|TAMS 0x000000008c500000, 0x000000008c500000| Complete 
| 122|0x000000008c600000, 0x000000008c700000, 0x000000008c700000|100%| E|CS|TAMS 0x000000008c600000, 0x000000008c600000| Complete 
| 123|0x000000008c700000, 0x000000008c800000, 0x000000008c800000|100%| E|CS|TAMS 0x000000008c700000, 0x000000008c700000| Complete 

Card table byte_map: [0x0000015698d70000,0x0000015699150000] _byte_map_base: 0x000001569894a000

Marking Bits (Prev, Next): (CMBitMap*) 0x00000156ff4feaa0, (CMBitMap*) 0x00000156ff4fea68
 Prev Bits: [0x000001569b400000, 0x000001569d2d0000)
 Next Bits: [0x0000015699530000, 0x000001569b400000)

Polling page: 0x00000156ff070000

Metaspace:

Usage:
  Non-class:     20.85 MB capacity,    20.49 MB ( 98%) used,   310.08 KB (  1%) free+waste,    56.19 KB ( <1%) overhead. 
      Class:      2.29 MB capacity,     2.09 MB ( 91%) used,   179.52 KB (  8%) free+waste,    27.19 KB (  1%) overhead. 
       Both:     23.14 MB capacity,    22.58 MB ( 98%) used,   489.60 KB (  2%) free+waste,    83.38 KB ( <1%) overhead. 

Virtual space:
  Non-class space:       22.00 MB reserved,      21.00 MB ( 95%) committed 
      Class space:        1.00 GB reserved,       2.38 MB ( <1%) committed 
             Both:        1.02 GB reserved,      23.38 MB (  2%) committed 

Chunk freelists:
   Non-Class:  24.00 KB
       Class:  22.00 KB
        Both:  46.00 KB

MaxMetaspaceSize: 17179869184.00 GB
CompressedClassSpaceSize: 1.00 GB

CodeHeap 'non-profiled nmethods': size=120000Kb used=1771Kb max_used=1771Kb free=118228Kb
 bounds [0x0000015691460000, 0x00000156916d0000, 0x0000015698990000]
CodeHeap 'profiled nmethods': size=120000Kb used=6319Kb max_used=6319Kb free=113680Kb
 bounds [0x0000015689f30000, 0x000001568a560000, 0x0000015691460000]
CodeHeap 'non-nmethods': size=5760Kb used=1322Kb max_used=1343Kb free=4438Kb
 bounds [0x0000015689990000, 0x0000015689c00000, 0x0000015689f30000]
 total_blobs=5348 nmethods=3326 adapters=644
 compilation: enabled
              stopped_count=0, restarted_count=0
 full_count=0

Compilation events (20 events):
Event: 1328.629 Thread 0x000001569fdaf000 3316       1       java.awt.geom.Rectangle2D$Double::getHeight (5 bytes)
Event: 1328.629 Thread 0x000001569fdaf000 nmethod 3316 0x0000015691618f90 code [0x0000015691619140, 0x0000015691619258]
Event: 1328.629 Thread 0x000001569fdaf000 3317       1       java.awt.image.ColorModel::getNumComponents (5 bytes)
Event: 1328.629 Thread 0x000001569fdaf000 nmethod 3317 0x0000015691619310 code [0x00000156916194c0, 0x00000156916195d8]
Event: 1328.630 Thread 0x000001569fdaf000 3318       1       java.awt.Window::isShowing (5 bytes)
Event: 1328.630 Thread 0x000001569fdaf000 nmethod 3318 0x0000015691619690 code [0x0000015691619840, 0x0000015691619958]
Event: 1328.631 Thread 0x000001569fdaf000 3319       1       java.awt.image.SampleModel::getTransferType (5 bytes)
Event: 1328.631 Thread 0x000001569fdaf000 nmethod 3319 0x0000015691619a10 code [0x0000015691619bc0, 0x0000015691619cd8]
Event: 1328.632 Thread 0x000001569fdaf000 3320       1       java.awt.image.Raster::getNumBands (5 bytes)
Event: 1328.632 Thread 0x000001569fdaf000 nmethod 3320 0x0000015691619d90 code [0x0000015691619f40, 0x000001569161a058]
Event: 1328.632 Thread 0x000001569fdaf000 3321       1       java.awt.image.ColorModel::getColorSpace (5 bytes)
Event: 1328.632 Thread 0x000001569fdaf000 nmethod 3321 0x000001569161a110 code [0x000001569161a2c0, 0x000001569161a3d8]
Event: 1328.632 Thread 0x000001569fdaf000 3322       3       sun.awt.image.SunWritableRaster::stealData (11 bytes)
Event: 1328.632 Thread 0x000001569fdaf000 nmethod 3322 0x000001568a55a690 code [0x000001568a55a860, 0x000001568a55aa78]
Event: 1328.632 Thread 0x000001569fdaf000 3323       3       java.awt.image.DataBuffer$1::getData (7 bytes)
Event: 1328.632 Thread 0x000001569fdaf000 nmethod 3323 0x000001568a55ac10 code [0x000001568a55adc0, 0x000001568a55af58]
Event: 1329.063 Thread 0x000001569fdaf000 3325       3       java.util.LinkedList::linkLast (59 bytes)
Event: 1329.063 Thread 0x000001569fdaf000 nmethod 3325 0x000001568a55b090 code [0x000001568a55b260, 0x000001568a55b718]
Event: 1329.063 Thread 0x000001569fdaf000 3327       3       javax.swing.UIManager::getDefaults (10 bytes)
Event: 1329.063 Thread 0x000001569fdaf000 nmethod 3327 0x000001568a55b890 code [0x000001568a55ba60, 0x000001568a55bc00]

GC Heap History (8 events):
Event: 0.692 GC heap before
{Heap before GC invocations=0 (full 0):
 garbage-first heap   total 126976K, used 22528K [0x0000000084c00000, 0x0000000100000000)
  region size 1024K, 24 young (24576K), 0 survivors (0K)
 Metaspace       used 20538K, capacity 21020K, committed 21248K, reserved 1069056K
  class space    used 1999K, capacity 2196K, committed 2304K, reserved 1048576K
}
Event: 0.699 GC heap after
{Heap after GC invocations=1 (full 0):
 garbage-first heap   total 126976K, used 4728K [0x0000000084c00000, 0x0000000100000000)
  region size 1024K, 3 young (3072K), 3 survivors (3072K)
 Metaspace       used 20538K, capacity 21020K, committed 21248K, reserved 1069056K
  class space    used 1999K, capacity 2196K, committed 2304K, reserved 1048576K
}
Event: 0.768 GC heap before
{Heap before GC invocations=2 (full 0):
 garbage-first heap   total 126976K, used 55928K [0x0000000084c00000, 0x0000000100000000)
  region size 1024K, 6 young (6144K), 3 survivors (3072K)
 Metaspace       used 20750K, capacity 21244K, committed 21504K, reserved 1069056K
  class space    used 2022K, capacity 2228K, committed 2304K, reserved 1048576K
}
Event: 0.771 GC heap after
{Heap after GC invocations=3 (full 0):
 garbage-first heap   total 126976K, used 29653K [0x0000000084c00000, 0x0000000100000000)
  region size 1024K, 4 young (4096K), 4 survivors (4096K)
 Metaspace       used 20750K, capacity 21244K, committed 21504K, reserved 1069056K
  class space    used 2022K, capacity 2228K, committed 2304K, reserved 1048576K
}
Event: 0.805 GC heap before
{Heap before GC invocations=4 (full 0):
 garbage-first heap   total 126976K, used 78805K [0x0000000084c00000, 0x0000000100000000)
  region size 1024K, 4 young (4096K), 4 survivors (4096K)
 Metaspace       used 20750K, capacity 21244K, committed 21504K, reserved 1069056K
  class space    used 2022K, capacity 2228K, committed 2304K, reserved 1048576K
}
Event: 0.808 GC heap after
{Heap after GC invocations=5 (full 0):
 garbage-first heap   total 126976K, used 54407K [0x0000000084c00000, 0x0000000100000000)
  region size 1024K, 1 young (1024K), 1 survivors (1024K)
 Metaspace       used 20750K, capacity 21244K, committed 21504K, reserved 1069056K
  class space    used 2022K, capacity 2228K, committed 2304K, reserved 1048576K
}
Event: 426.139 GC heap before
{Heap before GC invocations=6 (full 0):
 garbage-first heap   total 126976K, used 111751K [0x0000000084c00000, 0x0000000100000000)
  region size 1024K, 23 young (23552K), 1 survivors (1024K)
 Metaspace       used 22760K, capacity 23314K, committed 23424K, reserved 1071104K
  class space    used 2137K, capacity 2346K, committed 2432K, reserved 1048576K
}
Event: 426.142 GC heap after
{Heap after GC invocations=7 (full 0):
 garbage-first heap   total 126976K, used 6658K [0x0000000084c00000, 0x0000000100000000)
  region size 1024K, 2 young (2048K), 2 survivors (2048K)
 Metaspace       used 22760K, capacity 23314K, committed 23424K, reserved 1071104K
  class space    used 2137K, capacity 2346K, committed 2432K, reserved 1048576K
}

Deoptimization events (20 events):
Event: 1119.767 Thread 0x00000156a120d800 Uncommon trap: trap_request=0xffffff4d fr.pc=0x00000156915e7d94 relative=0x0000000000002114
Event: 1119.767 Thread 0x00000156a120d800 Uncommon trap: reason=unstable_if action=reinterpret pc=0x00000156915e7d94 method=org.lwjgl.opengl.WindowsDisplay.update()V @ 7 c2
Event: 1119.767 Thread 0x00000156a120d800 DEOPT PACKING pc=0x00000156915e7d94 sp=0x0000002a9edfef00
Event: 1119.767 Thread 0x00000156a120d800 DEOPT UNPACKING pc=0x000001568999822f sp=0x0000002a9edfee20 mode 2
Event: 1119.780 Thread 0x00000156a120d800 Uncommon trap: trap_request=0xffffff4d fr.pc=0x00000156915e4bb4 relative=0x00000000000004b4
Event: 1119.780 Thread 0x00000156a120d800 Uncommon trap: reason=unstable_if action=reinterpret pc=0x00000156915e4bb4 method=org.lwjgl.opengl.WindowsDisplay.update()V @ 7 c2
Event: 1119.780 Thread 0x00000156a120d800 DEOPT PACKING pc=0x00000156915e4bb4 sp=0x0000002a9edfeed0
Event: 1119.780 Thread 0x00000156a120d800 DEOPT UNPACKING pc=0x000001568999822f sp=0x0000002a9edfee18 mode 2
Event: 1119.829 Thread 0x00000156a120d800 Uncommon trap: trap_request=0xffffff4d fr.pc=0x00000156915e5628 relative=0x0000000000000068
Event: 1119.829 Thread 0x00000156a120d800 Uncommon trap: reason=unstable_if action=reinterpret pc=0x00000156915e5628 method=org.lwjgl.opengl.WindowsDisplay.update()V @ 7 c2
Event: 1119.829 Thread 0x00000156a120d800 DEOPT PACKING pc=0x00000156915e5628 sp=0x0000002a9edfee80
Event: 1119.829 Thread 0x00000156a120d800 DEOPT UNPACKING pc=0x000001568999822f sp=0x0000002a9edfee18 mode 2
Event: 1121.878 Thread 0x00000156a120d800 DEOPT PACKING pc=0x000001568a547c72 sp=0x0000002a9edfed80
Event: 1121.878 Thread 0x00000156a120d800 DEOPT UNPACKING pc=0x00000156899ba4de sp=0x0000002a9edfe308 mode 0
Event: 1311.954 Thread 0x00000156a120d800 DEOPT PACKING pc=0x000001568a531713 sp=0x0000002a9edff010
Event: 1311.954 Thread 0x00000156a120d800 DEOPT UNPACKING pc=0x00000156899ba4de sp=0x0000002a9edfe550 mode 0
Event: 1327.413 Thread 0x00000156a120d800 Uncommon trap: trap_request=0xffffff4d fr.pc=0x000001569160c0f8 relative=0x00000000000008d8
Event: 1327.413 Thread 0x00000156a120d800 Uncommon trap: reason=unstable_if action=reinterpret pc=0x000001569160c0f8 method=com.jme3.system.lwjgl.LwjglAbstractDisplay.run()V @ 87 c2
Event: 1327.413 Thread 0x00000156a120d800 DEOPT PACKING pc=0x000001569160c0f8 sp=0x0000002a9edff060
Event: 1327.413 Thread 0x00000156a120d800 DEOPT UNPACKING pc=0x000001568999822f sp=0x0000002a9edff058 mode 2

Classes redefined (0 events):
No events

Internal exceptions (20 events):
Event: 0.285 Thread 0x00000156ff4be000 Exception <a 'java/lang/NoSuchMethodError'{0x000000008bef8f50}: 'java.lang.Object java.lang.invoke.DirectMethodHandle$Holder.invokeStatic(java.lang.Object, int, java.lang.Object, java.lang.Object, java.lang.Object, java.lang.Object)'> (0x000000008bef8f50)
Event: 0.285 Thread 0x00000156ff4be000 Exception <a 'java/lang/NoSuchMethodError'{0x000000008bd00258}: 'java.lang.Object java.lang.invoke.DirectMethodHandle$Holder.invokeStatic(java.lang.Object, int, java.lang.Object, java.lang.Object, java.lang.Object)'> (0x000000008bd00258) thrown at [c:/cyg
Event: 0.286 Thread 0x00000156ff4be000 Exception <a 'java/lang/NoSuchMethodError'{0x000000008bd04000}: 'java.lang.Object java.lang.invoke.DirectMethodHandle$Holder.invokeSpecial(java.lang.Object, java.lang.Object, int, java.lang.Object, java.lang.Object, java.lang.Object)'> (0x000000008bd04000
Event: 0.299 Thread 0x00000156ff4be000 Exception <a 'java/lang/ClassNotFoundException'{0x000000008bdc6160}: com/sun/swing/internal/plaf/metal/resources/spi/metalProvider> (0x000000008bdc6160) thrown at [c:/cygwin64/tmp/openjdk-jdk11u-windows-x64-hotspot/workspace/build/src/src/hotspot/share/cl
Event: 0.299 Thread 0x00000156ff4be000 Exception <a 'java/lang/ClassNotFoundException'{0x000000008bdca478}: com/sun/swing/internal/plaf/basic/resources/spi/basicProvider> (0x000000008bdca478) thrown at [c:/cygwin64/tmp/openjdk-jdk11u-windows-x64-hotspot/workspace/build/src/src/hotspot/share/cl
Event: 0.322 Thread 0x00000156ff4be000 Exception <a 'java/lang/NoSuchMethodError'{0x000000008bc3b040}: 'void java.lang.invoke.DirectMethodHandle$Holder.invokeStaticInit(java.lang.Object)'> (0x000000008bc3b040) thrown at [c:/cygwin64/tmp/openjdk-jdk11u-windows-x64-hotspot/workspace/build/src/sr
Event: 0.340 Thread 0x00000156ff4be000 Exception <a 'java/lang/NoSuchMethodError'{0x000000008bbbb718}: 'java.lang.Object java.lang.invoke.DirectMethodHandle$Holder.invokeStatic(java.lang.Object, java.lang.Object, java.lang.Object, java.lang.Object, java.lang.Object, java.lang.Object, java.lang
Event: 0.341 Thread 0x00000156ff4be000 Exception <a 'java/lang/NoSuchMethodError'{0x000000008bbd9920}: 'java.lang.Object java.lang.invoke.DirectMethodHandle$Holder.invokeStatic(java.lang.Object, java.lang.Object, java.lang.Object, java.lang.Object, java.lang.Object, java.lang.Object, java.lang
Event: 0.341 Thread 0x00000156ff4be000 Exception <a 'java/lang/NoSuchMethodError'{0x000000008bbf8b10}: 'java.lang.Object java.lang.invoke.DirectMethodHandle$Holder.invokeStatic(java.lang.Object, java.lang.Object, java.lang.Object, java.lang.Object, java.lang.Object, java.lang.Object, java.lang
Event: 0.342 Thread 0x00000156ff4be000 Exception <a 'java/lang/NoSuchMethodError'{0x000000008ba04f60}: 'java.lang.Object java.lang.invoke.Invokers$Holder.linkToTargetMethod(java.lang.Object, int, java.lang.Object)'> (0x000000008ba04f60) thrown at [c:/cygwin64/tmp/openjdk-jdk11u-windows-x64-hot
Event: 0.350 Thread 0x00000156ff4be000 Exception <a 'java/lang/NoSuchMethodError'{0x000000008ba52580}: 'java.lang.Object java.lang.invoke.DirectMethodHandle$Holder.invokeStatic(java.lang.Object, java.lang.Object, java.lang.Object, java.lang.Object, java.lang.Object, java.lang.Object, java.lang
Event: 0.512 Thread 0x00000156a120d800 Exception <a 'org/lwjgl/LWJGLException'{0x000000008b6c7868}: Failed query key value> (0x000000008b6c7868) thrown at [c:/cygwin64/tmp/openjdk-jdk11u-windows-x64-hotspot/workspace/build/src/src/hotspot/share/prims/jni.cpp, line 636]
Event: 0.512 Thread 0x00000156a120d800 Exception <a 'org/lwjgl/LWJGLException'{0x000000008b6c7fa8}: Failed query key value> (0x000000008b6c7fa8) thrown at [c:/cygwin64/tmp/openjdk-jdk11u-windows-x64-hotspot/workspace/build/src/src/hotspot/share/prims/jni.cpp, line 636]
Event: 0.522 Thread 0x00000156a120d800 Exception <a 'java/lang/NoSuchMethodError'{0x000000008b52fe98}: 'int java.lang.invoke.DirectMethodHandle$Holder.invokeSpecialIFC(java.lang.Object, java.lang.Object, int)'> (0x000000008b52fe98) thrown at [c:/cygwin64/tmp/openjdk-jdk11u-windows-x64-hotspot/
Event: 0.576 Thread 0x00000156a120d800 Exception <a 'java/security/PrivilegedActionException'{0x000000008b3c90b0}> (0x000000008b3c90b0) thrown at [c:/cygwin64/tmp/openjdk-jdk11u-windows-x64-hotspot/workspace/build/src/src/hotspot/share/prims/jvm.cpp, line 1297]
Event: 0.576 Thread 0x00000156a120d800 Exception <a 'java/security/PrivilegedActionException'{0x000000008b3cb860}> (0x000000008b3cb860) thrown at [c:/cygwin64/tmp/openjdk-jdk11u-windows-x64-hotspot/workspace/build/src/src/hotspot/share/prims/jvm.cpp, line 1297]
Event: 0.576 Thread 0x00000156a120d800 Exception <a 'java/security/PrivilegedActionException'{0x000000008b3cc818}> (0x000000008b3cc818) thrown at [c:/cygwin64/tmp/openjdk-jdk11u-windows-x64-hotspot/workspace/build/src/src/hotspot/share/prims/jvm.cpp, line 1297]
Event: 0.576 Thread 0x00000156a120d800 Exception <a 'java/security/PrivilegedActionException'{0x000000008b3d1e88}> (0x000000008b3d1e88) thrown at [c:/cygwin64/tmp/openjdk-jdk11u-windows-x64-hotspot/workspace/build/src/src/hotspot/share/prims/jvm.cpp, line 1297]
Event: 0.576 Thread 0x00000156a120d800 Exception <a 'java/security/PrivilegedActionException'{0x000000008b3d2a48}> (0x000000008b3d2a48) thrown at [c:/cygwin64/tmp/openjdk-jdk11u-windows-x64-hotspot/workspace/build/src/src/hotspot/share/prims/jvm.cpp, line 1297]
Event: 0.576 Thread 0x00000156a120d800 Exception <a 'java/security/PrivilegedActionException'{0x000000008b3d35c8}> (0x000000008b3d35c8) thrown at [c:/cygwin64/tmp/openjdk-jdk11u-windows-x64-hotspot/workspace/build/src/src/hotspot/share/prims/jvm.cpp, line 1297]

Events (20 events):
Event: 1119.879 Loaded shared library D:\ProgramFile\jmonkeyplatform\jdk\bin\java.dll
Event: 1119.880 Loaded shared library D:\ProgramFile\jmonkeyplatform\jdk\bin\java.dll
Event: 1330.607 Executing VM operation: RevokeBias
Event: 1330.607 Executing VM operation: RevokeBias done
Event: 1330.608 Thread 0x00000156ba8a7800 Thread added: 0x00000156ba8a7800
Event: 1330.608 Thread 0x00000156baae4800 Thread added: 0x00000156baae4800
Event: 1330.608 Thread 0x00000156ba9aa800 Thread added: 0x00000156ba9aa800
Event: 1330.608 Thread 0x00000156a0dde000 Thread added: 0x00000156a0dde000
Event: 1330.608 Thread 0x00000156baae4800 Thread exited: 0x00000156baae4800
Event: 1330.608 Executing VM operation: RevokeBias
Event: 1330.608 Executing VM operation: RevokeBias done
Event: 1330.608 Executing VM operation: RevokeBias
Event: 1330.608 Executing VM operation: RevokeBias done
Event: 1330.609 Thread 0x00000156ba8a7800 Thread exited: 0x00000156ba8a7800
Event: 1330.617 Thread 0x00000156ba9aa800 Thread exited: 0x00000156ba9aa800
Event: 1330.731 Executing VM operation: RevokeBias
Event: 1330.731 Executing VM operation: RevokeBias done
Event: 1330.731 Thread 0x00000156a0d77800 Thread exited: 0x00000156a0d77800
Event: 1330.811 Thread 0x00000156a0dde000 Thread exited: 0x00000156a0dde000
Event: 1330.812 Executing VM operation: Exit


Dynamic libraries:
0x00007ff612410000 - 0x00007ff61241d000 	D:\ProgramFile\jmonkeyplatform\jdk\bin\java.exe
0x00007ffd6d550000 - 0x00007ffd6d745000 	C:\Windows\SYSTEM32\ntdll.dll
0x00007ffd6c1a0000 - 0x00007ffd6c25e000 	C:\Windows\System32\KERNEL32.DLL
0x00007ffd6afe0000 - 0x00007ffd6b2a8000 	C:\Windows\System32\KERNELBASE.dll
0x00007ffd6ac70000 - 0x00007ffd6ad70000 	C:\Windows\System32\ucrtbase.dll
0x00007ffd626f0000 - 0x00007ffd62707000 	D:\ProgramFile\jmonkeyplatform\jdk\bin\jli.dll
0x00007ffd5fda0000 - 0x00007ffd5fdb6000 	D:\ProgramFile\jmonkeyplatform\jdk\bin\VCRUNTIME140.dll
0x00007ffd6c910000 - 0x00007ffd6cab0000 	C:\Windows\System32\USER32.dll
0x00007ffd6b580000 - 0x00007ffd6b5a2000 	C:\Windows\System32\win32u.dll
0x00007ffd4ebe0000 - 0x00007ffd4ee7a000 	C:\Windows\WinSxS\amd64_microsoft.windows.common-controls_6595b64144ccf1df_6.0.19041.1110_none_60b5254171f9507e\COMCTL32.dll
0x00007ffd6ccd0000 - 0x00007ffd6ccfb000 	C:\Windows\System32\GDI32.dll
0x00007ffd6c870000 - 0x00007ffd6c90e000 	C:\Windows\System32\msvcrt.dll
0x00007ffd6ad70000 - 0x00007ffd6ae7b000 	C:\Windows\System32\gdi32full.dll
0x00007ffd6b2b0000 - 0x00007ffd6b34d000 	C:\Windows\System32\msvcp_win.dll
0x00007ffd6bb10000 - 0x00007ffd6bb40000 	C:\Windows\System32\IMM32.DLL
0x00007ffd45000000 - 0x00007ffd4509b000 	D:\ProgramFile\jmonkeyplatform\jdk\bin\msvcp140.dll
0x00007ffd22e80000 - 0x00007ffd2393c000 	D:\ProgramFile\jmonkeyplatform\jdk\bin\server\jvm.dll
0x00007ffd6b6e0000 - 0x00007ffd6b78e000 	C:\Windows\System32\ADVAPI32.dll
0x00007ffd6bf90000 - 0x00007ffd6c02c000 	C:\Windows\System32\sechost.dll
0x00007ffd6c740000 - 0x00007ffd6c865000 	C:\Windows\System32\RPCRT4.dll
0x00007ffd6d500000 - 0x00007ffd6d508000 	C:\Windows\System32\PSAPI.DLL
0x00007ffd485e0000 - 0x00007ffd48607000 	C:\Windows\SYSTEM32\WINMM.dll
0x00007ffd5e800000 - 0x00007ffd5e80a000 	C:\Windows\SYSTEM32\VERSION.dll
0x00007ffd5f820000 - 0x00007ffd5f829000 	C:\Windows\SYSTEM32\WSOCK32.dll
0x00007ffd6cab0000 - 0x00007ffd6cb1b000 	C:\Windows\System32\WS2_32.dll
0x00007ffd69510000 - 0x00007ffd69522000 	C:\Windows\SYSTEM32\kernel.appcore.dll
0x00007ffd5f810000 - 0x00007ffd5f820000 	D:\ProgramFile\jmonkeyplatform\jdk\bin\verify.dll
0x00007ffd68710000 - 0x00007ffd688f4000 	C:\Windows\SYSTEM32\DBGHELP.DLL
0x00007ffd4d510000 - 0x00007ffd4d53c000 	C:\Windows\SYSTEM32\dbgcore.DLL
0x00007ffd6b350000 - 0x00007ffd6b3d2000 	C:\Windows\System32\bcryptPrimitives.dll
0x00007ffd5c490000 - 0x00007ffd5c4b8000 	D:\ProgramFile\jmonkeyplatform\jdk\bin\java.dll
0x00007ffd5e170000 - 0x00007ffd5e187000 	D:\ProgramFile\jmonkeyplatform\jdk\bin\zip.dll
0x00007ffd5e830000 - 0x00007ffd5e83a000 	D:\ProgramFile\jmonkeyplatform\jdk\bin\jimage.dll
0x00007ffd6cdb0000 - 0x00007ffd6d4f4000 	C:\Windows\System32\SHELL32.dll
0x00007ffd68d60000 - 0x00007ffd694f4000 	C:\Windows\SYSTEM32\windows.storage.dll
0x00007ffd6b7b0000 - 0x00007ffd6bb04000 	C:\Windows\System32\combase.dll
0x00007ffd6a660000 - 0x00007ffd6a68c000 	C:\Windows\SYSTEM32\Wldp.dll
0x00007ffd6c090000 - 0x00007ffd6c13d000 	C:\Windows\System32\SHCORE.dll
0x00007ffd6cc70000 - 0x00007ffd6ccc5000 	C:\Windows\System32\shlwapi.dll
0x00007ffd6abb0000 - 0x00007ffd6abcf000 	C:\Windows\SYSTEM32\profapi.dll
0x00007ffd5b310000 - 0x00007ffd5b329000 	D:\ProgramFile\jmonkeyplatform\jdk\bin\net.dll
0x00007ffd61b30000 - 0x00007ffd61c39000 	C:\Windows\SYSTEM32\WINHTTP.dll
0x00007ffd6a3c0000 - 0x00007ffd6a42a000 	C:\Windows\system32\mswsock.dll
0x00007ffd5b2f0000 - 0x00007ffd5b302000 	D:\ProgramFile\jmonkeyplatform\jdk\bin\nio.dll
0x00007ffd1b040000 - 0x00007ffd1b29d000 	D:\gameJava\BasicGame\bulletjme.dll
0x00007ffd388b0000 - 0x00007ffd38a49000 	D:\ProgramFile\jmonkeyplatform\jdk\bin\awt.dll
0x00007ffd6cba0000 - 0x00007ffd6cc6d000 	C:\Windows\System32\OLEAUT32.dll
0x00007ffd67f90000 - 0x00007ffd68020000 	C:\Windows\SYSTEM32\apphelp.dll
0x00007ffd68230000 - 0x00007ffd6825f000 	C:\Windows\system32\DWMAPI.DLL
0x00007ffd68040000 - 0x00007ffd680de000 	C:\Windows\system32\uxtheme.dll
0x00007ffd59960000 - 0x00007ffd59a86000 	C:\Windows\system32\opengl32.dll
0x00007ffd5b010000 - 0x00007ffd5b03c000 	C:\Windows\SYSTEM32\GLU32.dll
0x00007ffd6bc30000 - 0x00007ffd6bd46000 	C:\Windows\System32\MSCTF.dll
0x00007ffd6b5b0000 - 0x00007ffd6b6da000 	C:\Windows\System32\ole32.dll
0x00007ffd3dea0000 - 0x00007ffd3df22000 	D:\ProgramFile\jmonkeyplatform\jdk\bin\freetype.dll
0x00007ffd3d2d0000 - 0x00007ffd3d376000 	D:\ProgramFile\jmonkeyplatform\jdk\bin\fontmanager.dll
0x0000000180000000 - 0x0000000180064000 	D:\gameJava\BasicGame\OpenAL64.dll
0x00000156a33c0000 - 0x00000156a3413000 	D:\gameJava\BasicGame\lwjgl64.dll
0x00007ffd61520000 - 0x00007ffd615ce000 	C:\Windows\SYSTEM32\mscms.dll
0x00007ffd6ab70000 - 0x00007ffd6ab9e000 	C:\Windows\SYSTEM32\USERENV.dll
0x00007ffd61500000 - 0x00007ffd61511000 	C:\Windows\SYSTEM32\ColorAdapterClient.dll
0x00007ffd6cd00000 - 0x00007ffd6cda9000 	C:\Windows\System32\clbcatq.dll
0x00007ffd5eeb0000 - 0x00007ffd5eef3000 	C:\Windows\System32\Windows.Internal.Graphics.Display.DisplayColorManagement.dll
0x00007ffd6b3e0000 - 0x00007ffd6b42e000 	C:\Windows\System32\cfgmgr32.dll
0x00007ffd5edb0000 - 0x00007ffd5eea9000 	C:\Windows\System32\AppXDeploymentClient.dll
0x00007ffd5c930000 - 0x00007ffd5ca29000 	C:\Windows\SYSTEM32\textinputframework.dll
0x00007ffd67d50000 - 0x00007ffd67e42000 	C:\Windows\System32\CoreMessaging.dll
0x00007ffd67670000 - 0x00007ffd679ce000 	C:\Windows\System32\CoreUIComponents.dll
0x00007ffd69970000 - 0x00007ffd699a3000 	C:\Windows\SYSTEM32\ntmarta.dll
0x00007ffd665b0000 - 0x00007ffd66704000 	C:\Windows\SYSTEM32\wintypes.dll
0x00007ffd1e570000 - 0x00007ffd1f57b000 	C:\Windows\System32\DriverStore\FileRepository\iigd_dch.inf_amd64_89b1ad385fab2e0b\igxelpicd64.dll
0x00007ffd69580000 - 0x00007ffd69673000 	C:\Windows\system32\dxgi.dll
0x00007ffd4ca00000 - 0x00007ffd4ccee000 	C:\Windows\System32\DriverStore\FileRepository\iigd_dch.inf_amd64_89b1ad385fab2e0b\igdml64.dll
0x00007ffd14e60000 - 0x00007ffd15228000 	C:\Windows\System32\DriverStore\FileRepository\iigd_dch.inf_amd64_89b1ad385fab2e0b\igdgmm64.dll
0x00007ffcebaf0000 - 0x00007ffcef0d6000 	C:\Windows\System32\DriverStore\FileRepository\iigd_dch.inf_amd64_89b1ad385fab2e0b\igc64.dll
0x00007ffd6a9c0000 - 0x00007ffd6aa0b000 	C:\Windows\SYSTEM32\powrprof.dll
0x00007ffd6a9a0000 - 0x00007ffd6a9b2000 	C:\Windows\SYSTEM32\UMPDC.dll
0x00007ffd5b6b0000 - 0x00007ffd5b735000 	C:\Windows\System32\MMDevApi.dll
0x00007ffd6aa10000 - 0x00007ffd6aa43000 	C:\Windows\System32\DEVOBJ.dll
0x00007ffd55170000 - 0x00007ffd5520c000 	C:\Windows\SYSTEM32\dsound.dll
0x00007ffd53e20000 - 0x00007ffd53e46000 	C:\Windows\SYSTEM32\winmmbase.dll
0x00007ffd48e60000 - 0x00007ffd48fe2000 	C:\Windows\SYSTEM32\AUDIOSES.DLL
0x00007ffd68110000 - 0x00007ffd68124000 	C:\Windows\SYSTEM32\resourcepolicyclient.dll
0x00007ffd66e20000 - 0x00007ffd66e27000 	D:\ProgramFile\jmonkeyplatform\jdk\bin\jawt.dll

dbghelp: loaded successfully - version: 4.0.5 - missing functions: none
symbol engine: initialized successfully - sym options: 0x614 - pdb path: .;D:\ProgramFile\jmonkeyplatform\jdk\bin;C:\Windows\SYSTEM32;C:\Windows\WinSxS\amd64_microsoft.windows.common-controls_6595b64144ccf1df_6.0.19041.1110_none_60b5254171f9507e;D:\ProgramFile\jmonkeyplatform\jdk\bin\server;D:\gameJava\BasicGame;C:\Windows\System32\DriverStore\FileRepository\iigd_dch.inf_amd64_89b1ad385fab2e0b

VM Arguments:
jvm_args: -Dfile.encoding=UTF-8 
java_command: mygame.Main
java_class_path (initial): D:\ProgramFile\jmonkeyplatform\jmonkeyplatform\libs\jme3-jogg-3.3.0-stable.jar;D:\ProgramFile\jmonkeyplatform\jmonkeyplatform\libs\j-ogg-all-1.0.0.jar;D:\ProgramFile\jmonkeyplatform\jmonkeyplatform\libs\jme3-networking-3.3.0-stable.jar;D:\ProgramFile\jmonkeyplatform\jmonkeyplatform\libs\jme3-plugins-3.3.0-stable.jar;D:\ProgramFile\jmonkeyplatform\jmonkeyplatform\libs\gson-2.8.1.jar;D:\ProgramFile\jmonkeyplatform\jmonkeyplatform\libs\jme3-core-3.3.0-stable.jar;D:\ProgramFile\jmonkeyplatform\jmonkeyplatform\libs\jme3-desktop-3.3.0-stable.jar;D:\ProgramFile\jmonkeyplatform\jmonkeyplatform\libs\jme3-lwjgl-3.3.0-stable.jar;D:\ProgramFile\jmonkeyplatform\jmonkeyplatform\libs\lwjgl-2.9.3.jar;D:\ProgramFile\jmonkeyplatform\jmonkeyplatform\libs\jinput-2.0.5.jar;D:\ProgramFile\jmonkeyplatform\jmonkeyplatform\libs\jinput-platform-2.0.5-natives-linux.jar;D:\ProgramFile\jmonkeyplatform\jmonkeyplatform\libs\jinput-platform-2.0.5-natives-windows.jar;D:\ProgramFile\jmonkeyplatform\jmonkeyplatform\libs\jinput-platform-2.0.5-natives-osx.jar;D:\ProgramFile\jmonkeyplatform\jmonkeyplatform\libs\jutils-1.0.0.jar;D:\ProgramFile\jmonkeyplatform\jmonkeyplatform\libs\lwjgl-platform-2.9.3-natives-windows.jar;D:\ProgramFile\jmonkeyplatform\jmonkeyplatform\libs\lwjgl-platform-2.9.3-natives-linux.jar;D:\ProgramFile\jmonkeyplatform\jmonkeyplatform\libs\lwjgl-platform-2.9.3-natives-osx.jar;D:\ProgramFile\jmonkeyplatform\jmonkeyplatform\libs\jme3-effects-3.3.0-stable.jar;D:\ProgramFile\jmonkeyplatform\jmonkeyplatform\libs\jme3-terrain-3.3.0-stable.jar;D:\ProgramFile\jmonkeyplatform\jmonkeyplatform\libs\jme3-bullet-3.3.0-stable.jar;D:\ProgramFile\jmonkeyplatform\jmonkeyplatform\libs\jme3-bullet-native-3.3.0-stable.jar;D:\ProgramFile\jmonkeyplatform\jmonkeyplatform\libs\jme3-niftygui-3.3.0-stable.jar;D:\ProgramFile\jmonkeyplatform\jmonkeyplatform\libs\nifty-style-black-1.4.3.jar;D:\ProgramFile\jmonkeyplatform\jmonkeyplatform\libs\nifty-1.4.3.jar;D:\ProgramFile\jmonkeyplat
Launcher Type: SUN_STANDARD

[Global flags]
     intx CICompilerCount                          = 4                                         {product} {ergonomic}
     uint ConcGCThreads                            = 2                                         {product} {ergonomic}
     uint G1ConcRefinementThreads                  = 8                                         {product} {ergonomic}
   size_t G1HeapRegionSize                         = 1048576                                   {product} {ergonomic}
    uintx GCDrainStackTargetSize                   = 64                                        {product} {ergonomic}
   size_t InitialHeapSize                          = 130023424                                 {product} {ergonomic}
   size_t MarkStackSize                            = 4194304                                   {product} {ergonomic}
   size_t MaxHeapSize                              = 2067791872                                {product} {ergonomic}
   size_t MaxNewSize                               = 1240465408                                {product} {ergonomic}
   size_t MinHeapDeltaBytes                        = 1048576                                   {product} {ergonomic}
    uintx NonNMethodCodeHeapSize                   = 5836300                                {pd product} {ergonomic}
    uintx NonProfiledCodeHeapSize                  = 122910970                              {pd product} {ergonomic}
    uintx ProfiledCodeHeapSize                     = 122910970                              {pd product} {ergonomic}
    uintx ReservedCodeCacheSize                    = 251658240                              {pd product} {ergonomic}
     bool SegmentedCodeCache                       = true                                      {product} {ergonomic}
     bool UseCompressedClassPointers               = true                                 {lp64_product} {ergonomic}
     bool UseCompressedOops                        = true                                 {lp64_product} {ergonomic}
     bool UseG1GC                                  = true                                      {product} {ergonomic}
     bool UseLargePagesIndividualAllocation        = false                                  {pd product} {ergonomic}

Logging:
Log output configuration:
 #0: stdout all=warning uptime,level,tags
 #1: stderr all=off uptime,level,tags

Environment Variables:
PATH=C:\Program Files\Common Files\Oracle\Java\javapath;C:\Windows\system32;C:\Windows;C:\Windows\System32\Wbem;C:\Windows\System32\WindowsPowerShell\v1.0\;C:\Windows\System32\OpenSSH\;D:\jME3.5.1-stable;D:\jME3.5.1-stable\lib;C:\Users\beamhun\AppData\Local\Microsoft\WindowsApps;D:\jME3.5.1-stable;D:\jME3.5.1-stable\lib;
USERNAME=beamhun
OS=Windows_NT
PROCESSOR_IDENTIFIER=Intel64 Family 6 Model 140 Stepping 1, GenuineIntel



---------------  S Y S T E M  ---------------

OS: Windows 10 , 64 bit Build 19041 (10.0.19041.1566)

CPU:total 8 (initial active 8) (4 cores per cpu, 2 threads per core) family 6 model 140 stepping 1, cmov, cx8, fxsr, mmx, sse, sse2, sse3, ssse3, sse4.1, sse4.2, popcnt, avx, avx2, aes, clmul, erms, 3dnowpref, lzcnt, ht, tsc, tscinvbit, bmi1, bmi2, adx, evex, sha, fma

Memory: 4k page, system-wide physical 7885M (2343M free)
TotalPageFile size 12334M (AvailPageFile size 2598M)
current process WorkingSet (physical memory assigned to process): 539M, peak: 578M
current process commit charge ("private bytes"): 554M, peak: 600M

vm_info: OpenJDK 64-Bit Server VM (11.0.6+10) for windows-amd64 JRE (11.0.6+10), built on Jan 15 2020 06:14:58 by "" with MS VC++ 15.8 (VS2017)

END.
