#
# A fatal error has been detected by the Java Runtime Environment:
#
#  EXCEPTION_ACCESS_VIOLATION (0xc0000005) at pc=0x00007ffd1e833bcc, pid=13328, tid=19060
#
# JRE version: OpenJDK Runtime Environment (11.0.6+10) (build 11.0.6+10)
# Java VM: OpenJDK 64-Bit Server VM (11.0.6+10, mixed mode, tiered, compressed oops, g1 gc, windows-amd64)
# Problematic frame:
# C  [igxelpicd64.dll+0x2c3bcc]
#
# No core dump will be written. Minidumps are not enabled by default on client versions of Windows
#
# If you would like to submit a bug report, please visit:
#   https://github.com/AdoptOpenJDK/openjdk-support/issues
#

---------------  S U M M A R Y ------------

Command Line: -Dfile.encoding=UTF-8 mygame.Main

Host: 11th Gen Intel(R) Core(TM) i5-1135G7 @ 2.40GHz, 8 cores, 7G,  Windows 10 , 64 bit Build 19041 (10.0.19041.1566)
Time: Thu Apr 21 19:40:50 2022 SE Asia Standard Time elapsed time: 3 seconds (0d 0h 0m 3s)

---------------  T H R E A D  ---------------

Current thread (0x0000017728b92800):  VMThread "VM Thread" [stack: 0x0000005b23000000,0x0000005b23100000] [id=19060]

Stack: [0x0000005b23000000,0x0000005b23100000],  sp=0x0000005b230fe2c0,  free space=1016k
Native frames: (J=compiled Java code, j=interpreted, Vv=VM code, C=native code)
C  [igxelpicd64.dll+0x2c3bcc]


siginfo: EXCEPTION_ACCESS_VIOLATION (0xc0000005), reading address 0x0000000000035718


Register to memory mapping:

RIP=0x00007ffd1e833bcc igxelpicd64.dll
RAX=0x000001772aaad218 points into unknown readable memory: c5 f4 00 00 00 00 00 00
RBX=0x000001772aaad110 points into unknown readable memory: 30 5e f5 29 77 01 00 00
RCX=0x0 is NULL
RDX=0x0 is NULL
RSP=0x0000005b230fe2c0 points into unknown readable memory: a0 0b cd 29 77 01 00 00
RBP=0x0 is NULL
RSI=0x000001772aaad6e0 points into unknown readable memory: 20 a3 aa 2a 77 01 00 00
RDI=0x000001772ab3d4d0 points into unknown readable memory: 00 58 fe 2a 77 01 00 00
R8 =0x0000000000000014 is an unknown value
R9 =0x0 is NULL
R10=0x0 is NULL
R11=0x0 is NULL
R12=0x0 is NULL
R13=0x000001772aaaa320 points into unknown readable memory: 30 5e f5 29 77 01 00 00
R14=0x0000000000010400 is an unknown value
R15=0x0000000000000016 is an unknown value


Registers:
RAX=0x000001772aaad218, RBX=0x000001772aaad110, RCX=0x0000000000000000, RDX=0x0000000000000000
RSP=0x0000005b230fe2c0, RBP=0x0000000000000000, RSI=0x000001772aaad6e0, RDI=0x000001772ab3d4d0
R8 =0x0000000000000014, R9 =0x0000000000000000, R10=0x0000000000000000, R11=0x0000000000000000
R12=0x0000000000000000, R13=0x000001772aaaa320, R14=0x0000000000010400, R15=0x0000000000000016
RIP=0x00007ffd1e833bcc, EFLAGS=0x0000000000010206

Top of Stack: (sp=0x0000005b230fe2c0)
0x0000005b230fe2c0:   0000017729cd0ba0 00007ffd6c9a1070
0x0000005b230fe2d0:   000001772a8ec760 00007ffd6d5f0ba4
0x0000005b230fe2e0:   000001772ad473e0 000001772ad06f80
0x0000005b230fe2f0:   000001772ad473e0 00007ffd1e5c3f57
0x0000005b230fe300:   000001772ad3be20 00000000000104bc
0x0000005b230fe310:   0000000000000000 0000000000000010
0x0000005b230fe320:   0000000000000000 0000000000000000
0x0000005b230fe330:   0000005b230fe440 00007ffd1e80e02c
0x0000005b230fe340:   0000017729cd0ba0 000001772ab3d4d0
0x0000005b230fe350:   000001772ad06f00 00007ffd1e5c6400
0x0000005b230fe360:   0000005b00001534 0000b802001a0000
0x0000005b230fe370:   0000000000000000 0000000000000064
0x0000005b230fe380:   0122d3d000000000 01522ad10062fed0
0x0000005b230fe390:   011c30d300000028 0000800400001000
0x0000005b230fe3a0:   013ca3d7009ab7d6 00007ffd1e88fdff
0x0000005b230fe3b0:   014785d900000000 01c838da00d719da 

Instructions: (pc=0x00007ffd1e833bcc)
0x00007ffd1e833acc:   ec 40 45 8a e1 48 8b fa 48 8b e9 48 8b 1d b2 a2
0x00007ffd1e833adc:   c8 00 48 89 58 08 48 8b cb ff 15 25 16 82 00 90
0x00007ffd1e833aec:   4c 8b af 78 02 00 00 48 8b 05 f6 83 b8 00 44 8b
0x00007ffd1e833afc:   b8 58 0b 00 00 45 33 db 45 8a f3 4c 89 9f 78 02
0x00007ffd1e833b0c:   00 00 44 89 9f 80 02 00 00 4c 89 9f 98 02 00 00
0x00007ffd1e833b1c:   4c 89 9f 88 02 00 00 48 85 ed 75 38 8b 35 9a 7c
0x00007ffd1e833b2c:   c8 00 65 48 8b 04 25 58 00 00 00 b9 14 00 00 00
0x00007ffd1e833b3c:   48 8b 04 f0 44 38 1c 01 0f 84 ab 1f 70 00 65 48
0x00007ffd1e833b4c:   8b 04 25 58 00 00 00 bd 20 00 00 00 48 8b 04 f0
0x00007ffd1e833b5c:   48 8b 2c 28 48 3b 2d a9 a1 c8 00 45 0f 44 fb 4d
0x00007ffd1e833b6c:   85 ed 0f 84 21 01 00 00 44 8a a4 24 90 00 00 00
0x00007ffd1e833b7c:   49 8b dd 49 8d b5 d0 05 00 00 4c 8b 2e 45 84 e4
0x00007ffd1e833b8c:   0f 85 2a 03 00 00 8b 97 c8 01 00 00 48 8b 05 51
0x00007ffd1e833b9c:   83 b8 00 83 b8 78 03 00 00 02 75 31 83 fa 10 0f
0x00007ffd1e833bac:   83 17 01 00 00 48 8d 04 d5 21 00 00 00 48 03 c2
0x00007ffd1e833bbc:   48 8d 04 c3 48 85 c0 0f 85 2e 01 00 00 49 8b cb
0x00007ffd1e833bcc:   48 3b 8d 18 57 03 00 0f 87 f3 02 00 00 4c 39 9b
0x00007ffd1e833bdc:   48 06 00 00 0f 85 4f 1f 70 00 44 8b 97 c8 01 00
0x00007ffd1e833bec:   00 48 8b 87 e0 01 00 00 4c 8b 08 8b 97 c8 01 00
0x00007ffd1e833bfc:   00 83 fa 10 0f 83 03 01 00 00 48 8d 04 d5 21 00
0x00007ffd1e833c0c:   00 00 48 03 c2 48 8d 04 c3 48 85 c0 0f 85 e2 00
0x00007ffd1e833c1c:   00 00 49 8b cb 49 3b c9 0f 86 0e 01 00 00 48 8b
0x00007ffd1e833c2c:   87 78 02 00 00 48 89 06 48 89 9f 78 02 00 00 ff
0x00007ffd1e833c3c:   87 80 02 00 00 48 8b 43 08 48 8b 88 18 01 00 00
0x00007ffd1e833c4c:   48 81 e1 00 00 ff ff 48 81 c1 00 00 01 00 48 01
0x00007ffd1e833c5c:   8f 88 02 00 00 48 8b 43 08 48 8b 88 18 01 00 00
0x00007ffd1e833c6c:   48 01 8f 98 02 00 00 4d 85 ed 0f 85 00 ff ff ff
0x00007ffd1e833c7c:   45 84 f6 44 8a a4 24 98 00 00 00 0f 85 82 03 00
0x00007ffd1e833c8c:   00 48 8b 9c 24 80 00 00 00 48 8b cf 45 84 e4 0f
0x00007ffd1e833c9c:   85 8a 03 00 00 e8 8a fa ff ff 90 48 8b cb 48 8b
0x00007ffd1e833cac:   9c 24 88 00 00 00 48 83 c4 40 41 5f 41 5e 41 5d
0x00007ffd1e833cbc:   41 5c 5f 5e 5d 48 ff 25 50 14 82 00 8d 4a f0 8b 


Stack slot to memory mapping:
stack at sp + 0 slots: 0x0000017729cd0ba0 points into unknown readable memory: ff ff ff ff ff ff ff ff
stack at sp + 1 slots: 0x00007ffd6c9a1070 USER32.dll
stack at sp + 2 slots: 0x000001772a8ec760 points into unknown readable memory: 30 5e f5 29 77 01 00 00
stack at sp + 3 slots: 0x00007ffd6d5f0ba4 ntdll.dll
stack at sp + 4 slots: 0x000001772ad473e0 points into unknown readable memory: 01 00 00 00 00 00 00 00
stack at sp + 5 slots: 0x000001772ad06f80 points into unknown readable memory: c0 6b a6 2a 77 01 00 00
stack at sp + 6 slots: 0x000001772ad473e0 points into unknown readable memory: 01 00 00 00 00 00 00 00
stack at sp + 7 slots: 0x00007ffd1e5c3f57 igxelpicd64.dll

VM_Operation (0x0000005b23ffb610): Exit, mode: safepoint, requested by thread 0x000001772a7cc800


---------------  P R O C E S S  ---------------

Threads class SMR info:
_java_thread_list=0x000001772afb54c0, length=16, elements={
0x0000017728b96800, 0x0000017728b9f800, 0x0000017729533000, 0x0000017728bb3000,
0x0000017728bb5000, 0x0000017728bb9000, 0x0000017728bba000, 0x00000177296a6800,
0x00000177296ab000, 0x0000017729da3000, 0x0000017729dd9000, 0x000001772a7cc800,
0x000001772a899000, 0x0000017707ec5800, 0x0000017729c1f000, 0x000001772b69a800
}

Java Threads: ( => current thread )
  0x0000017728b96800 JavaThread "Reference Handler" daemon [_thread_blocked, id=20128, stack(0x0000005b23100000,0x0000005b23200000)]
  0x0000017728b9f800 JavaThread "Finalizer" daemon [_thread_blocked, id=4820, stack(0x0000005b23200000,0x0000005b23300000)]
  0x0000017729533000 JavaThread "Signal Dispatcher" daemon [_thread_blocked, id=5596, stack(0x0000005b23300000,0x0000005b23400000)]
  0x0000017728bb3000 JavaThread "Attach Listener" daemon [_thread_blocked, id=1168, stack(0x0000005b23400000,0x0000005b23500000)]
  0x0000017728bb5000 JavaThread "C2 CompilerThread0" daemon [_thread_blocked, id=3456, stack(0x0000005b23500000,0x0000005b23600000)]
  0x0000017728bb9000 JavaThread "C1 CompilerThread0" daemon [_thread_blocked, id=9464, stack(0x0000005b23600000,0x0000005b23700000)]
  0x0000017728bba000 JavaThread "Sweeper thread" daemon [_thread_blocked, id=8016, stack(0x0000005b23700000,0x0000005b23800000)]
  0x00000177296a6800 JavaThread "Service Thread" daemon [_thread_blocked, id=6212, stack(0x0000005b23800000,0x0000005b23900000)]
  0x00000177296ab000 JavaThread "Common-Cleaner" daemon [_thread_blocked, id=15524, stack(0x0000005b23a00000,0x0000005b23b00000)]
  0x0000017729da3000 JavaThread "Java2D Disposer" daemon [_thread_blocked, id=2216, stack(0x0000005b23c00000,0x0000005b23d00000)]
  0x0000017729dd9000 JavaThread "AWT-Shutdown" [_thread_blocked, id=540, stack(0x0000005b23d00000,0x0000005b23e00000)]
  0x000001772a7cc800 JavaThread "AWT-EventQueue-0" [_thread_blocked, id=12504, stack(0x0000005b23f00000,0x0000005b24000000)]
  0x000001772a899000 JavaThread "jME3 Main" [_thread_blocked, id=4420, stack(0x0000005b24000000,0x0000005b24100000)]
  0x0000017707ec5800 JavaThread "DestroyJavaVM" [_thread_blocked, id=18012, stack(0x0000005b22a00000,0x0000005b22b00000)]
  0x0000017729c1f000 JavaThread "jME3 Audio Decoder" daemon [_thread_blocked, id=18668, stack(0x0000005b23b00000,0x0000005b23c00000)]
  0x000001772b69a800 JavaThread "LWJGL Timer" daemon [_thread_blocked, id=7844, stack(0x0000005b25000000,0x0000005b25100000)]

Other Threads:
=>0x0000017728b92800 VMThread "VM Thread" [stack: 0x0000005b23000000,0x0000005b23100000] [id=19060]
  0x0000017707edd000 GCTaskThread "GC Thread#0" [stack: 0x0000005b22b00000,0x0000005b22c00000] [id=16624]
  0x000001772af41800 GCTaskThread "GC Thread#1" [stack: 0x0000005b24700000,0x0000005b24800000] [id=8512]
  0x000001772af42000 GCTaskThread "GC Thread#2" [stack: 0x0000005b24800000,0x0000005b24900000] [id=2364]
  0x000001772af43000 GCTaskThread "GC Thread#3" [stack: 0x0000005b24900000,0x0000005b24a00000] [id=9584]
  0x000001772af43800 GCTaskThread "GC Thread#4" [stack: 0x0000005b24a00000,0x0000005b24b00000] [id=6540]
  0x000001772af44800 GCTaskThread "GC Thread#5" [stack: 0x0000005b24b00000,0x0000005b24c00000] [id=12028]
  0x000001772af45000 GCTaskThread "GC Thread#6" [stack: 0x0000005b24c00000,0x0000005b24d00000] [id=18824]
  0x000001772af96000 GCTaskThread "GC Thread#7" [stack: 0x0000005b24d00000,0x0000005b24e00000] [id=17292]
  0x0000017707f0c000 ConcurrentGCThread "G1 Main Marker" [stack: 0x0000005b22c00000,0x0000005b22d00000] [id=14372]
  0x0000017707f0e000 ConcurrentGCThread "G1 Conc#0" [stack: 0x0000005b22d00000,0x0000005b22e00000] [id=1752]
  0x000001772b14c800 ConcurrentGCThread "G1 Conc#1" [stack: 0x0000005b24f00000,0x0000005b25000000] [id=4608]
  0x0000017707f9f800 ConcurrentGCThread "G1 Refine#0" [stack: 0x0000005b22e00000,0x0000005b22f00000] [id=18884]
  0x000001772b14b800 ConcurrentGCThread "G1 Refine#1" [stack: 0x0000005b24e00000,0x0000005b24f00000] [id=2908]
  0x0000017707fa1800 ConcurrentGCThread "G1 Young RemSet Sampling" [stack: 0x0000005b22f00000,0x0000005b23000000] [id=17232]

Threads with active compile tasks:

VM state:at safepoint (shutting down)

VM Mutex/Monitor currently owned by a thread:  ([mutex/lock_event])
[0x0000017707ec52e0] Threads_lock - owner thread: 0x0000017728b92800

Heap address: 0x0000000084c00000, size: 1972 MB, Compressed Oops mode: 32-bit
Narrow klass base: 0x0000000000000000, Narrow klass shift: 3
Compressed class space size: 1073741824 Address: 0x0000000100000000

Heap:
 garbage-first heap   total 126976K, used 108235K [0x0000000084c00000, 0x0000000100000000)
  region size 1024K, 13 young (13312K), 1 survivors (1024K)
 Metaspace       used 21642K, capacity 22151K, committed 22272K, reserved 1069056K
  class space    used 2046K, capacity 2234K, committed 2304K, reserved 1048576K
Heap Regions: E=young(eden), S=young(survivor), O=old, HS=humongous(starts), HC=humongous(continues), CS=collection set, F=free, A=archive, TAMS=top-at-mark-start (previous, next)
|   0|0x0000000084c00000, 0x0000000084d00000, 0x0000000084d00000|100%|HS|  |TAMS 0x0000000084d00000, 0x0000000084c00000| Complete 
|   1|0x0000000084d00000, 0x0000000084e00000, 0x0000000084e00000|100%|HC|  |TAMS 0x0000000084e00000, 0x0000000084d00000| Complete 
|   2|0x0000000084e00000, 0x0000000084f00000, 0x0000000084f00000|100%|HC|  |TAMS 0x0000000084f00000, 0x0000000084e00000| Complete 
|   3|0x0000000084f00000, 0x0000000085000000, 0x0000000085000000|100%|HC|  |TAMS 0x0000000085000000, 0x0000000084f00000| Complete 
|   4|0x0000000085000000, 0x0000000085100000, 0x0000000085100000|100%|HC|  |TAMS 0x0000000085100000, 0x0000000085000000| Complete 
|   5|0x0000000085100000, 0x0000000085200000, 0x0000000085200000|100%|HC|  |TAMS 0x0000000085200000, 0x0000000085100000| Complete 
|   6|0x0000000085200000, 0x0000000085300000, 0x0000000085300000|100%|HC|  |TAMS 0x0000000085300000, 0x0000000085200000| Complete 
|   7|0x0000000085300000, 0x0000000085400000, 0x0000000085400000|100%|HC|  |TAMS 0x0000000085400000, 0x0000000085300000| Complete 
|   8|0x0000000085400000, 0x0000000085500000, 0x0000000085500000|100%| O|  |TAMS 0x0000000085500000, 0x0000000085400000| Untracked 
|   9|0x0000000085500000, 0x0000000085600000, 0x0000000085600000|100%| O|  |TAMS 0x0000000085600000, 0x0000000085500000| Untracked 
|  10|0x0000000085600000, 0x0000000085700000, 0x0000000085700000|100%| O|  |TAMS 0x0000000085700000, 0x0000000085600000| Untracked 
|  11|0x0000000085700000, 0x0000000085800000, 0x0000000085800000|100%| O|  |TAMS 0x0000000085800000, 0x0000000085700000| Untracked 
|  12|0x0000000085800000, 0x0000000085863800, 0x0000000085900000| 38%| O|  |TAMS 0x0000000085863800, 0x0000000085800000| Untracked 
|  13|0x0000000085900000, 0x0000000085a00000, 0x0000000085a00000|100%|HS|  |TAMS 0x0000000085900000, 0x0000000085900000| Complete 
|  14|0x0000000085a00000, 0x0000000085b00000, 0x0000000085b00000|100%|HC|  |TAMS 0x0000000085a00000, 0x0000000085a00000| Complete 
|  15|0x0000000085b00000, 0x0000000085c00000, 0x0000000085c00000|100%|HC|  |TAMS 0x0000000085b00000, 0x0000000085b00000| Complete 
|  16|0x0000000085c00000, 0x0000000085d00000, 0x0000000085d00000|100%|HC|  |TAMS 0x0000000085c00000, 0x0000000085c00000| Complete 
|  17|0x0000000085d00000, 0x0000000085e00000, 0x0000000085e00000|100%|HC|  |TAMS 0x0000000085d00000, 0x0000000085d00000| Complete 
|  18|0x0000000085e00000, 0x0000000085f00000, 0x0000000085f00000|100%|HC|  |TAMS 0x0000000085e00000, 0x0000000085e00000| Complete 
|  19|0x0000000085f00000, 0x0000000086000000, 0x0000000086000000|100%|HC|  |TAMS 0x0000000085f00000, 0x0000000085f00000| Complete 
|  20|0x0000000086000000, 0x0000000086100000, 0x0000000086100000|100%|HC|  |TAMS 0x0000000086000000, 0x0000000086000000| Complete 
|  21|0x0000000086100000, 0x0000000086200000, 0x0000000086200000|100%|HC|  |TAMS 0x0000000086100000, 0x0000000086100000| Complete 
|  22|0x0000000086200000, 0x0000000086300000, 0x0000000086300000|100%|HC|  |TAMS 0x0000000086200000, 0x0000000086200000| Complete 
|  23|0x0000000086300000, 0x0000000086400000, 0x0000000086400000|100%|HC|  |TAMS 0x0000000086300000, 0x0000000086300000| Complete 
|  24|0x0000000086400000, 0x0000000086500000, 0x0000000086500000|100%|HC|  |TAMS 0x0000000086400000, 0x0000000086400000| Complete 
|  25|0x0000000086500000, 0x0000000086600000, 0x0000000086600000|100%|HC|  |TAMS 0x0000000086500000, 0x0000000086500000| Complete 
|  26|0x0000000086600000, 0x0000000086700000, 0x0000000086700000|100%|HC|  |TAMS 0x0000000086600000, 0x0000000086600000| Complete 
|  27|0x0000000086700000, 0x0000000086800000, 0x0000000086800000|100%|HC|  |TAMS 0x0000000086700000, 0x0000000086700000| Complete 
|  28|0x0000000086800000, 0x0000000086900000, 0x0000000086900000|100%|HC|  |TAMS 0x0000000086800000, 0x0000000086800000| Complete 
|  29|0x0000000086900000, 0x0000000086a00000, 0x0000000086a00000|100%|HC|  |TAMS 0x0000000086900000, 0x0000000086900000| Complete 
|  30|0x0000000086a00000, 0x0000000086b00000, 0x0000000086b00000|100%|HC|  |TAMS 0x0000000086a00000, 0x0000000086a00000| Complete 
|  31|0x0000000086b00000, 0x0000000086c00000, 0x0000000086c00000|100%|HC|  |TAMS 0x0000000086b00000, 0x0000000086b00000| Complete 
|  32|0x0000000086c00000, 0x0000000086d00000, 0x0000000086d00000|100%|HC|  |TAMS 0x0000000086c00000, 0x0000000086c00000| Complete 
|  33|0x0000000086d00000, 0x0000000086e00000, 0x0000000086e00000|100%|HC|  |TAMS 0x0000000086d00000, 0x0000000086d00000| Complete 
|  34|0x0000000086e00000, 0x0000000086f00000, 0x0000000086f00000|100%|HC|  |TAMS 0x0000000086e00000, 0x0000000086e00000| Complete 
|  35|0x0000000086f00000, 0x0000000087000000, 0x0000000087000000|100%|HC|  |TAMS 0x0000000086f00000, 0x0000000086f00000| Complete 
|  36|0x0000000087000000, 0x0000000087100000, 0x0000000087100000|100%|HC|  |TAMS 0x0000000087000000, 0x0000000087000000| Complete 
|  37|0x0000000087100000, 0x0000000087200000, 0x0000000087200000|100%|HC|  |TAMS 0x0000000087100000, 0x0000000087100000| Complete 
|  38|0x0000000087200000, 0x0000000087300000, 0x0000000087300000|100%|HC|  |TAMS 0x0000000087200000, 0x0000000087200000| Complete 
|  39|0x0000000087300000, 0x0000000087400000, 0x0000000087400000|100%|HC|  |TAMS 0x0000000087300000, 0x0000000087300000| Complete 
|  40|0x0000000087400000, 0x0000000087500000, 0x0000000087500000|100%|HC|  |TAMS 0x0000000087400000, 0x0000000087400000| Complete 
|  41|0x0000000087500000, 0x0000000087600000, 0x0000000087600000|100%|HC|  |TAMS 0x0000000087500000, 0x0000000087500000| Complete 
|  42|0x0000000087600000, 0x0000000087700000, 0x0000000087700000|100%|HC|  |TAMS 0x0000000087600000, 0x0000000087600000| Complete 
|  43|0x0000000087700000, 0x0000000087800000, 0x0000000087800000|100%|HC|  |TAMS 0x0000000087700000, 0x0000000087700000| Complete 
|  44|0x0000000087800000, 0x0000000087900000, 0x0000000087900000|100%|HC|  |TAMS 0x0000000087800000, 0x0000000087800000| Complete 
|  45|0x0000000087900000, 0x0000000087a00000, 0x0000000087a00000|100%|HC|  |TAMS 0x0000000087900000, 0x0000000087900000| Complete 
|  46|0x0000000087a00000, 0x0000000087b00000, 0x0000000087b00000|100%|HC|  |TAMS 0x0000000087a00000, 0x0000000087a00000| Complete 
|  47|0x0000000087b00000, 0x0000000087b00000, 0x0000000087c00000|  0%| F|  |TAMS 0x0000000087b00000, 0x0000000087b00000| Untracked 
|  48|0x0000000087c00000, 0x0000000087c00000, 0x0000000087d00000|  0%| F|  |TAMS 0x0000000087c00000, 0x0000000087c00000| Untracked 
|  49|0x0000000087d00000, 0x0000000087d00000, 0x0000000087e00000|  0%| F|  |TAMS 0x0000000087d00000, 0x0000000087d00000| Untracked 
|  50|0x0000000087e00000, 0x0000000087e00000, 0x0000000087f00000|  0%| F|  |TAMS 0x0000000087e00000, 0x0000000087e00000| Untracked 
|  51|0x0000000087f00000, 0x0000000087f00000, 0x0000000088000000|  0%| F|  |TAMS 0x0000000087f00000, 0x0000000087f00000| Untracked 
|  52|0x0000000088000000, 0x0000000088000000, 0x0000000088100000|  0%| F|  |TAMS 0x0000000088000000, 0x0000000088000000| Untracked 
|  53|0x0000000088100000, 0x0000000088100000, 0x0000000088200000|  0%| F|  |TAMS 0x0000000088100000, 0x0000000088100000| Untracked 
|  54|0x0000000088200000, 0x0000000088200000, 0x0000000088300000|  0%| F|  |TAMS 0x0000000088200000, 0x0000000088200000| Untracked 
|  55|0x0000000088300000, 0x0000000088300000, 0x0000000088400000|  0%| F|  |TAMS 0x0000000088300000, 0x0000000088300000| Untracked 
|  56|0x0000000088400000, 0x0000000088400000, 0x0000000088500000|  0%| F|  |TAMS 0x0000000088400000, 0x0000000088400000| Untracked 
|  57|0x0000000088500000, 0x0000000088500000, 0x0000000088600000|  0%| F|  |TAMS 0x0000000088500000, 0x0000000088500000| Untracked 
|  58|0x0000000088600000, 0x0000000088700000, 0x0000000088700000|100%|HS|  |TAMS 0x0000000088700000, 0x0000000088600000| Complete 
|  59|0x0000000088700000, 0x0000000088800000, 0x0000000088800000|100%|HC|  |TAMS 0x0000000088800000, 0x0000000088700000| Complete 
|  60|0x0000000088800000, 0x0000000088900000, 0x0000000088900000|100%|HC|  |TAMS 0x0000000088900000, 0x0000000088800000| Complete 
|  61|0x0000000088900000, 0x0000000088a00000, 0x0000000088a00000|100%|HC|  |TAMS 0x0000000088a00000, 0x0000000088900000| Complete 
|  62|0x0000000088a00000, 0x0000000088b00000, 0x0000000088b00000|100%|HC|  |TAMS 0x0000000088b00000, 0x0000000088a00000| Complete 
|  63|0x0000000088b00000, 0x0000000088c00000, 0x0000000088c00000|100%|HC|  |TAMS 0x0000000088c00000, 0x0000000088b00000| Complete 
|  64|0x0000000088c00000, 0x0000000088d00000, 0x0000000088d00000|100%|HC|  |TAMS 0x0000000088d00000, 0x0000000088c00000| Complete 
|  65|0x0000000088d00000, 0x0000000088e00000, 0x0000000088e00000|100%|HC|  |TAMS 0x0000000088e00000, 0x0000000088d00000| Complete 
|  66|0x0000000088e00000, 0x0000000088f00000, 0x0000000088f00000|100%|HC|  |TAMS 0x0000000088f00000, 0x0000000088e00000| Complete 
|  67|0x0000000088f00000, 0x0000000089000000, 0x0000000089000000|100%|HC|  |TAMS 0x0000000089000000, 0x0000000088f00000| Complete 
|  68|0x0000000089000000, 0x0000000089100000, 0x0000000089100000|100%|HC|  |TAMS 0x0000000089100000, 0x0000000089000000| Complete 
|  69|0x0000000089100000, 0x0000000089200000, 0x0000000089200000|100%|HC|  |TAMS 0x0000000089200000, 0x0000000089100000| Complete 
|  70|0x0000000089200000, 0x0000000089300000, 0x0000000089300000|100%|HC|  |TAMS 0x0000000089300000, 0x0000000089200000| Complete 
|  71|0x0000000089300000, 0x0000000089400000, 0x0000000089400000|100%|HC|  |TAMS 0x0000000089400000, 0x0000000089300000| Complete 
|  72|0x0000000089400000, 0x0000000089500000, 0x0000000089500000|100%|HC|  |TAMS 0x0000000089500000, 0x0000000089400000| Complete 
|  73|0x0000000089500000, 0x0000000089600000, 0x0000000089600000|100%|HC|  |TAMS 0x0000000089600000, 0x0000000089500000| Complete 
|  74|0x0000000089600000, 0x0000000089700000, 0x0000000089700000|100%|HC|  |TAMS 0x0000000089700000, 0x0000000089600000| Complete 
|  75|0x0000000089700000, 0x0000000089800000, 0x0000000089800000|100%|HC|  |TAMS 0x0000000089800000, 0x0000000089700000| Complete 
|  76|0x0000000089800000, 0x0000000089900000, 0x0000000089900000|100%|HC|  |TAMS 0x0000000089900000, 0x0000000089800000| Complete 
|  77|0x0000000089900000, 0x0000000089a00000, 0x0000000089a00000|100%|HC|  |TAMS 0x0000000089a00000, 0x0000000089900000| Complete 
|  78|0x0000000089a00000, 0x0000000089b00000, 0x0000000089b00000|100%|HC|  |TAMS 0x0000000089b00000, 0x0000000089a00000| Complete 
|  79|0x0000000089b00000, 0x0000000089c00000, 0x0000000089c00000|100%|HC|  |TAMS 0x0000000089c00000, 0x0000000089b00000| Complete 
|  80|0x0000000089c00000, 0x0000000089d00000, 0x0000000089d00000|100%|HC|  |TAMS 0x0000000089d00000, 0x0000000089c00000| Complete 
|  81|0x0000000089d00000, 0x0000000089e00000, 0x0000000089e00000|100%|HC|  |TAMS 0x0000000089e00000, 0x0000000089d00000| Complete 
|  82|0x0000000089e00000, 0x0000000089f00000, 0x0000000089f00000|100%|HC|  |TAMS 0x0000000089f00000, 0x0000000089e00000| Complete 
|  83|0x0000000089f00000, 0x000000008a000000, 0x000000008a000000|100%|HC|  |TAMS 0x000000008a000000, 0x0000000089f00000| Complete 
|  84|0x000000008a000000, 0x000000008a100000, 0x000000008a100000|100%|HC|  |TAMS 0x000000008a100000, 0x000000008a000000| Complete 
|  85|0x000000008a100000, 0x000000008a200000, 0x000000008a200000|100%|HC|  |TAMS 0x000000008a200000, 0x000000008a100000| Complete 
|  86|0x000000008a200000, 0x000000008a300000, 0x000000008a300000|100%|HC|  |TAMS 0x000000008a300000, 0x000000008a200000| Complete 
|  87|0x000000008a300000, 0x000000008a400000, 0x000000008a400000|100%|HC|  |TAMS 0x000000008a400000, 0x000000008a300000| Complete 
|  88|0x000000008a400000, 0x000000008a500000, 0x000000008a500000|100%|HC|  |TAMS 0x000000008a500000, 0x000000008a400000| Complete 
|  89|0x000000008a500000, 0x000000008a600000, 0x000000008a600000|100%|HC|  |TAMS 0x000000008a600000, 0x000000008a500000| Complete 
|  90|0x000000008a600000, 0x000000008a700000, 0x000000008a700000|100%|HC|  |TAMS 0x000000008a700000, 0x000000008a600000| Complete 
|  91|0x000000008a700000, 0x000000008a800000, 0x000000008a800000|100%|HC|  |TAMS 0x000000008a800000, 0x000000008a700000| Complete 
|  92|0x000000008a800000, 0x000000008a900000, 0x000000008a900000|100%|HC|  |TAMS 0x000000008a900000, 0x000000008a800000| Complete 
|  93|0x000000008a900000, 0x000000008aa00000, 0x000000008aa00000|100%|HC|  |TAMS 0x000000008aa00000, 0x000000008a900000| Complete 
|  94|0x000000008aa00000, 0x000000008ab00000, 0x000000008ab00000|100%|HC|  |TAMS 0x000000008ab00000, 0x000000008aa00000| Complete 
|  95|0x000000008ab00000, 0x000000008ac00000, 0x000000008ac00000|100%|HC|  |TAMS 0x000000008ac00000, 0x000000008ab00000| Complete 
|  96|0x000000008ac00000, 0x000000008ad00000, 0x000000008ad00000|100%|HC|  |TAMS 0x000000008ad00000, 0x000000008ac00000| Complete 
|  97|0x000000008ad00000, 0x000000008ae00000, 0x000000008ae00000|100%|HC|  |TAMS 0x000000008ae00000, 0x000000008ad00000| Complete 
|  98|0x000000008ae00000, 0x000000008af00000, 0x000000008af00000|100%|HC|  |TAMS 0x000000008af00000, 0x000000008ae00000| Complete 
|  99|0x000000008af00000, 0x000000008b000000, 0x000000008b000000|100%|HC|  |TAMS 0x000000008b000000, 0x000000008af00000| Complete 
| 100|0x000000008b000000, 0x000000008b100000, 0x000000008b100000|100%|HC|  |TAMS 0x000000008b100000, 0x000000008b000000| Complete 
| 101|0x000000008b100000, 0x000000008b200000, 0x000000008b200000|100%|HC|  |TAMS 0x000000008b200000, 0x000000008b100000| Complete 
| 102|0x000000008b200000, 0x000000008b300000, 0x000000008b300000|100%|HC|  |TAMS 0x000000008b300000, 0x000000008b200000| Complete 
| 103|0x000000008b300000, 0x000000008b400000, 0x000000008b400000|100%|HC|  |TAMS 0x000000008b400000, 0x000000008b300000| Complete 
| 104|0x000000008b400000, 0x000000008b500000, 0x000000008b500000|100%|HC|  |TAMS 0x000000008b500000, 0x000000008b400000| Complete 
| 105|0x000000008b500000, 0x000000008b600000, 0x000000008b600000|100%|HC|  |TAMS 0x000000008b600000, 0x000000008b500000| Complete 
| 106|0x000000008b600000, 0x000000008b600000, 0x000000008b700000|  0%| F|  |TAMS 0x000000008b600000, 0x000000008b600000| Untracked 
| 107|0x000000008b700000, 0x000000008b700000, 0x000000008b800000|  0%| F|  |TAMS 0x000000008b700000, 0x000000008b700000| Untracked 
| 108|0x000000008b800000, 0x000000008b800000, 0x000000008b900000|  0%| F|  |TAMS 0x000000008b800000, 0x000000008b800000| Untracked 
| 109|0x000000008b900000, 0x000000008b900000, 0x000000008ba00000|  0%| F|  |TAMS 0x000000008b900000, 0x000000008b900000| Untracked 
| 110|0x000000008ba00000, 0x000000008ba00000, 0x000000008bb00000|  0%| F|  |TAMS 0x000000008ba00000, 0x000000008ba00000| Untracked 
| 111|0x000000008bb00000, 0x000000008bbe4b70, 0x000000008bc00000| 89%| E|  |TAMS 0x000000008bb00000, 0x000000008bb00000| Complete 
| 112|0x000000008bc00000, 0x000000008bd00000, 0x000000008bd00000|100%| E|CS|TAMS 0x000000008bc00000, 0x000000008bc00000| Complete 
| 113|0x000000008bd00000, 0x000000008be00000, 0x000000008be00000|100%| E|CS|TAMS 0x000000008bd00000, 0x000000008bd00000| Complete 
| 114|0x000000008be00000, 0x000000008bf00000, 0x000000008bf00000|100%| E|CS|TAMS 0x000000008be00000, 0x000000008be00000| Complete 
| 115|0x000000008bf00000, 0x000000008c000000, 0x000000008c000000|100%| E|CS|TAMS 0x000000008bf00000, 0x000000008bf00000| Complete 
| 116|0x000000008c000000, 0x000000008c100000, 0x000000008c100000|100%| E|CS|TAMS 0x000000008c000000, 0x000000008c000000| Complete 
| 117|0x000000008c100000, 0x000000008c200000, 0x000000008c200000|100%| E|CS|TAMS 0x000000008c100000, 0x000000008c100000| Complete 
| 118|0x000000008c200000, 0x000000008c300000, 0x000000008c300000|100%| E|CS|TAMS 0x000000008c200000, 0x000000008c200000| Complete 
| 119|0x000000008c300000, 0x000000008c400000, 0x000000008c400000|100%| E|CS|TAMS 0x000000008c300000, 0x000000008c300000| Complete 
| 120|0x000000008c400000, 0x000000008c500000, 0x000000008c500000|100%| E|CS|TAMS 0x000000008c400000, 0x000000008c400000| Complete 
| 121|0x000000008c500000, 0x000000008c600000, 0x000000008c600000|100%| E|CS|TAMS 0x000000008c500000, 0x000000008c500000| Complete 
| 122|0x000000008c600000, 0x000000008c700000, 0x000000008c700000|100%| E|CS|TAMS 0x000000008c600000, 0x000000008c600000| Complete 
| 123|0x000000008c700000, 0x000000008c74f470, 0x000000008c800000| 30%| S|CS|TAMS 0x000000008c700000, 0x000000008c700000| Complete 

Card table byte_map: [0x0000017721b70000,0x0000017721f50000] _byte_map_base: 0x000001772174a000

Marking Bits (Prev, Next): (CMBitMap*) 0x0000017707f03540, (CMBitMap*) 0x0000017707f03508
 Prev Bits: [0x0000017724200000, 0x00000177260d0000)
 Next Bits: [0x0000017722330000, 0x0000017724200000)

Polling page: 0x0000017707fb0000

Metaspace:

Usage:
  Non-class:     19.45 MB capacity,    19.14 MB ( 98%) used,   267.68 KB (  1%) free+waste,    52.56 KB ( <1%) overhead. 
      Class:      2.18 MB capacity,     2.00 MB ( 92%) used,   161.93 KB (  7%) free+waste,    26.00 KB (  1%) overhead. 
       Both:     21.63 MB capacity,    21.14 MB ( 98%) used,   429.61 KB (  2%) free+waste,    78.56 KB ( <1%) overhead. 

Virtual space:
  Non-class space:       20.00 MB reserved,      19.50 MB ( 98%) committed 
      Class space:        1.00 GB reserved,       2.25 MB ( <1%) committed 
             Both:        1.02 GB reserved,      21.75 MB (  2%) committed 

Chunk freelists:
   Non-Class:  51.00 KB
       Class:  6.00 KB
        Both:  57.00 KB

MaxMetaspaceSize: 17179869184.00 GB
CompressedClassSpaceSize: 1.00 GB

CodeHeap 'non-profiled nmethods': size=120000Kb used=836Kb max_used=836Kb free=119163Kb
 bounds [0x00000177197f0000, 0x0000017719a60000, 0x0000017720d20000]
CodeHeap 'profiled nmethods': size=120000Kb used=3990Kb max_used=3990Kb free=116009Kb
 bounds [0x00000177122c0000, 0x00000177126b0000, 0x00000177197f0000]
CodeHeap 'non-nmethods': size=5760Kb used=1305Kb max_used=1328Kb free=4454Kb
 bounds [0x0000017711d20000, 0x0000017711f90000, 0x00000177122c0000]
 total_blobs=3660 nmethods=2165 adapters=621
 compilation: enabled
              stopped_count=0, restarted_count=0
 full_count=0

Compilation events (20 events):
Event: 3.017 Thread 0x0000017728bb9000 nmethod 2154 0x00000177126a2110 code [0x00000177126a23c0, 0x00000177126a33d0]
Event: 3.017 Thread 0x0000017728bb9000 2155       3       java.lang.invoke.VarHandleInts$FieldInstanceReadWrite::compareAndSet (24 bytes)
Event: 3.018 Thread 0x0000017728bb9000 nmethod 2155 0x00000177126a3910 code [0x00000177126a3b20, 0x00000177126a4030]
Event: 3.020 Thread 0x0000017728bb5000 nmethod 2149 0x00000177198bf590 code [0x00000177198bf760, 0x00000177198bff98]
Event: 3.020 Thread 0x0000017728bb5000 2156       4       java.nio.MappedByteBuffer::position (8 bytes)
Event: 3.020 Thread 0x0000017728bb5000 nmethod 2156 0x00000177198c0510 code [0x00000177198c06a0, 0x00000177198c0778]
Event: 3.028 Thread 0x0000017728bb5000 2158       4       com.jme3.scene.Spatial::getCullHint (34 bytes)
Event: 3.029 Thread 0x0000017728bb5000 nmethod 2158 0x00000177198c0890 code [0x00000177198c0a40, 0x00000177198c0b08]
Event: 3.061 Thread 0x0000017728bb9000 2161       3       org.lwjgl.opengl.Sync$RunningAvg::avg (37 bytes)
Event: 3.061 Thread 0x0000017728bb9000 nmethod 2161 0x00000177126a4210 code [0x00000177126a43e0, 0x00000177126a4638]
Event: 3.061 Thread 0x0000017728bb9000 2162       3       org.lwjgl.WindowsSysImplementation::getTime (4 bytes)
Event: 3.061 Thread 0x0000017728bb9000 nmethod 2162 0x00000177126a4790 code [0x00000177126a4940, 0x00000177126a4ad0]
Event: 3.061 Thread 0x0000017728bb9000 2160       3       org.lwjgl.Sys::getTime (13 bytes)
Event: 3.061 Thread 0x0000017728bb9000 nmethod 2160 0x00000177126a4b90 code [0x00000177126a4d60, 0x00000177126a4f50]
Event: 3.061 Thread 0x0000017728bb9000 2159       1       org.lwjgl.WindowsSysImplementation::getTimerResolution (4 bytes)
Event: 3.061 Thread 0x0000017728bb9000 nmethod 2159 0x00000177198c0c10 code [0x00000177198c0dc0, 0x00000177198c0ed8]
Event: 3.074 Thread 0x0000017728bb9000 2164       3       com.jme3.math.ColorRGBA::set (61 bytes)
Event: 3.075 Thread 0x0000017728bb9000 nmethod 2164 0x00000177126a5010 code [0x00000177126a51c0, 0x00000177126a53b8]
Event: 3.075 Thread 0x0000017728bb9000 2165       3       com.jme3.math.Vector4f::set (23 bytes)
Event: 3.075 Thread 0x0000017728bb9000 nmethod 2165 0x00000177126a5490 code [0x00000177126a5640, 0x00000177126a57b8]

GC Heap History (8 events):
Event: 0.785 GC heap before
{Heap before GC invocations=0 (full 0):
 garbage-first heap   total 126976K, used 31744K [0x0000000084c00000, 0x0000000100000000)
  region size 1024K, 24 young (24576K), 0 survivors (0K)
 Metaspace       used 19981K, capacity 20484K, committed 20864K, reserved 1069056K
  class space    used 1912K, capacity 2120K, committed 2176K, reserved 1048576K
}
Event: 0.794 GC heap after
{Heap after GC invocations=1 (full 0):
 garbage-first heap   total 126976K, used 12877K [0x0000000084c00000, 0x0000000100000000)
  region size 1024K, 3 young (3072K), 3 survivors (3072K)
 Metaspace       used 19981K, capacity 20484K, committed 20864K, reserved 1069056K
  class space    used 1912K, capacity 2120K, committed 2176K, reserved 1048576K
}
Event: 0.815 GC heap before
{Heap before GC invocations=1 (full 0):
 garbage-first heap   total 126976K, used 38477K [0x0000000084c00000, 0x0000000100000000)
  region size 1024K, 5 young (5120K), 3 survivors (3072K)
 Metaspace       used 20085K, capacity 20612K, committed 20864K, reserved 1069056K
  class space    used 1919K, capacity 2120K, committed 2176K, reserved 1048576K
}
Event: 0.817 GC heap after
{Heap after GC invocations=2 (full 0):
 garbage-first heap   total 126976K, used 25390K [0x0000000084c00000, 0x0000000100000000)
  region size 1024K, 4 young (4096K), 4 survivors (4096K)
 Metaspace       used 20085K, capacity 20612K, committed 20864K, reserved 1069056K
  class space    used 1919K, capacity 2120K, committed 2176K, reserved 1048576K
}
Event: 0.846 GC heap before
{Heap before GC invocations=3 (full 0):
 garbage-first heap   total 126976K, used 49966K [0x0000000084c00000, 0x0000000100000000)
  region size 1024K, 5 young (5120K), 4 survivors (4096K)
 Metaspace       used 20085K, capacity 20612K, committed 20864K, reserved 1069056K
  class space    used 1919K, capacity 2120K, committed 2176K, reserved 1048576K
}
Event: 0.848 GC heap after
{Heap after GC invocations=4 (full 0):
 garbage-first heap   total 126976K, used 37783K [0x0000000084c00000, 0x0000000100000000)
  region size 1024K, 1 young (1024K), 1 survivors (1024K)
 Metaspace       used 20085K, capacity 20612K, committed 20864K, reserved 1069056K
  class space    used 1919K, capacity 2120K, committed 2176K, reserved 1048576K
}
Event: 0.878 GC heap before
{Heap before GC invocations=5 (full 0):
 garbage-first heap   total 126976K, used 86935K [0x0000000084c00000, 0x0000000100000000)
  region size 1024K, 1 young (1024K), 1 survivors (1024K)
 Metaspace       used 20086K, capacity 20612K, committed 20864K, reserved 1069056K
  class space    used 1919K, capacity 2120K, committed 2176K, reserved 1048576K
}
Event: 0.878 GC heap after
{Heap after GC invocations=6 (full 0):
 garbage-first heap   total 126976K, used 62155K [0x0000000084c00000, 0x0000000100000000)
  region size 1024K, 1 young (1024K), 1 survivors (1024K)
 Metaspace       used 20086K, capacity 20612K, committed 20864K, reserved 1069056K
  class space    used 1919K, capacity 2120K, committed 2176K, reserved 1048576K
}

Deoptimization events (20 events):
Event: 2.160 Thread 0x000001772a899000 DEOPT PACKING pc=0x000001771983c5e8 sp=0x0000005b240fe870
Event: 2.160 Thread 0x000001772a899000 DEOPT UNPACKING pc=0x0000017711d2822f sp=0x0000005b240fe7a8 mode 2
Event: 2.235 Thread 0x000001772a899000 DEOPT PACKING pc=0x00000177125eaa5a sp=0x0000005b240fe8e0
Event: 2.235 Thread 0x000001772a899000 DEOPT UNPACKING pc=0x0000017711d4a4de sp=0x0000005b240fdd88 mode 0
Event: 2.254 Thread 0x000001772a899000 Uncommon trap: trap_request=0xffffffde fr.pc=0x000001771986e998 relative=0x0000000000000538
Event: 2.254 Thread 0x000001772a899000 Uncommon trap: reason=class_check action=maybe_recompile pc=0x000001771986e998 method=java.util.HashMap.getNode(ILjava/lang/Object;)Ljava/util/HashMap$Node; @ 126 c2
Event: 2.254 Thread 0x000001772a899000 DEOPT PACKING pc=0x000001771986e998 sp=0x0000005b240febb0
Event: 2.254 Thread 0x000001772a899000 DEOPT UNPACKING pc=0x0000017711d2822f sp=0x0000005b240feac8 mode 2
Event: 2.268 Thread 0x000001772a899000 Uncommon trap: trap_request=0xffffffde fr.pc=0x000001771986e998 relative=0x0000000000000538
Event: 2.268 Thread 0x000001772a899000 Uncommon trap: reason=class_check action=maybe_recompile pc=0x000001771986e998 method=java.util.HashMap.getNode(ILjava/lang/Object;)Ljava/util/HashMap$Node; @ 126 c2
Event: 2.268 Thread 0x000001772a899000 DEOPT PACKING pc=0x000001771986e998 sp=0x0000005b240febb0
Event: 2.268 Thread 0x000001772a899000 DEOPT UNPACKING pc=0x0000017711d2822f sp=0x0000005b240feac8 mode 2
Event: 2.282 Thread 0x000001772a899000 Uncommon trap: trap_request=0xffffffde fr.pc=0x000001771986e998 relative=0x0000000000000538
Event: 2.282 Thread 0x000001772a899000 Uncommon trap: reason=class_check action=maybe_recompile pc=0x000001771986e998 method=java.util.HashMap.getNode(ILjava/lang/Object;)Ljava/util/HashMap$Node; @ 126 c2
Event: 2.282 Thread 0x000001772a899000 DEOPT PACKING pc=0x000001771986e998 sp=0x0000005b240febb0
Event: 2.282 Thread 0x000001772a899000 DEOPT UNPACKING pc=0x0000017711d2822f sp=0x0000005b240feac8 mode 2
Event: 2.293 Thread 0x000001772a899000 Uncommon trap: trap_request=0xffffffde fr.pc=0x000001771986e998 relative=0x0000000000000538
Event: 2.293 Thread 0x000001772a899000 Uncommon trap: reason=class_check action=maybe_recompile pc=0x000001771986e998 method=java.util.HashMap.getNode(ILjava/lang/Object;)Ljava/util/HashMap$Node; @ 126 c2
Event: 2.293 Thread 0x000001772a899000 DEOPT PACKING pc=0x000001771986e998 sp=0x0000005b240febb0
Event: 2.293 Thread 0x000001772a899000 DEOPT UNPACKING pc=0x0000017711d2822f sp=0x0000005b240feac8 mode 2

Classes redefined (0 events):
No events

Internal exceptions (20 events):
Event: 0.268 Thread 0x0000017707ec5800 Exception <a 'java/lang/NoSuchMethodError'{0x000000008be895a8}: 'java.lang.Object java.lang.invoke.DirectMethodHandle$Holder.invokeStatic(java.lang.Object, java.lang.Object, java.lang.Object, java.lang.Object, java.lang.Object, java.lang.Object, java.lang
Event: 0.290 Thread 0x0000017707ec5800 Exception <a 'java/lang/NoSuchMethodError'{0x000000008bd74c10}: 'java.lang.Object java.lang.invoke.DirectMethodHandle$Holder.invokeStatic(java.lang.Object, int, java.lang.Object, java.lang.Object, java.lang.Object, java.lang.Object)'> (0x000000008bd74c10)
Event: 0.291 Thread 0x0000017707ec5800 Exception <a 'java/lang/NoSuchMethodError'{0x000000008bd7c160}: 'java.lang.Object java.lang.invoke.DirectMethodHandle$Holder.invokeStatic(java.lang.Object, int, java.lang.Object, java.lang.Object, java.lang.Object)'> (0x000000008bd7c160) thrown at [c:/cyg
Event: 0.291 Thread 0x0000017707ec5800 Exception <a 'java/lang/NoSuchMethodError'{0x000000008bd7fca8}: 'java.lang.Object java.lang.invoke.DirectMethodHandle$Holder.invokeSpecial(java.lang.Object, java.lang.Object, int, java.lang.Object, java.lang.Object, java.lang.Object)'> (0x000000008bd7fca8
Event: 0.302 Thread 0x0000017707ec5800 Exception <a 'java/lang/ClassNotFoundException'{0x000000008bc42190}: com/sun/swing/internal/plaf/metal/resources/spi/metalProvider> (0x000000008bc42190) thrown at [c:/cygwin64/tmp/openjdk-jdk11u-windows-x64-hotspot/workspace/build/src/src/hotspot/share/cl
Event: 0.303 Thread 0x0000017707ec5800 Exception <a 'java/lang/ClassNotFoundException'{0x000000008bc464a8}: com/sun/swing/internal/plaf/basic/resources/spi/basicProvider> (0x000000008bc464a8) thrown at [c:/cygwin64/tmp/openjdk-jdk11u-windows-x64-hotspot/workspace/build/src/src/hotspot/share/cl
Event: 0.324 Thread 0x0000017707ec5800 Exception <a 'java/lang/NoSuchMethodError'{0x000000008bca9ad0}: 'void java.lang.invoke.DirectMethodHandle$Holder.invokeStaticInit(java.lang.Object)'> (0x000000008bca9ad0) thrown at [c:/cygwin64/tmp/openjdk-jdk11u-windows-x64-hotspot/workspace/build/src/sr
Event: 0.343 Thread 0x0000017707ec5800 Exception <a 'java/lang/NoSuchMethodError'{0x000000008bbb8538}: 'java.lang.Object java.lang.invoke.DirectMethodHandle$Holder.invokeStatic(java.lang.Object, java.lang.Object, java.lang.Object, java.lang.Object, java.lang.Object, java.lang.Object, java.lang
Event: 0.344 Thread 0x0000017707ec5800 Exception <a 'java/lang/NoSuchMethodError'{0x000000008bbd6740}: 'java.lang.Object java.lang.invoke.DirectMethodHandle$Holder.invokeStatic(java.lang.Object, java.lang.Object, java.lang.Object, java.lang.Object, java.lang.Object, java.lang.Object, java.lang
Event: 0.344 Thread 0x0000017707ec5800 Exception <a 'java/lang/NoSuchMethodError'{0x000000008bbf56d8}: 'java.lang.Object java.lang.invoke.DirectMethodHandle$Holder.invokeStatic(java.lang.Object, java.lang.Object, java.lang.Object, java.lang.Object, java.lang.Object, java.lang.Object, java.lang
Event: 0.345 Thread 0x0000017707ec5800 Exception <a 'java/lang/NoSuchMethodError'{0x000000008ba026b8}: 'java.lang.Object java.lang.invoke.Invokers$Holder.linkToTargetMethod(java.lang.Object, int, java.lang.Object)'> (0x000000008ba026b8) thrown at [c:/cygwin64/tmp/openjdk-jdk11u-windows-x64-hot
Event: 0.553 Thread 0x000001772a899000 Exception <a 'org/lwjgl/LWJGLException'{0x000000008b6cf660}: Failed query key value> (0x000000008b6cf660) thrown at [c:/cygwin64/tmp/openjdk-jdk11u-windows-x64-hotspot/workspace/build/src/src/hotspot/share/prims/jni.cpp, line 636]
Event: 0.553 Thread 0x000001772a899000 Exception <a 'org/lwjgl/LWJGLException'{0x000000008b6cfda0}: Failed query key value> (0x000000008b6cfda0) thrown at [c:/cygwin64/tmp/openjdk-jdk11u-windows-x64-hotspot/workspace/build/src/src/hotspot/share/prims/jni.cpp, line 636]
Event: 0.567 Thread 0x000001772a899000 Exception <a 'java/lang/NoSuchMethodError'{0x000000008b538f60}: 'int java.lang.invoke.DirectMethodHandle$Holder.invokeSpecialIFC(java.lang.Object, java.lang.Object, int)'> (0x000000008b538f60) thrown at [c:/cygwin64/tmp/openjdk-jdk11u-windows-x64-hotspot/
Event: 0.630 Thread 0x000001772a899000 Exception <a 'java/security/PrivilegedActionException'{0x000000008b3cf738}> (0x000000008b3cf738) thrown at [c:/cygwin64/tmp/openjdk-jdk11u-windows-x64-hotspot/workspace/build/src/src/hotspot/share/prims/jvm.cpp, line 1297]
Event: 0.630 Thread 0x000001772a899000 Exception <a 'java/security/PrivilegedActionException'{0x000000008b3d1ee8}> (0x000000008b3d1ee8) thrown at [c:/cygwin64/tmp/openjdk-jdk11u-windows-x64-hotspot/workspace/build/src/src/hotspot/share/prims/jvm.cpp, line 1297]
Event: 0.630 Thread 0x000001772a899000 Exception <a 'java/security/PrivilegedActionException'{0x000000008b3d2ea0}> (0x000000008b3d2ea0) thrown at [c:/cygwin64/tmp/openjdk-jdk11u-windows-x64-hotspot/workspace/build/src/src/hotspot/share/prims/jvm.cpp, line 1297]
Event: 0.630 Thread 0x000001772a899000 Exception <a 'java/security/PrivilegedActionException'{0x000000008b3d8510}> (0x000000008b3d8510) thrown at [c:/cygwin64/tmp/openjdk-jdk11u-windows-x64-hotspot/workspace/build/src/src/hotspot/share/prims/jvm.cpp, line 1297]
Event: 0.630 Thread 0x000001772a899000 Exception <a 'java/security/PrivilegedActionException'{0x000000008b3d90d0}> (0x000000008b3d90d0) thrown at [c:/cygwin64/tmp/openjdk-jdk11u-windows-x64-hotspot/workspace/build/src/src/hotspot/share/prims/jvm.cpp, line 1297]
Event: 0.630 Thread 0x000001772a899000 Exception <a 'java/security/PrivilegedActionException'{0x000000008b3d9c50}> (0x000000008b3d9c50) thrown at [c:/cygwin64/tmp/openjdk-jdk11u-windows-x64-hotspot/workspace/build/src/src/hotspot/share/prims/jvm.cpp, line 1297]

Events (20 events):
Event: 2.998 Loaded shared library D:\gameJava\BasicGame\lwjgl64.dll
Event: 2.999 Loaded shared library D:\gameJava\BasicGame\lwjgl64.dll
Event: 3.000 Loaded shared library D:\gameJava\BasicGame\lwjgl64.dll
Event: 3.006 Thread 0x000001772b289800 Thread exited: 0x000001772b289800
Event: 3.011 loading class org/lwjgl/opengl/Sync
Event: 3.011 loading class org/lwjgl/opengl/Sync done
Event: 3.011 loading class org/lwjgl/opengl/Sync$RunningAvg
Event: 3.011 loading class org/lwjgl/opengl/Sync$RunningAvg done
Event: 3.012 loading class org/lwjgl/opengl/Sync$1
Event: 3.012 loading class org/lwjgl/opengl/Sync$1 done
Event: 3.012 Thread 0x000001772b69a800 Thread added: 0x000001772b69a800
Event: 3.022 Executing VM operation: RevokeBias
Event: 3.022 Executing VM operation: RevokeBias done
Event: 3.022 Thread 0x0000017729bf6000 Thread exited: 0x0000017729bf6000
Event: 3.062 Loaded shared library D:\gameJava\BasicGame\lwjgl64.dll
Event: 3.062 Loaded shared library D:\gameJava\BasicGame\lwjgl64.dll
Event: 3.063 Loaded shared library D:\gameJava\BasicGame\lwjgl64.dll
Event: 3.063 Loaded shared library D:\gameJava\BasicGame\lwjgl64.dll
Event: 3.093 Thread 0x000001772b578000 Thread exited: 0x000001772b578000
Event: 3.094 Executing VM operation: Exit


Dynamic libraries:
0x00007ff612410000 - 0x00007ff61241d000 	D:\ProgramFile\jmonkeyplatform\jdk\bin\java.exe
0x00007ffd6d550000 - 0x00007ffd6d745000 	C:\Windows\SYSTEM32\ntdll.dll
0x00007ffd6c1a0000 - 0x00007ffd6c25e000 	C:\Windows\System32\KERNEL32.DLL
0x00007ffd6afe0000 - 0x00007ffd6b2a8000 	C:\Windows\System32\KERNELBASE.dll
0x00007ffd6ac70000 - 0x00007ffd6ad70000 	C:\Windows\System32\ucrtbase.dll
0x00007ffd5fda0000 - 0x00007ffd5fdb6000 	D:\ProgramFile\jmonkeyplatform\jdk\bin\VCRUNTIME140.dll
0x00007ffd5fb80000 - 0x00007ffd5fb97000 	D:\ProgramFile\jmonkeyplatform\jdk\bin\jli.dll
0x00007ffd6c910000 - 0x00007ffd6cab0000 	C:\Windows\System32\USER32.dll
0x00007ffd4ebe0000 - 0x00007ffd4ee7a000 	C:\Windows\WinSxS\amd64_microsoft.windows.common-controls_6595b64144ccf1df_6.0.19041.1110_none_60b5254171f9507e\COMCTL32.dll
0x00007ffd6b580000 - 0x00007ffd6b5a2000 	C:\Windows\System32\win32u.dll
0x00007ffd6c870000 - 0x00007ffd6c90e000 	C:\Windows\System32\msvcrt.dll
0x00007ffd6ccd0000 - 0x00007ffd6ccfb000 	C:\Windows\System32\GDI32.dll
0x00007ffd6ad70000 - 0x00007ffd6ae7b000 	C:\Windows\System32\gdi32full.dll
0x00007ffd6b2b0000 - 0x00007ffd6b34d000 	C:\Windows\System32\msvcp_win.dll
0x00007ffd6bb10000 - 0x00007ffd6bb40000 	C:\Windows\System32\IMM32.DLL
0x00007ffd45000000 - 0x00007ffd4509b000 	D:\ProgramFile\jmonkeyplatform\jdk\bin\msvcp140.dll
0x00007ffd22e80000 - 0x00007ffd2393c000 	D:\ProgramFile\jmonkeyplatform\jdk\bin\server\jvm.dll
0x00007ffd6b6e0000 - 0x00007ffd6b78e000 	C:\Windows\System32\ADVAPI32.dll
0x00007ffd6bf90000 - 0x00007ffd6c02c000 	C:\Windows\System32\sechost.dll
0x00007ffd6c740000 - 0x00007ffd6c865000 	C:\Windows\System32\RPCRT4.dll
0x00007ffd6d500000 - 0x00007ffd6d508000 	C:\Windows\System32\PSAPI.DLL
0x00007ffd5f820000 - 0x00007ffd5f829000 	C:\Windows\SYSTEM32\WSOCK32.dll
0x00007ffd6cab0000 - 0x00007ffd6cb1b000 	C:\Windows\System32\WS2_32.dll
0x00007ffd485e0000 - 0x00007ffd48607000 	C:\Windows\SYSTEM32\WINMM.dll
0x00007ffd5e800000 - 0x00007ffd5e80a000 	C:\Windows\SYSTEM32\VERSION.dll
0x00007ffd69510000 - 0x00007ffd69522000 	C:\Windows\SYSTEM32\kernel.appcore.dll
0x00007ffd5f810000 - 0x00007ffd5f820000 	D:\ProgramFile\jmonkeyplatform\jdk\bin\verify.dll
0x00007ffd68710000 - 0x00007ffd688f4000 	C:\Windows\SYSTEM32\DBGHELP.DLL
0x00007ffd4d510000 - 0x00007ffd4d53c000 	C:\Windows\SYSTEM32\dbgcore.DLL
0x00007ffd6b350000 - 0x00007ffd6b3d2000 	C:\Windows\System32\bcryptPrimitives.dll
0x00007ffd5c490000 - 0x00007ffd5c4b8000 	D:\ProgramFile\jmonkeyplatform\jdk\bin\java.dll
0x00007ffd5e170000 - 0x00007ffd5e187000 	D:\ProgramFile\jmonkeyplatform\jdk\bin\zip.dll
0x00007ffd5e830000 - 0x00007ffd5e83a000 	D:\ProgramFile\jmonkeyplatform\jdk\bin\jimage.dll
0x00007ffd6cdb0000 - 0x00007ffd6d4f4000 	C:\Windows\System32\SHELL32.dll
0x00007ffd68d60000 - 0x00007ffd694f4000 	C:\Windows\SYSTEM32\windows.storage.dll
0x00007ffd6b7b0000 - 0x00007ffd6bb04000 	C:\Windows\System32\combase.dll
0x00007ffd6a660000 - 0x00007ffd6a68c000 	C:\Windows\SYSTEM32\Wldp.dll
0x00007ffd6c090000 - 0x00007ffd6c13d000 	C:\Windows\System32\SHCORE.dll
0x00007ffd6cc70000 - 0x00007ffd6ccc5000 	C:\Windows\System32\shlwapi.dll
0x00007ffd6abb0000 - 0x00007ffd6abcf000 	C:\Windows\SYSTEM32\profapi.dll
0x00007ffd5b310000 - 0x00007ffd5b329000 	D:\ProgramFile\jmonkeyplatform\jdk\bin\net.dll
0x00007ffd61b30000 - 0x00007ffd61c39000 	C:\Windows\SYSTEM32\WINHTTP.dll
0x00007ffd6a3c0000 - 0x00007ffd6a42a000 	C:\Windows\system32\mswsock.dll
0x00007ffd5b2f0000 - 0x00007ffd5b302000 	D:\ProgramFile\jmonkeyplatform\jdk\bin\nio.dll
0x00007ffd1b040000 - 0x00007ffd1b29d000 	D:\gameJava\BasicGame\bulletjme.dll
0x00007ffd388b0000 - 0x00007ffd38a49000 	D:\ProgramFile\jmonkeyplatform\jdk\bin\awt.dll
0x00007ffd6cba0000 - 0x00007ffd6cc6d000 	C:\Windows\System32\OLEAUT32.dll
0x00007ffd67f90000 - 0x00007ffd68020000 	C:\Windows\SYSTEM32\apphelp.dll
0x00007ffd68230000 - 0x00007ffd6825f000 	C:\Windows\system32\DWMAPI.DLL
0x00007ffd68040000 - 0x00007ffd680de000 	C:\Windows\system32\uxtheme.dll
0x00007ffd59960000 - 0x00007ffd59a86000 	C:\Windows\system32\opengl32.dll
0x00007ffd5b010000 - 0x00007ffd5b03c000 	C:\Windows\SYSTEM32\GLU32.dll
0x00007ffd6bc30000 - 0x00007ffd6bd46000 	C:\Windows\System32\MSCTF.dll
0x00007ffd6b5b0000 - 0x00007ffd6b6da000 	C:\Windows\System32\ole32.dll
0x00007ffd3dea0000 - 0x00007ffd3df22000 	D:\ProgramFile\jmonkeyplatform\jdk\bin\freetype.dll
0x00007ffd3d2d0000 - 0x00007ffd3d376000 	D:\ProgramFile\jmonkeyplatform\jdk\bin\fontmanager.dll
0x0000000180000000 - 0x0000000180064000 	D:\gameJava\BasicGame\OpenAL64.dll
0x00007ffd5c930000 - 0x00007ffd5ca29000 	C:\Windows\SYSTEM32\textinputframework.dll
0x00007ffd67d50000 - 0x00007ffd67e42000 	C:\Windows\System32\CoreMessaging.dll
0x00007ffd67670000 - 0x00007ffd679ce000 	C:\Windows\System32\CoreUIComponents.dll
0x00007ffd69970000 - 0x00007ffd699a3000 	C:\Windows\SYSTEM32\ntmarta.dll
0x00007ffd665b0000 - 0x00007ffd66704000 	C:\Windows\SYSTEM32\wintypes.dll
0x000001772c660000 - 0x000001772c6b3000 	D:\gameJava\BasicGame\lwjgl64.dll
0x00007ffd61520000 - 0x00007ffd615ce000 	C:\Windows\SYSTEM32\mscms.dll
0x00007ffd61500000 - 0x00007ffd61511000 	C:\Windows\SYSTEM32\ColorAdapterClient.dll
0x00007ffd6ab70000 - 0x00007ffd6ab9e000 	C:\Windows\SYSTEM32\USERENV.dll
0x00007ffd6cd00000 - 0x00007ffd6cda9000 	C:\Windows\System32\clbcatq.dll
0x00007ffd5eeb0000 - 0x00007ffd5eef3000 	C:\Windows\System32\Windows.Internal.Graphics.Display.DisplayColorManagement.dll
0x00007ffd6b3e0000 - 0x00007ffd6b42e000 	C:\Windows\System32\cfgmgr32.dll
0x00007ffd5edb0000 - 0x00007ffd5eea9000 	C:\Windows\System32\AppXDeploymentClient.dll
0x00007ffd1e570000 - 0x00007ffd1f57b000 	C:\Windows\System32\DriverStore\FileRepository\iigd_dch.inf_amd64_89b1ad385fab2e0b\igxelpicd64.dll
0x00007ffd69580000 - 0x00007ffd69673000 	C:\Windows\system32\dxgi.dll
0x00007ffd4ca00000 - 0x00007ffd4ccee000 	C:\Windows\System32\DriverStore\FileRepository\iigd_dch.inf_amd64_89b1ad385fab2e0b\igdml64.dll
0x00007ffd14e60000 - 0x00007ffd15228000 	C:\Windows\System32\DriverStore\FileRepository\iigd_dch.inf_amd64_89b1ad385fab2e0b\igdgmm64.dll
0x00007ffcebaf0000 - 0x00007ffcef0d6000 	C:\Windows\System32\DriverStore\FileRepository\iigd_dch.inf_amd64_89b1ad385fab2e0b\igc64.dll
0x00007ffd6a9c0000 - 0x00007ffd6aa0b000 	C:\Windows\SYSTEM32\powrprof.dll
0x00007ffd6a9a0000 - 0x00007ffd6a9b2000 	C:\Windows\SYSTEM32\UMPDC.dll
0x00007ffd5b6b0000 - 0x00007ffd5b735000 	C:\Windows\System32\MMDevApi.dll
0x00007ffd6aa10000 - 0x00007ffd6aa43000 	C:\Windows\System32\DEVOBJ.dll
0x00007ffd55170000 - 0x00007ffd5520c000 	C:\Windows\SYSTEM32\dsound.dll
0x00007ffd53e20000 - 0x00007ffd53e46000 	C:\Windows\SYSTEM32\winmmbase.dll
0x00007ffd48e60000 - 0x00007ffd48fe2000 	C:\Windows\SYSTEM32\AUDIOSES.DLL
0x00007ffd68110000 - 0x00007ffd68124000 	C:\Windows\SYSTEM32\resourcepolicyclient.dll
0x00007ffd66e20000 - 0x00007ffd66e27000 	D:\ProgramFile\jmonkeyplatform\jdk\bin\jawt.dll

dbghelp: loaded successfully - version: 4.0.5 - missing functions: none
symbol engine: initialized successfully - sym options: 0x614 - pdb path: .;D:\ProgramFile\jmonkeyplatform\jdk\bin;C:\Windows\SYSTEM32;C:\Windows\WinSxS\amd64_microsoft.windows.common-controls_6595b64144ccf1df_6.0.19041.1110_none_60b5254171f9507e;D:\ProgramFile\jmonkeyplatform\jdk\bin\server;D:\gameJava\BasicGame;C:\Windows\System32\DriverStore\FileRepository\iigd_dch.inf_amd64_89b1ad385fab2e0b

VM Arguments:
jvm_args: -Dfile.encoding=UTF-8 
java_command: mygame.Main
java_class_path (initial): D:\ProgramFile\jmonkeyplatform\jmonkeyplatform\libs\jme3-jogg-3.3.0-stable.jar;D:\ProgramFile\jmonkeyplatform\jmonkeyplatform\libs\j-ogg-all-1.0.0.jar;D:\ProgramFile\jmonkeyplatform\jmonkeyplatform\libs\jme3-networking-3.3.0-stable.jar;D:\ProgramFile\jmonkeyplatform\jmonkeyplatform\libs\jme3-plugins-3.3.0-stable.jar;D:\ProgramFile\jmonkeyplatform\jmonkeyplatform\libs\gson-2.8.1.jar;D:\ProgramFile\jmonkeyplatform\jmonkeyplatform\libs\jme3-core-3.3.0-stable.jar;D:\ProgramFile\jmonkeyplatform\jmonkeyplatform\libs\jme3-desktop-3.3.0-stable.jar;D:\ProgramFile\jmonkeyplatform\jmonkeyplatform\libs\jme3-lwjgl-3.3.0-stable.jar;D:\ProgramFile\jmonkeyplatform\jmonkeyplatform\libs\lwjgl-2.9.3.jar;D:\ProgramFile\jmonkeyplatform\jmonkeyplatform\libs\jinput-2.0.5.jar;D:\ProgramFile\jmonkeyplatform\jmonkeyplatform\libs\jinput-platform-2.0.5-natives-linux.jar;D:\ProgramFile\jmonkeyplatform\jmonkeyplatform\libs\jinput-platform-2.0.5-natives-windows.jar;D:\ProgramFile\jmonkeyplatform\jmonkeyplatform\libs\jinput-platform-2.0.5-natives-osx.jar;D:\ProgramFile\jmonkeyplatform\jmonkeyplatform\libs\jutils-1.0.0.jar;D:\ProgramFile\jmonkeyplatform\jmonkeyplatform\libs\lwjgl-platform-2.9.3-natives-windows.jar;D:\ProgramFile\jmonkeyplatform\jmonkeyplatform\libs\lwjgl-platform-2.9.3-natives-linux.jar;D:\ProgramFile\jmonkeyplatform\jmonkeyplatform\libs\lwjgl-platform-2.9.3-natives-osx.jar;D:\ProgramFile\jmonkeyplatform\jmonkeyplatform\libs\jme3-effects-3.3.0-stable.jar;D:\ProgramFile\jmonkeyplatform\jmonkeyplatform\libs\jme3-terrain-3.3.0-stable.jar;D:\ProgramFile\jmonkeyplatform\jmonkeyplatform\libs\jme3-bullet-3.3.0-stable.jar;D:\ProgramFile\jmonkeyplatform\jmonkeyplatform\libs\jme3-bullet-native-3.3.0-stable.jar;D:\ProgramFile\jmonkeyplatform\jmonkeyplatform\libs\jme3-niftygui-3.3.0-stable.jar;D:\ProgramFile\jmonkeyplatform\jmonkeyplatform\libs\nifty-style-black-1.4.3.jar;D:\ProgramFile\jmonkeyplatform\jmonkeyplatform\libs\nifty-1.4.3.jar;D:\ProgramFile\jmonkeyplat
Launcher Type: SUN_STANDARD

[Global flags]
     intx CICompilerCount                          = 4                                         {product} {ergonomic}
     uint ConcGCThreads                            = 2                                         {product} {ergonomic}
     uint G1ConcRefinementThreads                  = 8                                         {product} {ergonomic}
   size_t G1HeapRegionSize                         = 1048576                                   {product} {ergonomic}
    uintx GCDrainStackTargetSize                   = 64                                        {product} {ergonomic}
   size_t InitialHeapSize                          = 130023424                                 {product} {ergonomic}
   size_t MarkStackSize                            = 4194304                                   {product} {ergonomic}
   size_t MaxHeapSize                              = 2067791872                                {product} {ergonomic}
   size_t MaxNewSize                               = 1240465408                                {product} {ergonomic}
   size_t MinHeapDeltaBytes                        = 1048576                                   {product} {ergonomic}
    uintx NonNMethodCodeHeapSize                   = 5836300                                {pd product} {ergonomic}
    uintx NonProfiledCodeHeapSize                  = 122910970                              {pd product} {ergonomic}
    uintx ProfiledCodeHeapSize                     = 122910970                              {pd product} {ergonomic}
    uintx ReservedCodeCacheSize                    = 251658240                              {pd product} {ergonomic}
     bool SegmentedCodeCache                       = true                                      {product} {ergonomic}
     bool UseCompressedClassPointers               = true                                 {lp64_product} {ergonomic}
     bool UseCompressedOops                        = true                                 {lp64_product} {ergonomic}
     bool UseG1GC                                  = true                                      {product} {ergonomic}
     bool UseLargePagesIndividualAllocation        = false                                  {pd product} {ergonomic}

Logging:
Log output configuration:
 #0: stdout all=warning uptime,level,tags
 #1: stderr all=off uptime,level,tags

Environment Variables:
PATH=C:\Program Files\Common Files\Oracle\Java\javapath;C:\Windows\system32;C:\Windows;C:\Windows\System32\Wbem;C:\Windows\System32\WindowsPowerShell\v1.0\;C:\Windows\System32\OpenSSH\;D:\jME3.5.1-stable;D:\jME3.5.1-stable\lib;C:\Users\beamhun\AppData\Local\Microsoft\WindowsApps;D:\jME3.5.1-stable;D:\jME3.5.1-stable\lib;
USERNAME=beamhun
OS=Windows_NT
PROCESSOR_IDENTIFIER=Intel64 Family 6 Model 140 Stepping 1, GenuineIntel



---------------  S Y S T E M  ---------------

OS: Windows 10 , 64 bit Build 19041 (10.0.19041.1566)

CPU:total 8 (initial active 8) (4 cores per cpu, 2 threads per core) family 6 model 140 stepping 1, cmov, cx8, fxsr, mmx, sse, sse2, sse3, ssse3, sse4.1, sse4.2, popcnt, avx, avx2, aes, clmul, erms, 3dnowpref, lzcnt, ht, tsc, tscinvbit, bmi1, bmi2, adx, evex, sha, fma

Memory: 4k page, system-wide physical 7885M (1207M free)
TotalPageFile size 12334M (AvailPageFile size 3156M)
current process WorkingSet (physical memory assigned to process): 547M, peak: 555M
current process commit charge ("private bytes"): 519M, peak: 520M

vm_info: OpenJDK 64-Bit Server VM (11.0.6+10) for windows-amd64 JRE (11.0.6+10), built on Jan 15 2020 06:14:58 by "" with MS VC++ 15.8 (VS2017)

END.
