#
# A fatal error has been detected by the Java Runtime Environment:
#
#  EXCEPTION_ACCESS_VIOLATION (0xc0000005) at pc=0x00007ffd1e833bcc, pid=15972, tid=15384
#
# JRE version: OpenJDK Runtime Environment (11.0.6+10) (build 11.0.6+10)
# Java VM: OpenJDK 64-Bit Server VM (11.0.6+10, mixed mode, tiered, compressed oops, g1 gc, windows-amd64)
# Problematic frame:
# C  [igxelpicd64.dll+0x2c3bcc]
#
# No core dump will be written. Minidumps are not enabled by default on client versions of Windows
#
# If you would like to submit a bug report, please visit:
#   https://github.com/AdoptOpenJDK/openjdk-support/issues
#

---------------  S U M M A R Y ------------

Command Line: -Dfile.encoding=UTF-8 mygame.Main

Host: 11th Gen Intel(R) Core(TM) i5-1135G7 @ 2.40GHz, 8 cores, 7G,  Windows 10 , 64 bit Build 19041 (10.0.19041.1566)
Time: Thu Apr 21 19:51:13 2022 SE Asia Standard Time elapsed time: 68 seconds (0d 0h 1m 8s)

---------------  T H R E A D  ---------------

Current thread (0x000002ce377f2800):  VMThread "VM Thread" [stack: 0x000000daec200000,0x000000daec300000] [id=15384]

Stack: [0x000000daec200000,0x000000daec300000],  sp=0x000000daec2fe290,  free space=1016k
Native frames: (J=compiled Java code, j=interpreted, Vv=VM code, C=native code)
C  [igxelpicd64.dll+0x2c3bcc]


siginfo: EXCEPTION_ACCESS_VIOLATION (0xc0000005), reading address 0x0000000000035718


Register to memory mapping:

RIP=0x00007ffd1e833bcc igxelpicd64.dll
RAX=0x000002ce395271b8 points into unknown readable memory: e6 03 a4 00 00 00 00 00
RBX=0x000002ce395270b0 points into unknown readable memory: c0 2e a2 38 ce 02 00 00
RCX=0x0 is NULL
RDX=0x0 is NULL
RSP=0x000000daec2fe290 points into unknown readable memory: d0 a8 b2 38 ce 02 00 00
RBP=0x0 is NULL
RSI=0x000002ce39527680 points into unknown readable memory: 80 5d 10 38 ce 02 00 00
RDI=0x000002ce39e90140 points into unknown readable memory: 00 d7 ac 39 ce 02 00 00
R8 =0x0000000000000014 is an unknown value
R9 =0x0 is NULL
R10=0x0 is NULL
R11=0x0 is NULL
R12=0x0 is NULL
R13=0x000002ce38105d80 points into unknown readable memory: c0 2e a2 38 ce 02 00 00
R14=0x0000000000a41300 is an unknown value
R15=0x0000000000000016 is an unknown value


Registers:
RAX=0x000002ce395271b8, RBX=0x000002ce395270b0, RCX=0x0000000000000000, RDX=0x0000000000000000
RSP=0x000000daec2fe290, RBP=0x0000000000000000, RSI=0x000002ce39527680, RDI=0x000002ce39e90140
R8 =0x0000000000000014, R9 =0x0000000000000000, R10=0x0000000000000000, R11=0x0000000000000000
R12=0x0000000000000000, R13=0x000002ce38105d80, R14=0x0000000000a41300, R15=0x0000000000000016
RIP=0x00007ffd1e833bcc, EFLAGS=0x0000000000010206

Top of Stack: (sp=0x000000daec2fe290)
0x000000daec2fe290:   000002ce38b2a8d0 00007ffd6c9a1070
0x000000daec2fe2a0:   000002ce39528af0 00007ffd6d5f0ba4
0x000000daec2fe2b0:   000002ce397b7160 000002ce39776d00
0x000000daec2fe2c0:   000002ce397b7160 00007ffd1e5c3f57
0x000000daec2fe2d0:   000002ce397abba0 0000000000a413dd
0x000000daec2fe2e0:   0000000000000000 0000000000000010
0x000000daec2fe2f0:   0000000000000000 0000000000000000
0x000000daec2fe300:   000000daec2fe410 00007ffd1e80e02c
0x000000daec2fe310:   000002ce38b2a8d0 000002ce39e90140
0x000000daec2fe320:   000002ce39776d00 00007ffd1e5c6400
0x000000daec2fe330:   000000da00001534 0000b802001a0000
0x000000daec2fe340:   0000000000000000 0000000000000064
0x000000daec2fe350:   0105c0c500000000 014117ca00cad7c9
0x000000daec2fe360:   0101c1cc00000028 0000800400001000
0x000000daec2fe370:   0062fed00122d3d0 00007ffd1e88fdff
0x000000daec2fe380:   014b83d300000000 009ab7d600fb8ed6 

Instructions: (pc=0x00007ffd1e833bcc)
0x00007ffd1e833acc:   ec 40 45 8a e1 48 8b fa 48 8b e9 48 8b 1d b2 a2
0x00007ffd1e833adc:   c8 00 48 89 58 08 48 8b cb ff 15 25 16 82 00 90
0x00007ffd1e833aec:   4c 8b af 78 02 00 00 48 8b 05 f6 83 b8 00 44 8b
0x00007ffd1e833afc:   b8 58 0b 00 00 45 33 db 45 8a f3 4c 89 9f 78 02
0x00007ffd1e833b0c:   00 00 44 89 9f 80 02 00 00 4c 89 9f 98 02 00 00
0x00007ffd1e833b1c:   4c 89 9f 88 02 00 00 48 85 ed 75 38 8b 35 9a 7c
0x00007ffd1e833b2c:   c8 00 65 48 8b 04 25 58 00 00 00 b9 14 00 00 00
0x00007ffd1e833b3c:   48 8b 04 f0 44 38 1c 01 0f 84 ab 1f 70 00 65 48
0x00007ffd1e833b4c:   8b 04 25 58 00 00 00 bd 20 00 00 00 48 8b 04 f0
0x00007ffd1e833b5c:   48 8b 2c 28 48 3b 2d a9 a1 c8 00 45 0f 44 fb 4d
0x00007ffd1e833b6c:   85 ed 0f 84 21 01 00 00 44 8a a4 24 90 00 00 00
0x00007ffd1e833b7c:   49 8b dd 49 8d b5 d0 05 00 00 4c 8b 2e 45 84 e4
0x00007ffd1e833b8c:   0f 85 2a 03 00 00 8b 97 c8 01 00 00 48 8b 05 51
0x00007ffd1e833b9c:   83 b8 00 83 b8 78 03 00 00 02 75 31 83 fa 10 0f
0x00007ffd1e833bac:   83 17 01 00 00 48 8d 04 d5 21 00 00 00 48 03 c2
0x00007ffd1e833bbc:   48 8d 04 c3 48 85 c0 0f 85 2e 01 00 00 49 8b cb
0x00007ffd1e833bcc:   48 3b 8d 18 57 03 00 0f 87 f3 02 00 00 4c 39 9b
0x00007ffd1e833bdc:   48 06 00 00 0f 85 4f 1f 70 00 44 8b 97 c8 01 00
0x00007ffd1e833bec:   00 48 8b 87 e0 01 00 00 4c 8b 08 8b 97 c8 01 00
0x00007ffd1e833bfc:   00 83 fa 10 0f 83 03 01 00 00 48 8d 04 d5 21 00
0x00007ffd1e833c0c:   00 00 48 03 c2 48 8d 04 c3 48 85 c0 0f 85 e2 00
0x00007ffd1e833c1c:   00 00 49 8b cb 49 3b c9 0f 86 0e 01 00 00 48 8b
0x00007ffd1e833c2c:   87 78 02 00 00 48 89 06 48 89 9f 78 02 00 00 ff
0x00007ffd1e833c3c:   87 80 02 00 00 48 8b 43 08 48 8b 88 18 01 00 00
0x00007ffd1e833c4c:   48 81 e1 00 00 ff ff 48 81 c1 00 00 01 00 48 01
0x00007ffd1e833c5c:   8f 88 02 00 00 48 8b 43 08 48 8b 88 18 01 00 00
0x00007ffd1e833c6c:   48 01 8f 98 02 00 00 4d 85 ed 0f 85 00 ff ff ff
0x00007ffd1e833c7c:   45 84 f6 44 8a a4 24 98 00 00 00 0f 85 82 03 00
0x00007ffd1e833c8c:   00 48 8b 9c 24 80 00 00 00 48 8b cf 45 84 e4 0f
0x00007ffd1e833c9c:   85 8a 03 00 00 e8 8a fa ff ff 90 48 8b cb 48 8b
0x00007ffd1e833cac:   9c 24 88 00 00 00 48 83 c4 40 41 5f 41 5e 41 5d
0x00007ffd1e833cbc:   41 5c 5f 5e 5d 48 ff 25 50 14 82 00 8d 4a f0 8b 


Stack slot to memory mapping:
stack at sp + 0 slots: 0x000002ce38b2a8d0 points into unknown readable memory: ff ff ff ff ff ff ff ff
stack at sp + 1 slots: 0x00007ffd6c9a1070 USER32.dll
stack at sp + 2 slots: 0x000002ce39528af0 points into unknown readable memory: c0 2e a2 38 ce 02 00 00
stack at sp + 3 slots: 0x00007ffd6d5f0ba4 ntdll.dll
stack at sp + 4 slots: 0x000002ce397b7160 points into unknown readable memory: 01 00 00 00 00 00 00 00
stack at sp + 5 slots: 0x000002ce39776d00 points into unknown readable memory: 40 f0 b3 39 ce 02 00 00
stack at sp + 6 slots: 0x000002ce397b7160 points into unknown readable memory: 01 00 00 00 00 00 00 00
stack at sp + 7 slots: 0x00007ffd1e5c3f57 igxelpicd64.dll

VM_Operation (0x000000daed2fb690): Exit, mode: safepoint, requested by thread 0x000002ce39950800


---------------  P R O C E S S  ---------------

Threads class SMR info:
_java_thread_list=0x000002ce39f97880, length=16, elements={
0x000002ce377f4800, 0x000002ce377f5800, 0x000002ce3807d000, 0x000002ce3807e000,
0x000002ce38080000, 0x000002ce38084000, 0x000002ce38085000, 0x000002ce38207000,
0x000002ce381fb000, 0x000002ce388a1000, 0x000002ce388a2000, 0x000002ce38b82800,
0x000002ce39950800, 0x000002ce182c6000, 0x000002ce39cd7000, 0x000002ce39911000
}

Java Threads: ( => current thread )
  0x000002ce377f4800 JavaThread "Reference Handler" daemon [_thread_blocked, id=9860, stack(0x000000daec300000,0x000000daec400000)]
  0x000002ce377f5800 JavaThread "Finalizer" daemon [_thread_blocked, id=13524, stack(0x000000daec400000,0x000000daec500000)]
  0x000002ce3807d000 JavaThread "Signal Dispatcher" daemon [_thread_blocked, id=19316, stack(0x000000daec500000,0x000000daec600000)]
  0x000002ce3807e000 JavaThread "Attach Listener" daemon [_thread_blocked, id=3812, stack(0x000000daec600000,0x000000daec700000)]
  0x000002ce38080000 JavaThread "C2 CompilerThread0" daemon [_thread_blocked, id=7740, stack(0x000000daec700000,0x000000daec800000)]
  0x000002ce38084000 JavaThread "C1 CompilerThread0" daemon [_thread_blocked, id=8788, stack(0x000000daec800000,0x000000daec900000)]
  0x000002ce38085000 JavaThread "Sweeper thread" daemon [_thread_blocked, id=18068, stack(0x000000daec900000,0x000000daeca00000)]
  0x000002ce38207000 JavaThread "Service Thread" daemon [_thread_blocked, id=544, stack(0x000000daeca00000,0x000000daecb00000)]
  0x000002ce381fb000 JavaThread "Common-Cleaner" daemon [_thread_blocked, id=3612, stack(0x000000daecc00000,0x000000daecd00000)]
  0x000002ce388a1000 JavaThread "Java2D Disposer" daemon [_thread_blocked, id=1240, stack(0x000000daece00000,0x000000daecf00000)]
  0x000002ce388a2000 JavaThread "AWT-Shutdown" [_thread_blocked, id=9344, stack(0x000000daecf00000,0x000000daed000000)]
  0x000002ce38b82800 JavaThread "jME3 Main" [_thread_blocked, id=13692, stack(0x000000daed100000,0x000000daed200000)]
  0x000002ce39950800 JavaThread "AWT-EventQueue-0" [_thread_blocked, id=11512, stack(0x000000daed200000,0x000000daed300000)]
  0x000002ce182c6000 JavaThread "DestroyJavaVM" [_thread_blocked, id=9544, stack(0x000000daebc00000,0x000000daebd00000)]
  0x000002ce39cd7000 JavaThread "jME3 Audio Decoder" daemon [_thread_blocked, id=17744, stack(0x000000daed800000,0x000000daed900000)]
  0x000002ce39911000 JavaThread "LWJGL Timer" daemon [_thread_blocked, id=4056, stack(0x000000daeba00000,0x000000daebb00000)]

Other Threads:
=>0x000002ce377f2800 VMThread "VM Thread" [stack: 0x000000daec200000,0x000000daec300000] [id=15384]
  0x000002ce182de800 GCTaskThread "GC Thread#0" [stack: 0x000000daebd00000,0x000000daebe00000] [id=16080]
  0x000002ce39cfb800 GCTaskThread "GC Thread#1" [stack: 0x000000daed900000,0x000000daeda00000] [id=1648]
  0x000002ce39cfe000 GCTaskThread "GC Thread#2" [stack: 0x000000daeda00000,0x000000daedb00000] [id=7992]
  0x000002ce39cfe800 GCTaskThread "GC Thread#3" [stack: 0x000000daedb00000,0x000000daedc00000] [id=3216]
  0x000002ce39d00000 GCTaskThread "GC Thread#4" [stack: 0x000000daedc00000,0x000000daedd00000] [id=17424]
  0x000002ce39cf5000 GCTaskThread "GC Thread#5" [stack: 0x000000daedd00000,0x000000daede00000] [id=11220]
  0x000002ce39cf6000 GCTaskThread "GC Thread#6" [stack: 0x000000daede00000,0x000000daedf00000] [id=2004]
  0x000002ce39cf7000 GCTaskThread "GC Thread#7" [stack: 0x000000daedf00000,0x000000daee000000] [id=19580]
  0x000002ce1830e800 ConcurrentGCThread "G1 Main Marker" [stack: 0x000000daebe00000,0x000000daebf00000] [id=17652]
  0x000002ce18310800 ConcurrentGCThread "G1 Conc#0" [stack: 0x000000daebf00000,0x000000daec000000] [id=13448]
  0x000002ce38d49800 ConcurrentGCThread "G1 Conc#1" [stack: 0x000000daee100000,0x000000daee200000] [id=19896]
  0x000002ce3764f800 ConcurrentGCThread "G1 Refine#0" [stack: 0x000000daec000000,0x000000daec100000] [id=5104]
  0x000002ce38334000 ConcurrentGCThread "G1 Refine#1" [stack: 0x000000daee000000,0x000000daee100000] [id=10332]
  0x000002ce37651800 ConcurrentGCThread "G1 Young RemSet Sampling" [stack: 0x000000daec100000,0x000000daec200000] [id=10972]

Threads with active compile tasks:

VM state:at safepoint (shutting down)

VM Mutex/Monitor currently owned by a thread:  ([mutex/lock_event])
[0x000002ce182c51f0] Threads_lock - owner thread: 0x000002ce377f2800

Heap address: 0x0000000084c00000, size: 1972 MB, Compressed Oops mode: 32-bit
Narrow klass base: 0x0000000000000000, Narrow klass shift: 3
Compressed class space size: 1073741824 Address: 0x0000000100000000

Heap:
 garbage-first heap   total 126976K, used 24395K [0x0000000084c00000, 0x0000000100000000)
  region size 1024K, 13 young (13312K), 2 survivors (2048K)
 Metaspace       used 22114K, capacity 22615K, committed 22784K, reserved 1069056K
  class space    used 2053K, capacity 2238K, committed 2304K, reserved 1048576K
Heap Regions: E=young(eden), S=young(survivor), O=old, HS=humongous(starts), HC=humongous(continues), CS=collection set, F=free, A=archive, TAMS=top-at-mark-start (previous, next)
|   0|0x0000000084c00000, 0x0000000084d00000, 0x0000000084d00000|100%|HS|  |TAMS 0x0000000084d00000, 0x0000000084c00000| Complete 
|   1|0x0000000084d00000, 0x0000000084e00000, 0x0000000084e00000|100%|HC|  |TAMS 0x0000000084e00000, 0x0000000084d00000| Complete 
|   2|0x0000000084e00000, 0x0000000084f00000, 0x0000000084f00000|100%|HC|  |TAMS 0x0000000084f00000, 0x0000000084e00000| Complete 
|   3|0x0000000084f00000, 0x0000000085000000, 0x0000000085000000|100%|HC|  |TAMS 0x0000000085000000, 0x0000000084f00000| Complete 
|   4|0x0000000085000000, 0x0000000085100000, 0x0000000085100000|100%|HC|  |TAMS 0x0000000085100000, 0x0000000085000000| Complete 
|   5|0x0000000085100000, 0x0000000085200000, 0x0000000085200000|100%|HC|  |TAMS 0x0000000085200000, 0x0000000085100000| Complete 
|   6|0x0000000085200000, 0x0000000085300000, 0x0000000085300000|100%|HC|  |TAMS 0x0000000085300000, 0x0000000085200000| Complete 
|   7|0x0000000085300000, 0x0000000085400000, 0x0000000085400000|100%|HC|  |TAMS 0x0000000085400000, 0x0000000085300000| Complete 
|   8|0x0000000085400000, 0x0000000085500000, 0x0000000085500000|100%| O|  |TAMS 0x0000000085500000, 0x0000000085400000| Untracked 
|   9|0x0000000085500000, 0x0000000085600000, 0x0000000085600000|100%| O|  |TAMS 0x0000000085600000, 0x0000000085500000| Untracked 
|  10|0x0000000085600000, 0x0000000085700000, 0x0000000085700000|100%| O|  |TAMS 0x0000000085700000, 0x0000000085600000| Untracked 
|  11|0x0000000085700000, 0x0000000085800000, 0x0000000085800000|100%| O|  |TAMS 0x0000000085800000, 0x0000000085700000| Untracked 
|  12|0x0000000085800000, 0x0000000085866e00, 0x0000000085900000| 40%| O|  |TAMS 0x0000000085866e00, 0x0000000085800000| Untracked 
|  13|0x0000000085900000, 0x0000000085900000, 0x0000000085a00000|  0%| F|  |TAMS 0x0000000085900000, 0x0000000085900000| Untracked 
|  14|0x0000000085a00000, 0x0000000085a00000, 0x0000000085b00000|  0%| F|  |TAMS 0x0000000085a00000, 0x0000000085a00000| Untracked 
|  15|0x0000000085b00000, 0x0000000085b00000, 0x0000000085c00000|  0%| F|  |TAMS 0x0000000085b00000, 0x0000000085b00000| Untracked 
|  16|0x0000000085c00000, 0x0000000085c00000, 0x0000000085d00000|  0%| F|  |TAMS 0x0000000085c00000, 0x0000000085c00000| Untracked 
|  17|0x0000000085d00000, 0x0000000085d00000, 0x0000000085e00000|  0%| F|  |TAMS 0x0000000085d00000, 0x0000000085d00000| Untracked 
|  18|0x0000000085e00000, 0x0000000085e00000, 0x0000000085f00000|  0%| F|  |TAMS 0x0000000085e00000, 0x0000000085e00000| Untracked 
|  19|0x0000000085f00000, 0x0000000085f00000, 0x0000000086000000|  0%| F|  |TAMS 0x0000000085f00000, 0x0000000085f00000| Untracked 
|  20|0x0000000086000000, 0x0000000086000000, 0x0000000086100000|  0%| F|  |TAMS 0x0000000086000000, 0x0000000086000000| Untracked 
|  21|0x0000000086100000, 0x0000000086100000, 0x0000000086200000|  0%| F|  |TAMS 0x0000000086100000, 0x0000000086100000| Untracked 
|  22|0x0000000086200000, 0x0000000086200000, 0x0000000086300000|  0%| F|  |TAMS 0x0000000086200000, 0x0000000086200000| Untracked 
|  23|0x0000000086300000, 0x0000000086300000, 0x0000000086400000|  0%| F|  |TAMS 0x0000000086300000, 0x0000000086300000| Untracked 
|  24|0x0000000086400000, 0x0000000086400000, 0x0000000086500000|  0%| F|  |TAMS 0x0000000086400000, 0x0000000086400000| Untracked 
|  25|0x0000000086500000, 0x0000000086500000, 0x0000000086600000|  0%| F|  |TAMS 0x0000000086500000, 0x0000000086500000| Untracked 
|  26|0x0000000086600000, 0x0000000086600000, 0x0000000086700000|  0%| F|  |TAMS 0x0000000086600000, 0x0000000086600000| Untracked 
|  27|0x0000000086700000, 0x0000000086700000, 0x0000000086800000|  0%| F|  |TAMS 0x0000000086700000, 0x0000000086700000| Untracked 
|  28|0x0000000086800000, 0x0000000086800000, 0x0000000086900000|  0%| F|  |TAMS 0x0000000086800000, 0x0000000086800000| Untracked 
|  29|0x0000000086900000, 0x0000000086900000, 0x0000000086a00000|  0%| F|  |TAMS 0x0000000086900000, 0x0000000086900000| Untracked 
|  30|0x0000000086a00000, 0x0000000086a00000, 0x0000000086b00000|  0%| F|  |TAMS 0x0000000086a00000, 0x0000000086a00000| Untracked 
|  31|0x0000000086b00000, 0x0000000086b00000, 0x0000000086c00000|  0%| F|  |TAMS 0x0000000086b00000, 0x0000000086b00000| Untracked 
|  32|0x0000000086c00000, 0x0000000086c00000, 0x0000000086d00000|  0%| F|  |TAMS 0x0000000086c00000, 0x0000000086c00000| Untracked 
|  33|0x0000000086d00000, 0x0000000086d00000, 0x0000000086e00000|  0%| F|  |TAMS 0x0000000086d00000, 0x0000000086d00000| Untracked 
|  34|0x0000000086e00000, 0x0000000086e00000, 0x0000000086f00000|  0%| F|  |TAMS 0x0000000086e00000, 0x0000000086e00000| Untracked 
|  35|0x0000000086f00000, 0x0000000086f00000, 0x0000000087000000|  0%| F|  |TAMS 0x0000000086f00000, 0x0000000086f00000| Untracked 
|  36|0x0000000087000000, 0x0000000087000000, 0x0000000087100000|  0%| F|  |TAMS 0x0000000087000000, 0x0000000087000000| Untracked 
|  37|0x0000000087100000, 0x0000000087100000, 0x0000000087200000|  0%| F|  |TAMS 0x0000000087100000, 0x0000000087100000| Untracked 
|  38|0x0000000087200000, 0x0000000087200000, 0x0000000087300000|  0%| F|  |TAMS 0x0000000087200000, 0x0000000087200000| Untracked 
|  39|0x0000000087300000, 0x0000000087300000, 0x0000000087400000|  0%| F|  |TAMS 0x0000000087300000, 0x0000000087300000| Untracked 
|  40|0x0000000087400000, 0x0000000087400000, 0x0000000087500000|  0%| F|  |TAMS 0x0000000087400000, 0x0000000087400000| Untracked 
|  41|0x0000000087500000, 0x0000000087500000, 0x0000000087600000|  0%| F|  |TAMS 0x0000000087500000, 0x0000000087500000| Untracked 
|  42|0x0000000087600000, 0x0000000087600000, 0x0000000087700000|  0%| F|  |TAMS 0x0000000087600000, 0x0000000087600000| Untracked 
|  43|0x0000000087700000, 0x0000000087700000, 0x0000000087800000|  0%| F|  |TAMS 0x0000000087700000, 0x0000000087700000| Untracked 
|  44|0x0000000087800000, 0x0000000087800000, 0x0000000087900000|  0%| F|  |TAMS 0x0000000087800000, 0x0000000087800000| Untracked 
|  45|0x0000000087900000, 0x0000000087900000, 0x0000000087a00000|  0%| F|  |TAMS 0x0000000087900000, 0x0000000087900000| Untracked 
|  46|0x0000000087a00000, 0x0000000087a00000, 0x0000000087b00000|  0%| F|  |TAMS 0x0000000087a00000, 0x0000000087a00000| Untracked 
|  47|0x0000000087b00000, 0x0000000087b00000, 0x0000000087c00000|  0%| F|  |TAMS 0x0000000087b00000, 0x0000000087b00000| Untracked 
|  48|0x0000000087c00000, 0x0000000087c00000, 0x0000000087d00000|  0%| F|  |TAMS 0x0000000087c00000, 0x0000000087c00000| Untracked 
|  49|0x0000000087d00000, 0x0000000087d00000, 0x0000000087e00000|  0%| F|  |TAMS 0x0000000087d00000, 0x0000000087d00000| Untracked 
|  50|0x0000000087e00000, 0x0000000087e00000, 0x0000000087f00000|  0%| F|  |TAMS 0x0000000087e00000, 0x0000000087e00000| Untracked 
|  51|0x0000000087f00000, 0x0000000087f00000, 0x0000000088000000|  0%| F|  |TAMS 0x0000000087f00000, 0x0000000087f00000| Untracked 
|  52|0x0000000088000000, 0x0000000088000000, 0x0000000088100000|  0%| F|  |TAMS 0x0000000088000000, 0x0000000088000000| Untracked 
|  53|0x0000000088100000, 0x0000000088100000, 0x0000000088200000|  0%| F|  |TAMS 0x0000000088100000, 0x0000000088100000| Untracked 
|  54|0x0000000088200000, 0x0000000088200000, 0x0000000088300000|  0%| F|  |TAMS 0x0000000088200000, 0x0000000088200000| Untracked 
|  55|0x0000000088300000, 0x0000000088300000, 0x0000000088400000|  0%| F|  |TAMS 0x0000000088300000, 0x0000000088300000| Untracked 
|  56|0x0000000088400000, 0x0000000088400000, 0x0000000088500000|  0%| F|  |TAMS 0x0000000088400000, 0x0000000088400000| Untracked 
|  57|0x0000000088500000, 0x0000000088500000, 0x0000000088600000|  0%| F|  |TAMS 0x0000000088500000, 0x0000000088500000| Untracked 
|  58|0x0000000088600000, 0x0000000088600000, 0x0000000088700000|  0%| F|  |TAMS 0x0000000088600000, 0x0000000088600000| Untracked 
|  59|0x0000000088700000, 0x0000000088700000, 0x0000000088800000|  0%| F|  |TAMS 0x0000000088700000, 0x0000000088700000| Untracked 
|  60|0x0000000088800000, 0x0000000088800000, 0x0000000088900000|  0%| F|  |TAMS 0x0000000088800000, 0x0000000088800000| Untracked 
|  61|0x0000000088900000, 0x0000000088900000, 0x0000000088a00000|  0%| F|  |TAMS 0x0000000088900000, 0x0000000088900000| Untracked 
|  62|0x0000000088a00000, 0x0000000088a00000, 0x0000000088b00000|  0%| F|  |TAMS 0x0000000088a00000, 0x0000000088a00000| Untracked 
|  63|0x0000000088b00000, 0x0000000088b00000, 0x0000000088c00000|  0%| F|  |TAMS 0x0000000088b00000, 0x0000000088b00000| Untracked 
|  64|0x0000000088c00000, 0x0000000088c00000, 0x0000000088d00000|  0%| F|  |TAMS 0x0000000088c00000, 0x0000000088c00000| Untracked 
|  65|0x0000000088d00000, 0x0000000088d00000, 0x0000000088e00000|  0%| F|  |TAMS 0x0000000088d00000, 0x0000000088d00000| Untracked 
|  66|0x0000000088e00000, 0x0000000088e00000, 0x0000000088f00000|  0%| F|  |TAMS 0x0000000088e00000, 0x0000000088e00000| Untracked 
|  67|0x0000000088f00000, 0x0000000088f00000, 0x0000000089000000|  0%| F|  |TAMS 0x0000000088f00000, 0x0000000088f00000| Untracked 
|  68|0x0000000089000000, 0x000000008906c0b0, 0x0000000089100000| 42%| S|CS|TAMS 0x0000000089000000, 0x0000000089000000| Complete 
|  69|0x0000000089100000, 0x0000000089200000, 0x0000000089200000|100%| S|CS|TAMS 0x0000000089100000, 0x0000000089100000| Complete 
|  70|0x0000000089200000, 0x0000000089200000, 0x0000000089300000|  0%| F|  |TAMS 0x0000000089200000, 0x0000000089200000| Untracked 
|  71|0x0000000089300000, 0x0000000089300000, 0x0000000089400000|  0%| F|  |TAMS 0x0000000089300000, 0x0000000089300000| Untracked 
|  72|0x0000000089400000, 0x0000000089400000, 0x0000000089500000|  0%| F|  |TAMS 0x0000000089400000, 0x0000000089400000| Untracked 
|  73|0x0000000089500000, 0x0000000089500000, 0x0000000089600000|  0%| F|  |TAMS 0x0000000089500000, 0x0000000089500000| Untracked 
|  74|0x0000000089600000, 0x0000000089600000, 0x0000000089700000|  0%| F|  |TAMS 0x0000000089600000, 0x0000000089600000| Untracked 
|  75|0x0000000089700000, 0x0000000089700000, 0x0000000089800000|  0%| F|  |TAMS 0x0000000089700000, 0x0000000089700000| Untracked 
|  76|0x0000000089800000, 0x0000000089800000, 0x0000000089900000|  0%| F|  |TAMS 0x0000000089800000, 0x0000000089800000| Untracked 
|  77|0x0000000089900000, 0x0000000089900000, 0x0000000089a00000|  0%| F|  |TAMS 0x0000000089900000, 0x0000000089900000| Untracked 
|  78|0x0000000089a00000, 0x0000000089a00000, 0x0000000089b00000|  0%| F|  |TAMS 0x0000000089a00000, 0x0000000089a00000| Untracked 
|  79|0x0000000089b00000, 0x0000000089b00000, 0x0000000089c00000|  0%| F|  |TAMS 0x0000000089b00000, 0x0000000089b00000| Untracked 
|  80|0x0000000089c00000, 0x0000000089c00000, 0x0000000089d00000|  0%| F|  |TAMS 0x0000000089c00000, 0x0000000089c00000| Untracked 
|  81|0x0000000089d00000, 0x0000000089d00000, 0x0000000089e00000|  0%| F|  |TAMS 0x0000000089d00000, 0x0000000089d00000| Untracked 
|  82|0x0000000089e00000, 0x0000000089e00000, 0x0000000089f00000|  0%| F|  |TAMS 0x0000000089e00000, 0x0000000089e00000| Untracked 
|  83|0x0000000089f00000, 0x0000000089f00000, 0x000000008a000000|  0%| F|  |TAMS 0x0000000089f00000, 0x0000000089f00000| Untracked 
|  84|0x000000008a000000, 0x000000008a000000, 0x000000008a100000|  0%| F|  |TAMS 0x000000008a000000, 0x000000008a000000| Untracked 
|  85|0x000000008a100000, 0x000000008a100000, 0x000000008a200000|  0%| F|  |TAMS 0x000000008a100000, 0x000000008a100000| Untracked 
|  86|0x000000008a200000, 0x000000008a200000, 0x000000008a300000|  0%| F|  |TAMS 0x000000008a200000, 0x000000008a200000| Untracked 
|  87|0x000000008a300000, 0x000000008a300000, 0x000000008a400000|  0%| F|  |TAMS 0x000000008a300000, 0x000000008a300000| Untracked 
|  88|0x000000008a400000, 0x000000008a400000, 0x000000008a500000|  0%| F|  |TAMS 0x000000008a400000, 0x000000008a400000| Untracked 
|  89|0x000000008a500000, 0x000000008a500000, 0x000000008a600000|  0%| F|  |TAMS 0x000000008a500000, 0x000000008a500000| Untracked 
|  90|0x000000008a600000, 0x000000008a600000, 0x000000008a700000|  0%| F|  |TAMS 0x000000008a600000, 0x000000008a600000| Untracked 
|  91|0x000000008a700000, 0x000000008a700000, 0x000000008a800000|  0%| F|  |TAMS 0x000000008a700000, 0x000000008a700000| Untracked 
|  92|0x000000008a800000, 0x000000008a800000, 0x000000008a900000|  0%| F|  |TAMS 0x000000008a800000, 0x000000008a800000| Untracked 
|  93|0x000000008a900000, 0x000000008a900000, 0x000000008aa00000|  0%| F|  |TAMS 0x000000008a900000, 0x000000008a900000| Untracked 
|  94|0x000000008aa00000, 0x000000008aa00000, 0x000000008ab00000|  0%| F|  |TAMS 0x000000008aa00000, 0x000000008aa00000| Untracked 
|  95|0x000000008ab00000, 0x000000008ab00000, 0x000000008ac00000|  0%| F|  |TAMS 0x000000008ab00000, 0x000000008ab00000| Untracked 
|  96|0x000000008ac00000, 0x000000008ac00000, 0x000000008ad00000|  0%| F|  |TAMS 0x000000008ac00000, 0x000000008ac00000| Untracked 
|  97|0x000000008ad00000, 0x000000008ad00000, 0x000000008ae00000|  0%| F|  |TAMS 0x000000008ad00000, 0x000000008ad00000| Untracked 
|  98|0x000000008ae00000, 0x000000008ae00000, 0x000000008af00000|  0%| F|  |TAMS 0x000000008ae00000, 0x000000008ae00000| Untracked 
|  99|0x000000008af00000, 0x000000008af00000, 0x000000008b000000|  0%| F|  |TAMS 0x000000008af00000, 0x000000008af00000| Untracked 
| 100|0x000000008b000000, 0x000000008b000000, 0x000000008b100000|  0%| F|  |TAMS 0x000000008b000000, 0x000000008b000000| Untracked 
| 101|0x000000008b100000, 0x000000008b100000, 0x000000008b200000|  0%| F|  |TAMS 0x000000008b100000, 0x000000008b100000| Untracked 
| 102|0x000000008b200000, 0x000000008b200000, 0x000000008b300000|  0%| F|  |TAMS 0x000000008b200000, 0x000000008b200000| Untracked 
| 103|0x000000008b300000, 0x000000008b300000, 0x000000008b400000|  0%| F|  |TAMS 0x000000008b300000, 0x000000008b300000| Untracked 
| 104|0x000000008b400000, 0x000000008b400000, 0x000000008b500000|  0%| F|  |TAMS 0x000000008b400000, 0x000000008b400000| Untracked 
| 105|0x000000008b500000, 0x000000008b500000, 0x000000008b600000|  0%| F|  |TAMS 0x000000008b500000, 0x000000008b500000| Untracked 
| 106|0x000000008b600000, 0x000000008b600000, 0x000000008b700000|  0%| F|  |TAMS 0x000000008b600000, 0x000000008b600000| Untracked 
| 107|0x000000008b700000, 0x000000008b700000, 0x000000008b800000|  0%| F|  |TAMS 0x000000008b700000, 0x000000008b700000| Untracked 
| 108|0x000000008b800000, 0x000000008b800000, 0x000000008b900000|  0%| F|  |TAMS 0x000000008b800000, 0x000000008b800000| Untracked 
| 109|0x000000008b900000, 0x000000008b900000, 0x000000008ba00000|  0%| F|  |TAMS 0x000000008b900000, 0x000000008b900000| Untracked 
| 110|0x000000008ba00000, 0x000000008ba00000, 0x000000008bb00000|  0%| F|  |TAMS 0x000000008ba00000, 0x000000008ba00000| Untracked 
| 111|0x000000008bb00000, 0x000000008bb00000, 0x000000008bc00000|  0%| F|  |TAMS 0x000000008bb00000, 0x000000008bb00000| Untracked 
| 112|0x000000008bc00000, 0x000000008bc00000, 0x000000008bd00000|  0%| F|  |TAMS 0x000000008bc00000, 0x000000008bc00000| Untracked 
| 113|0x000000008bd00000, 0x000000008bdd4230, 0x000000008be00000| 82%| E|  |TAMS 0x000000008bd00000, 0x000000008bd00000| Complete 
| 114|0x000000008be00000, 0x000000008bf00000, 0x000000008bf00000|100%| E|CS|TAMS 0x000000008be00000, 0x000000008be00000| Complete 
| 115|0x000000008bf00000, 0x000000008c000000, 0x000000008c000000|100%| E|CS|TAMS 0x000000008bf00000, 0x000000008bf00000| Complete 
| 116|0x000000008c000000, 0x000000008c100000, 0x000000008c100000|100%| E|CS|TAMS 0x000000008c000000, 0x000000008c000000| Complete 
| 117|0x000000008c100000, 0x000000008c200000, 0x000000008c200000|100%| E|CS|TAMS 0x000000008c100000, 0x000000008c100000| Complete 
| 118|0x000000008c200000, 0x000000008c300000, 0x000000008c300000|100%| E|CS|TAMS 0x000000008c200000, 0x000000008c200000| Complete 
| 119|0x000000008c300000, 0x000000008c400000, 0x000000008c400000|100%| E|CS|TAMS 0x000000008c300000, 0x000000008c300000| Complete 
| 120|0x000000008c400000, 0x000000008c500000, 0x000000008c500000|100%| E|CS|TAMS 0x000000008c400000, 0x000000008c400000| Complete 
| 121|0x000000008c500000, 0x000000008c600000, 0x000000008c600000|100%| E|CS|TAMS 0x000000008c500000, 0x000000008c500000| Complete 
| 122|0x000000008c600000, 0x000000008c700000, 0x000000008c700000|100%| E|CS|TAMS 0x000000008c600000, 0x000000008c600000| Complete 
| 123|0x000000008c700000, 0x000000008c800000, 0x000000008c800000|100%| E|CS|TAMS 0x000000008c700000, 0x000000008c700000| Complete 

Card table byte_map: [0x000002ce307c0000,0x000002ce30ba0000] _byte_map_base: 0x000002ce3039a000

Marking Bits (Prev, Next): (CMBitMap*) 0x000002ce18305ed0, (CMBitMap*) 0x000002ce18305e98
 Prev Bits: [0x000002ce32e50000, 0x000002ce34d20000)
 Next Bits: [0x000002ce30f80000, 0x000002ce32e50000)

Polling page: 0x000002ce183b0000

Metaspace:

Usage:
  Non-class:     19.90 MB capacity,    19.59 MB ( 98%) used,   262.58 KB (  1%) free+waste,    53.75 KB ( <1%) overhead. 
      Class:      2.19 MB capacity,     2.01 MB ( 92%) used,   158.03 KB (  7%) free+waste,    26.25 KB (  1%) overhead. 
       Both:     22.08 MB capacity,    21.60 MB ( 98%) used,   420.61 KB (  2%) free+waste,    80.00 KB ( <1%) overhead. 

Virtual space:
  Non-class space:       20.00 MB reserved,      20.00 MB (100%) committed 
      Class space:        1.00 GB reserved,       2.25 MB ( <1%) committed 
             Both:        1.02 GB reserved,      22.25 MB (  2%) committed 

Chunk freelists:
   Non-Class:  39.00 KB
       Class:  2.00 KB
        Both:  41.00 KB

MaxMetaspaceSize: 17179869184.00 GB
CompressedClassSpaceSize: 1.00 GB

CodeHeap 'non-profiled nmethods': size=120000Kb used=2264Kb max_used=2264Kb free=117735Kb
 bounds [0x000002ce28420000, 0x000002ce28690000, 0x000002ce2f950000]
CodeHeap 'profiled nmethods': size=120000Kb used=5868Kb max_used=5868Kb free=114131Kb
 bounds [0x000002ce20ef0000, 0x000002ce214b0000, 0x000002ce28420000]
CodeHeap 'non-nmethods': size=5760Kb used=1310Kb max_used=1349Kb free=4449Kb
 bounds [0x000002ce20950000, 0x000002ce20bc0000, 0x000002ce20ef0000]
 total_blobs=5215 nmethods=3054 adapters=621
 compilation: enabled
              stopped_count=0, restarted_count=0
 full_count=0

Compilation events (20 events):
Event: 62.493 Thread 0x000002ce38084000 3045       3       com.jme3.material.Technique::notifyParamChanged (31 bytes)
Event: 62.494 Thread 0x000002ce38084000 nmethod 3045 0x000002ce214a6b10 code [0x000002ce214a6d00, 0x000002ce214a7140]
Event: 62.494 Thread 0x000002ce38084000 3046       3       java.lang.Long::hashCode (8 bytes)
Event: 62.494 Thread 0x000002ce38084000 nmethod 3046 0x000002ce214a7310 code [0x000002ce214a74c0, 0x000002ce214a7698]
Event: 62.494 Thread 0x000002ce38084000 3047       3       java.lang.Long::hashCode (8 bytes)
Event: 62.494 Thread 0x000002ce38084000 nmethod 3047 0x000002ce214a7790 code [0x000002ce214a7940, 0x000002ce214a7a98]
Event: 64.575 Thread 0x000002ce38084000 3048   !   3       org.lwjgl.input.Keyboard::getEventKey (20 bytes)
Event: 64.575 Thread 0x000002ce38084000 nmethod 3048 0x000002ce214a7b10 code [0x000002ce214a7ce0, 0x000002ce214a7ff8]
Event: 64.575 Thread 0x000002ce38084000 3049   !   3       org.lwjgl.input.Keyboard::getEventCharacter (21 bytes)
Event: 64.575 Thread 0x000002ce38084000 nmethod 3049 0x000002ce214a8110 code [0x000002ce214a82e0, 0x000002ce214a85f8]
Event: 64.987 Thread 0x000002ce38084000 3050       3       com.jme3.input.InputManager::invokeActions (123 bytes)
Event: 64.988 Thread 0x000002ce38084000 nmethod 3050 0x000002ce214a8710 code [0x000002ce214a89c0, 0x000002ce214a98c0]
Event: 65.431 Thread 0x000002ce38084000 3051       3       com.jme3.input.FlyByCamera::onAction (78 bytes)
Event: 65.432 Thread 0x000002ce38084000 nmethod 3051 0x000002ce214a9e90 code [0x000002ce214aa0c0, 0x000002ce214aa8d0]
Event: 65.785 Thread 0x000002ce38080000 3052       4       com.jme3.system.lwjgl.LwjglContext::isRenderable (8 bytes)
Event: 65.786 Thread 0x000002ce38080000 nmethod 3052 0x000002ce28655b10 code [0x000002ce28655ca0, 0x000002ce28655d18]
Event: 67.432 Thread 0x000002ce38080000 3053       4       java.util.concurrent.TimeUnit::toMillis (69 bytes)
Event: 67.433 Thread 0x000002ce38080000 nmethod 3053 0x000002ce28655d90 code [0x000002ce28655f20, 0x000002ce28655ff8]
Event: 68.724 Thread 0x000002ce38084000 3054       3       java.util.concurrent.ConcurrentHashMap$KeyIterator::next (34 bytes)
Event: 68.724 Thread 0x000002ce38084000 nmethod 3054 0x000002ce214aab10 code [0x000002ce214aace0, 0x000002ce214aafe0]

GC Heap History (12 events):
Event: 0.727 GC heap before
{Heap before GC invocations=0 (full 0):
 garbage-first heap   total 126976K, used 31744K [0x0000000084c00000, 0x0000000100000000)
  region size 1024K, 24 young (24576K), 0 survivors (0K)
 Metaspace       used 20015K, capacity 20548K, committed 20864K, reserved 1069056K
  class space    used 1923K, capacity 2120K, committed 2176K, reserved 1048576K
}
Event: 0.732 GC heap after
{Heap after GC invocations=1 (full 0):
 garbage-first heap   total 126976K, used 12808K [0x0000000084c00000, 0x0000000100000000)
  region size 1024K, 3 young (3072K), 3 survivors (3072K)
 Metaspace       used 20015K, capacity 20548K, committed 20864K, reserved 1069056K
  class space    used 1923K, capacity 2120K, committed 2176K, reserved 1048576K
}
Event: 0.768 GC heap before
{Heap before GC invocations=1 (full 0):
 garbage-first heap   total 126976K, used 38408K [0x0000000084c00000, 0x0000000100000000)
  region size 1024K, 5 young (5120K), 3 survivors (3072K)
 Metaspace       used 20119K, capacity 20612K, committed 20864K, reserved 1069056K
  class space    used 1930K, capacity 2120K, committed 2176K, reserved 1048576K
}
Event: 0.771 GC heap after
{Heap after GC invocations=2 (full 0):
 garbage-first heap   total 126976K, used 25439K [0x0000000084c00000, 0x0000000100000000)
  region size 1024K, 4 young (4096K), 4 survivors (4096K)
 Metaspace       used 20119K, capacity 20612K, committed 20864K, reserved 1069056K
  class space    used 1930K, capacity 2120K, committed 2176K, reserved 1048576K
}
Event: 0.809 GC heap before
{Heap before GC invocations=3 (full 0):
 garbage-first heap   total 126976K, used 50015K [0x0000000084c00000, 0x0000000100000000)
  region size 1024K, 5 young (5120K), 4 survivors (4096K)
 Metaspace       used 20119K, capacity 20612K, committed 20864K, reserved 1069056K
  class space    used 1930K, capacity 2120K, committed 2176K, reserved 1048576K
}
Event: 0.811 GC heap after
{Heap after GC invocations=4 (full 0):
 garbage-first heap   total 126976K, used 37869K [0x0000000084c00000, 0x0000000100000000)
  region size 1024K, 1 young (1024K), 1 survivors (1024K)
 Metaspace       used 20119K, capacity 20612K, committed 20864K, reserved 1069056K
  class space    used 1930K, capacity 2120K, committed 2176K, reserved 1048576K
}
Event: 0.856 GC heap before
{Heap before GC invocations=5 (full 0):
 garbage-first heap   total 126976K, used 87021K [0x0000000084c00000, 0x0000000100000000)
  region size 1024K, 1 young (1024K), 1 survivors (1024K)
 Metaspace       used 20120K, capacity 20612K, committed 20864K, reserved 1069056K
  class space    used 1930K, capacity 2120K, committed 2176K, reserved 1048576K
}
Event: 0.856 GC heap after
{Heap after GC invocations=6 (full 0):
 garbage-first heap   total 126976K, used 62171K [0x0000000084c00000, 0x0000000100000000)
  region size 1024K, 1 young (1024K), 1 survivors (1024K)
 Metaspace       used 20120K, capacity 20612K, committed 20864K, reserved 1069056K
  class space    used 1930K, capacity 2120K, committed 2176K, reserved 1048576K
}
Event: 19.256 GC heap before
{Heap before GC invocations=7 (full 0):
 garbage-first heap   total 126976K, used 119515K [0x0000000084c00000, 0x0000000100000000)
  region size 1024K, 24 young (24576K), 1 survivors (1024K)
 Metaspace       used 22037K, capacity 22549K, committed 22784K, reserved 1069056K
  class space    used 2052K, capacity 2238K, committed 2304K, reserved 1048576K
}
Event: 19.258 GC heap after
{Heap after GC invocations=8 (full 0):
 garbage-first heap   total 126976K, used 14235K [0x0000000084c00000, 0x0000000100000000)
  region size 1024K, 2 young (2048K), 2 survivors (2048K)
 Metaspace       used 22037K, capacity 22549K, committed 22784K, reserved 1069056K
  class space    used 2052K, capacity 2238K, committed 2304K, reserved 1048576K
}
Event: 27.082 GC heap before
{Heap before GC invocations=8 (full 0):
 garbage-first heap   total 126976K, used 69531K [0x0000000084c00000, 0x0000000100000000)
  region size 1024K, 56 young (57344K), 2 survivors (2048K)
 Metaspace       used 22045K, capacity 22549K, committed 22784K, reserved 1069056K
  class space    used 2052K, capacity 2238K, committed 2304K, reserved 1048576K
}
Event: 27.084 GC heap after
{Heap after GC invocations=9 (full 0):
 garbage-first heap   total 126976K, used 14155K [0x0000000084c00000, 0x0000000100000000)
  region size 1024K, 2 young (2048K), 2 survivors (2048K)
 Metaspace       used 22045K, capacity 22549K, committed 22784K, reserved 1069056K
  class space    used 2052K, capacity 2238K, committed 2304K, reserved 1048576K
}

Deoptimization events (20 events):
Event: 34.967 Thread 0x000002ce38b82800 DEOPT PACKING pc=0x000002ce212aaa8a sp=0x000000daed1fed30
Event: 34.967 Thread 0x000002ce38b82800 DEOPT UNPACKING pc=0x000002ce2097a4de sp=0x000000daed1fe180 mode 0
Event: 45.330 Thread 0x000002ce39cd7000 DEOPT PACKING pc=0x000002ce2135968b sp=0x000000daed8ff000
Event: 45.330 Thread 0x000002ce39cd7000 DEOPT UNPACKING pc=0x000002ce2097a4de sp=0x000000daed8fe500 mode 0
Event: 68.731 Thread 0x000002ce38b82800 Uncommon trap: trap_request=0xffffff4d fr.pc=0x000002ce28621bb4 relative=0x00000000000004b4
Event: 68.732 Thread 0x000002ce38b82800 Uncommon trap: reason=unstable_if action=reinterpret pc=0x000002ce28621bb4 method=org.lwjgl.opengl.WindowsDisplay.update()V @ 7 c2
Event: 68.732 Thread 0x000002ce38b82800 DEOPT PACKING pc=0x000002ce28621bb4 sp=0x000000daed1ff140
Event: 68.732 Thread 0x000002ce38b82800 DEOPT UNPACKING pc=0x000002ce2095822f sp=0x000000daed1ff088 mode 2
Event: 68.742 Thread 0x000002ce38b82800 Uncommon trap: trap_request=0xffffff4d fr.pc=0x000002ce2863f3b0 relative=0x0000000000003e50
Event: 68.742 Thread 0x000002ce38b82800 Uncommon trap: reason=unstable_if action=reinterpret pc=0x000002ce2863f3b0 method=com.jme3.system.lwjgl.LwjglAbstractDisplay.runLoop()V @ 69 c2
Event: 68.742 Thread 0x000002ce38b82800 DEOPT PACKING pc=0x000002ce2863f3b0 sp=0x000000daed1ff1a0
Event: 68.742 Thread 0x000002ce38b82800 DEOPT UNPACKING pc=0x000002ce2095822f sp=0x000000daed1ff1c8 mode 2
Event: 68.743 Thread 0x000002ce38b82800 Uncommon trap: trap_request=0xffffff4d fr.pc=0x000002ce286213a8 relative=0x0000000000000068
Event: 68.743 Thread 0x000002ce38b82800 Uncommon trap: reason=unstable_if action=reinterpret pc=0x000002ce286213a8 method=org.lwjgl.opengl.WindowsDisplay.update()V @ 7 c2
Event: 68.743 Thread 0x000002ce38b82800 DEOPT PACKING pc=0x000002ce286213a8 sp=0x000000daed1ff140
Event: 68.743 Thread 0x000002ce38b82800 DEOPT UNPACKING pc=0x000002ce2095822f sp=0x000000daed1ff0d8 mode 2
Event: 68.754 Thread 0x000002ce38b82800 Uncommon trap: trap_request=0xffffff4d fr.pc=0x000002ce2864bc14 relative=0x0000000000005114
Event: 68.754 Thread 0x000002ce38b82800 Uncommon trap: reason=unstable_if action=reinterpret pc=0x000002ce2864bc14 method=com.jme3.system.lwjgl.LwjglAbstractDisplay.runLoop()V @ 69 c2
Event: 68.754 Thread 0x000002ce38b82800 DEOPT PACKING pc=0x000002ce2864bc14 sp=0x000000daed1ff120
Event: 68.754 Thread 0x000002ce38b82800 DEOPT UNPACKING pc=0x000002ce2095822f sp=0x000000daed1ff1b8 mode 2

Classes redefined (0 events):
No events

Internal exceptions (20 events):
Event: 0.283 Thread 0x000002ce182c6000 Exception <a 'java/lang/NoSuchMethodError'{0x000000008bef95c8}: 'java.lang.Object java.lang.invoke.DirectMethodHandle$Holder.invokeStatic(java.lang.Object, int, java.lang.Object, java.lang.Object, java.lang.Object)'> (0x000000008bef95c8) thrown at [c:/cyg
Event: 0.284 Thread 0x000002ce182c6000 Exception <a 'java/lang/NoSuchMethodError'{0x000000008befd110}: 'java.lang.Object java.lang.invoke.DirectMethodHandle$Holder.invokeSpecial(java.lang.Object, java.lang.Object, int, java.lang.Object, java.lang.Object, java.lang.Object)'> (0x000000008befd110
Event: 0.295 Thread 0x000002ce182c6000 Exception <a 'java/lang/ClassNotFoundException'{0x000000008bdbf890}: com/sun/swing/internal/plaf/metal/resources/spi/metalProvider> (0x000000008bdbf890) thrown at [c:/cygwin64/tmp/openjdk-jdk11u-windows-x64-hotspot/workspace/build/src/src/hotspot/share/cl
Event: 0.296 Thread 0x000002ce182c6000 Exception <a 'java/lang/ClassNotFoundException'{0x000000008bdc3ba8}: com/sun/swing/internal/plaf/basic/resources/spi/basicProvider> (0x000000008bdc3ba8) thrown at [c:/cygwin64/tmp/openjdk-jdk11u-windows-x64-hotspot/workspace/build/src/src/hotspot/share/cl
Event: 0.315 Thread 0x000002ce182c6000 Exception <a 'java/lang/NoSuchMethodError'{0x000000008bc276d8}: 'void java.lang.invoke.DirectMethodHandle$Holder.invokeStaticInit(java.lang.Object)'> (0x000000008bc276d8) thrown at [c:/cygwin64/tmp/openjdk-jdk11u-windows-x64-hotspot/workspace/build/src/sr
Event: 0.334 Thread 0x000002ce182c6000 Exception <a 'java/lang/NoSuchMethodError'{0x000000008bba7a70}: 'java.lang.Object java.lang.invoke.DirectMethodHandle$Holder.invokeStatic(java.lang.Object, java.lang.Object, java.lang.Object, java.lang.Object, java.lang.Object, java.lang.Object, java.lang
Event: 0.335 Thread 0x000002ce182c6000 Exception <a 'java/lang/NoSuchMethodError'{0x000000008bbc5c78}: 'java.lang.Object java.lang.invoke.DirectMethodHandle$Holder.invokeStatic(java.lang.Object, java.lang.Object, java.lang.Object, java.lang.Object, java.lang.Object, java.lang.Object, java.lang
Event: 0.335 Thread 0x000002ce182c6000 Exception <a 'java/lang/NoSuchMethodError'{0x000000008bbe4c10}: 'java.lang.Object java.lang.invoke.DirectMethodHandle$Holder.invokeStatic(java.lang.Object, java.lang.Object, java.lang.Object, java.lang.Object, java.lang.Object, java.lang.Object, java.lang
Event: 0.336 Thread 0x000002ce182c6000 Exception <a 'java/lang/NoSuchMethodError'{0x000000008bbf0bc0}: 'java.lang.Object java.lang.invoke.Invokers$Holder.linkToTargetMethod(java.lang.Object, int, java.lang.Object)'> (0x000000008bbf0bc0) thrown at [c:/cygwin64/tmp/openjdk-jdk11u-windows-x64-hot
Event: 0.517 Thread 0x000002ce38b82800 Exception <a 'org/lwjgl/LWJGLException'{0x000000008b6ceb98}: Failed query key value> (0x000000008b6ceb98) thrown at [c:/cygwin64/tmp/openjdk-jdk11u-windows-x64-hotspot/workspace/build/src/src/hotspot/share/prims/jni.cpp, line 636]
Event: 0.518 Thread 0x000002ce38b82800 Exception <a 'org/lwjgl/LWJGLException'{0x000000008b6cf2d8}: Failed query key value> (0x000000008b6cf2d8) thrown at [c:/cygwin64/tmp/openjdk-jdk11u-windows-x64-hotspot/workspace/build/src/src/hotspot/share/prims/jni.cpp, line 636]
Event: 0.530 Thread 0x000002ce38b82800 Exception <a 'java/lang/NoSuchMethodError'{0x000000008b537768}: 'int java.lang.invoke.DirectMethodHandle$Holder.invokeSpecialIFC(java.lang.Object, java.lang.Object, int)'> (0x000000008b537768) thrown at [c:/cygwin64/tmp/openjdk-jdk11u-windows-x64-hotspot/
Event: 0.587 Thread 0x000002ce38b82800 Exception <a 'java/security/PrivilegedActionException'{0x000000008b3cf738}> (0x000000008b3cf738) thrown at [c:/cygwin64/tmp/openjdk-jdk11u-windows-x64-hotspot/workspace/build/src/src/hotspot/share/prims/jvm.cpp, line 1297]
Event: 0.587 Thread 0x000002ce38b82800 Exception <a 'java/security/PrivilegedActionException'{0x000000008b3d1ee8}> (0x000000008b3d1ee8) thrown at [c:/cygwin64/tmp/openjdk-jdk11u-windows-x64-hotspot/workspace/build/src/src/hotspot/share/prims/jvm.cpp, line 1297]
Event: 0.587 Thread 0x000002ce38b82800 Exception <a 'java/security/PrivilegedActionException'{0x000000008b3d2ea0}> (0x000000008b3d2ea0) thrown at [c:/cygwin64/tmp/openjdk-jdk11u-windows-x64-hotspot/workspace/build/src/src/hotspot/share/prims/jvm.cpp, line 1297]
Event: 0.587 Thread 0x000002ce38b82800 Exception <a 'java/security/PrivilegedActionException'{0x000000008b3d8510}> (0x000000008b3d8510) thrown at [c:/cygwin64/tmp/openjdk-jdk11u-windows-x64-hotspot/workspace/build/src/src/hotspot/share/prims/jvm.cpp, line 1297]
Event: 0.587 Thread 0x000002ce38b82800 Exception <a 'java/security/PrivilegedActionException'{0x000000008b3d90d0}> (0x000000008b3d90d0) thrown at [c:/cygwin64/tmp/openjdk-jdk11u-windows-x64-hotspot/workspace/build/src/src/hotspot/share/prims/jvm.cpp, line 1297]
Event: 0.587 Thread 0x000002ce38b82800 Exception <a 'java/security/PrivilegedActionException'{0x000000008b3d9c50}> (0x000000008b3d9c50) thrown at [c:/cygwin64/tmp/openjdk-jdk11u-windows-x64-hotspot/workspace/build/src/src/hotspot/share/prims/jvm.cpp, line 1297]
Event: 16.836 Thread 0x000002ce38b82800 Implicit null exception at 0x000002ce285283e7 to 0x000002ce28528aba
Event: 16.836 Thread 0x000002ce38b82800 Implicit null exception at 0x000002ce284f0c8d to 0x000002ce284f0ffa

Events (20 events):
Event: 68.723 Executing VM operation: RevokeBias done
Event: 68.723 Executing VM operation: RevokeBias
Event: 68.723 Thread 0x000002ce399f0000 Thread exited: 0x000002ce399f0000
Event: 68.723 Executing VM operation: RevokeBias done
Event: 68.724 Thread 0x000002ce3a1f0000 Thread exited: 0x000002ce3a1f0000
Event: 68.731 Executing VM operation: RevokeBias
Event: 68.732 Executing VM operation: RevokeBias done
Event: 68.738 Thread 0x000002ce4d1d1800 Thread exited: 0x000002ce4d1d1800
Event: 68.742 loading class org/lwjgl/opengl/Sync
Event: 68.742 loading class org/lwjgl/opengl/Sync done
Event: 68.742 loading class org/lwjgl/opengl/Sync$RunningAvg
Event: 68.742 loading class org/lwjgl/opengl/Sync$RunningAvg done
Event: 68.743 loading class org/lwjgl/opengl/Sync$1
Event: 68.743 loading class org/lwjgl/opengl/Sync$1 done
Event: 68.743 Thread 0x000002ce39911000 Thread added: 0x000002ce39911000
Event: 68.752 Executing VM operation: RevokeBias
Event: 68.752 Executing VM operation: RevokeBias done
Event: 68.752 Thread 0x000002ce3888f800 Thread exited: 0x000002ce3888f800
Event: 68.825 Thread 0x000002ce4db96800 Thread exited: 0x000002ce4db96800
Event: 68.826 Executing VM operation: Exit


Dynamic libraries:
0x00007ff612410000 - 0x00007ff61241d000 	D:\ProgramFile\jmonkeyplatform\jdk\bin\java.exe
0x00007ffd6d550000 - 0x00007ffd6d745000 	C:\Windows\SYSTEM32\ntdll.dll
0x00007ffd6c1a0000 - 0x00007ffd6c25e000 	C:\Windows\System32\KERNEL32.DLL
0x00007ffd6afe0000 - 0x00007ffd6b2a8000 	C:\Windows\System32\KERNELBASE.dll
0x00007ffd6ac70000 - 0x00007ffd6ad70000 	C:\Windows\System32\ucrtbase.dll
0x00007ffd5fb80000 - 0x00007ffd5fb97000 	D:\ProgramFile\jmonkeyplatform\jdk\bin\jli.dll
0x00007ffd5fda0000 - 0x00007ffd5fdb6000 	D:\ProgramFile\jmonkeyplatform\jdk\bin\VCRUNTIME140.dll
0x00007ffd6c910000 - 0x00007ffd6cab0000 	C:\Windows\System32\USER32.dll
0x00007ffd6b580000 - 0x00007ffd6b5a2000 	C:\Windows\System32\win32u.dll
0x00007ffd4ebe0000 - 0x00007ffd4ee7a000 	C:\Windows\WinSxS\amd64_microsoft.windows.common-controls_6595b64144ccf1df_6.0.19041.1110_none_60b5254171f9507e\COMCTL32.dll
0x00007ffd6ccd0000 - 0x00007ffd6ccfb000 	C:\Windows\System32\GDI32.dll
0x00007ffd6c870000 - 0x00007ffd6c90e000 	C:\Windows\System32\msvcrt.dll
0x00007ffd6ad70000 - 0x00007ffd6ae7b000 	C:\Windows\System32\gdi32full.dll
0x00007ffd6b2b0000 - 0x00007ffd6b34d000 	C:\Windows\System32\msvcp_win.dll
0x00007ffd6bb10000 - 0x00007ffd6bb40000 	C:\Windows\System32\IMM32.DLL
0x00007ffd45000000 - 0x00007ffd4509b000 	D:\ProgramFile\jmonkeyplatform\jdk\bin\msvcp140.dll
0x00007ffd22e80000 - 0x00007ffd2393c000 	D:\ProgramFile\jmonkeyplatform\jdk\bin\server\jvm.dll
0x00007ffd6b6e0000 - 0x00007ffd6b78e000 	C:\Windows\System32\ADVAPI32.dll
0x00007ffd6bf90000 - 0x00007ffd6c02c000 	C:\Windows\System32\sechost.dll
0x00007ffd6c740000 - 0x00007ffd6c865000 	C:\Windows\System32\RPCRT4.dll
0x00007ffd6d500000 - 0x00007ffd6d508000 	C:\Windows\System32\PSAPI.DLL
0x00007ffd5e800000 - 0x00007ffd5e80a000 	C:\Windows\SYSTEM32\VERSION.dll
0x00007ffd5f820000 - 0x00007ffd5f829000 	C:\Windows\SYSTEM32\WSOCK32.dll
0x00007ffd485e0000 - 0x00007ffd48607000 	C:\Windows\SYSTEM32\WINMM.dll
0x00007ffd6cab0000 - 0x00007ffd6cb1b000 	C:\Windows\System32\WS2_32.dll
0x00007ffd69510000 - 0x00007ffd69522000 	C:\Windows\SYSTEM32\kernel.appcore.dll
0x00007ffd5f810000 - 0x00007ffd5f820000 	D:\ProgramFile\jmonkeyplatform\jdk\bin\verify.dll
0x00007ffd68710000 - 0x00007ffd688f4000 	C:\Windows\SYSTEM32\DBGHELP.DLL
0x00007ffd4d510000 - 0x00007ffd4d53c000 	C:\Windows\SYSTEM32\dbgcore.DLL
0x00007ffd6b350000 - 0x00007ffd6b3d2000 	C:\Windows\System32\bcryptPrimitives.dll
0x00007ffd5c490000 - 0x00007ffd5c4b8000 	D:\ProgramFile\jmonkeyplatform\jdk\bin\java.dll
0x00007ffd5e170000 - 0x00007ffd5e187000 	D:\ProgramFile\jmonkeyplatform\jdk\bin\zip.dll
0x00007ffd5e830000 - 0x00007ffd5e83a000 	D:\ProgramFile\jmonkeyplatform\jdk\bin\jimage.dll
0x00007ffd6cdb0000 - 0x00007ffd6d4f4000 	C:\Windows\System32\SHELL32.dll
0x00007ffd68d60000 - 0x00007ffd694f4000 	C:\Windows\SYSTEM32\windows.storage.dll
0x00007ffd6b7b0000 - 0x00007ffd6bb04000 	C:\Windows\System32\combase.dll
0x00007ffd6a660000 - 0x00007ffd6a68c000 	C:\Windows\SYSTEM32\Wldp.dll
0x00007ffd6c090000 - 0x00007ffd6c13d000 	C:\Windows\System32\SHCORE.dll
0x00007ffd6cc70000 - 0x00007ffd6ccc5000 	C:\Windows\System32\shlwapi.dll
0x00007ffd6abb0000 - 0x00007ffd6abcf000 	C:\Windows\SYSTEM32\profapi.dll
0x00007ffd5b310000 - 0x00007ffd5b329000 	D:\ProgramFile\jmonkeyplatform\jdk\bin\net.dll
0x00007ffd61b30000 - 0x00007ffd61c39000 	C:\Windows\SYSTEM32\WINHTTP.dll
0x00007ffd6a3c0000 - 0x00007ffd6a42a000 	C:\Windows\system32\mswsock.dll
0x00007ffd5b2f0000 - 0x00007ffd5b302000 	D:\ProgramFile\jmonkeyplatform\jdk\bin\nio.dll
0x00007ffd1b040000 - 0x00007ffd1b29d000 	D:\gameJava\BasicGame\bulletjme.dll
0x00007ffd388b0000 - 0x00007ffd38a49000 	D:\ProgramFile\jmonkeyplatform\jdk\bin\awt.dll
0x00007ffd6cba0000 - 0x00007ffd6cc6d000 	C:\Windows\System32\OLEAUT32.dll
0x00007ffd67f90000 - 0x00007ffd68020000 	C:\Windows\SYSTEM32\apphelp.dll
0x00007ffd68230000 - 0x00007ffd6825f000 	C:\Windows\system32\DWMAPI.DLL
0x00007ffd68040000 - 0x00007ffd680de000 	C:\Windows\system32\uxtheme.dll
0x00007ffd59960000 - 0x00007ffd59a86000 	C:\Windows\system32\opengl32.dll
0x00007ffd5b010000 - 0x00007ffd5b03c000 	C:\Windows\SYSTEM32\GLU32.dll
0x00007ffd6bc30000 - 0x00007ffd6bd46000 	C:\Windows\System32\MSCTF.dll
0x00007ffd6b5b0000 - 0x00007ffd6b6da000 	C:\Windows\System32\ole32.dll
0x00007ffd3dea0000 - 0x00007ffd3df22000 	D:\ProgramFile\jmonkeyplatform\jdk\bin\freetype.dll
0x00007ffd3d2d0000 - 0x00007ffd3d376000 	D:\ProgramFile\jmonkeyplatform\jdk\bin\fontmanager.dll
0x0000000180000000 - 0x0000000180064000 	D:\gameJava\BasicGame\OpenAL64.dll
0x00007ffd5c930000 - 0x00007ffd5ca29000 	C:\Windows\SYSTEM32\textinputframework.dll
0x00007ffd67670000 - 0x00007ffd679ce000 	C:\Windows\System32\CoreUIComponents.dll
0x00007ffd67d50000 - 0x00007ffd67e42000 	C:\Windows\System32\CoreMessaging.dll
0x00007ffd69970000 - 0x00007ffd699a3000 	C:\Windows\SYSTEM32\ntmarta.dll
0x00007ffd665b0000 - 0x00007ffd66704000 	C:\Windows\SYSTEM32\wintypes.dll
0x000002ce3b290000 - 0x000002ce3b2e3000 	D:\gameJava\BasicGame\lwjgl64.dll
0x00007ffd61520000 - 0x00007ffd615ce000 	C:\Windows\SYSTEM32\mscms.dll
0x00007ffd6ab70000 - 0x00007ffd6ab9e000 	C:\Windows\SYSTEM32\USERENV.dll
0x00007ffd61500000 - 0x00007ffd61511000 	C:\Windows\SYSTEM32\ColorAdapterClient.dll
0x00007ffd6cd00000 - 0x00007ffd6cda9000 	C:\Windows\System32\clbcatq.dll
0x00007ffd5eeb0000 - 0x00007ffd5eef3000 	C:\Windows\System32\Windows.Internal.Graphics.Display.DisplayColorManagement.dll
0x00007ffd6b3e0000 - 0x00007ffd6b42e000 	C:\Windows\System32\cfgmgr32.dll
0x00007ffd5edb0000 - 0x00007ffd5eea9000 	C:\Windows\System32\AppXDeploymentClient.dll
0x00007ffd1e570000 - 0x00007ffd1f57b000 	C:\Windows\System32\DriverStore\FileRepository\iigd_dch.inf_amd64_89b1ad385fab2e0b\igxelpicd64.dll
0x00007ffd69580000 - 0x00007ffd69673000 	C:\Windows\system32\dxgi.dll
0x00007ffd4ca00000 - 0x00007ffd4ccee000 	C:\Windows\System32\DriverStore\FileRepository\iigd_dch.inf_amd64_89b1ad385fab2e0b\igdml64.dll
0x00007ffd14e60000 - 0x00007ffd15228000 	C:\Windows\System32\DriverStore\FileRepository\iigd_dch.inf_amd64_89b1ad385fab2e0b\igdgmm64.dll
0x00007ffcebaf0000 - 0x00007ffcef0d6000 	C:\Windows\System32\DriverStore\FileRepository\iigd_dch.inf_amd64_89b1ad385fab2e0b\igc64.dll
0x00007ffd6a9c0000 - 0x00007ffd6aa0b000 	C:\Windows\SYSTEM32\powrprof.dll
0x00007ffd6a9a0000 - 0x00007ffd6a9b2000 	C:\Windows\SYSTEM32\UMPDC.dll
0x00007ffd5b6b0000 - 0x00007ffd5b735000 	C:\Windows\System32\MMDevApi.dll
0x00007ffd6aa10000 - 0x00007ffd6aa43000 	C:\Windows\System32\DEVOBJ.dll
0x00007ffd55170000 - 0x00007ffd5520c000 	C:\Windows\SYSTEM32\dsound.dll
0x00007ffd53e20000 - 0x00007ffd53e46000 	C:\Windows\SYSTEM32\winmmbase.dll
0x00007ffd48e60000 - 0x00007ffd48fe2000 	C:\Windows\SYSTEM32\AUDIOSES.DLL
0x00007ffd68110000 - 0x00007ffd68124000 	C:\Windows\SYSTEM32\resourcepolicyclient.dll
0x00007ffd5fa10000 - 0x00007ffd5fa17000 	D:\ProgramFile\jmonkeyplatform\jdk\bin\jawt.dll

dbghelp: loaded successfully - version: 4.0.5 - missing functions: none
symbol engine: initialized successfully - sym options: 0x614 - pdb path: .;D:\ProgramFile\jmonkeyplatform\jdk\bin;C:\Windows\SYSTEM32;C:\Windows\WinSxS\amd64_microsoft.windows.common-controls_6595b64144ccf1df_6.0.19041.1110_none_60b5254171f9507e;D:\ProgramFile\jmonkeyplatform\jdk\bin\server;D:\gameJava\BasicGame;C:\Windows\System32\DriverStore\FileRepository\iigd_dch.inf_amd64_89b1ad385fab2e0b

VM Arguments:
jvm_args: -Dfile.encoding=UTF-8 
java_command: mygame.Main
java_class_path (initial): D:\ProgramFile\jmonkeyplatform\jmonkeyplatform\libs\jme3-jogg-3.3.0-stable.jar;D:\ProgramFile\jmonkeyplatform\jmonkeyplatform\libs\j-ogg-all-1.0.0.jar;D:\ProgramFile\jmonkeyplatform\jmonkeyplatform\libs\jme3-networking-3.3.0-stable.jar;D:\ProgramFile\jmonkeyplatform\jmonkeyplatform\libs\jme3-plugins-3.3.0-stable.jar;D:\ProgramFile\jmonkeyplatform\jmonkeyplatform\libs\gson-2.8.1.jar;D:\ProgramFile\jmonkeyplatform\jmonkeyplatform\libs\jme3-core-3.3.0-stable.jar;D:\ProgramFile\jmonkeyplatform\jmonkeyplatform\libs\jme3-desktop-3.3.0-stable.jar;D:\ProgramFile\jmonkeyplatform\jmonkeyplatform\libs\jme3-lwjgl-3.3.0-stable.jar;D:\ProgramFile\jmonkeyplatform\jmonkeyplatform\libs\lwjgl-2.9.3.jar;D:\ProgramFile\jmonkeyplatform\jmonkeyplatform\libs\jinput-2.0.5.jar;D:\ProgramFile\jmonkeyplatform\jmonkeyplatform\libs\jinput-platform-2.0.5-natives-linux.jar;D:\ProgramFile\jmonkeyplatform\jmonkeyplatform\libs\jinput-platform-2.0.5-natives-windows.jar;D:\ProgramFile\jmonkeyplatform\jmonkeyplatform\libs\jinput-platform-2.0.5-natives-osx.jar;D:\ProgramFile\jmonkeyplatform\jmonkeyplatform\libs\jutils-1.0.0.jar;D:\ProgramFile\jmonkeyplatform\jmonkeyplatform\libs\lwjgl-platform-2.9.3-natives-windows.jar;D:\ProgramFile\jmonkeyplatform\jmonkeyplatform\libs\lwjgl-platform-2.9.3-natives-linux.jar;D:\ProgramFile\jmonkeyplatform\jmonkeyplatform\libs\lwjgl-platform-2.9.3-natives-osx.jar;D:\ProgramFile\jmonkeyplatform\jmonkeyplatform\libs\jme3-effects-3.3.0-stable.jar;D:\ProgramFile\jmonkeyplatform\jmonkeyplatform\libs\jme3-terrain-3.3.0-stable.jar;D:\ProgramFile\jmonkeyplatform\jmonkeyplatform\libs\jme3-bullet-3.3.0-stable.jar;D:\ProgramFile\jmonkeyplatform\jmonkeyplatform\libs\jme3-bullet-native-3.3.0-stable.jar;D:\ProgramFile\jmonkeyplatform\jmonkeyplatform\libs\jme3-niftygui-3.3.0-stable.jar;D:\ProgramFile\jmonkeyplatform\jmonkeyplatform\libs\nifty-style-black-1.4.3.jar;D:\ProgramFile\jmonkeyplatform\jmonkeyplatform\libs\nifty-1.4.3.jar;D:\ProgramFile\jmonkeyplat
Launcher Type: SUN_STANDARD

[Global flags]
     intx CICompilerCount                          = 4                                         {product} {ergonomic}
     uint ConcGCThreads                            = 2                                         {product} {ergonomic}
     uint G1ConcRefinementThreads                  = 8                                         {product} {ergonomic}
   size_t G1HeapRegionSize                         = 1048576                                   {product} {ergonomic}
    uintx GCDrainStackTargetSize                   = 64                                        {product} {ergonomic}
   size_t InitialHeapSize                          = 130023424                                 {product} {ergonomic}
   size_t MarkStackSize                            = 4194304                                   {product} {ergonomic}
   size_t MaxHeapSize                              = 2067791872                                {product} {ergonomic}
   size_t MaxNewSize                               = 1240465408                                {product} {ergonomic}
   size_t MinHeapDeltaBytes                        = 1048576                                   {product} {ergonomic}
    uintx NonNMethodCodeHeapSize                   = 5836300                                {pd product} {ergonomic}
    uintx NonProfiledCodeHeapSize                  = 122910970                              {pd product} {ergonomic}
    uintx ProfiledCodeHeapSize                     = 122910970                              {pd product} {ergonomic}
    uintx ReservedCodeCacheSize                    = 251658240                              {pd product} {ergonomic}
     bool SegmentedCodeCache                       = true                                      {product} {ergonomic}
     bool UseCompressedClassPointers               = true                                 {lp64_product} {ergonomic}
     bool UseCompressedOops                        = true                                 {lp64_product} {ergonomic}
     bool UseG1GC                                  = true                                      {product} {ergonomic}
     bool UseLargePagesIndividualAllocation        = false                                  {pd product} {ergonomic}

Logging:
Log output configuration:
 #0: stdout all=warning uptime,level,tags
 #1: stderr all=off uptime,level,tags

Environment Variables:
PATH=C:\Program Files\Common Files\Oracle\Java\javapath;C:\Windows\system32;C:\Windows;C:\Windows\System32\Wbem;C:\Windows\System32\WindowsPowerShell\v1.0\;C:\Windows\System32\OpenSSH\;D:\jME3.5.1-stable;D:\jME3.5.1-stable\lib;C:\Users\beamhun\AppData\Local\Microsoft\WindowsApps;D:\jME3.5.1-stable;D:\jME3.5.1-stable\lib;
USERNAME=beamhun
OS=Windows_NT
PROCESSOR_IDENTIFIER=Intel64 Family 6 Model 140 Stepping 1, GenuineIntel



---------------  S Y S T E M  ---------------

OS: Windows 10 , 64 bit Build 19041 (10.0.19041.1566)

CPU:total 8 (initial active 8) (4 cores per cpu, 2 threads per core) family 6 model 140 stepping 1, cmov, cx8, fxsr, mmx, sse, sse2, sse3, ssse3, sse4.1, sse4.2, popcnt, avx, avx2, aes, clmul, erms, 3dnowpref, lzcnt, ht, tsc, tscinvbit, bmi1, bmi2, adx, evex, sha, fma

Memory: 4k page, system-wide physical 7885M (1388M free)
TotalPageFile size 12334M (AvailPageFile size 3242M)
current process WorkingSet (physical memory assigned to process): 480M, peak: 543M
current process commit charge ("private bytes"): 451M, peak: 514M

vm_info: OpenJDK 64-Bit Server VM (11.0.6+10) for windows-amd64 JRE (11.0.6+10), built on Jan 15 2020 06:14:58 by "" with MS VC++ 15.8 (VS2017)

END.
