#
# A fatal error has been detected by the Java Runtime Environment:
#
#  EXCEPTION_ACCESS_VIOLATION (0xc0000005) at pc=0x00007ffd1e833bcc, pid=20284, tid=9600
#
# JRE version: OpenJDK Runtime Environment (11.0.6+10) (build 11.0.6+10)
# Java VM: OpenJDK 64-Bit Server VM (11.0.6+10, mixed mode, tiered, compressed oops, g1 gc, windows-amd64)
# Problematic frame:
# C  [igxelpicd64.dll+0x2c3bcc]
#
# No core dump will be written. Minidumps are not enabled by default on client versions of Windows
#
# If you would like to submit a bug report, please visit:
#   https://github.com/AdoptOpenJDK/openjdk-support/issues
#

---------------  S U M M A R Y ------------

Command Line: -Dfile.encoding=UTF-8 mygame.Main

Host: 11th Gen Intel(R) Core(TM) i5-1135G7 @ 2.40GHz, 8 cores, 7G,  Windows 10 , 64 bit Build 19041 (10.0.19041.1566)
Time: Thu Apr 21 20:50:46 2022 SE Asia Standard Time elapsed time: 5 seconds (0d 0h 0m 5s)

---------------  T H R E A D  ---------------

Current thread (0x00000163cc678800):  VMThread "VM Thread" [stack: 0x0000001c3d300000,0x0000001c3d400000] [id=9600]

Stack: [0x0000001c3d300000,0x0000001c3d400000],  sp=0x0000001c3d3fe450,  free space=1017k
Native frames: (J=compiled Java code, j=interpreted, Vv=VM code, C=native code)
C  [igxelpicd64.dll+0x2c3bcc]


siginfo: EXCEPTION_ACCESS_VIOLATION (0xc0000005), reading address 0x0000000000035718


Register to memory mapping:

RIP=0x00007ffd1e833bcc igxelpicd64.dll
RAX=0x00000163ce512fd8 points into unknown readable memory: ff 0b 04 00 00 00 00 00
RBX=0x00000163ce512ed0 points into unknown readable memory: f0 bd 67 ce 63 01 00 00
RCX=0x0 is NULL
RDX=0x0 is NULL
RSP=0x0000001c3d3fe450 points into unknown readable memory: 40 f9 92 cd 63 01 00 00
RBP=0x0 is NULL
RSI=0x00000163ce5134a0 points into unknown readable memory: 90 01 61 ce 63 01 00 00
RDI=0x00000163cebffeb0 points into unknown readable memory: 00 6c d2 ce 63 01 00 00
R8 =0x0000000000000014 is an unknown value
R9 =0x0 is NULL
R10=0x0 is NULL
R11=0x0 is NULL
R12=0x0 is NULL
R13=0x00000163ce610190 points into unknown readable memory: f0 bd 67 ce 63 01 00 00
R14=0x0000000000041b00 is an unknown value
R15=0x0000000000000016 is an unknown value


Registers:
RAX=0x00000163ce512fd8, RBX=0x00000163ce512ed0, RCX=0x0000000000000000, RDX=0x0000000000000000
RSP=0x0000001c3d3fe450, RBP=0x0000000000000000, RSI=0x00000163ce5134a0, RDI=0x00000163cebffeb0
R8 =0x0000000000000014, R9 =0x0000000000000000, R10=0x0000000000000000, R11=0x0000000000000000
R12=0x0000000000000000, R13=0x00000163ce610190, R14=0x0000000000041b00, R15=0x0000000000000016
RIP=0x00007ffd1e833bcc, EFLAGS=0x0000000000010206

Top of Stack: (sp=0x0000001c3d3fe450)
0x0000001c3d3fe450:   00000163cd92f940 00007ffd6c9a1070
0x0000001c3d3fe460:   00000163ce610eb0 00007ffd6d5f0ba4
0x0000001c3d3fe470:   00000163cee2e6a0 00000163cedee240
0x0000001c3d3fe480:   00000163cee2e6a0 00007ffd1e5c3f57
0x0000001c3d3fe490:   00000163cee230e0 0000000000041bf6
0x0000001c3d3fe4a0:   0000000000000000 0000000000000010
0x0000001c3d3fe4b0:   0000000000000000 0000000000000000
0x0000001c3d3fe4c0:   0000001c3d3fe5d0 00007ffd1e80e02c
0x0000001c3d3fe4d0:   00000163cd92f940 00000163cebffeb0
0x0000001c3d3fe4e0:   00000163cedee200 00007ffd1e5c6400
0x0000001c3d3fe4f0:   0000001c00001534 0000b802195e0000
0x0000001c3d3fe500:   0000000000000000 0000000000000064
0x0000001c3d3fe510:   0000000000000000 00000163ab660000
0x0000001c3d3fe520:   00007ffd00000028 0000800400001000
0x0000001c3d3fe530:   00000000000004b4 00007ffd1e88fdff
0x0000001c3d3fe540:   0000001c00000000 0000000000000003 

Instructions: (pc=0x00007ffd1e833bcc)
0x00007ffd1e833acc:   ec 40 45 8a e1 48 8b fa 48 8b e9 48 8b 1d b2 a2
0x00007ffd1e833adc:   c8 00 48 89 58 08 48 8b cb ff 15 25 16 82 00 90
0x00007ffd1e833aec:   4c 8b af 78 02 00 00 48 8b 05 f6 83 b8 00 44 8b
0x00007ffd1e833afc:   b8 58 0b 00 00 45 33 db 45 8a f3 4c 89 9f 78 02
0x00007ffd1e833b0c:   00 00 44 89 9f 80 02 00 00 4c 89 9f 98 02 00 00
0x00007ffd1e833b1c:   4c 89 9f 88 02 00 00 48 85 ed 75 38 8b 35 9a 7c
0x00007ffd1e833b2c:   c8 00 65 48 8b 04 25 58 00 00 00 b9 14 00 00 00
0x00007ffd1e833b3c:   48 8b 04 f0 44 38 1c 01 0f 84 ab 1f 70 00 65 48
0x00007ffd1e833b4c:   8b 04 25 58 00 00 00 bd 20 00 00 00 48 8b 04 f0
0x00007ffd1e833b5c:   48 8b 2c 28 48 3b 2d a9 a1 c8 00 45 0f 44 fb 4d
0x00007ffd1e833b6c:   85 ed 0f 84 21 01 00 00 44 8a a4 24 90 00 00 00
0x00007ffd1e833b7c:   49 8b dd 49 8d b5 d0 05 00 00 4c 8b 2e 45 84 e4
0x00007ffd1e833b8c:   0f 85 2a 03 00 00 8b 97 c8 01 00 00 48 8b 05 51
0x00007ffd1e833b9c:   83 b8 00 83 b8 78 03 00 00 02 75 31 83 fa 10 0f
0x00007ffd1e833bac:   83 17 01 00 00 48 8d 04 d5 21 00 00 00 48 03 c2
0x00007ffd1e833bbc:   48 8d 04 c3 48 85 c0 0f 85 2e 01 00 00 49 8b cb
0x00007ffd1e833bcc:   48 3b 8d 18 57 03 00 0f 87 f3 02 00 00 4c 39 9b
0x00007ffd1e833bdc:   48 06 00 00 0f 85 4f 1f 70 00 44 8b 97 c8 01 00
0x00007ffd1e833bec:   00 48 8b 87 e0 01 00 00 4c 8b 08 8b 97 c8 01 00
0x00007ffd1e833bfc:   00 83 fa 10 0f 83 03 01 00 00 48 8d 04 d5 21 00
0x00007ffd1e833c0c:   00 00 48 03 c2 48 8d 04 c3 48 85 c0 0f 85 e2 00
0x00007ffd1e833c1c:   00 00 49 8b cb 49 3b c9 0f 86 0e 01 00 00 48 8b
0x00007ffd1e833c2c:   87 78 02 00 00 48 89 06 48 89 9f 78 02 00 00 ff
0x00007ffd1e833c3c:   87 80 02 00 00 48 8b 43 08 48 8b 88 18 01 00 00
0x00007ffd1e833c4c:   48 81 e1 00 00 ff ff 48 81 c1 00 00 01 00 48 01
0x00007ffd1e833c5c:   8f 88 02 00 00 48 8b 43 08 48 8b 88 18 01 00 00
0x00007ffd1e833c6c:   48 01 8f 98 02 00 00 4d 85 ed 0f 85 00 ff ff ff
0x00007ffd1e833c7c:   45 84 f6 44 8a a4 24 98 00 00 00 0f 85 82 03 00
0x00007ffd1e833c8c:   00 48 8b 9c 24 80 00 00 00 48 8b cf 45 84 e4 0f
0x00007ffd1e833c9c:   85 8a 03 00 00 e8 8a fa ff ff 90 48 8b cb 48 8b
0x00007ffd1e833cac:   9c 24 88 00 00 00 48 83 c4 40 41 5f 41 5e 41 5d
0x00007ffd1e833cbc:   41 5c 5f 5e 5d 48 ff 25 50 14 82 00 8d 4a f0 8b 


Stack slot to memory mapping:
stack at sp + 0 slots: 0x00000163cd92f940 points into unknown readable memory: ff ff ff ff ff ff ff ff
stack at sp + 1 slots: 0x00007ffd6c9a1070 USER32.dll
stack at sp + 2 slots: 0x00000163ce610eb0 points into unknown readable memory: f0 bd 67 ce 63 01 00 00
stack at sp + 3 slots: 0x00007ffd6d5f0ba4 ntdll.dll
stack at sp + 4 slots: 0x00000163cee2e6a0 points into unknown readable memory: 01 00 00 00 00 00 00 00
stack at sp + 5 slots: 0x00000163cedee240 points into unknown readable memory: 40 ca 37 ce 63 01 00 00
stack at sp + 6 slots: 0x00000163cee2e6a0 points into unknown readable memory: 01 00 00 00 00 00 00 00
stack at sp + 7 slots: 0x00007ffd1e5c3f57 igxelpicd64.dll

VM_Operation (0x0000001c3e3fb1a0): Exit, mode: safepoint, requested by thread 0x00000163cdb82800


---------------  P R O C E S S  ---------------

Threads class SMR info:
_java_thread_list=0x00000163cd9942d0, length=16, elements={
0x00000163cc67a800, 0x00000163cc67b800, 0x00000163ccfe7800, 0x00000163ccfe9000,
0x00000163ccfea000, 0x00000163ccfee000, 0x00000163ccfef800, 0x00000163cd15d800,
0x00000163cd167800, 0x00000163cd6fd800, 0x00000163cd6ff000, 0x00000163cd75a000,
0x00000163cdb82800, 0x00000163ab947000, 0x00000163cece8000, 0x00000163ceca7000
}

Java Threads: ( => current thread )
  0x00000163cc67a800 JavaThread "Reference Handler" daemon [_thread_blocked, id=13368, stack(0x0000001c3d400000,0x0000001c3d500000)]
  0x00000163cc67b800 JavaThread "Finalizer" daemon [_thread_blocked, id=16352, stack(0x0000001c3d500000,0x0000001c3d600000)]
  0x00000163ccfe7800 JavaThread "Signal Dispatcher" daemon [_thread_blocked, id=5884, stack(0x0000001c3d600000,0x0000001c3d700000)]
  0x00000163ccfe9000 JavaThread "Attach Listener" daemon [_thread_blocked, id=16608, stack(0x0000001c3d700000,0x0000001c3d800000)]
  0x00000163ccfea000 JavaThread "C2 CompilerThread0" daemon [_thread_blocked, id=5540, stack(0x0000001c3d800000,0x0000001c3d900000)]
  0x00000163ccfee000 JavaThread "C1 CompilerThread0" daemon [_thread_blocked, id=2128, stack(0x0000001c3d900000,0x0000001c3da00000)]
  0x00000163ccfef800 JavaThread "Sweeper thread" daemon [_thread_blocked, id=19512, stack(0x0000001c3da00000,0x0000001c3db00000)]
  0x00000163cd15d800 JavaThread "Service Thread" daemon [_thread_blocked, id=8200, stack(0x0000001c3db00000,0x0000001c3dc00000)]
  0x00000163cd167800 JavaThread "Common-Cleaner" daemon [_thread_blocked, id=14744, stack(0x0000001c3dd00000,0x0000001c3de00000)]
  0x00000163cd6fd800 JavaThread "Java2D Disposer" daemon [_thread_blocked, id=2632, stack(0x0000001c3df00000,0x0000001c3e000000)]
  0x00000163cd6ff000 JavaThread "AWT-Shutdown" [_thread_blocked, id=19060, stack(0x0000001c3e000000,0x0000001c3e100000)]
  0x00000163cd75a000 JavaThread "jME3 Main" [_thread_blocked, id=12668, stack(0x0000001c3e200000,0x0000001c3e300000)]
  0x00000163cdb82800 JavaThread "AWT-EventQueue-0" [_thread_blocked, id=10328, stack(0x0000001c3e300000,0x0000001c3e400000)]
  0x00000163ab947000 JavaThread "DestroyJavaVM" [_thread_blocked, id=18148, stack(0x0000001c3cd00000,0x0000001c3ce00000)]
  0x00000163cece8000 JavaThread "jME3 Audio Decoder" daemon [_thread_blocked, id=18724, stack(0x0000001c3e900000,0x0000001c3ea00000)]
  0x00000163ceca7000 JavaThread "LWJGL Timer" daemon [_thread_blocked, id=18392, stack(0x0000001c3e500000,0x0000001c3e600000)]

Other Threads:
=>0x00000163cc678800 VMThread "VM Thread" [stack: 0x0000001c3d300000,0x0000001c3d400000] [id=9600]
  0x00000163ab95e800 GCTaskThread "GC Thread#0" [stack: 0x0000001c3ce00000,0x0000001c3cf00000] [id=18728]
  0x00000163ceb4c800 GCTaskThread "GC Thread#1" [stack: 0x0000001c3ea00000,0x0000001c3eb00000] [id=9848]
  0x00000163ceb31800 GCTaskThread "GC Thread#2" [stack: 0x0000001c3eb00000,0x0000001c3ec00000] [id=15496]
  0x00000163ceb32000 GCTaskThread "GC Thread#3" [stack: 0x0000001c3ec00000,0x0000001c3ed00000] [id=980]
  0x00000163ceb33000 GCTaskThread "GC Thread#4" [stack: 0x0000001c3ed00000,0x0000001c3ee00000] [id=3812]
  0x00000163ceb21800 GCTaskThread "GC Thread#5" [stack: 0x0000001c3ee00000,0x0000001c3ef00000] [id=18576]
  0x00000163ceb22000 GCTaskThread "GC Thread#6" [stack: 0x0000001c3ef00000,0x0000001c3f000000] [id=6128]
  0x00000163ceb23000 GCTaskThread "GC Thread#7" [stack: 0x0000001c3f000000,0x0000001c3f100000] [id=1608]
  0x00000163ab9a3800 ConcurrentGCThread "G1 Main Marker" [stack: 0x0000001c3cf00000,0x0000001c3d000000] [id=1308]
  0x00000163ab9a6000 ConcurrentGCThread "G1 Conc#0" [stack: 0x0000001c3d000000,0x0000001c3d100000] [id=3180]
  0x00000163ceba4000 ConcurrentGCThread "G1 Conc#1" [stack: 0x0000001c3f200000,0x0000001c3f300000] [id=7164]
  0x00000163cc4b0800 ConcurrentGCThread "G1 Refine#0" [stack: 0x0000001c3d100000,0x0000001c3d200000] [id=2152]
  0x00000163cd301800 ConcurrentGCThread "G1 Refine#1" [stack: 0x0000001c3f100000,0x0000001c3f200000] [id=540]
  0x00000163aba2b000 ConcurrentGCThread "G1 Young RemSet Sampling" [stack: 0x0000001c3d200000,0x0000001c3d300000] [id=6364]

Threads with active compile tasks:

VM state:at safepoint (shutting down)

VM Mutex/Monitor currently owned by a thread:  ([mutex/lock_event])
[0x00000163ab946af0] Threads_lock - owner thread: 0x00000163cc678800

Heap address: 0x0000000084c00000, size: 1972 MB, Compressed Oops mode: 32-bit
Narrow klass base: 0x0000000000000000, Narrow klass shift: 3
Compressed class space size: 1073741824 Address: 0x0000000100000000

Heap:
 garbage-first heap   total 126976K, used 107239K [0x0000000084c00000, 0x0000000100000000)
  region size 1024K, 13 young (13312K), 1 survivors (1024K)
 Metaspace       used 21985K, capacity 22492K, committed 22784K, reserved 1069056K
  class space    used 2064K, capacity 2266K, committed 2304K, reserved 1048576K
Heap Regions: E=young(eden), S=young(survivor), O=old, HS=humongous(starts), HC=humongous(continues), CS=collection set, F=free, A=archive, TAMS=top-at-mark-start (previous, next)
|   0|0x0000000084c00000, 0x0000000084d00000, 0x0000000084d00000|100%|HS|  |TAMS 0x0000000084d00000, 0x0000000084c00000| Complete 
|   1|0x0000000084d00000, 0x0000000084e00000, 0x0000000084e00000|100%|HC|  |TAMS 0x0000000084e00000, 0x0000000084d00000| Complete 
|   2|0x0000000084e00000, 0x0000000084f00000, 0x0000000084f00000|100%|HC|  |TAMS 0x0000000084f00000, 0x0000000084e00000| Complete 
|   3|0x0000000084f00000, 0x0000000085000000, 0x0000000085000000|100%|HC|  |TAMS 0x0000000085000000, 0x0000000084f00000| Complete 
|   4|0x0000000085000000, 0x0000000085100000, 0x0000000085100000|100%|HC|  |TAMS 0x0000000085100000, 0x0000000085000000| Complete 
|   5|0x0000000085100000, 0x0000000085200000, 0x0000000085200000|100%|HC|  |TAMS 0x0000000085200000, 0x0000000085100000| Complete 
|   6|0x0000000085200000, 0x0000000085300000, 0x0000000085300000|100%|HC|  |TAMS 0x0000000085300000, 0x0000000085200000| Complete 
|   7|0x0000000085300000, 0x0000000085400000, 0x0000000085400000|100%|HC|  |TAMS 0x0000000085400000, 0x0000000085300000| Complete 
|   8|0x0000000085400000, 0x0000000085500000, 0x0000000085500000|100%| O|  |TAMS 0x0000000085500000, 0x0000000085400000| Untracked 
|   9|0x0000000085500000, 0x0000000085600000, 0x0000000085600000|100%| O|  |TAMS 0x0000000085600000, 0x0000000085500000| Untracked 
|  10|0x0000000085600000, 0x0000000085700000, 0x0000000085700000|100%| O|  |TAMS 0x0000000085700000, 0x0000000085600000| Untracked 
|  11|0x0000000085700000, 0x0000000085800000, 0x0000000085800000|100%| O|  |TAMS 0x0000000085800000, 0x0000000085700000| Untracked 
|  12|0x0000000085800000, 0x0000000085864000, 0x0000000085900000| 39%| O|  |TAMS 0x0000000085864000, 0x0000000085800000| Untracked 
|  13|0x0000000085900000, 0x0000000085a00000, 0x0000000085a00000|100%|HS|  |TAMS 0x0000000085900000, 0x0000000085900000| Complete 
|  14|0x0000000085a00000, 0x0000000085b00000, 0x0000000085b00000|100%|HC|  |TAMS 0x0000000085a00000, 0x0000000085a00000| Complete 
|  15|0x0000000085b00000, 0x0000000085c00000, 0x0000000085c00000|100%|HC|  |TAMS 0x0000000085b00000, 0x0000000085b00000| Complete 
|  16|0x0000000085c00000, 0x0000000085d00000, 0x0000000085d00000|100%|HC|  |TAMS 0x0000000085c00000, 0x0000000085c00000| Complete 
|  17|0x0000000085d00000, 0x0000000085e00000, 0x0000000085e00000|100%|HC|  |TAMS 0x0000000085d00000, 0x0000000085d00000| Complete 
|  18|0x0000000085e00000, 0x0000000085f00000, 0x0000000085f00000|100%|HC|  |TAMS 0x0000000085e00000, 0x0000000085e00000| Complete 
|  19|0x0000000085f00000, 0x0000000086000000, 0x0000000086000000|100%|HC|  |TAMS 0x0000000085f00000, 0x0000000085f00000| Complete 
|  20|0x0000000086000000, 0x0000000086100000, 0x0000000086100000|100%|HC|  |TAMS 0x0000000086000000, 0x0000000086000000| Complete 
|  21|0x0000000086100000, 0x0000000086200000, 0x0000000086200000|100%|HC|  |TAMS 0x0000000086100000, 0x0000000086100000| Complete 
|  22|0x0000000086200000, 0x0000000086300000, 0x0000000086300000|100%|HC|  |TAMS 0x0000000086200000, 0x0000000086200000| Complete 
|  23|0x0000000086300000, 0x0000000086400000, 0x0000000086400000|100%|HC|  |TAMS 0x0000000086300000, 0x0000000086300000| Complete 
|  24|0x0000000086400000, 0x0000000086500000, 0x0000000086500000|100%|HC|  |TAMS 0x0000000086400000, 0x0000000086400000| Complete 
|  25|0x0000000086500000, 0x0000000086600000, 0x0000000086600000|100%|HC|  |TAMS 0x0000000086500000, 0x0000000086500000| Complete 
|  26|0x0000000086600000, 0x0000000086700000, 0x0000000086700000|100%|HC|  |TAMS 0x0000000086600000, 0x0000000086600000| Complete 
|  27|0x0000000086700000, 0x0000000086800000, 0x0000000086800000|100%|HC|  |TAMS 0x0000000086700000, 0x0000000086700000| Complete 
|  28|0x0000000086800000, 0x0000000086900000, 0x0000000086900000|100%|HC|  |TAMS 0x0000000086800000, 0x0000000086800000| Complete 
|  29|0x0000000086900000, 0x0000000086a00000, 0x0000000086a00000|100%|HC|  |TAMS 0x0000000086900000, 0x0000000086900000| Complete 
|  30|0x0000000086a00000, 0x0000000086b00000, 0x0000000086b00000|100%|HC|  |TAMS 0x0000000086a00000, 0x0000000086a00000| Complete 
|  31|0x0000000086b00000, 0x0000000086c00000, 0x0000000086c00000|100%|HC|  |TAMS 0x0000000086b00000, 0x0000000086b00000| Complete 
|  32|0x0000000086c00000, 0x0000000086d00000, 0x0000000086d00000|100%|HC|  |TAMS 0x0000000086c00000, 0x0000000086c00000| Complete 
|  33|0x0000000086d00000, 0x0000000086e00000, 0x0000000086e00000|100%|HC|  |TAMS 0x0000000086d00000, 0x0000000086d00000| Complete 
|  34|0x0000000086e00000, 0x0000000086f00000, 0x0000000086f00000|100%|HC|  |TAMS 0x0000000086e00000, 0x0000000086e00000| Complete 
|  35|0x0000000086f00000, 0x0000000087000000, 0x0000000087000000|100%|HC|  |TAMS 0x0000000086f00000, 0x0000000086f00000| Complete 
|  36|0x0000000087000000, 0x0000000087100000, 0x0000000087100000|100%|HC|  |TAMS 0x0000000087000000, 0x0000000087000000| Complete 
|  37|0x0000000087100000, 0x0000000087200000, 0x0000000087200000|100%|HC|  |TAMS 0x0000000087100000, 0x0000000087100000| Complete 
|  38|0x0000000087200000, 0x0000000087300000, 0x0000000087300000|100%|HC|  |TAMS 0x0000000087200000, 0x0000000087200000| Complete 
|  39|0x0000000087300000, 0x0000000087400000, 0x0000000087400000|100%|HC|  |TAMS 0x0000000087300000, 0x0000000087300000| Complete 
|  40|0x0000000087400000, 0x0000000087500000, 0x0000000087500000|100%|HC|  |TAMS 0x0000000087400000, 0x0000000087400000| Complete 
|  41|0x0000000087500000, 0x0000000087600000, 0x0000000087600000|100%|HC|  |TAMS 0x0000000087500000, 0x0000000087500000| Complete 
|  42|0x0000000087600000, 0x0000000087700000, 0x0000000087700000|100%|HC|  |TAMS 0x0000000087600000, 0x0000000087600000| Complete 
|  43|0x0000000087700000, 0x0000000087800000, 0x0000000087800000|100%|HC|  |TAMS 0x0000000087700000, 0x0000000087700000| Complete 
|  44|0x0000000087800000, 0x0000000087900000, 0x0000000087900000|100%|HC|  |TAMS 0x0000000087800000, 0x0000000087800000| Complete 
|  45|0x0000000087900000, 0x0000000087a00000, 0x0000000087a00000|100%|HC|  |TAMS 0x0000000087900000, 0x0000000087900000| Complete 
|  46|0x0000000087a00000, 0x0000000087b00000, 0x0000000087b00000|100%|HC|  |TAMS 0x0000000087a00000, 0x0000000087a00000| Complete 
|  47|0x0000000087b00000, 0x0000000087b00000, 0x0000000087c00000|  0%| F|  |TAMS 0x0000000087b00000, 0x0000000087b00000| Untracked 
|  48|0x0000000087c00000, 0x0000000087c00000, 0x0000000087d00000|  0%| F|  |TAMS 0x0000000087c00000, 0x0000000087c00000| Untracked 
|  49|0x0000000087d00000, 0x0000000087d00000, 0x0000000087e00000|  0%| F|  |TAMS 0x0000000087d00000, 0x0000000087d00000| Untracked 
|  50|0x0000000087e00000, 0x0000000087e00000, 0x0000000087f00000|  0%| F|  |TAMS 0x0000000087e00000, 0x0000000087e00000| Untracked 
|  51|0x0000000087f00000, 0x0000000087f00000, 0x0000000088000000|  0%| F|  |TAMS 0x0000000087f00000, 0x0000000087f00000| Untracked 
|  52|0x0000000088000000, 0x0000000088000000, 0x0000000088100000|  0%| F|  |TAMS 0x0000000088000000, 0x0000000088000000| Untracked 
|  53|0x0000000088100000, 0x0000000088100000, 0x0000000088200000|  0%| F|  |TAMS 0x0000000088100000, 0x0000000088100000| Untracked 
|  54|0x0000000088200000, 0x0000000088200000, 0x0000000088300000|  0%| F|  |TAMS 0x0000000088200000, 0x0000000088200000| Untracked 
|  55|0x0000000088300000, 0x0000000088300000, 0x0000000088400000|  0%| F|  |TAMS 0x0000000088300000, 0x0000000088300000| Untracked 
|  56|0x0000000088400000, 0x0000000088400000, 0x0000000088500000|  0%| F|  |TAMS 0x0000000088400000, 0x0000000088400000| Untracked 
|  57|0x0000000088500000, 0x0000000088500000, 0x0000000088600000|  0%| F|  |TAMS 0x0000000088500000, 0x0000000088500000| Untracked 
|  58|0x0000000088600000, 0x0000000088700000, 0x0000000088700000|100%|HS|  |TAMS 0x0000000088700000, 0x0000000088600000| Complete 
|  59|0x0000000088700000, 0x0000000088800000, 0x0000000088800000|100%|HC|  |TAMS 0x0000000088800000, 0x0000000088700000| Complete 
|  60|0x0000000088800000, 0x0000000088900000, 0x0000000088900000|100%|HC|  |TAMS 0x0000000088900000, 0x0000000088800000| Complete 
|  61|0x0000000088900000, 0x0000000088a00000, 0x0000000088a00000|100%|HC|  |TAMS 0x0000000088a00000, 0x0000000088900000| Complete 
|  62|0x0000000088a00000, 0x0000000088b00000, 0x0000000088b00000|100%|HC|  |TAMS 0x0000000088b00000, 0x0000000088a00000| Complete 
|  63|0x0000000088b00000, 0x0000000088c00000, 0x0000000088c00000|100%|HC|  |TAMS 0x0000000088c00000, 0x0000000088b00000| Complete 
|  64|0x0000000088c00000, 0x0000000088d00000, 0x0000000088d00000|100%|HC|  |TAMS 0x0000000088d00000, 0x0000000088c00000| Complete 
|  65|0x0000000088d00000, 0x0000000088e00000, 0x0000000088e00000|100%|HC|  |TAMS 0x0000000088e00000, 0x0000000088d00000| Complete 
|  66|0x0000000088e00000, 0x0000000088f00000, 0x0000000088f00000|100%|HC|  |TAMS 0x0000000088f00000, 0x0000000088e00000| Complete 
|  67|0x0000000088f00000, 0x0000000089000000, 0x0000000089000000|100%|HC|  |TAMS 0x0000000089000000, 0x0000000088f00000| Complete 
|  68|0x0000000089000000, 0x0000000089100000, 0x0000000089100000|100%|HC|  |TAMS 0x0000000089100000, 0x0000000089000000| Complete 
|  69|0x0000000089100000, 0x0000000089200000, 0x0000000089200000|100%|HC|  |TAMS 0x0000000089200000, 0x0000000089100000| Complete 
|  70|0x0000000089200000, 0x0000000089300000, 0x0000000089300000|100%|HC|  |TAMS 0x0000000089300000, 0x0000000089200000| Complete 
|  71|0x0000000089300000, 0x0000000089400000, 0x0000000089400000|100%|HC|  |TAMS 0x0000000089400000, 0x0000000089300000| Complete 
|  72|0x0000000089400000, 0x0000000089500000, 0x0000000089500000|100%|HC|  |TAMS 0x0000000089500000, 0x0000000089400000| Complete 
|  73|0x0000000089500000, 0x0000000089600000, 0x0000000089600000|100%|HC|  |TAMS 0x0000000089600000, 0x0000000089500000| Complete 
|  74|0x0000000089600000, 0x0000000089700000, 0x0000000089700000|100%|HC|  |TAMS 0x0000000089700000, 0x0000000089600000| Complete 
|  75|0x0000000089700000, 0x0000000089800000, 0x0000000089800000|100%|HC|  |TAMS 0x0000000089800000, 0x0000000089700000| Complete 
|  76|0x0000000089800000, 0x0000000089900000, 0x0000000089900000|100%|HC|  |TAMS 0x0000000089900000, 0x0000000089800000| Complete 
|  77|0x0000000089900000, 0x0000000089a00000, 0x0000000089a00000|100%|HC|  |TAMS 0x0000000089a00000, 0x0000000089900000| Complete 
|  78|0x0000000089a00000, 0x0000000089b00000, 0x0000000089b00000|100%|HC|  |TAMS 0x0000000089b00000, 0x0000000089a00000| Complete 
|  79|0x0000000089b00000, 0x0000000089c00000, 0x0000000089c00000|100%|HC|  |TAMS 0x0000000089c00000, 0x0000000089b00000| Complete 
|  80|0x0000000089c00000, 0x0000000089d00000, 0x0000000089d00000|100%|HC|  |TAMS 0x0000000089d00000, 0x0000000089c00000| Complete 
|  81|0x0000000089d00000, 0x0000000089e00000, 0x0000000089e00000|100%|HC|  |TAMS 0x0000000089e00000, 0x0000000089d00000| Complete 
|  82|0x0000000089e00000, 0x0000000089f00000, 0x0000000089f00000|100%|HC|  |TAMS 0x0000000089f00000, 0x0000000089e00000| Complete 
|  83|0x0000000089f00000, 0x000000008a000000, 0x000000008a000000|100%|HC|  |TAMS 0x000000008a000000, 0x0000000089f00000| Complete 
|  84|0x000000008a000000, 0x000000008a100000, 0x000000008a100000|100%|HC|  |TAMS 0x000000008a100000, 0x000000008a000000| Complete 
|  85|0x000000008a100000, 0x000000008a200000, 0x000000008a200000|100%|HC|  |TAMS 0x000000008a200000, 0x000000008a100000| Complete 
|  86|0x000000008a200000, 0x000000008a300000, 0x000000008a300000|100%|HC|  |TAMS 0x000000008a300000, 0x000000008a200000| Complete 
|  87|0x000000008a300000, 0x000000008a400000, 0x000000008a400000|100%|HC|  |TAMS 0x000000008a400000, 0x000000008a300000| Complete 
|  88|0x000000008a400000, 0x000000008a500000, 0x000000008a500000|100%|HC|  |TAMS 0x000000008a500000, 0x000000008a400000| Complete 
|  89|0x000000008a500000, 0x000000008a600000, 0x000000008a600000|100%|HC|  |TAMS 0x000000008a600000, 0x000000008a500000| Complete 
|  90|0x000000008a600000, 0x000000008a700000, 0x000000008a700000|100%|HC|  |TAMS 0x000000008a700000, 0x000000008a600000| Complete 
|  91|0x000000008a700000, 0x000000008a800000, 0x000000008a800000|100%|HC|  |TAMS 0x000000008a800000, 0x000000008a700000| Complete 
|  92|0x000000008a800000, 0x000000008a900000, 0x000000008a900000|100%|HC|  |TAMS 0x000000008a900000, 0x000000008a800000| Complete 
|  93|0x000000008a900000, 0x000000008aa00000, 0x000000008aa00000|100%|HC|  |TAMS 0x000000008aa00000, 0x000000008a900000| Complete 
|  94|0x000000008aa00000, 0x000000008ab00000, 0x000000008ab00000|100%|HC|  |TAMS 0x000000008ab00000, 0x000000008aa00000| Complete 
|  95|0x000000008ab00000, 0x000000008ac00000, 0x000000008ac00000|100%|HC|  |TAMS 0x000000008ac00000, 0x000000008ab00000| Complete 
|  96|0x000000008ac00000, 0x000000008ad00000, 0x000000008ad00000|100%|HC|  |TAMS 0x000000008ad00000, 0x000000008ac00000| Complete 
|  97|0x000000008ad00000, 0x000000008ae00000, 0x000000008ae00000|100%|HC|  |TAMS 0x000000008ae00000, 0x000000008ad00000| Complete 
|  98|0x000000008ae00000, 0x000000008af00000, 0x000000008af00000|100%|HC|  |TAMS 0x000000008af00000, 0x000000008ae00000| Complete 
|  99|0x000000008af00000, 0x000000008b000000, 0x000000008b000000|100%|HC|  |TAMS 0x000000008b000000, 0x000000008af00000| Complete 
| 100|0x000000008b000000, 0x000000008b100000, 0x000000008b100000|100%|HC|  |TAMS 0x000000008b100000, 0x000000008b000000| Complete 
| 101|0x000000008b100000, 0x000000008b200000, 0x000000008b200000|100%|HC|  |TAMS 0x000000008b200000, 0x000000008b100000| Complete 
| 102|0x000000008b200000, 0x000000008b300000, 0x000000008b300000|100%|HC|  |TAMS 0x000000008b300000, 0x000000008b200000| Complete 
| 103|0x000000008b300000, 0x000000008b400000, 0x000000008b400000|100%|HC|  |TAMS 0x000000008b400000, 0x000000008b300000| Complete 
| 104|0x000000008b400000, 0x000000008b500000, 0x000000008b500000|100%|HC|  |TAMS 0x000000008b500000, 0x000000008b400000| Complete 
| 105|0x000000008b500000, 0x000000008b600000, 0x000000008b600000|100%|HC|  |TAMS 0x000000008b600000, 0x000000008b500000| Complete 
| 106|0x000000008b600000, 0x000000008b600000, 0x000000008b700000|  0%| F|  |TAMS 0x000000008b600000, 0x000000008b600000| Untracked 
| 107|0x000000008b700000, 0x000000008b700000, 0x000000008b800000|  0%| F|  |TAMS 0x000000008b700000, 0x000000008b700000| Untracked 
| 108|0x000000008b800000, 0x000000008b800000, 0x000000008b900000|  0%| F|  |TAMS 0x000000008b800000, 0x000000008b800000| Untracked 
| 109|0x000000008b900000, 0x000000008b900000, 0x000000008ba00000|  0%| F|  |TAMS 0x000000008b900000, 0x000000008b900000| Untracked 
| 110|0x000000008ba00000, 0x000000008ba00000, 0x000000008bb00000|  0%| F|  |TAMS 0x000000008ba00000, 0x000000008ba00000| Untracked 
| 111|0x000000008bb00000, 0x000000008bbc0d40, 0x000000008bc00000| 75%| E|  |TAMS 0x000000008bb00000, 0x000000008bb00000| Complete 
| 112|0x000000008bc00000, 0x000000008bd00000, 0x000000008bd00000|100%| E|CS|TAMS 0x000000008bc00000, 0x000000008bc00000| Complete 
| 113|0x000000008bd00000, 0x000000008be00000, 0x000000008be00000|100%| E|CS|TAMS 0x000000008bd00000, 0x000000008bd00000| Complete 
| 114|0x000000008be00000, 0x000000008bf00000, 0x000000008bf00000|100%| E|  |TAMS 0x000000008be00000, 0x000000008be00000| Complete 
| 115|0x000000008bf00000, 0x000000008c000000, 0x000000008c000000|100%| E|CS|TAMS 0x000000008bf00000, 0x000000008bf00000| Complete 
| 116|0x000000008c000000, 0x000000008c100000, 0x000000008c100000|100%| E|CS|TAMS 0x000000008c000000, 0x000000008c000000| Complete 
| 117|0x000000008c100000, 0x000000008c200000, 0x000000008c200000|100%| E|CS|TAMS 0x000000008c100000, 0x000000008c100000| Complete 
| 118|0x000000008c200000, 0x000000008c300000, 0x000000008c300000|100%| E|CS|TAMS 0x000000008c200000, 0x000000008c200000| Complete 
| 119|0x000000008c300000, 0x000000008c400000, 0x000000008c400000|100%| E|CS|TAMS 0x000000008c300000, 0x000000008c300000| Complete 
| 120|0x000000008c400000, 0x000000008c500000, 0x000000008c500000|100%| E|CS|TAMS 0x000000008c400000, 0x000000008c400000| Complete 
| 121|0x000000008c500000, 0x000000008c600000, 0x000000008c600000|100%| E|CS|TAMS 0x000000008c500000, 0x000000008c500000| Complete 
| 122|0x000000008c600000, 0x000000008c700000, 0x000000008c700000|100%| E|CS|TAMS 0x000000008c600000, 0x000000008c600000| Complete 
| 123|0x000000008c700000, 0x000000008c755f00, 0x000000008c800000| 33%| S|CS|TAMS 0x000000008c700000, 0x000000008c700000| Complete 

Card table byte_map: [0x00000163c5630000,0x00000163c5a10000] _byte_map_base: 0x00000163c520a000

Marking Bits (Prev, Next): (CMBitMap*) 0x00000163ab9a2db0, (CMBitMap*) 0x00000163ab9a2d78
 Prev Bits: [0x00000163c7cc0000, 0x00000163c9b90000)
 Next Bits: [0x00000163c5df0000, 0x00000163c7cc0000)

Polling page: 0x00000163aba30000

Metaspace:

Usage:
  Non-class:     19.75 MB capacity,    19.45 MB ( 98%) used,   251.82 KB (  1%) free+waste,    52.75 KB ( <1%) overhead. 
      Class:      2.21 MB capacity,     2.02 MB ( 91%) used,   175.66 KB (  8%) free+waste,    26.06 KB (  1%) overhead. 
       Both:     21.96 MB capacity,    21.47 MB ( 98%) used,   427.48 KB (  2%) free+waste,    78.81 KB ( <1%) overhead. 

Virtual space:
  Non-class space:       20.00 MB reserved,      20.00 MB (100%) committed 
      Class space:        1.00 GB reserved,       2.25 MB ( <1%) committed 
             Both:        1.02 GB reserved,      22.25 MB (  2%) committed 

Chunk freelists:
   Non-Class:  62.00 KB
       Class:  6.00 KB
        Both:  68.00 KB

MaxMetaspaceSize: 17179869184.00 GB
CompressedClassSpaceSize: 1.00 GB

CodeHeap 'non-profiled nmethods': size=120000Kb used=917Kb max_used=917Kb free=119082Kb
 bounds [0x00000163bd2b0000, 0x00000163bd520000, 0x00000163c47e0000]
CodeHeap 'profiled nmethods': size=120000Kb used=4421Kb max_used=4421Kb free=115578Kb
 bounds [0x00000163b5d80000, 0x00000163b61e0000, 0x00000163bd2b0000]
CodeHeap 'non-nmethods': size=5760Kb used=1306Kb max_used=1328Kb free=4454Kb
 bounds [0x00000163b57e0000, 0x00000163b5a50000, 0x00000163b5d80000]
 total_blobs=3884 nmethods=2330 adapters=621
 compilation: enabled
              stopped_count=0, restarted_count=0
 full_count=0

Compilation events (20 events):
Event: 5.201 Thread 0x00000163ccfee000 2324       3       com.jme3.renderer.Camera::getProjectionMatrix (17 bytes)
Event: 5.201 Thread 0x00000163ccfee000 nmethod 2324 0x00000163b61cbf10 code [0x00000163b61cc0c0, 0x00000163b61cc278]
Event: 5.201 Thread 0x00000163ccfee000 2325       3       com.jme3.shader.UniformBindingManager::setCamera (84 bytes)
Event: 5.202 Thread 0x00000163ccfee000 nmethod 2325 0x00000163b61cc310 code [0x00000163b61cc560, 0x00000163b61ccb20]
Event: 5.202 Thread 0x00000163ccfee000 2326       3       com.jme3.renderer.RenderManager::renderViewPortQueues (258 bytes)
Event: 5.202 Thread 0x00000163ccfee000 nmethod 2326 0x00000163b61cce90 code [0x00000163b61cd260, 0x00000163b61ce310]
Event: 5.202 Thread 0x00000163ccfee000 2327       3       com.jme3.renderer.queue.RenderQueue::renderQueue (147 bytes)
Event: 5.203 Thread 0x00000163ccfee000 nmethod 2327 0x00000163b61ce910 code [0x00000163b61cec00, 0x00000163b61cf910]
Event: 5.203 Thread 0x00000163ccfee000 2320       3       com.jme3.audio.AudioNode::updateGeometricState (112 bytes)
Event: 5.204 Thread 0x00000163ccfee000 nmethod 2320 0x00000163b61cfd90 code [0x00000163b61d00a0, 0x00000163b61d0ef0]
Event: 5.211 Thread 0x00000163ccfea000 2328       4       com.jme3.animation.AnimControl::controlRender (1 bytes)
Event: 5.212 Thread 0x00000163ccfea000 nmethod 2328 0x00000163bd393910 code [0x00000163bd393aa0, 0x00000163bd393af8]
Event: 5.234 Thread 0x00000163ccfea000 2329       4       com.jme3.math.Vector4f::set (23 bytes)
Event: 5.234 Thread 0x00000163ccfea000 nmethod 2329 0x00000163bd393b90 code [0x00000163bd393d20, 0x00000163bd393d98]
Event: 5.268 Thread 0x00000163ccfee000 2330       3       jdk.internal.misc.Unsafe::pickPos (14 bytes)
Event: 5.268 Thread 0x00000163ccfee000 nmethod 2330 0x00000163b61d1410 code [0x00000163b61d15c0, 0x00000163b61d1718]
Event: 5.278 Thread 0x00000163ccfea000 2331       4       com.jme3.renderer.queue.OpaqueComparator::compare (13 bytes)
Event: 5.284 Thread 0x00000163ccfea000 nmethod 2331 0x00000163bd393e10 code [0x00000163bd394020, 0x00000163bd394678]
Event: 5.359 Thread 0x00000163ccfee000 2333       1       org.lwjgl.WindowsSysImplementation::getTimerResolution (4 bytes)
Event: 5.359 Thread 0x00000163ccfee000 nmethod 2333 0x00000163bd395110 code [0x00000163bd3952c0, 0x00000163bd3953d8]

GC Heap History (8 events):
Event: 0.745 GC heap before
{Heap before GC invocations=0 (full 0):
 garbage-first heap   total 126976K, used 31744K [0x0000000084c00000, 0x0000000100000000)
  region size 1024K, 24 young (24576K), 0 survivors (0K)
 Metaspace       used 20238K, capacity 20761K, committed 20864K, reserved 1069056K
  class space    used 1945K, capacity 2152K, committed 2176K, reserved 1048576K
}
Event: 0.750 GC heap after
{Heap after GC invocations=1 (full 0):
 garbage-first heap   total 126976K, used 12812K [0x0000000084c00000, 0x0000000100000000)
  region size 1024K, 3 young (3072K), 3 survivors (3072K)
 Metaspace       used 20238K, capacity 20761K, committed 20864K, reserved 1069056K
  class space    used 1945K, capacity 2152K, committed 2176K, reserved 1048576K
}
Event: 0.773 GC heap before
{Heap before GC invocations=1 (full 0):
 garbage-first heap   total 126976K, used 38412K [0x0000000084c00000, 0x0000000100000000)
  region size 1024K, 5 young (5120K), 3 survivors (3072K)
 Metaspace       used 20342K, capacity 20825K, committed 21120K, reserved 1069056K
  class space    used 1952K, capacity 2152K, committed 2176K, reserved 1048576K
}
Event: 0.775 GC heap after
{Heap after GC invocations=2 (full 0):
 garbage-first heap   total 126976K, used 25492K [0x0000000084c00000, 0x0000000100000000)
  region size 1024K, 4 young (4096K), 4 survivors (4096K)
 Metaspace       used 20342K, capacity 20825K, committed 21120K, reserved 1069056K
  class space    used 1952K, capacity 2152K, committed 2176K, reserved 1048576K
}
Event: 0.795 GC heap before
{Heap before GC invocations=3 (full 0):
 garbage-first heap   total 126976K, used 50068K [0x0000000084c00000, 0x0000000100000000)
  region size 1024K, 5 young (5120K), 4 survivors (4096K)
 Metaspace       used 20342K, capacity 20825K, committed 21120K, reserved 1069056K
  class space    used 1952K, capacity 2152K, committed 2176K, reserved 1048576K
}
Event: 0.797 GC heap after
{Heap after GC invocations=4 (full 0):
 garbage-first heap   total 126976K, used 37862K [0x0000000084c00000, 0x0000000100000000)
  region size 1024K, 1 young (1024K), 1 survivors (1024K)
 Metaspace       used 20342K, capacity 20825K, committed 21120K, reserved 1069056K
  class space    used 1952K, capacity 2152K, committed 2176K, reserved 1048576K
}
Event: 0.831 GC heap before
{Heap before GC invocations=5 (full 0):
 garbage-first heap   total 126976K, used 87014K [0x0000000084c00000, 0x0000000100000000)
  region size 1024K, 1 young (1024K), 1 survivors (1024K)
 Metaspace       used 20342K, capacity 20825K, committed 21120K, reserved 1069056K
  class space    used 1952K, capacity 2152K, committed 2176K, reserved 1048576K
}
Event: 0.831 GC heap after
{Heap after GC invocations=6 (full 0):
 garbage-first heap   total 126976K, used 62183K [0x0000000084c00000, 0x0000000100000000)
  region size 1024K, 1 young (1024K), 1 survivors (1024K)
 Metaspace       used 20342K, capacity 20825K, committed 21120K, reserved 1069056K
  class space    used 1952K, capacity 2152K, committed 2176K, reserved 1048576K
}

Deoptimization events (20 events):
Event: 2.189 Thread 0x00000163cd75a000 Uncommon trap: trap_request=0xffffffde fr.pc=0x00000163bd32ba98 relative=0x0000000000000538
Event: 2.189 Thread 0x00000163cd75a000 Uncommon trap: reason=class_check action=maybe_recompile pc=0x00000163bd32ba98 method=java.util.HashMap.getNode(ILjava/lang/Object;)Ljava/util/HashMap$Node; @ 126 c2
Event: 2.189 Thread 0x00000163cd75a000 DEOPT PACKING pc=0x00000163bd32ba98 sp=0x0000001c3e2fe7d0
Event: 2.189 Thread 0x00000163cd75a000 DEOPT UNPACKING pc=0x00000163b57e822f sp=0x0000001c3e2fe6e8 mode 2
Event: 2.203 Thread 0x00000163cd75a000 Uncommon trap: trap_request=0xffffffde fr.pc=0x00000163bd32ba98 relative=0x0000000000000538
Event: 2.203 Thread 0x00000163cd75a000 Uncommon trap: reason=class_check action=maybe_recompile pc=0x00000163bd32ba98 method=java.util.HashMap.getNode(ILjava/lang/Object;)Ljava/util/HashMap$Node; @ 126 c2
Event: 2.203 Thread 0x00000163cd75a000 DEOPT PACKING pc=0x00000163bd32ba98 sp=0x0000001c3e2fe7d0
Event: 2.203 Thread 0x00000163cd75a000 DEOPT UNPACKING pc=0x00000163b57e822f sp=0x0000001c3e2fe6e8 mode 2
Event: 2.217 Thread 0x00000163cd75a000 Uncommon trap: trap_request=0xffffffde fr.pc=0x00000163bd32ba98 relative=0x0000000000000538
Event: 2.217 Thread 0x00000163cd75a000 Uncommon trap: reason=class_check action=maybe_recompile pc=0x00000163bd32ba98 method=java.util.HashMap.getNode(ILjava/lang/Object;)Ljava/util/HashMap$Node; @ 126 c2
Event: 2.217 Thread 0x00000163cd75a000 DEOPT PACKING pc=0x00000163bd32ba98 sp=0x0000001c3e2fe7d0
Event: 2.217 Thread 0x00000163cd75a000 DEOPT UNPACKING pc=0x00000163b57e822f sp=0x0000001c3e2fe6e8 mode 2
Event: 2.228 Thread 0x00000163cd75a000 Uncommon trap: trap_request=0xffffffde fr.pc=0x00000163bd32ba98 relative=0x0000000000000538
Event: 2.228 Thread 0x00000163cd75a000 Uncommon trap: reason=class_check action=maybe_recompile pc=0x00000163bd32ba98 method=java.util.HashMap.getNode(ILjava/lang/Object;)Ljava/util/HashMap$Node; @ 126 c2
Event: 2.228 Thread 0x00000163cd75a000 DEOPT PACKING pc=0x00000163bd32ba98 sp=0x0000001c3e2fe7d0
Event: 2.228 Thread 0x00000163cd75a000 DEOPT UNPACKING pc=0x00000163b57e822f sp=0x0000001c3e2fe6e8 mode 2
Event: 2.240 Thread 0x00000163cd75a000 Uncommon trap: trap_request=0xffffffde fr.pc=0x00000163bd30b578 relative=0x0000000000000498
Event: 2.240 Thread 0x00000163cd75a000 Uncommon trap: reason=class_check action=maybe_recompile pc=0x00000163bd30b578 method=java.util.HashMap.getNode(ILjava/lang/Object;)Ljava/util/HashMap$Node; @ 126 c2
Event: 2.240 Thread 0x00000163cd75a000 DEOPT PACKING pc=0x00000163bd30b578 sp=0x0000001c3e2fe750
Event: 2.240 Thread 0x00000163cd75a000 DEOPT UNPACKING pc=0x00000163b57e822f sp=0x0000001c3e2fe6e0 mode 2

Classes redefined (0 events):
No events

Internal exceptions (20 events):
Event: 0.276 Thread 0x00000163ab947000 Exception <a 'java/lang/NoSuchMethodError'{0x000000008be078b8}: 'java.lang.Object java.lang.invoke.DirectMethodHandle$Holder.invokeStatic(java.lang.Object, java.lang.Object, java.lang.Object, java.lang.Object, java.lang.Object, java.lang.Object, java.lang
Event: 0.298 Thread 0x00000163ab947000 Exception <a 'java/lang/NoSuchMethodError'{0x000000008bef2860}: 'java.lang.Object java.lang.invoke.DirectMethodHandle$Holder.invokeStatic(java.lang.Object, int, java.lang.Object, java.lang.Object, java.lang.Object, java.lang.Object)'> (0x000000008bef2860)
Event: 0.299 Thread 0x00000163ab947000 Exception <a 'java/lang/NoSuchMethodError'{0x000000008bef9b90}: 'java.lang.Object java.lang.invoke.DirectMethodHandle$Holder.invokeStatic(java.lang.Object, int, java.lang.Object, java.lang.Object, java.lang.Object)'> (0x000000008bef9b90) thrown at [c:/cyg
Event: 0.299 Thread 0x00000163ab947000 Exception <a 'java/lang/NoSuchMethodError'{0x000000008befd6d8}: 'java.lang.Object java.lang.invoke.DirectMethodHandle$Holder.invokeSpecial(java.lang.Object, java.lang.Object, int, java.lang.Object, java.lang.Object, java.lang.Object)'> (0x000000008befd6d8
Event: 0.310 Thread 0x00000163ab947000 Exception <a 'java/lang/ClassNotFoundException'{0x000000008bdbfb60}: com/sun/swing/internal/plaf/metal/resources/spi/metalProvider> (0x000000008bdbfb60) thrown at [c:/cygwin64/tmp/openjdk-jdk11u-windows-x64-hotspot/workspace/build/src/src/hotspot/share/cl
Event: 0.311 Thread 0x00000163ab947000 Exception <a 'java/lang/ClassNotFoundException'{0x000000008bdc3e78}: com/sun/swing/internal/plaf/basic/resources/spi/basicProvider> (0x000000008bdc3e78) thrown at [c:/cygwin64/tmp/openjdk-jdk11u-windows-x64-hotspot/workspace/build/src/src/hotspot/share/cl
Event: 0.334 Thread 0x00000163ab947000 Exception <a 'java/lang/NoSuchMethodError'{0x000000008bc33d78}: 'void java.lang.invoke.DirectMethodHandle$Holder.invokeStaticInit(java.lang.Object)'> (0x000000008bc33d78) thrown at [c:/cygwin64/tmp/openjdk-jdk11u-windows-x64-hotspot/workspace/build/src/sr
Event: 0.351 Thread 0x00000163ab947000 Exception <a 'java/lang/NoSuchMethodError'{0x000000008bbb3fb8}: 'java.lang.Object java.lang.invoke.DirectMethodHandle$Holder.invokeStatic(java.lang.Object, java.lang.Object, java.lang.Object, java.lang.Object, java.lang.Object, java.lang.Object, java.lang
Event: 0.352 Thread 0x00000163ab947000 Exception <a 'java/lang/NoSuchMethodError'{0x000000008bbd21c0}: 'java.lang.Object java.lang.invoke.DirectMethodHandle$Holder.invokeStatic(java.lang.Object, java.lang.Object, java.lang.Object, java.lang.Object, java.lang.Object, java.lang.Object, java.lang
Event: 0.353 Thread 0x00000163ab947000 Exception <a 'java/lang/NoSuchMethodError'{0x000000008bbf1158}: 'java.lang.Object java.lang.invoke.DirectMethodHandle$Holder.invokeStatic(java.lang.Object, java.lang.Object, java.lang.Object, java.lang.Object, java.lang.Object, java.lang.Object, java.lang
Event: 0.354 Thread 0x00000163ab947000 Exception <a 'java/lang/NoSuchMethodError'{0x000000008bbfd368}: 'java.lang.Object java.lang.invoke.Invokers$Holder.linkToTargetMethod(java.lang.Object, int, java.lang.Object)'> (0x000000008bbfd368) thrown at [c:/cygwin64/tmp/openjdk-jdk11u-windows-x64-hot
Event: 0.554 Thread 0x00000163cd75a000 Exception <a 'org/lwjgl/LWJGLException'{0x000000008b6d13a8}: Failed query key value> (0x000000008b6d13a8) thrown at [c:/cygwin64/tmp/openjdk-jdk11u-windows-x64-hotspot/workspace/build/src/src/hotspot/share/prims/jni.cpp, line 636]
Event: 0.554 Thread 0x00000163cd75a000 Exception <a 'org/lwjgl/LWJGLException'{0x000000008b6d1ae8}: Failed query key value> (0x000000008b6d1ae8) thrown at [c:/cygwin64/tmp/openjdk-jdk11u-windows-x64-hotspot/workspace/build/src/src/hotspot/share/prims/jni.cpp, line 636]
Event: 0.565 Thread 0x00000163cd75a000 Exception <a 'java/lang/NoSuchMethodError'{0x000000008b53a120}: 'int java.lang.invoke.DirectMethodHandle$Holder.invokeSpecialIFC(java.lang.Object, java.lang.Object, int)'> (0x000000008b53a120) thrown at [c:/cygwin64/tmp/openjdk-jdk11u-windows-x64-hotspot/
Event: 0.625 Thread 0x00000163cd75a000 Exception <a 'java/security/PrivilegedActionException'{0x000000008b3d22c0}> (0x000000008b3d22c0) thrown at [c:/cygwin64/tmp/openjdk-jdk11u-windows-x64-hotspot/workspace/build/src/src/hotspot/share/prims/jvm.cpp, line 1297]
Event: 0.625 Thread 0x00000163cd75a000 Exception <a 'java/security/PrivilegedActionException'{0x000000008b3d4a70}> (0x000000008b3d4a70) thrown at [c:/cygwin64/tmp/openjdk-jdk11u-windows-x64-hotspot/workspace/build/src/src/hotspot/share/prims/jvm.cpp, line 1297]
Event: 0.625 Thread 0x00000163cd75a000 Exception <a 'java/security/PrivilegedActionException'{0x000000008b3d5a28}> (0x000000008b3d5a28) thrown at [c:/cygwin64/tmp/openjdk-jdk11u-windows-x64-hotspot/workspace/build/src/src/hotspot/share/prims/jvm.cpp, line 1297]
Event: 0.625 Thread 0x00000163cd75a000 Exception <a 'java/security/PrivilegedActionException'{0x000000008b3db098}> (0x000000008b3db098) thrown at [c:/cygwin64/tmp/openjdk-jdk11u-windows-x64-hotspot/workspace/build/src/src/hotspot/share/prims/jvm.cpp, line 1297]
Event: 0.625 Thread 0x00000163cd75a000 Exception <a 'java/security/PrivilegedActionException'{0x000000008b3dbc58}> (0x000000008b3dbc58) thrown at [c:/cygwin64/tmp/openjdk-jdk11u-windows-x64-hotspot/workspace/build/src/src/hotspot/share/prims/jvm.cpp, line 1297]
Event: 0.625 Thread 0x00000163cd75a000 Exception <a 'java/security/PrivilegedActionException'{0x000000008b3dc7d8}> (0x000000008b3dc7d8) thrown at [c:/cygwin64/tmp/openjdk-jdk11u-windows-x64-hotspot/workspace/build/src/src/hotspot/share/prims/jvm.cpp, line 1297]

Events (20 events):
Event: 5.261 Executing VM operation: RevokeBias done
Event: 5.261 Thread 0x00000163cf25a800 Thread exited: 0x00000163cf25a800
Event: 5.261 Thread 0x00000163cf228800 Thread exited: 0x00000163cf228800
Event: 5.269 Thread 0x00000163cf179800 Thread exited: 0x00000163cf179800
Event: 5.279 loading class org/lwjgl/opengl/Sync
Event: 5.279 loading class org/lwjgl/opengl/Sync done
Event: 5.279 loading class org/lwjgl/opengl/Sync$RunningAvg
Event: 5.279 loading class org/lwjgl/opengl/Sync$RunningAvg done
Event: 5.279 loading class org/lwjgl/opengl/Sync$1
Event: 5.279 loading class org/lwjgl/opengl/Sync$1 done
Event: 5.280 Thread 0x00000163ceca7000 Thread added: 0x00000163ceca7000
Event: 5.294 Executing VM operation: RevokeBias
Event: 5.294 Executing VM operation: RevokeBias done
Event: 5.294 Thread 0x00000163cd738800 Thread exited: 0x00000163cd738800
Event: 5.329 Loaded shared library D:\gameJava\BasicGame\lwjgl64.dll
Event: 5.330 Loaded shared library D:\gameJava\BasicGame\lwjgl64.dll
Event: 5.331 Loaded shared library D:\gameJava\BasicGame\lwjgl64.dll
Event: 5.331 Loaded shared library D:\gameJava\BasicGame\lwjgl64.dll
Event: 5.363 Thread 0x00000163cf25b000 Thread exited: 0x00000163cf25b000
Event: 5.364 Executing VM operation: Exit


Dynamic libraries:
0x00007ff612410000 - 0x00007ff61241d000 	D:\ProgramFile\jmonkeyplatform\jdk\bin\java.exe
0x00007ffd6d550000 - 0x00007ffd6d745000 	C:\Windows\SYSTEM32\ntdll.dll
0x00007ffd6c1a0000 - 0x00007ffd6c25e000 	C:\Windows\System32\KERNEL32.DLL
0x00007ffd6afe0000 - 0x00007ffd6b2a8000 	C:\Windows\System32\KERNELBASE.dll
0x00007ffd6ac70000 - 0x00007ffd6ad70000 	C:\Windows\System32\ucrtbase.dll
0x00007ffd5e0b0000 - 0x00007ffd5e0c7000 	D:\ProgramFile\jmonkeyplatform\jdk\bin\jli.dll
0x00007ffd5fda0000 - 0x00007ffd5fdb6000 	D:\ProgramFile\jmonkeyplatform\jdk\bin\VCRUNTIME140.dll
0x00007ffd6c910000 - 0x00007ffd6cab0000 	C:\Windows\System32\USER32.dll
0x00007ffd6b580000 - 0x00007ffd6b5a2000 	C:\Windows\System32\win32u.dll
0x00007ffd6ccd0000 - 0x00007ffd6ccfb000 	C:\Windows\System32\GDI32.dll
0x00007ffd4ebe0000 - 0x00007ffd4ee7a000 	C:\Windows\WinSxS\amd64_microsoft.windows.common-controls_6595b64144ccf1df_6.0.19041.1110_none_60b5254171f9507e\COMCTL32.dll
0x00007ffd6ad70000 - 0x00007ffd6ae7b000 	C:\Windows\System32\gdi32full.dll
0x00007ffd6c870000 - 0x00007ffd6c90e000 	C:\Windows\System32\msvcrt.dll
0x00007ffd6b2b0000 - 0x00007ffd6b34d000 	C:\Windows\System32\msvcp_win.dll
0x00007ffd6bb10000 - 0x00007ffd6bb40000 	C:\Windows\System32\IMM32.DLL
0x00007ffd45000000 - 0x00007ffd4509b000 	D:\ProgramFile\jmonkeyplatform\jdk\bin\msvcp140.dll
0x00007ffd22e80000 - 0x00007ffd2393c000 	D:\ProgramFile\jmonkeyplatform\jdk\bin\server\jvm.dll
0x00007ffd6b6e0000 - 0x00007ffd6b78e000 	C:\Windows\System32\ADVAPI32.dll
0x00007ffd6bf90000 - 0x00007ffd6c02c000 	C:\Windows\System32\sechost.dll
0x00007ffd6c740000 - 0x00007ffd6c865000 	C:\Windows\System32\RPCRT4.dll
0x00007ffd6d500000 - 0x00007ffd6d508000 	C:\Windows\System32\PSAPI.DLL
0x00007ffd485e0000 - 0x00007ffd48607000 	C:\Windows\SYSTEM32\WINMM.dll
0x00007ffd5e800000 - 0x00007ffd5e80a000 	C:\Windows\SYSTEM32\VERSION.dll
0x00007ffd5f820000 - 0x00007ffd5f829000 	C:\Windows\SYSTEM32\WSOCK32.dll
0x00007ffd6cab0000 - 0x00007ffd6cb1b000 	C:\Windows\System32\WS2_32.dll
0x00007ffd69510000 - 0x00007ffd69522000 	C:\Windows\SYSTEM32\kernel.appcore.dll
0x00007ffd5f810000 - 0x00007ffd5f820000 	D:\ProgramFile\jmonkeyplatform\jdk\bin\verify.dll
0x00007ffd68710000 - 0x00007ffd688f4000 	C:\Windows\SYSTEM32\DBGHELP.DLL
0x00007ffd4d510000 - 0x00007ffd4d53c000 	C:\Windows\SYSTEM32\dbgcore.DLL
0x00007ffd6b350000 - 0x00007ffd6b3d2000 	C:\Windows\System32\bcryptPrimitives.dll
0x00007ffd5c490000 - 0x00007ffd5c4b8000 	D:\ProgramFile\jmonkeyplatform\jdk\bin\java.dll
0x00007ffd5e170000 - 0x00007ffd5e187000 	D:\ProgramFile\jmonkeyplatform\jdk\bin\zip.dll
0x00007ffd5e830000 - 0x00007ffd5e83a000 	D:\ProgramFile\jmonkeyplatform\jdk\bin\jimage.dll
0x00007ffd6cdb0000 - 0x00007ffd6d4f4000 	C:\Windows\System32\SHELL32.dll
0x00007ffd68d60000 - 0x00007ffd694f4000 	C:\Windows\SYSTEM32\windows.storage.dll
0x00007ffd6b7b0000 - 0x00007ffd6bb04000 	C:\Windows\System32\combase.dll
0x00007ffd6a660000 - 0x00007ffd6a68c000 	C:\Windows\SYSTEM32\Wldp.dll
0x00007ffd6c090000 - 0x00007ffd6c13d000 	C:\Windows\System32\SHCORE.dll
0x00007ffd6cc70000 - 0x00007ffd6ccc5000 	C:\Windows\System32\shlwapi.dll
0x00007ffd6abb0000 - 0x00007ffd6abcf000 	C:\Windows\SYSTEM32\profapi.dll
0x00007ffd5b310000 - 0x00007ffd5b329000 	D:\ProgramFile\jmonkeyplatform\jdk\bin\net.dll
0x00007ffd61b30000 - 0x00007ffd61c39000 	C:\Windows\SYSTEM32\WINHTTP.dll
0x00007ffd6a3c0000 - 0x00007ffd6a42a000 	C:\Windows\system32\mswsock.dll
0x00007ffd5b2f0000 - 0x00007ffd5b302000 	D:\ProgramFile\jmonkeyplatform\jdk\bin\nio.dll
0x00007ffd1b040000 - 0x00007ffd1b29d000 	D:\gameJava\BasicGame\bulletjme.dll
0x00007ffd388b0000 - 0x00007ffd38a49000 	D:\ProgramFile\jmonkeyplatform\jdk\bin\awt.dll
0x00007ffd6cba0000 - 0x00007ffd6cc6d000 	C:\Windows\System32\OLEAUT32.dll
0x00007ffd67f90000 - 0x00007ffd68020000 	C:\Windows\SYSTEM32\apphelp.dll
0x00007ffd68230000 - 0x00007ffd6825f000 	C:\Windows\system32\DWMAPI.DLL
0x00007ffd68040000 - 0x00007ffd680de000 	C:\Windows\system32\uxtheme.dll
0x00007ffd59960000 - 0x00007ffd59a86000 	C:\Windows\system32\opengl32.dll
0x00007ffd5b010000 - 0x00007ffd5b03c000 	C:\Windows\SYSTEM32\GLU32.dll
0x00007ffd6bc30000 - 0x00007ffd6bd46000 	C:\Windows\System32\MSCTF.dll
0x00007ffd6b5b0000 - 0x00007ffd6b6da000 	C:\Windows\System32\ole32.dll
0x00007ffd3dea0000 - 0x00007ffd3df22000 	D:\ProgramFile\jmonkeyplatform\jdk\bin\freetype.dll
0x00007ffd3d2d0000 - 0x00007ffd3d376000 	D:\ProgramFile\jmonkeyplatform\jdk\bin\fontmanager.dll
0x0000000180000000 - 0x0000000180064000 	D:\gameJava\BasicGame\OpenAL64.dll
0x00007ffd5c930000 - 0x00007ffd5ca29000 	C:\Windows\SYSTEM32\textinputframework.dll
0x00007ffd67670000 - 0x00007ffd679ce000 	C:\Windows\System32\CoreUIComponents.dll
0x00007ffd67d50000 - 0x00007ffd67e42000 	C:\Windows\System32\CoreMessaging.dll
0x00007ffd69970000 - 0x00007ffd699a3000 	C:\Windows\SYSTEM32\ntmarta.dll
0x00007ffd665b0000 - 0x00007ffd66704000 	C:\Windows\SYSTEM32\wintypes.dll
0x00000163d00e0000 - 0x00000163d0133000 	D:\gameJava\BasicGame\lwjgl64.dll
0x00007ffd61520000 - 0x00007ffd615ce000 	C:\Windows\SYSTEM32\mscms.dll
0x00007ffd6ab70000 - 0x00007ffd6ab9e000 	C:\Windows\SYSTEM32\USERENV.dll
0x00007ffd61500000 - 0x00007ffd61511000 	C:\Windows\SYSTEM32\ColorAdapterClient.dll
0x00007ffd6cd00000 - 0x00007ffd6cda9000 	C:\Windows\System32\clbcatq.dll
0x00007ffd5eeb0000 - 0x00007ffd5eef3000 	C:\Windows\System32\Windows.Internal.Graphics.Display.DisplayColorManagement.dll
0x00007ffd6b3e0000 - 0x00007ffd6b42e000 	C:\Windows\System32\cfgmgr32.dll
0x00007ffd5edb0000 - 0x00007ffd5eea9000 	C:\Windows\System32\AppXDeploymentClient.dll
0x00007ffd1e570000 - 0x00007ffd1f57b000 	C:\Windows\System32\DriverStore\FileRepository\iigd_dch.inf_amd64_89b1ad385fab2e0b\igxelpicd64.dll
0x00007ffd69580000 - 0x00007ffd69673000 	C:\Windows\system32\dxgi.dll
0x00007ffd4ca00000 - 0x00007ffd4ccee000 	C:\Windows\System32\DriverStore\FileRepository\iigd_dch.inf_amd64_89b1ad385fab2e0b\igdml64.dll
0x00007ffd14e60000 - 0x00007ffd15228000 	C:\Windows\System32\DriverStore\FileRepository\iigd_dch.inf_amd64_89b1ad385fab2e0b\igdgmm64.dll
0x00007ffcebaf0000 - 0x00007ffcef0d6000 	C:\Windows\System32\DriverStore\FileRepository\iigd_dch.inf_amd64_89b1ad385fab2e0b\igc64.dll
0x00007ffd6a9c0000 - 0x00007ffd6aa0b000 	C:\Windows\SYSTEM32\powrprof.dll
0x00007ffd6a9a0000 - 0x00007ffd6a9b2000 	C:\Windows\SYSTEM32\UMPDC.dll
0x00007ffd5b6b0000 - 0x00007ffd5b735000 	C:\Windows\System32\MMDevApi.dll
0x00007ffd6aa10000 - 0x00007ffd6aa43000 	C:\Windows\System32\DEVOBJ.dll
0x00007ffd55170000 - 0x00007ffd5520c000 	C:\Windows\SYSTEM32\dsound.dll
0x00007ffd53e20000 - 0x00007ffd53e46000 	C:\Windows\SYSTEM32\winmmbase.dll
0x00007ffd48e60000 - 0x00007ffd48fe2000 	C:\Windows\SYSTEM32\AUDIOSES.DLL
0x00007ffd68110000 - 0x00007ffd68124000 	C:\Windows\SYSTEM32\resourcepolicyclient.dll
0x00007ffd5fa10000 - 0x00007ffd5fa17000 	D:\ProgramFile\jmonkeyplatform\jdk\bin\jawt.dll

dbghelp: loaded successfully - version: 4.0.5 - missing functions: none
symbol engine: initialized successfully - sym options: 0x614 - pdb path: .;D:\ProgramFile\jmonkeyplatform\jdk\bin;C:\Windows\SYSTEM32;C:\Windows\WinSxS\amd64_microsoft.windows.common-controls_6595b64144ccf1df_6.0.19041.1110_none_60b5254171f9507e;D:\ProgramFile\jmonkeyplatform\jdk\bin\server;D:\gameJava\BasicGame;C:\Windows\System32\DriverStore\FileRepository\iigd_dch.inf_amd64_89b1ad385fab2e0b

VM Arguments:
jvm_args: -Dfile.encoding=UTF-8 
java_command: mygame.Main
java_class_path (initial): D:\ProgramFile\jmonkeyplatform\jmonkeyplatform\libs\jme3-jogg-3.3.0-stable.jar;D:\ProgramFile\jmonkeyplatform\jmonkeyplatform\libs\j-ogg-all-1.0.0.jar;D:\ProgramFile\jmonkeyplatform\jmonkeyplatform\libs\jme3-networking-3.3.0-stable.jar;D:\ProgramFile\jmonkeyplatform\jmonkeyplatform\libs\jme3-plugins-3.3.0-stable.jar;D:\ProgramFile\jmonkeyplatform\jmonkeyplatform\libs\gson-2.8.1.jar;D:\ProgramFile\jmonkeyplatform\jmonkeyplatform\libs\jme3-core-3.3.0-stable.jar;D:\ProgramFile\jmonkeyplatform\jmonkeyplatform\libs\jme3-desktop-3.3.0-stable.jar;D:\ProgramFile\jmonkeyplatform\jmonkeyplatform\libs\jme3-lwjgl-3.3.0-stable.jar;D:\ProgramFile\jmonkeyplatform\jmonkeyplatform\libs\lwjgl-2.9.3.jar;D:\ProgramFile\jmonkeyplatform\jmonkeyplatform\libs\jinput-2.0.5.jar;D:\ProgramFile\jmonkeyplatform\jmonkeyplatform\libs\jinput-platform-2.0.5-natives-linux.jar;D:\ProgramFile\jmonkeyplatform\jmonkeyplatform\libs\jinput-platform-2.0.5-natives-windows.jar;D:\ProgramFile\jmonkeyplatform\jmonkeyplatform\libs\jinput-platform-2.0.5-natives-osx.jar;D:\ProgramFile\jmonkeyplatform\jmonkeyplatform\libs\jutils-1.0.0.jar;D:\ProgramFile\jmonkeyplatform\jmonkeyplatform\libs\lwjgl-platform-2.9.3-natives-windows.jar;D:\ProgramFile\jmonkeyplatform\jmonkeyplatform\libs\lwjgl-platform-2.9.3-natives-linux.jar;D:\ProgramFile\jmonkeyplatform\jmonkeyplatform\libs\lwjgl-platform-2.9.3-natives-osx.jar;D:\ProgramFile\jmonkeyplatform\jmonkeyplatform\libs\jme3-effects-3.3.0-stable.jar;D:\ProgramFile\jmonkeyplatform\jmonkeyplatform\libs\jme3-terrain-3.3.0-stable.jar;D:\ProgramFile\jmonkeyplatform\jmonkeyplatform\libs\jme3-bullet-3.3.0-stable.jar;D:\ProgramFile\jmonkeyplatform\jmonkeyplatform\libs\jme3-bullet-native-3.3.0-stable.jar;D:\ProgramFile\jmonkeyplatform\jmonkeyplatform\libs\jme3-niftygui-3.3.0-stable.jar;D:\ProgramFile\jmonkeyplatform\jmonkeyplatform\libs\nifty-style-black-1.4.3.jar;D:\ProgramFile\jmonkeyplatform\jmonkeyplatform\libs\nifty-1.4.3.jar;D:\ProgramFile\jmonkeyplat
Launcher Type: SUN_STANDARD

[Global flags]
     intx CICompilerCount                          = 4                                         {product} {ergonomic}
     uint ConcGCThreads                            = 2                                         {product} {ergonomic}
     uint G1ConcRefinementThreads                  = 8                                         {product} {ergonomic}
   size_t G1HeapRegionSize                         = 1048576                                   {product} {ergonomic}
    uintx GCDrainStackTargetSize                   = 64                                        {product} {ergonomic}
   size_t InitialHeapSize                          = 130023424                                 {product} {ergonomic}
   size_t MarkStackSize                            = 4194304                                   {product} {ergonomic}
   size_t MaxHeapSize                              = 2067791872                                {product} {ergonomic}
   size_t MaxNewSize                               = 1240465408                                {product} {ergonomic}
   size_t MinHeapDeltaBytes                        = 1048576                                   {product} {ergonomic}
    uintx NonNMethodCodeHeapSize                   = 5836300                                {pd product} {ergonomic}
    uintx NonProfiledCodeHeapSize                  = 122910970                              {pd product} {ergonomic}
    uintx ProfiledCodeHeapSize                     = 122910970                              {pd product} {ergonomic}
    uintx ReservedCodeCacheSize                    = 251658240                              {pd product} {ergonomic}
     bool SegmentedCodeCache                       = true                                      {product} {ergonomic}
     bool UseCompressedClassPointers               = true                                 {lp64_product} {ergonomic}
     bool UseCompressedOops                        = true                                 {lp64_product} {ergonomic}
     bool UseG1GC                                  = true                                      {product} {ergonomic}
     bool UseLargePagesIndividualAllocation        = false                                  {pd product} {ergonomic}

Logging:
Log output configuration:
 #0: stdout all=warning uptime,level,tags
 #1: stderr all=off uptime,level,tags

Environment Variables:
PATH=C:\Program Files\Common Files\Oracle\Java\javapath;C:\Windows\system32;C:\Windows;C:\Windows\System32\Wbem;C:\Windows\System32\WindowsPowerShell\v1.0\;C:\Windows\System32\OpenSSH\;D:\jME3.5.1-stable;D:\jME3.5.1-stable\lib;C:\Users\beamhun\AppData\Local\Microsoft\WindowsApps;D:\jME3.5.1-stable;D:\jME3.5.1-stable\lib;
USERNAME=beamhun
OS=Windows_NT
PROCESSOR_IDENTIFIER=Intel64 Family 6 Model 140 Stepping 1, GenuineIntel



---------------  S Y S T E M  ---------------

OS: Windows 10 , 64 bit Build 19041 (10.0.19041.1566)

CPU:total 8 (initial active 8) (4 cores per cpu, 2 threads per core) family 6 model 140 stepping 1, cmov, cx8, fxsr, mmx, sse, sse2, sse3, ssse3, sse4.1, sse4.2, popcnt, avx, avx2, aes, clmul, erms, 3dnowpref, lzcnt, ht, tsc, tscinvbit, bmi1, bmi2, adx, evex, sha, fma

Memory: 4k page, system-wide physical 7885M (2111M free)
TotalPageFile size 12334M (AvailPageFile size 2622M)
current process WorkingSet (physical memory assigned to process): 535M, peak: 542M
current process commit charge ("private bytes"): 508M, peak: 514M

vm_info: OpenJDK 64-Bit Server VM (11.0.6+10) for windows-amd64 JRE (11.0.6+10), built on Jan 15 2020 06:14:58 by "" with MS VC++ 15.8 (VS2017)

END.
