#
# A fatal error has been detected by the Java Runtime Environment:
#
#  EXCEPTION_ACCESS_VIOLATION (0xc0000005) at pc=0x00007ffd1e833bcc, pid=12180, tid=7436
#
# JRE version: OpenJDK Runtime Environment (11.0.6+10) (build 11.0.6+10)
# Java VM: OpenJDK 64-Bit Server VM (11.0.6+10, mixed mode, tiered, compressed oops, g1 gc, windows-amd64)
# Problematic frame:
# C  [igxelpicd64.dll+0x2c3bcc]
#
# No core dump will be written. Minidumps are not enabled by default on client versions of Windows
#
# If you would like to submit a bug report, please visit:
#   https://github.com/AdoptOpenJDK/openjdk-support/issues
#

---------------  S U M M A R Y ------------

Command Line: -Dfile.encoding=UTF-8 mygame.Main

Host: 11th Gen Intel(R) Core(TM) i5-1135G7 @ 2.40GHz, 8 cores, 7G,  Windows 10 , 64 bit Build 19041 (10.0.19041.1566)
Time: Thu Apr 21 19:54:47 2022 SE Asia Standard Time elapsed time: 6 seconds (0d 0h 0m 6s)

---------------  T H R E A D  ---------------

Current thread (0x000001e1a98d4800):  VMThread "VM Thread" [stack: 0x00000016dfb00000,0x00000016dfc00000] [id=7436]

Stack: [0x00000016dfb00000,0x00000016dfc00000],  sp=0x00000016dfbfe1f0,  free space=1016k
Native frames: (J=compiled Java code, j=interpreted, Vv=VM code, C=native code)
C  [igxelpicd64.dll+0x2c3bcc]


siginfo: EXCEPTION_ACCESS_VIOLATION (0xc0000005), reading address 0x0000000000035718


Register to memory mapping:

RIP=0x00007ffd1e833bcc igxelpicd64.dll
RAX=0x000001e1ab665ef8 points into unknown readable memory: ce 9f 04 00 00 00 00 00
RBX=0x000001e1ab665df0 points into unknown readable memory: c0 d4 c1 aa e1 01 00 00
RCX=0x0 is NULL
RDX=0x0 is NULL
RSP=0x00000016dfbfe1f0 points into unknown readable memory: 20 39 af aa e1 01 00 00
RBP=0x0 is NULL
RSI=0x000001e1ab6663c0 points into unknown readable memory: 30 bb 1f b3 e1 01 00 00
RDI=0x000001e1ab542330 points into unknown readable memory: 00 96 ac ab e1 01 00 00
R8 =0x0000000000000014 is an unknown value
R9 =0x0 is NULL
R10=0x0 is NULL
R11=0x0 is NULL
R12=0x0 is NULL
R13=0x000001e1b31fbb30 points into unknown readable memory: c0 d4 c1 aa e1 01 00 00
R14=0x000000000004b300 is an unknown value
R15=0x0000000000000016 is an unknown value


Registers:
RAX=0x000001e1ab665ef8, RBX=0x000001e1ab665df0, RCX=0x0000000000000000, RDX=0x0000000000000000
RSP=0x00000016dfbfe1f0, RBP=0x0000000000000000, RSI=0x000001e1ab6663c0, RDI=0x000001e1ab542330
R8 =0x0000000000000014, R9 =0x0000000000000000, R10=0x0000000000000000, R11=0x0000000000000000
R12=0x0000000000000000, R13=0x000001e1b31fbb30, R14=0x000000000004b300, R15=0x0000000000000016
RIP=0x00007ffd1e833bcc, EFLAGS=0x0000000000010202

Top of Stack: (sp=0x00000016dfbfe1f0)
0x00000016dfbfe1f0:   000001e1aaaf3920 00007ffd6c9a1070
0x00000016dfbfe200:   000001e1ab666b10 00007ffd6d5f0ba4
0x00000016dfbfe210:   000001e1abe5dea0 000001e1abe1da40
0x00000016dfbfe220:   000001e1abe5dea0 00007ffd1e5c3f57
0x00000016dfbfe230:   000001e1abe528e0 000000000004b3c2
0x00000016dfbfe240:   0000000000000000 0000000000000010
0x00000016dfbfe250:   0000000000000000 0000000000000000
0x00000016dfbfe260:   00000016dfbfe370 00007ffd1e80e02c
0x00000016dfbfe270:   000001e1aaaf3920 000001e1ab542330
0x00000016dfbfe280:   000001e1abe1da00 00007ffd1e5c6400
0x00000016dfbfe290:   0000001600001b44 0000b80200000000
0x00000016dfbfe2a0:   0000000000000000 0000000000000064
0x00000016dfbfe2b0:   0105c0c500000000 014117ca00cad7c9
0x00000016dfbfe2c0:   0101c1cc00000028 0000800400001000
0x00000016dfbfe2d0:   0062fed00122d3d0 00007ffd1e88fdff
0x00000016dfbfe2e0:   014b83d300000000 009ab7d600fb8ed6 

Instructions: (pc=0x00007ffd1e833bcc)
0x00007ffd1e833acc:   ec 40 45 8a e1 48 8b fa 48 8b e9 48 8b 1d b2 a2
0x00007ffd1e833adc:   c8 00 48 89 58 08 48 8b cb ff 15 25 16 82 00 90
0x00007ffd1e833aec:   4c 8b af 78 02 00 00 48 8b 05 f6 83 b8 00 44 8b
0x00007ffd1e833afc:   b8 58 0b 00 00 45 33 db 45 8a f3 4c 89 9f 78 02
0x00007ffd1e833b0c:   00 00 44 89 9f 80 02 00 00 4c 89 9f 98 02 00 00
0x00007ffd1e833b1c:   4c 89 9f 88 02 00 00 48 85 ed 75 38 8b 35 9a 7c
0x00007ffd1e833b2c:   c8 00 65 48 8b 04 25 58 00 00 00 b9 14 00 00 00
0x00007ffd1e833b3c:   48 8b 04 f0 44 38 1c 01 0f 84 ab 1f 70 00 65 48
0x00007ffd1e833b4c:   8b 04 25 58 00 00 00 bd 20 00 00 00 48 8b 04 f0
0x00007ffd1e833b5c:   48 8b 2c 28 48 3b 2d a9 a1 c8 00 45 0f 44 fb 4d
0x00007ffd1e833b6c:   85 ed 0f 84 21 01 00 00 44 8a a4 24 90 00 00 00
0x00007ffd1e833b7c:   49 8b dd 49 8d b5 d0 05 00 00 4c 8b 2e 45 84 e4
0x00007ffd1e833b8c:   0f 85 2a 03 00 00 8b 97 c8 01 00 00 48 8b 05 51
0x00007ffd1e833b9c:   83 b8 00 83 b8 78 03 00 00 02 75 31 83 fa 10 0f
0x00007ffd1e833bac:   83 17 01 00 00 48 8d 04 d5 21 00 00 00 48 03 c2
0x00007ffd1e833bbc:   48 8d 04 c3 48 85 c0 0f 85 2e 01 00 00 49 8b cb
0x00007ffd1e833bcc:   48 3b 8d 18 57 03 00 0f 87 f3 02 00 00 4c 39 9b
0x00007ffd1e833bdc:   48 06 00 00 0f 85 4f 1f 70 00 44 8b 97 c8 01 00
0x00007ffd1e833bec:   00 48 8b 87 e0 01 00 00 4c 8b 08 8b 97 c8 01 00
0x00007ffd1e833bfc:   00 83 fa 10 0f 83 03 01 00 00 48 8d 04 d5 21 00
0x00007ffd1e833c0c:   00 00 48 03 c2 48 8d 04 c3 48 85 c0 0f 85 e2 00
0x00007ffd1e833c1c:   00 00 49 8b cb 49 3b c9 0f 86 0e 01 00 00 48 8b
0x00007ffd1e833c2c:   87 78 02 00 00 48 89 06 48 89 9f 78 02 00 00 ff
0x00007ffd1e833c3c:   87 80 02 00 00 48 8b 43 08 48 8b 88 18 01 00 00
0x00007ffd1e833c4c:   48 81 e1 00 00 ff ff 48 81 c1 00 00 01 00 48 01
0x00007ffd1e833c5c:   8f 88 02 00 00 48 8b 43 08 48 8b 88 18 01 00 00
0x00007ffd1e833c6c:   48 01 8f 98 02 00 00 4d 85 ed 0f 85 00 ff ff ff
0x00007ffd1e833c7c:   45 84 f6 44 8a a4 24 98 00 00 00 0f 85 82 03 00
0x00007ffd1e833c8c:   00 48 8b 9c 24 80 00 00 00 48 8b cf 45 84 e4 0f
0x00007ffd1e833c9c:   85 8a 03 00 00 e8 8a fa ff ff 90 48 8b cb 48 8b
0x00007ffd1e833cac:   9c 24 88 00 00 00 48 83 c4 40 41 5f 41 5e 41 5d
0x00007ffd1e833cbc:   41 5c 5f 5e 5d 48 ff 25 50 14 82 00 8d 4a f0 8b 


Stack slot to memory mapping:
stack at sp + 0 slots: 0x000001e1aaaf3920 points into unknown readable memory: ff ff ff ff ff ff ff ff
stack at sp + 1 slots: 0x00007ffd6c9a1070 USER32.dll
stack at sp + 2 slots: 0x000001e1ab666b10 points into unknown readable memory: c0 d4 c1 aa e1 01 00 00
stack at sp + 3 slots: 0x00007ffd6d5f0ba4 ntdll.dll
stack at sp + 4 slots: 0x000001e1abe5dea0 points into unknown readable memory: 01 00 00 00 00 00 00 00
stack at sp + 5 slots: 0x000001e1abe1da40 points into unknown readable memory: c0 dd c1 aa e1 01 00 00
stack at sp + 6 slots: 0x000001e1abe5dea0 points into unknown readable memory: 01 00 00 00 00 00 00 00
stack at sp + 7 slots: 0x00007ffd1e5c3f57 igxelpicd64.dll

VM_Operation (0x00000016e0bfb300): Exit, mode: safepoint, requested by thread 0x000001e1aa86a800


---------------  P R O C E S S  ---------------

Threads class SMR info:
_java_thread_list=0x000001e1abc22600, length=17, elements={
0x000001e1a98d8000, 0x000001e1a98e1000, 0x000001e1a98f7000, 0x000001e1a98f7800,
0x000001e1a98f8800, 0x000001e1a98fd000, 0x000001e1a98fe000, 0x000001e1aa3c6800,
0x000001e1aa3e0800, 0x000001e1aa8ca800, 0x000001e1aa9d2000, 0x000001e1ab6e9000,
0x000001e1aa86a800, 0x000001e1ab8b2800, 0x000001e1ac2bd800, 0x000001e1b3197000,
0x000001e18abbe800
}

Java Threads: ( => current thread )
  0x000001e1a98d8000 JavaThread "Reference Handler" daemon [_thread_blocked, id=3800, stack(0x00000016dfc00000,0x00000016dfd00000)]
  0x000001e1a98e1000 JavaThread "Finalizer" daemon [_thread_blocked, id=16060, stack(0x00000016dfd00000,0x00000016dfe00000)]
  0x000001e1a98f7000 JavaThread "Signal Dispatcher" daemon [_thread_blocked, id=13168, stack(0x00000016dfe00000,0x00000016dff00000)]
  0x000001e1a98f7800 JavaThread "Attach Listener" daemon [_thread_blocked, id=7844, stack(0x00000016dff00000,0x00000016e0000000)]
  0x000001e1a98f8800 JavaThread "C2 CompilerThread0" daemon [_thread_blocked, id=18416, stack(0x00000016e0000000,0x00000016e0100000)]
  0x000001e1a98fd000 JavaThread "C1 CompilerThread0" daemon [_thread_blocked, id=6256, stack(0x00000016e0100000,0x00000016e0200000)]
  0x000001e1a98fe000 JavaThread "Sweeper thread" daemon [_thread_blocked, id=1792, stack(0x00000016e0200000,0x00000016e0300000)]
  0x000001e1aa3c6800 JavaThread "Service Thread" daemon [_thread_blocked, id=14764, stack(0x00000016e0300000,0x00000016e0400000)]
  0x000001e1aa3e0800 JavaThread "Common-Cleaner" daemon [_thread_blocked, id=3032, stack(0x00000016e0500000,0x00000016e0600000)]
  0x000001e1aa8ca800 JavaThread "Java2D Disposer" daemon [_thread_blocked, id=15932, stack(0x00000016e0700000,0x00000016e0800000)]
  0x000001e1aa9d2000 JavaThread "AWT-Shutdown" [_thread_blocked, id=18576, stack(0x00000016e0800000,0x00000016e0900000)]
  0x000001e1ab6e9000 JavaThread "jME3 Main" [_thread_blocked, id=6432, stack(0x00000016e0a00000,0x00000016e0b00000)]
  0x000001e1aa86a800 JavaThread "AWT-EventQueue-0" [_thread_blocked, id=2524, stack(0x00000016e0b00000,0x00000016e0c00000)]
  0x000001e1ab8b2800 JavaThread "TimerQueue" daemon [_thread_blocked, id=16896, stack(0x00000016e1a00000,0x00000016e1b00000)]
  0x000001e1ac2bd800 JavaThread "jME3 Audio Decoder" daemon [_thread_blocked, id=11360, stack(0x00000016e1d00000,0x00000016e1e00000)]
  0x000001e1b3197000 JavaThread "LWJGL Timer" daemon [_thread_blocked, id=18008, stack(0x00000016e0f00000,0x00000016e1000000)]
  0x000001e18abbe800 JavaThread "DestroyJavaVM" [_thread_blocked, id=14420, stack(0x00000016df500000,0x00000016df600000)]

Other Threads:
=>0x000001e1a98d4800 VMThread "VM Thread" [stack: 0x00000016dfb00000,0x00000016dfc00000] [id=7436]
  0x000001e18abd0000 GCTaskThread "GC Thread#0" [stack: 0x00000016df600000,0x00000016df700000] [id=8244]
  0x000001e1ac3fa800 GCTaskThread "GC Thread#1" [stack: 0x00000016e1100000,0x00000016e1200000] [id=14888]
  0x000001e1ac3fb800 GCTaskThread "GC Thread#2" [stack: 0x00000016e1200000,0x00000016e1300000] [id=12364]
  0x000001e1b2fbe000 GCTaskThread "GC Thread#3" [stack: 0x00000016e1300000,0x00000016e1400000] [id=11616]
  0x000001e1b2fbe800 GCTaskThread "GC Thread#4" [stack: 0x00000016e1400000,0x00000016e1500000] [id=4760]
  0x000001e1b2e11000 GCTaskThread "GC Thread#5" [stack: 0x00000016e1500000,0x00000016e1600000] [id=13012]
  0x000001e1b2e12000 GCTaskThread "GC Thread#6" [stack: 0x00000016e1600000,0x00000016e1700000] [id=14160]
  0x000001e1ac430000 GCTaskThread "GC Thread#7" [stack: 0x00000016e1700000,0x00000016e1800000] [id=1252]
  0x000001e18ac01800 ConcurrentGCThread "G1 Main Marker" [stack: 0x00000016df700000,0x00000016df800000] [id=6772]
  0x000001e18ac03800 ConcurrentGCThread "G1 Conc#0" [stack: 0x00000016df800000,0x00000016df900000] [id=18828]
  0x000001e1aa60a000 ConcurrentGCThread "G1 Conc#1" [stack: 0x00000016e1900000,0x00000016e1a00000] [id=16392]
  0x000001e18ac93800 ConcurrentGCThread "G1 Refine#0" [stack: 0x00000016df900000,0x00000016dfa00000] [id=11624]
  0x000001e1aa7b3000 ConcurrentGCThread "G1 Refine#1" [stack: 0x00000016e1800000,0x00000016e1900000] [id=11140]
  0x000001e18ac95800 ConcurrentGCThread "G1 Young RemSet Sampling" [stack: 0x00000016dfa00000,0x00000016dfb00000] [id=8284]

Threads with active compile tasks:

VM state:at safepoint (shutting down)

VM Mutex/Monitor currently owned by a thread:  ([mutex/lock_event])
[0x000001e18abbce40] Threads_lock - owner thread: 0x000001e1a98d4800

Heap address: 0x0000000084c00000, size: 1972 MB, Compressed Oops mode: 32-bit
Narrow klass base: 0x0000000000000000, Narrow klass shift: 3
Compressed class space size: 1073741824 Address: 0x0000000100000000

Heap:
 garbage-first heap   total 58368K, used 17678K [0x0000000084c00000, 0x0000000100000000)
  region size 1024K, 2 young (2048K), 0 survivors (0K)
 Metaspace       used 26206K, capacity 26829K, committed 27008K, reserved 1073152K
  class space    used 2653K, capacity 2886K, committed 2944K, reserved 1048576K
Heap Regions: E=young(eden), S=young(survivor), O=old, HS=humongous(starts), HC=humongous(continues), CS=collection set, F=free, A=archive, TAMS=top-at-mark-start (previous, next)
|   0|0x0000000084c00000, 0x0000000084d00000, 0x0000000084d00000|100%|HS|  |TAMS 0x0000000084c00000, 0x0000000084c00000| Untracked 
|   1|0x0000000084d00000, 0x0000000084e00000, 0x0000000084e00000|100%|HC|  |TAMS 0x0000000084d00000, 0x0000000084d00000| Untracked 
|   2|0x0000000084e00000, 0x0000000084f00000, 0x0000000084f00000|100%|HC|  |TAMS 0x0000000084e00000, 0x0000000084e00000| Untracked 
|   3|0x0000000084f00000, 0x0000000085000000, 0x0000000085000000|100%|HC|  |TAMS 0x0000000084f00000, 0x0000000084f00000| Untracked 
|   4|0x0000000085000000, 0x0000000085100000, 0x0000000085100000|100%|HC|  |TAMS 0x0000000085000000, 0x0000000085000000| Untracked 
|   5|0x0000000085100000, 0x0000000085200000, 0x0000000085200000|100%|HC|  |TAMS 0x0000000085100000, 0x0000000085100000| Untracked 
|   6|0x0000000085200000, 0x0000000085300000, 0x0000000085300000|100%|HC|  |TAMS 0x0000000085200000, 0x0000000085200000| Untracked 
|   7|0x0000000085300000, 0x0000000085400000, 0x0000000085400000|100%|HC|  |TAMS 0x0000000085300000, 0x0000000085300000| Untracked 
|   8|0x0000000085400000, 0x0000000085500000, 0x0000000085500000|100%|HS|  |TAMS 0x0000000085400000, 0x0000000085400000| Untracked 
|   9|0x0000000085500000, 0x0000000085600000, 0x0000000085600000|100%|HC|  |TAMS 0x0000000085500000, 0x0000000085500000| Untracked 
|  10|0x0000000085600000, 0x00000000856ffff8, 0x0000000085700000| 99%| O|  |TAMS 0x0000000085600000, 0x0000000085600000| Untracked 
|  11|0x0000000085700000, 0x00000000857ffff8, 0x0000000085800000| 99%| O|  |TAMS 0x0000000085700000, 0x0000000085700000| Untracked 
|  12|0x0000000085800000, 0x00000000858ffff8, 0x0000000085900000| 99%| O|  |TAMS 0x0000000085800000, 0x0000000085800000| Untracked 
|  13|0x0000000085900000, 0x00000000859fffc8, 0x0000000085a00000| 99%| O|  |TAMS 0x0000000085900000, 0x0000000085900000| Untracked 
|  14|0x0000000085a00000, 0x0000000085afa7a8, 0x0000000085b00000| 97%| O|  |TAMS 0x0000000085a00000, 0x0000000085a00000| Untracked 
|  15|0x0000000085b00000, 0x0000000085bffff0, 0x0000000085c00000| 99%| O|  |TAMS 0x0000000085b00000, 0x0000000085b00000| Untracked 
|  16|0x0000000085c00000, 0x0000000085c49400, 0x0000000085d00000| 28%| O|  |TAMS 0x0000000085c00000, 0x0000000085c00000| Untracked 
|  17|0x0000000085d00000, 0x0000000085d00000, 0x0000000085e00000|  0%| F|  |TAMS 0x0000000085d00000, 0x0000000085d00000| Untracked 
|  18|0x0000000085e00000, 0x0000000085e00000, 0x0000000085f00000|  0%| F|  |TAMS 0x0000000085e00000, 0x0000000085e00000| Untracked 
|  19|0x0000000085f00000, 0x0000000085f00000, 0x0000000086000000|  0%| F|  |TAMS 0x0000000085f00000, 0x0000000085f00000| Untracked 
|  20|0x0000000086000000, 0x0000000086000000, 0x0000000086100000|  0%| F|  |TAMS 0x0000000086000000, 0x0000000086000000| Untracked 
|  21|0x0000000086100000, 0x0000000086100000, 0x0000000086200000|  0%| F|  |TAMS 0x0000000086100000, 0x0000000086100000| Untracked 
|  22|0x0000000086200000, 0x0000000086200000, 0x0000000086300000|  0%| F|  |TAMS 0x0000000086200000, 0x0000000086200000| Untracked 
|  23|0x0000000086300000, 0x0000000086300000, 0x0000000086400000|  0%| F|  |TAMS 0x0000000086300000, 0x0000000086300000| Untracked 
|  24|0x0000000086400000, 0x0000000086400000, 0x0000000086500000|  0%| F|  |TAMS 0x0000000086400000, 0x0000000086400000| Untracked 
|  25|0x0000000086500000, 0x0000000086500000, 0x0000000086600000|  0%| F|  |TAMS 0x0000000086500000, 0x0000000086500000| Untracked 
|  26|0x0000000086600000, 0x0000000086600000, 0x0000000086700000|  0%| F|  |TAMS 0x0000000086600000, 0x0000000086600000| Untracked 
|  27|0x0000000086700000, 0x0000000086700000, 0x0000000086800000|  0%| F|  |TAMS 0x0000000086700000, 0x0000000086700000| Untracked 
|  28|0x0000000086800000, 0x0000000086800000, 0x0000000086900000|  0%| F|  |TAMS 0x0000000086800000, 0x0000000086800000| Untracked 
|  29|0x0000000086900000, 0x0000000086900000, 0x0000000086a00000|  0%| F|  |TAMS 0x0000000086900000, 0x0000000086900000| Untracked 
|  30|0x0000000086a00000, 0x0000000086a00000, 0x0000000086b00000|  0%| F|  |TAMS 0x0000000086a00000, 0x0000000086a00000| Untracked 
|  31|0x0000000086b00000, 0x0000000086b00000, 0x0000000086c00000|  0%| F|  |TAMS 0x0000000086b00000, 0x0000000086b00000| Untracked 
|  32|0x0000000086c00000, 0x0000000086c00000, 0x0000000086d00000|  0%| F|  |TAMS 0x0000000086c00000, 0x0000000086c00000| Untracked 
|  33|0x0000000086d00000, 0x0000000086d00000, 0x0000000086e00000|  0%| F|  |TAMS 0x0000000086d00000, 0x0000000086d00000| Untracked 
|  34|0x0000000086e00000, 0x0000000086e00000, 0x0000000086f00000|  0%| F|  |TAMS 0x0000000086e00000, 0x0000000086e00000| Untracked 
|  35|0x0000000086f00000, 0x0000000086f00000, 0x0000000087000000|  0%| F|  |TAMS 0x0000000086f00000, 0x0000000086f00000| Untracked 
|  36|0x0000000087000000, 0x0000000087000000, 0x0000000087100000|  0%| F|  |TAMS 0x0000000087000000, 0x0000000087000000| Untracked 
|  37|0x0000000087100000, 0x0000000087100000, 0x0000000087200000|  0%| F|  |TAMS 0x0000000087100000, 0x0000000087100000| Untracked 
|  38|0x0000000087200000, 0x0000000087200000, 0x0000000087300000|  0%| F|  |TAMS 0x0000000087200000, 0x0000000087200000| Untracked 
|  39|0x0000000087300000, 0x0000000087300000, 0x0000000087400000|  0%| F|  |TAMS 0x0000000087300000, 0x0000000087300000| Untracked 
|  40|0x0000000087400000, 0x0000000087400000, 0x0000000087500000|  0%| F|  |TAMS 0x0000000087400000, 0x0000000087400000| Untracked 
|  41|0x0000000087500000, 0x0000000087500000, 0x0000000087600000|  0%| F|  |TAMS 0x0000000087500000, 0x0000000087500000| Untracked 
|  42|0x0000000087600000, 0x0000000087600000, 0x0000000087700000|  0%| F|  |TAMS 0x0000000087600000, 0x0000000087600000| Untracked 
|  43|0x0000000087700000, 0x0000000087700000, 0x0000000087800000|  0%| F|  |TAMS 0x0000000087700000, 0x0000000087700000| Untracked 
|  44|0x0000000087800000, 0x0000000087800000, 0x0000000087900000|  0%| F|  |TAMS 0x0000000087800000, 0x0000000087800000| Untracked 
|  45|0x0000000087900000, 0x0000000087900000, 0x0000000087a00000|  0%| F|  |TAMS 0x0000000087900000, 0x0000000087900000| Untracked 
|  46|0x0000000087a00000, 0x0000000087a00000, 0x0000000087b00000|  0%| F|  |TAMS 0x0000000087a00000, 0x0000000087a00000| Untracked 
|  47|0x0000000087b00000, 0x0000000087b00000, 0x0000000087c00000|  0%| F|  |TAMS 0x0000000087b00000, 0x0000000087b00000| Untracked 
|  48|0x0000000087c00000, 0x0000000087c00000, 0x0000000087d00000|  0%| F|  |TAMS 0x0000000087c00000, 0x0000000087c00000| Untracked 
|  49|0x0000000087d00000, 0x0000000087d00000, 0x0000000087e00000|  0%| F|  |TAMS 0x0000000087d00000, 0x0000000087d00000| Untracked 
|  50|0x0000000087e00000, 0x0000000087e00000, 0x0000000087f00000|  0%| F|  |TAMS 0x0000000087e00000, 0x0000000087e00000| Untracked 
|  51|0x0000000087f00000, 0x0000000087f00000, 0x0000000088000000|  0%| F|  |TAMS 0x0000000087f00000, 0x0000000087f00000| Untracked 
|  52|0x0000000088000000, 0x0000000088000000, 0x0000000088100000|  0%| F|  |TAMS 0x0000000088000000, 0x0000000088000000| Untracked 
|  53|0x0000000088100000, 0x0000000088100000, 0x0000000088200000|  0%| F|  |TAMS 0x0000000088100000, 0x0000000088100000| Untracked 
|  54|0x0000000088200000, 0x0000000088200000, 0x0000000088300000|  0%| F|  |TAMS 0x0000000088200000, 0x0000000088200000| Untracked 
|  55|0x0000000088300000, 0x0000000088318d30, 0x0000000088400000|  9%| E|  |TAMS 0x0000000088300000, 0x0000000088300000| Complete 
|  56|0x0000000088400000, 0x0000000088500000, 0x0000000088500000|100%| E|CS|TAMS 0x0000000088400000, 0x0000000088400000| Complete 

Card table byte_map: [0x000001e1a2930000,0x000001e1a2d10000] _byte_map_base: 0x000001e1a250a000

Marking Bits (Prev, Next): (CMBitMap*) 0x000001e18abf8d78, (CMBitMap*) 0x000001e18abf8db0
 Prev Bits: [0x000001e1a30f0000, 0x000001e1a4fc0000)
 Next Bits: [0x000001e1a4fc0000, 0x000001e1a6e90000)

Polling page: 0x000001e188bc0000

Metaspace:

Usage:
  Non-class:     23.38 MB capacity,    23.00 MB ( 98%) used,   326.15 KB (  1%) free+waste,    64.00 KB ( <1%) overhead. 
      Class:      2.82 MB capacity,     2.59 MB ( 92%) used,   200.95 KB (  7%) free+waste,    31.88 KB (  1%) overhead. 
       Both:     26.20 MB capacity,    25.59 MB ( 98%) used,   527.09 KB (  2%) free+waste,    95.88 KB ( <1%) overhead. 

Virtual space:
  Non-class space:       24.00 MB reserved,      23.50 MB ( 98%) committed 
      Class space:        1.00 GB reserved,       2.88 MB ( <1%) committed 
             Both:        1.02 GB reserved,      26.38 MB (  3%) committed 

Chunk freelists:
   Non-Class:  57.00 KB
       Class:  26.00 KB
        Both:  83.00 KB

MaxMetaspaceSize: 17179869184.00 GB
CompressedClassSpaceSize: 1.00 GB

CodeHeap 'non-profiled nmethods': size=120000Kb used=1213Kb max_used=1213Kb free=118786Kb
 bounds [0x000001e19acf0000, 0x000001e19af60000, 0x000001e1a2220000]
CodeHeap 'profiled nmethods': size=120000Kb used=6104Kb max_used=6104Kb free=113895Kb
 bounds [0x000001e1937c0000, 0x000001e193dc0000, 0x000001e19acf0000]
CodeHeap 'non-nmethods': size=5760Kb used=1342Kb max_used=1369Kb free=4417Kb
 bounds [0x000001e193220000, 0x000001e193490000, 0x000001e1937c0000]
 total_blobs=4765 nmethods=3065 adapters=679
 compilation: enabled
              stopped_count=0, restarted_count=0
 full_count=0

Compilation events (20 events):
Event: 5.648 Thread 0x000001e1a98fd000 3059       3       com.jme3.renderer.queue.GeometryList::sort (49 bytes)
Event: 5.649 Thread 0x000001e1a98fd000 nmethod 3059 0x000001e193db4710 code [0x000001e193db48e0, 0x000001e193db4b60]
Event: 5.714 Thread 0x000001e1a98f8800 3060       4       com.jme3.material.Technique::applyOverrides (104 bytes)
Event: 5.731 Thread 0x000001e1a98f8800 nmethod 3060 0x000001e19ae1c290 code [0x000001e19ae1c4c0, 0x000001e19ae1d708]
Event: 5.746 Thread 0x000001e1a98f8800 3061       4       com.jme3.math.Matrix3f::determinant (85 bytes)
Event: 5.747 Thread 0x000001e1a98f8800 nmethod 3061 0x000001e19ae1e190 code [0x000001e19ae1e320, 0x000001e19ae1e3d8]
Event: 5.747 Thread 0x000001e1a98f8800 3062       4       com.jme3.math.Matrix3f::multLocal (92 bytes)
Event: 5.747 Thread 0x000001e1a98f8800 nmethod 3062 0x000001e19ae1e490 code [0x000001e19ae1e620, 0x000001e19ae1e6d8]
Event: 5.791 Thread 0x000001e1a98f8800 3063       4       com.jme3.animation.SkeletonControl::controlUpdate (6 bytes)
Event: 5.791 Thread 0x000001e1a98f8800 nmethod 3063 0x000001e19ae1e790 code [0x000001e19ae1e920, 0x000001e19ae1e978]
Event: 5.792 Thread 0x000001e1a98f8800 3064       4       com.jme3.scene.Spatial::setBoundRefresh (48 bytes)
Event: 5.793 Thread 0x000001e1a98f8800 nmethod 3064 0x000001e19ae1ea10 code [0x000001e19ae1eba0, 0x000001e19ae1ec38]
Event: 5.803 Thread 0x000001e1a98f8800 3065       4       com.jme3.scene.Spatial::updateWorldTransforms (98 bytes)
Event: 5.805 Thread 0x000001e1a98f8800 nmethod 3065 0x000001e19ae1ed10 code [0x000001e19ae1eee0, 0x000001e19ae1f288]
Event: 5.870 Thread 0x000001e1a98fd000 3066       3       com.jme3.material.Technique::makeCurrent (84 bytes)
Event: 5.871 Thread 0x000001e1a98fd000 nmethod 3066 0x000001e193db4c90 code [0x000001e193db4ea0, 0x000001e193db5390]
Event: 5.971 Thread 0x000001e1a98fd000 3067       3       java.util.concurrent.ConcurrentHashMap$KeyIterator::next (34 bytes)
Event: 5.971 Thread 0x000001e1a98fd000 nmethod 3067 0x000001e193db5610 code [0x000001e193db57e0, 0x000001e193db5ae0]
Event: 5.980 Thread 0x000001e1a98fd000 3068       3       java.nio.HeapByteBuffer::get (14 bytes)
Event: 5.981 Thread 0x000001e1a98fd000 nmethod 3068 0x000001e193db5c10 code [0x000001e193db5de0, 0x000001e193db6110]

GC Heap History (14 events):
Event: 0.605 GC heap before
{Heap before GC invocations=0 (full 0):
 garbage-first heap   total 126976K, used 29696K [0x0000000084c00000, 0x0000000100000000)
  region size 1024K, 21 young (21504K), 0 survivors (0K)
 Metaspace       used 20525K, capacity 21018K, committed 21248K, reserved 1069056K
  class space    used 2191K, capacity 2441K, committed 2560K, reserved 1048576K
}
Event: 0.613 GC heap after
{Heap after GC invocations=1 (full 0):
 garbage-first heap   total 126976K, used 14771K [0x0000000084c00000, 0x0000000100000000)
  region size 1024K, 3 young (3072K), 3 survivors (3072K)
 Metaspace       used 20525K, capacity 21018K, committed 21248K, reserved 1069056K
  class space    used 2191K, capacity 2441K, committed 2560K, reserved 1048576K
}
Event: 0.782 GC heap before
{Heap before GC invocations=2 (full 0):
 garbage-first heap   total 126976K, used 21939K [0x0000000084c00000, 0x0000000100000000)
  region size 1024K, 10 young (10240K), 3 survivors (3072K)
 Metaspace       used 23169K, capacity 23710K, committed 23936K, reserved 1071104K
  class space    used 2443K, capacity 2675K, committed 2688K, reserved 1048576K
}
Event: 0.785 GC heap after
{Heap after GC invocations=3 (full 0):
 garbage-first heap   total 126976K, used 15467K [0x0000000084c00000, 0x0000000100000000)
  region size 1024K, 1 young (1024K), 1 survivors (1024K)
 Metaspace       used 23169K, capacity 23710K, committed 23936K, reserved 1071104K
  class space    used 2443K, capacity 2675K, committed 2688K, reserved 1048576K
}
Event: 0.859 GC heap before
{Heap before GC invocations=3 (full 0):
 garbage-first heap   total 126976K, used 43115K [0x0000000084c00000, 0x0000000100000000)
  region size 1024K, 6 young (6144K), 1 survivors (1024K)
 Metaspace       used 24200K, capacity 24769K, committed 25088K, reserved 1071104K
  class space    used 2544K, capacity 2772K, committed 2816K, reserved 1048576K
}
Event: 0.860 GC heap after
{Heap after GC invocations=4 (full 0):
 garbage-first heap   total 126976K, used 28005K [0x0000000084c00000, 0x0000000100000000)
  region size 1024K, 2 young (2048K), 2 survivors (2048K)
 Metaspace       used 24200K, capacity 24769K, committed 25088K, reserved 1071104K
  class space    used 2544K, capacity 2772K, committed 2816K, reserved 1048576K
}
Event: 0.881 GC heap before
{Heap before GC invocations=5 (full 0):
 garbage-first heap   total 126976K, used 52581K [0x0000000084c00000, 0x0000000100000000)
  region size 1024K, 3 young (3072K), 2 survivors (2048K)
 Metaspace       used 24201K, capacity 24769K, committed 25088K, reserved 1071104K
  class space    used 2544K, capacity 2772K, committed 2816K, reserved 1048576K
}
Event: 0.882 GC heap after
{Heap after GC invocations=6 (full 0):
 garbage-first heap   total 126976K, used 40299K [0x0000000084c00000, 0x0000000100000000)
  region size 1024K, 2 young (2048K), 2 survivors (2048K)
 Metaspace       used 24201K, capacity 24769K, committed 25088K, reserved 1071104K
  class space    used 2544K, capacity 2772K, committed 2816K, reserved 1048576K
}
Event: 0.908 GC heap before
{Heap before GC invocations=7 (full 0):
 garbage-first heap   total 126976K, used 89451K [0x0000000084c00000, 0x0000000100000000)
  region size 1024K, 3 young (3072K), 2 survivors (2048K)
 Metaspace       used 24202K, capacity 24769K, committed 25088K, reserved 1071104K
  class space    used 2544K, capacity 2772K, committed 2816K, reserved 1048576K
}
Event: 0.909 GC heap after
{Heap after GC invocations=8 (full 0):
 garbage-first heap   total 126976K, used 64878K [0x0000000084c00000, 0x0000000100000000)
  region size 1024K, 2 young (2048K), 2 survivors (2048K)
 Metaspace       used 24202K, capacity 24769K, committed 25088K, reserved 1071104K
  class space    used 2544K, capacity 2772K, committed 2816K, reserved 1048576K
}
Event: 4.303 GC heap before
{Heap before GC invocations=9 (full 0):
 garbage-first heap   total 126976K, used 110958K [0x0000000084c00000, 0x0000000100000000)
  region size 1024K, 15 young (15360K), 2 survivors (2048K)
 Metaspace       used 26096K, capacity 26637K, committed 26752K, reserved 1073152K
  class space    used 2652K, capacity 2886K, committed 2944K, reserved 1048576K
}
Event: 4.314 GC heap after
{Heap after GC invocations=10 (full 1):
 garbage-first heap   total 68608K, used 16673K [0x0000000084c00000, 0x0000000100000000)
  region size 1024K, 0 young (0K), 0 survivors (0K)
 Metaspace       used 26096K, capacity 26637K, committed 26752K, reserved 1073152K
  class space    used 2652K, capacity 2886K, committed 2944K, reserved 1048576K
}
Event: 4.314 GC heap before
{Heap before GC invocations=10 (full 1):
 garbage-first heap   total 68608K, used 16673K [0x0000000084c00000, 0x0000000100000000)
  region size 1024K, 0 young (0K), 0 survivors (0K)
 Metaspace       used 26096K, capacity 26637K, committed 26752K, reserved 1073152K
  class space    used 2652K, capacity 2886K, committed 2944K, reserved 1048576K
}
Event: 4.324 GC heap after
{Heap after GC invocations=11 (full 2):
 garbage-first heap   total 58368K, used 16654K [0x0000000084c00000, 0x0000000100000000)
  region size 1024K, 0 young (0K), 0 survivors (0K)
 Metaspace       used 26096K, capacity 26637K, committed 26752K, reserved 1073152K
  class space    used 2652K, capacity 2886K, committed 2944K, reserved 1048576K
}

Deoptimization events (20 events):
Event: 2.288 Thread 0x000001e1ab6e9000 DEOPT PACKING pc=0x000001e193be155a sp=0x00000016e0afe5f0
Event: 2.288 Thread 0x000001e1ab6e9000 DEOPT UNPACKING pc=0x000001e19324a4de sp=0x00000016e0afda98 mode 0
Event: 2.306 Thread 0x000001e1ab6e9000 Uncommon trap: trap_request=0xffffffc6 fr.pc=0x000001e19ad6f7cc relative=0x00000000000005ec
Event: 2.306 Thread 0x000001e1ab6e9000 Uncommon trap: reason=bimorphic_or_optimized_type_check action=maybe_recompile pc=0x000001e19ad6f7cc method=java.util.HashMap.getNode(ILjava/lang/Object;)Ljava/util/HashMap$Node; @ 126 c2
Event: 2.306 Thread 0x000001e1ab6e9000 DEOPT PACKING pc=0x000001e19ad6f7cc sp=0x00000016e0afe8c0
Event: 2.306 Thread 0x000001e1ab6e9000 DEOPT UNPACKING pc=0x000001e19322822f sp=0x00000016e0afe7d8 mode 2
Event: 2.320 Thread 0x000001e1ab6e9000 Uncommon trap: trap_request=0xffffffc6 fr.pc=0x000001e19ad6f7cc relative=0x00000000000005ec
Event: 2.320 Thread 0x000001e1ab6e9000 Uncommon trap: reason=bimorphic_or_optimized_type_check action=maybe_recompile pc=0x000001e19ad6f7cc method=java.util.HashMap.getNode(ILjava/lang/Object;)Ljava/util/HashMap$Node; @ 126 c2
Event: 2.320 Thread 0x000001e1ab6e9000 DEOPT PACKING pc=0x000001e19ad6f7cc sp=0x00000016e0afe8c0
Event: 2.320 Thread 0x000001e1ab6e9000 DEOPT UNPACKING pc=0x000001e19322822f sp=0x00000016e0afe7d8 mode 2
Event: 2.336 Thread 0x000001e1ab6e9000 Uncommon trap: trap_request=0xffffffc6 fr.pc=0x000001e19ad6f7cc relative=0x00000000000005ec
Event: 2.336 Thread 0x000001e1ab6e9000 Uncommon trap: reason=bimorphic_or_optimized_type_check action=maybe_recompile pc=0x000001e19ad6f7cc method=java.util.HashMap.getNode(ILjava/lang/Object;)Ljava/util/HashMap$Node; @ 126 c2
Event: 2.336 Thread 0x000001e1ab6e9000 DEOPT PACKING pc=0x000001e19ad6f7cc sp=0x00000016e0afe8c0
Event: 2.336 Thread 0x000001e1ab6e9000 DEOPT UNPACKING pc=0x000001e19322822f sp=0x00000016e0afe7d8 mode 2
Event: 2.347 Thread 0x000001e1ab6e9000 Uncommon trap: trap_request=0xffffffc6 fr.pc=0x000001e19ad6f7cc relative=0x00000000000005ec
Event: 2.347 Thread 0x000001e1ab6e9000 Uncommon trap: reason=bimorphic_or_optimized_type_check action=maybe_recompile pc=0x000001e19ad6f7cc method=java.util.HashMap.getNode(ILjava/lang/Object;)Ljava/util/HashMap$Node; @ 126 c2
Event: 2.347 Thread 0x000001e1ab6e9000 DEOPT PACKING pc=0x000001e19ad6f7cc sp=0x00000016e0afe8c0
Event: 2.347 Thread 0x000001e1ab6e9000 DEOPT UNPACKING pc=0x000001e19322822f sp=0x00000016e0afe7d8 mode 2
Event: 5.870 Thread 0x000001e1ab6e9000 DEOPT PACKING pc=0x000001e193c8c3b7 sp=0x00000016e0afe8a0
Event: 5.870 Thread 0x000001e1ab6e9000 DEOPT UNPACKING pc=0x000001e19324a4de sp=0x00000016e0afdcd0 mode 0

Classes redefined (0 events):
No events

Internal exceptions (20 events):
Event: 0.335 Thread 0x000001e18abbe800 Exception <a 'java/lang/ClassNotFoundException'{0x000000008bca9280}: com/sun/swing/internal/plaf/basic/resources/spi/basicProvider> (0x000000008bca9280) thrown at [c:/cygwin64/tmp/openjdk-jdk11u-windows-x64-hotspot/workspace/build/src/src/hotspot/share/cl
Event: 0.353 Thread 0x000001e18abbe800 Exception <a 'java/lang/NoSuchMethodError'{0x000000008bb0d008}: 'void java.lang.invoke.DirectMethodHandle$Holder.invokeStaticInit(java.lang.Object)'> (0x000000008bb0d008) thrown at [c:/cygwin64/tmp/openjdk-jdk11u-windows-x64-hotspot/workspace/build/src/sr
Event: 0.375 Thread 0x000001e18abbe800 Exception <a 'java/lang/NoSuchMethodError'{0x000000008ba120c8}: 'java.lang.Object java.lang.invoke.DirectMethodHandle$Holder.invokeStatic(java.lang.Object, java.lang.Object, java.lang.Object, java.lang.Object, java.lang.Object, java.lang.Object, java.lang
Event: 0.376 Thread 0x000001e18abbe800 Exception <a 'java/lang/NoSuchMethodError'{0x000000008ba302d0}: 'java.lang.Object java.lang.invoke.DirectMethodHandle$Holder.invokeStatic(java.lang.Object, java.lang.Object, java.lang.Object, java.lang.Object, java.lang.Object, java.lang.Object, java.lang
Event: 0.377 Thread 0x000001e18abbe800 Exception <a 'java/lang/NoSuchMethodError'{0x000000008ba4f268}: 'java.lang.Object java.lang.invoke.DirectMethodHandle$Holder.invokeStatic(java.lang.Object, java.lang.Object, java.lang.Object, java.lang.Object, java.lang.Object, java.lang.Object, java.lang
Event: 0.377 Thread 0x000001e18abbe800 Exception <a 'java/lang/NoSuchMethodError'{0x000000008ba5b218}: 'java.lang.Object java.lang.invoke.Invokers$Holder.linkToTargetMethod(java.lang.Object, int, java.lang.Object)'> (0x000000008ba5b218) thrown at [c:/cygwin64/tmp/openjdk-jdk11u-windows-x64-hot
Event: 0.463 Thread 0x000001e1aa86a800 Exception <a 'java/lang/NoSuchMethodError'{0x000000008b847b08}: 'java.lang.Object java.lang.invoke.DirectMethodHandle$Holder.invokeStatic(java.lang.Object, java.lang.Object, java.lang.Object, java.lang.Object, java.lang.Object, java.lang.Object, java.lang
Event: 0.466 Thread 0x000001e1aa86a800 Exception <a 'java/lang/NoSuchMethodError'{0x000000008b884820}: 'java.lang.Object java.lang.invoke.DirectMethodHandle$Holder.invokeStatic(java.lang.Object, java.lang.Object, java.lang.Object, java.lang.Object, java.lang.Object, java.lang.Object, java.lang
Event: 0.467 Thread 0x000001e1aa86a800 Exception <a 'java/lang/NoSuchMethodError'{0x000000008b890a18}: 'java.lang.Object java.lang.invoke.DirectMethodHandle$Holder.invokeStatic(java.lang.Object, java.lang.Object, java.lang.Object, java.lang.Object, java.lang.Object, java.lang.Object, java.lang
Event: 0.468 Thread 0x000001e1aa86a800 Exception <a 'java/lang/NoSuchMethodError'{0x000000008b89cff0}: 'java.lang.Object java.lang.invoke.DirectMethodHandle$Holder.invokeStatic(java.lang.Object, java.lang.Object, java.lang.Object, java.lang.Object, java.lang.Object, java.lang.Object, java.lang
Event: 0.474 Thread 0x000001e1aa86a800 Exception <a 'java/lang/ClassNotFoundException'{0x000000008b8e38e8}: com/sun/java/swing/plaf/windows/resources/spi/windowsProvider> (0x000000008b8e38e8) thrown at [c:/cygwin64/tmp/openjdk-jdk11u-windows-x64-hotspot/workspace/build/src/src/hotspot/share/cl
Event: 0.636 Thread 0x000001e1ab6e9000 Exception <a 'org/lwjgl/LWJGLException'{0x000000008c539850}: Failed query key value> (0x000000008c539850) thrown at [c:/cygwin64/tmp/openjdk-jdk11u-windows-x64-hotspot/workspace/build/src/src/hotspot/share/prims/jni.cpp, line 636]
Event: 0.636 Thread 0x000001e1ab6e9000 Exception <a 'org/lwjgl/LWJGLException'{0x000000008c539f90}: Failed query key value> (0x000000008c539f90) thrown at [c:/cygwin64/tmp/openjdk-jdk11u-windows-x64-hotspot/workspace/build/src/src/hotspot/share/prims/jni.cpp, line 636]
Event: 0.647 Thread 0x000001e1ab6e9000 Exception <a 'java/lang/NoSuchMethodError'{0x000000008c423490}: 'int java.lang.invoke.DirectMethodHandle$Holder.invokeSpecialIFC(java.lang.Object, java.lang.Object, int)'> (0x000000008c423490) thrown at [c:/cygwin64/tmp/openjdk-jdk11u-windows-x64-hotspot/
Event: 0.705 Thread 0x000001e1ab6e9000 Exception <a 'java/security/PrivilegedActionException'{0x000000008c143820}> (0x000000008c143820) thrown at [c:/cygwin64/tmp/openjdk-jdk11u-windows-x64-hotspot/workspace/build/src/src/hotspot/share/prims/jvm.cpp, line 1297]
Event: 0.705 Thread 0x000001e1ab6e9000 Exception <a 'java/security/PrivilegedActionException'{0x000000008c145fd0}> (0x000000008c145fd0) thrown at [c:/cygwin64/tmp/openjdk-jdk11u-windows-x64-hotspot/workspace/build/src/src/hotspot/share/prims/jvm.cpp, line 1297]
Event: 0.705 Thread 0x000001e1ab6e9000 Exception <a 'java/security/PrivilegedActionException'{0x000000008c146f88}> (0x000000008c146f88) thrown at [c:/cygwin64/tmp/openjdk-jdk11u-windows-x64-hotspot/workspace/build/src/src/hotspot/share/prims/jvm.cpp, line 1297]
Event: 0.705 Thread 0x000001e1ab6e9000 Exception <a 'java/security/PrivilegedActionException'{0x000000008c14c5f8}> (0x000000008c14c5f8) thrown at [c:/cygwin64/tmp/openjdk-jdk11u-windows-x64-hotspot/workspace/build/src/src/hotspot/share/prims/jvm.cpp, line 1297]
Event: 0.705 Thread 0x000001e1ab6e9000 Exception <a 'java/security/PrivilegedActionException'{0x000000008c14d1b8}> (0x000000008c14d1b8) thrown at [c:/cygwin64/tmp/openjdk-jdk11u-windows-x64-hotspot/workspace/build/src/src/hotspot/share/prims/jvm.cpp, line 1297]
Event: 0.705 Thread 0x000001e1ab6e9000 Exception <a 'java/security/PrivilegedActionException'{0x000000008c14dd38}> (0x000000008c14dd38) thrown at [c:/cygwin64/tmp/openjdk-jdk11u-windows-x64-hotspot/workspace/build/src/src/hotspot/share/prims/jvm.cpp, line 1297]

Events (20 events):
Event: 4.324 Executing VM operation: G1CollectFull done
Event: 5.490 Loaded shared library D:\gameJava\BasicGame\lwjgl64.dll
Event: 5.492 Loaded shared library D:\gameJava\BasicGame\lwjgl64.dll
Event: 5.493 Loaded shared library D:\gameJava\BasicGame\lwjgl64.dll
Event: 5.494 Loaded shared library D:\gameJava\BasicGame\lwjgl64.dll
Event: 5.556 Thread 0x000001e1ab6e4000 Thread exited: 0x000001e1ab6e4000
Event: 5.780 loading class org/lwjgl/opengl/WindowsKeycodes
Event: 5.780 loading class org/lwjgl/opengl/WindowsKeycodes done
Event: 5.781 loading class com/jme3/input/event/KeyInputEvent
Event: 5.781 loading class com/jme3/input/event/KeyInputEvent done
Event: 5.970 Thread 0x000001e1ab6e4000 Thread added: 0x000001e1ab6e4000
Event: 5.970 Thread 0x000001e1abae7000 Thread added: 0x000001e1abae7000
Event: 5.970 Thread 0x000001e1ab5e1800 Thread added: 0x000001e1ab5e1800
Event: 5.970 Thread 0x000001e1aac19800 Thread added: 0x000001e1aac19800
Event: 5.971 Thread 0x000001e1ab5e1800 Thread exited: 0x000001e1ab5e1800
Event: 5.971 Thread 0x000001e1ab6e4000 Thread exited: 0x000001e1ab6e4000
Event: 5.976 Thread 0x000001e1aac19800 Thread exited: 0x000001e1aac19800
Event: 6.000 Thread 0x000001e1aa9d8000 Thread exited: 0x000001e1aa9d8000
Event: 6.071 Thread 0x000001e1abae7000 Thread exited: 0x000001e1abae7000
Event: 6.072 Executing VM operation: Exit


Dynamic libraries:
0x00007ff612410000 - 0x00007ff61241d000 	D:\ProgramFile\jmonkeyplatform\jdk\bin\java.exe
0x00007ffd6d550000 - 0x00007ffd6d745000 	C:\Windows\SYSTEM32\ntdll.dll
0x00007ffd6c1a0000 - 0x00007ffd6c25e000 	C:\Windows\System32\KERNEL32.DLL
0x00007ffd6afe0000 - 0x00007ffd6b2a8000 	C:\Windows\System32\KERNELBASE.dll
0x00007ffd6ac70000 - 0x00007ffd6ad70000 	C:\Windows\System32\ucrtbase.dll
0x00007ffd626f0000 - 0x00007ffd62707000 	D:\ProgramFile\jmonkeyplatform\jdk\bin\jli.dll
0x00007ffd5fda0000 - 0x00007ffd5fdb6000 	D:\ProgramFile\jmonkeyplatform\jdk\bin\VCRUNTIME140.dll
0x00007ffd6c910000 - 0x00007ffd6cab0000 	C:\Windows\System32\USER32.dll
0x00007ffd6b580000 - 0x00007ffd6b5a2000 	C:\Windows\System32\win32u.dll
0x00007ffd4ebe0000 - 0x00007ffd4ee7a000 	C:\Windows\WinSxS\amd64_microsoft.windows.common-controls_6595b64144ccf1df_6.0.19041.1110_none_60b5254171f9507e\COMCTL32.dll
0x00007ffd6ccd0000 - 0x00007ffd6ccfb000 	C:\Windows\System32\GDI32.dll
0x00007ffd6c870000 - 0x00007ffd6c90e000 	C:\Windows\System32\msvcrt.dll
0x00007ffd6ad70000 - 0x00007ffd6ae7b000 	C:\Windows\System32\gdi32full.dll
0x00007ffd6b2b0000 - 0x00007ffd6b34d000 	C:\Windows\System32\msvcp_win.dll
0x00007ffd6bb10000 - 0x00007ffd6bb40000 	C:\Windows\System32\IMM32.DLL
0x00007ffd45000000 - 0x00007ffd4509b000 	D:\ProgramFile\jmonkeyplatform\jdk\bin\msvcp140.dll
0x00007ffd22e80000 - 0x00007ffd2393c000 	D:\ProgramFile\jmonkeyplatform\jdk\bin\server\jvm.dll
0x00007ffd6b6e0000 - 0x00007ffd6b78e000 	C:\Windows\System32\ADVAPI32.dll
0x00007ffd6bf90000 - 0x00007ffd6c02c000 	C:\Windows\System32\sechost.dll
0x00007ffd6c740000 - 0x00007ffd6c865000 	C:\Windows\System32\RPCRT4.dll
0x00007ffd6d500000 - 0x00007ffd6d508000 	C:\Windows\System32\PSAPI.DLL
0x00007ffd5e800000 - 0x00007ffd5e80a000 	C:\Windows\SYSTEM32\VERSION.dll
0x00007ffd485e0000 - 0x00007ffd48607000 	C:\Windows\SYSTEM32\WINMM.dll
0x00007ffd5f820000 - 0x00007ffd5f829000 	C:\Windows\SYSTEM32\WSOCK32.dll
0x00007ffd6cab0000 - 0x00007ffd6cb1b000 	C:\Windows\System32\WS2_32.dll
0x00007ffd69510000 - 0x00007ffd69522000 	C:\Windows\SYSTEM32\kernel.appcore.dll
0x00007ffd5f810000 - 0x00007ffd5f820000 	D:\ProgramFile\jmonkeyplatform\jdk\bin\verify.dll
0x00007ffd68710000 - 0x00007ffd688f4000 	C:\Windows\SYSTEM32\DBGHELP.DLL
0x00007ffd4d510000 - 0x00007ffd4d53c000 	C:\Windows\SYSTEM32\dbgcore.DLL
0x00007ffd6b350000 - 0x00007ffd6b3d2000 	C:\Windows\System32\bcryptPrimitives.dll
0x00007ffd5c490000 - 0x00007ffd5c4b8000 	D:\ProgramFile\jmonkeyplatform\jdk\bin\java.dll
0x00007ffd5e170000 - 0x00007ffd5e187000 	D:\ProgramFile\jmonkeyplatform\jdk\bin\zip.dll
0x00007ffd5e830000 - 0x00007ffd5e83a000 	D:\ProgramFile\jmonkeyplatform\jdk\bin\jimage.dll
0x00007ffd6cdb0000 - 0x00007ffd6d4f4000 	C:\Windows\System32\SHELL32.dll
0x00007ffd68d60000 - 0x00007ffd694f4000 	C:\Windows\SYSTEM32\windows.storage.dll
0x00007ffd6b7b0000 - 0x00007ffd6bb04000 	C:\Windows\System32\combase.dll
0x00007ffd6a660000 - 0x00007ffd6a68c000 	C:\Windows\SYSTEM32\Wldp.dll
0x00007ffd6c090000 - 0x00007ffd6c13d000 	C:\Windows\System32\SHCORE.dll
0x00007ffd6cc70000 - 0x00007ffd6ccc5000 	C:\Windows\System32\shlwapi.dll
0x00007ffd6abb0000 - 0x00007ffd6abcf000 	C:\Windows\SYSTEM32\profapi.dll
0x00007ffd5b310000 - 0x00007ffd5b329000 	D:\ProgramFile\jmonkeyplatform\jdk\bin\net.dll
0x00007ffd61b30000 - 0x00007ffd61c39000 	C:\Windows\SYSTEM32\WINHTTP.dll
0x00007ffd6a3c0000 - 0x00007ffd6a42a000 	C:\Windows\system32\mswsock.dll
0x00007ffd5b2f0000 - 0x00007ffd5b302000 	D:\ProgramFile\jmonkeyplatform\jdk\bin\nio.dll
0x00007ffd1b040000 - 0x00007ffd1b29d000 	D:\gameJava\BasicGame\bulletjme.dll
0x00007ffd388b0000 - 0x00007ffd38a49000 	D:\ProgramFile\jmonkeyplatform\jdk\bin\awt.dll
0x00007ffd6cba0000 - 0x00007ffd6cc6d000 	C:\Windows\System32\OLEAUT32.dll
0x00007ffd67f90000 - 0x00007ffd68020000 	C:\Windows\SYSTEM32\apphelp.dll
0x00007ffd68230000 - 0x00007ffd6825f000 	C:\Windows\system32\DWMAPI.DLL
0x00007ffd68040000 - 0x00007ffd680de000 	C:\Windows\system32\uxtheme.dll
0x00007ffd59960000 - 0x00007ffd59a86000 	C:\Windows\system32\opengl32.dll
0x00007ffd5b010000 - 0x00007ffd5b03c000 	C:\Windows\SYSTEM32\GLU32.dll
0x00007ffd6bc30000 - 0x00007ffd6bd46000 	C:\Windows\System32\MSCTF.dll
0x00007ffd6b5b0000 - 0x00007ffd6b6da000 	C:\Windows\System32\ole32.dll
0x00007ffd3dea0000 - 0x00007ffd3df22000 	D:\ProgramFile\jmonkeyplatform\jdk\bin\freetype.dll
0x00007ffd3d2d0000 - 0x00007ffd3d376000 	D:\ProgramFile\jmonkeyplatform\jdk\bin\fontmanager.dll
0x0000000180000000 - 0x0000000180064000 	D:\gameJava\BasicGame\OpenAL64.dll
0x00007ffd5c930000 - 0x00007ffd5ca29000 	C:\Windows\SYSTEM32\textinputframework.dll
0x00007ffd67670000 - 0x00007ffd679ce000 	C:\Windows\System32\CoreUIComponents.dll
0x00007ffd67d50000 - 0x00007ffd67e42000 	C:\Windows\System32\CoreMessaging.dll
0x00007ffd69970000 - 0x00007ffd699a3000 	C:\Windows\SYSTEM32\ntmarta.dll
0x00007ffd665b0000 - 0x00007ffd66704000 	C:\Windows\SYSTEM32\wintypes.dll
0x000001e1ad370000 - 0x000001e1ad3c3000 	D:\gameJava\BasicGame\lwjgl64.dll
0x00007ffd61520000 - 0x00007ffd615ce000 	C:\Windows\SYSTEM32\mscms.dll
0x00007ffd61500000 - 0x00007ffd61511000 	C:\Windows\SYSTEM32\ColorAdapterClient.dll
0x00007ffd6ab70000 - 0x00007ffd6ab9e000 	C:\Windows\SYSTEM32\USERENV.dll
0x00007ffd6cd00000 - 0x00007ffd6cda9000 	C:\Windows\System32\clbcatq.dll
0x00007ffd5eeb0000 - 0x00007ffd5eef3000 	C:\Windows\System32\Windows.Internal.Graphics.Display.DisplayColorManagement.dll
0x00007ffd6b3e0000 - 0x00007ffd6b42e000 	C:\Windows\System32\cfgmgr32.dll
0x00007ffd5edb0000 - 0x00007ffd5eea9000 	C:\Windows\System32\AppXDeploymentClient.dll
0x00007ffd1e570000 - 0x00007ffd1f57b000 	C:\Windows\System32\DriverStore\FileRepository\iigd_dch.inf_amd64_89b1ad385fab2e0b\igxelpicd64.dll
0x00007ffd69580000 - 0x00007ffd69673000 	C:\Windows\system32\dxgi.dll
0x00007ffd4ca00000 - 0x00007ffd4ccee000 	C:\Windows\System32\DriverStore\FileRepository\iigd_dch.inf_amd64_89b1ad385fab2e0b\igdml64.dll
0x00007ffd14e60000 - 0x00007ffd15228000 	C:\Windows\System32\DriverStore\FileRepository\iigd_dch.inf_amd64_89b1ad385fab2e0b\igdgmm64.dll
0x00007ffcebaf0000 - 0x00007ffcef0d6000 	C:\Windows\System32\DriverStore\FileRepository\iigd_dch.inf_amd64_89b1ad385fab2e0b\igc64.dll
0x00007ffd66e20000 - 0x00007ffd66e29000 	D:\ProgramFile\jmonkeyplatform\jdk\bin\prefs.dll
0x00007ffd6a9c0000 - 0x00007ffd6aa0b000 	C:\Windows\SYSTEM32\powrprof.dll
0x00007ffd6a9a0000 - 0x00007ffd6a9b2000 	C:\Windows\SYSTEM32\UMPDC.dll
0x00007ffd5b6b0000 - 0x00007ffd5b735000 	C:\Windows\System32\MMDevApi.dll
0x00007ffd6aa10000 - 0x00007ffd6aa43000 	C:\Windows\System32\DEVOBJ.dll
0x00007ffd55170000 - 0x00007ffd5520c000 	C:\Windows\SYSTEM32\dsound.dll
0x00007ffd53e20000 - 0x00007ffd53e46000 	C:\Windows\SYSTEM32\winmmbase.dll
0x00007ffd48e60000 - 0x00007ffd48fe2000 	C:\Windows\SYSTEM32\AUDIOSES.DLL
0x00007ffd68110000 - 0x00007ffd68124000 	C:\Windows\SYSTEM32\resourcepolicyclient.dll
0x00007ffd61110000 - 0x00007ffd61117000 	D:\ProgramFile\jmonkeyplatform\jdk\bin\jawt.dll

dbghelp: loaded successfully - version: 4.0.5 - missing functions: none
symbol engine: initialized successfully - sym options: 0x614 - pdb path: .;D:\ProgramFile\jmonkeyplatform\jdk\bin;C:\Windows\SYSTEM32;C:\Windows\WinSxS\amd64_microsoft.windows.common-controls_6595b64144ccf1df_6.0.19041.1110_none_60b5254171f9507e;D:\ProgramFile\jmonkeyplatform\jdk\bin\server;D:\gameJava\BasicGame;C:\Windows\System32\DriverStore\FileRepository\iigd_dch.inf_amd64_89b1ad385fab2e0b

VM Arguments:
jvm_args: -Dfile.encoding=UTF-8 
java_command: mygame.Main
java_class_path (initial): D:\ProgramFile\jmonkeyplatform\jmonkeyplatform\libs\jme3-jogg-3.3.0-stable.jar;D:\ProgramFile\jmonkeyplatform\jmonkeyplatform\libs\j-ogg-all-1.0.0.jar;D:\ProgramFile\jmonkeyplatform\jmonkeyplatform\libs\jme3-networking-3.3.0-stable.jar;D:\ProgramFile\jmonkeyplatform\jmonkeyplatform\libs\jme3-plugins-3.3.0-stable.jar;D:\ProgramFile\jmonkeyplatform\jmonkeyplatform\libs\gson-2.8.1.jar;D:\ProgramFile\jmonkeyplatform\jmonkeyplatform\libs\jme3-core-3.3.0-stable.jar;D:\ProgramFile\jmonkeyplatform\jmonkeyplatform\libs\jme3-desktop-3.3.0-stable.jar;D:\ProgramFile\jmonkeyplatform\jmonkeyplatform\libs\jme3-lwjgl-3.3.0-stable.jar;D:\ProgramFile\jmonkeyplatform\jmonkeyplatform\libs\lwjgl-2.9.3.jar;D:\ProgramFile\jmonkeyplatform\jmonkeyplatform\libs\jinput-2.0.5.jar;D:\ProgramFile\jmonkeyplatform\jmonkeyplatform\libs\jinput-platform-2.0.5-natives-linux.jar;D:\ProgramFile\jmonkeyplatform\jmonkeyplatform\libs\jinput-platform-2.0.5-natives-windows.jar;D:\ProgramFile\jmonkeyplatform\jmonkeyplatform\libs\jinput-platform-2.0.5-natives-osx.jar;D:\ProgramFile\jmonkeyplatform\jmonkeyplatform\libs\jutils-1.0.0.jar;D:\ProgramFile\jmonkeyplatform\jmonkeyplatform\libs\lwjgl-platform-2.9.3-natives-windows.jar;D:\ProgramFile\jmonkeyplatform\jmonkeyplatform\libs\lwjgl-platform-2.9.3-natives-linux.jar;D:\ProgramFile\jmonkeyplatform\jmonkeyplatform\libs\lwjgl-platform-2.9.3-natives-osx.jar;D:\ProgramFile\jmonkeyplatform\jmonkeyplatform\libs\jme3-effects-3.3.0-stable.jar;D:\ProgramFile\jmonkeyplatform\jmonkeyplatform\libs\jme3-terrain-3.3.0-stable.jar;D:\ProgramFile\jmonkeyplatform\jmonkeyplatform\libs\jme3-bullet-3.3.0-stable.jar;D:\ProgramFile\jmonkeyplatform\jmonkeyplatform\libs\jme3-bullet-native-3.3.0-stable.jar;D:\ProgramFile\jmonkeyplatform\jmonkeyplatform\libs\jme3-niftygui-3.3.0-stable.jar;D:\ProgramFile\jmonkeyplatform\jmonkeyplatform\libs\nifty-style-black-1.4.3.jar;D:\ProgramFile\jmonkeyplatform\jmonkeyplatform\libs\nifty-1.4.3.jar;D:\ProgramFile\jmonkeyplat
Launcher Type: SUN_STANDARD

[Global flags]
     intx CICompilerCount                          = 4                                         {product} {ergonomic}
     uint ConcGCThreads                            = 2                                         {product} {ergonomic}
     uint G1ConcRefinementThreads                  = 8                                         {product} {ergonomic}
   size_t G1HeapRegionSize                         = 1048576                                   {product} {ergonomic}
    uintx GCDrainStackTargetSize                   = 64                                        {product} {ergonomic}
   size_t InitialHeapSize                          = 130023424                                 {product} {ergonomic}
   size_t MarkStackSize                            = 4194304                                   {product} {ergonomic}
   size_t MaxHeapSize                              = 2067791872                                {product} {ergonomic}
   size_t MaxNewSize                               = 1240465408                                {product} {ergonomic}
   size_t MinHeapDeltaBytes                        = 1048576                                   {product} {ergonomic}
    uintx NonNMethodCodeHeapSize                   = 5836300                                {pd product} {ergonomic}
    uintx NonProfiledCodeHeapSize                  = 122910970                              {pd product} {ergonomic}
    uintx ProfiledCodeHeapSize                     = 122910970                              {pd product} {ergonomic}
    uintx ReservedCodeCacheSize                    = 251658240                              {pd product} {ergonomic}
     bool SegmentedCodeCache                       = true                                      {product} {ergonomic}
     bool UseCompressedClassPointers               = true                                 {lp64_product} {ergonomic}
     bool UseCompressedOops                        = true                                 {lp64_product} {ergonomic}
     bool UseG1GC                                  = true                                      {product} {ergonomic}
     bool UseLargePagesIndividualAllocation        = false                                  {pd product} {ergonomic}

Logging:
Log output configuration:
 #0: stdout all=warning uptime,level,tags
 #1: stderr all=off uptime,level,tags

Environment Variables:
PATH=C:\Program Files\Common Files\Oracle\Java\javapath;C:\Windows\system32;C:\Windows;C:\Windows\System32\Wbem;C:\Windows\System32\WindowsPowerShell\v1.0\;C:\Windows\System32\OpenSSH\;D:\jME3.5.1-stable;D:\jME3.5.1-stable\lib;C:\Users\beamhun\AppData\Local\Microsoft\WindowsApps;D:\jME3.5.1-stable;D:\jME3.5.1-stable\lib;
USERNAME=beamhun
OS=Windows_NT
PROCESSOR_IDENTIFIER=Intel64 Family 6 Model 140 Stepping 1, GenuineIntel



---------------  S Y S T E M  ---------------

OS: Windows 10 , 64 bit Build 19041 (10.0.19041.1566)

CPU:total 8 (initial active 8) (4 cores per cpu, 2 threads per core) family 6 model 140 stepping 1, cmov, cx8, fxsr, mmx, sse, sse2, sse3, ssse3, sse4.1, sse4.2, popcnt, avx, avx2, aes, clmul, erms, 3dnowpref, lzcnt, ht, tsc, tscinvbit, bmi1, bmi2, adx, evex, sha, fma

Memory: 4k page, system-wide physical 7885M (1500M free)
TotalPageFile size 12334M (AvailPageFile size 3191M)
current process WorkingSet (physical memory assigned to process): 479M, peak: 558M
current process commit charge ("private bytes"): 448M, peak: 542M

vm_info: OpenJDK 64-Bit Server VM (11.0.6+10) for windows-amd64 JRE (11.0.6+10), built on Jan 15 2020 06:14:58 by "" with MS VC++ 15.8 (VS2017)

END.
